2024-10-21 21:28:44.078 [info] Log level: Info
2024-10-21 21:28:44.784 [info] VSCODE_MACHINE_ID: 70d4cb10-7d92-4658-a78c-df228c712849
2024-10-21 21:28:44.784 [info] VSCODE_SESSION_ID: 50a9d8b4-d054-417b-b868-b2b1d8ed8eb91729546121343
2024-10-21 21:28:44.784 [info] VSCODE_VERSION: 1.94.2
2024-10-21 21:28:44.784 [info] VSCODE_APP_NAME: Gitpod Code
2024-10-21 21:28:44.784 [info] VSCODE_APP_HOST: Gitpod
2024-10-21 21:28:44.784 [info] VSCODE_UI_KIND: web
2024-10-21 21:28:44.784 [info] GITPOD_WORKSPACE_CONTEXT_URL: https://github.com/freeCodeCamp/boilerplate-project-library
2024-10-21 21:28:44.784 [info] GITPOD_INSTANCE_ID: a4a9258b-ec71-4a77-8986-125de1fa7453
2024-10-21 21:28:44.784 [info] GITPOD_WORKSPACE_URL: https://freecodecam-boilerplate-k8v1q1pw18h.ws-us116.gitpod.io
2024-10-21 21:28:44.791 [info] Gitpod Web 7ff72a2
2024-10-21 21:28:44.791 [info] Reading sessions from keychain...
2024-10-21 21:28:45.577 [info] Getting sessions for all scopes...
2024-10-21 21:28:45.577 [info] Getting sessions for all scopes...
2024-10-21 21:28:45.577 [info] Getting GitHub sessions for all scopes...
2024-10-21 21:28:45.577 [info] Getting sessions for function:accessCodeSyncStorage...
2024-10-21 21:28:45.578 [info] Got stored sessions!
2024-10-21 21:28:45.578 [info] Verified session with the following scopes: function:accessCodeSyncStorage function:closePort function:controlAdmission function:deleteEnvVar function:generateNewGitpodToken function:getDefaultWorkspaceImage function:getGitpodTokenScopes function:getIDToken function:getLoggedInUser function:getOpenPorts function:getSupportedWorkspaceClasses function:getTeams function:getToken function:getWorkspace function:getWorkspaceEnvVars function:getWorkspaceOwner function:getWorkspaceTimeout function:getWorkspaceUsers function:guessGitTokenScopes function:isWorkspaceOwner function:openPort function:sendHeartBeat function:setEnvVar function:setWorkspaceTimeout function:stopWorkspace function:takeSnapshot function:trackEvent function:updateGitStatus function:waitForSnapshot resource:contentBlob::*::create/get resource:envVar::*/*::update resource:envVar::freeCodeCamp/boilerplate-project-library::create/get/update/delete resource:gitpodToken::*::create resource:snapshot::ws-freecodecam-boilerplate-k8v1q1pw18h::create resource:token::*::get resource:userStorage::*::create/get/update resource:workspace::freecodecam-boilerplate-k8v1q1pw18h::get/update resource:workspaceInstance::a4a9258b-ec71-4a77-8986-125de1fa7453::get/update/delete
2024-10-21 21:28:45.580 [info] Got 1 verified sessions.
2024-10-21 21:28:45.580 [info] Got 1 sessions for all scopes...
2024-10-21 21:28:45.580 [info] Got 1 sessions for all scopes...
2024-10-21 21:28:45.580 [info] Got 1 sessions for function:accessCodeSyncStorage...
2024-10-21 21:28:45.770 [info] Got 1 GitHub sessions for all scopes...
2024-10-21 21:28:46.180 [info] Getting GitHub sessions for all scopes...
2024-10-21 21:28:46.180 [info] Getting sessions for all scopes...
2024-10-21 21:28:46.180 [info] Got 1 GitHub sessions for all scopes...
2024-10-21 21:28:46.181 [info] Got 1 sessions for all scopes...
2024-10-21 21:28:46.187 [info] Getting GitHub sessions for all scopes...
2024-10-21 21:28:46.187 [info] Got 1 GitHub sessions for all scopes...
2024-10-21 21:28:46.265 [info] Getting GitHub sessions for read:user,repo,user:email,workflow...
2024-10-21 21:28:46.266 [info] Getting sessions for all scopes...
2024-10-21 21:28:46.266 [info] Getting GitHub sessions for all scopes...
2024-10-21 21:28:46.266 [info] Got 0 GitHub sessions for read:user,repo,user:email,workflow...
2024-10-21 21:28:46.266 [info] Got 1 sessions for all scopes...
2024-10-21 21:28:46.266 [info] Got 1 GitHub sessions for all scopes...
2024-10-21 21:28:46.396 [info] Getting GitHub sessions for project,read:org,read:user,repo,user:email,workflow...
2024-10-21 21:28:46.396 [info] Got 0 GitHub sessions for project,read:org,read:user,repo,user:email,workflow...
2024-10-21 21:28:46.565 [info] Getting GitHub sessions for read:user,repo,user:email,workflow...
2024-10-21 21:28:46.565 [info] Got 0 GitHub sessions for read:user,repo,user:email,workflow...
2024-10-21 21:28:46.691 [info] Getting GitHub sessions for read:user,repo,user:email...
2024-10-21 21:28:46.691 [info] Got 0 GitHub sessions for read:user,repo,user:email...
2024-10-21 21:28:46.875 [info] Getting GitHub sessions for read:user,repo,user:email,workflow...
2024-10-21 21:28:46.875 [info] Got 0 GitHub sessions for read:user,repo,user:email,workflow...
2024-10-22 01:16:08.162 [error] cannot maintain connection to supervisor 13 INTERNAL: closed
2024-10-22 01:16:09.164 [error] cannot maintain connection to supervisor 13 INTERNAL: closed
2024-10-22 01:16:10.166 [error] cannot maintain connection to supervisor 13 INTERNAL: closed
2024-10-22 01:16:11.167 [error] cannot maintain connection to supervisor 13 INTERNAL: closed
2024-10-22 01:16:12.168 [error] cannot maintain connection to supervisor 13 INTERNAL: closed
2024-10-22 01:16:13.170 [error] cannot maintain connection to supervisor 13 INTERNAL: closed
2024-10-22 01:16:14.172 [error] cannot maintain connection to supervisor 13 INTERNAL: closed
2024-10-22 01:16:15.173 [error] cannot maintain connection to supervisor 13 INTERNAL: closed
2024-10-22 01:16:16.175 [error] cannot maintain connection to supervisor 13 INTERNAL: closed
2024-10-22 01:16:17.176 [error] cannot maintain connection to supervisor 13 INTERNAL: closed
2024-10-22 01:16:18.178 [error] cannot maintain connection to supervisor 13 INTERNAL: closed
2024-10-22 01:16:19.179 [error] cannot maintain connection to supervisor 13 INTERNAL: closed
2024-10-22 01:16:20.181 [error] cannot maintain connection to supervisor 13 INTERNAL: closed
2024-10-22 01:16:21.182 [error] cannot maintain connection to supervisor 13 INTERNAL: closed
