2024-10-24 19:29:20.834 [info] Log level: Info
2024-10-24 19:29:20.834 [info] VSCODE_MACHINE_ID: 548b41ca-8ecb-41b0-8ad5-1ba477d031a3
2024-10-24 19:29:20.834 [info] VSCODE_SESSION_ID: 5828f2e2-24ec-4df8-983c-821591f3cfed1729798156982
2024-10-24 19:29:20.834 [info] VSCODE_VERSION: 1.94.2
2024-10-24 19:29:20.834 [info] VSCODE_APP_NAME: Gitpod Code
2024-10-24 19:29:20.834 [info] VSCODE_APP_HOST: Gitpod
2024-10-24 19:29:20.834 [info] VSCODE_UI_KIND: web
2024-10-24 19:29:20.834 [info] GITPOD_WORKSPACE_CONTEXT_URL: https://github.com/freecodecamp/boilerplate-project-sudoku-solver
2024-10-24 19:29:20.834 [info] GITPOD_INSTANCE_ID: db6b82a8-aa5e-45f6-ad7d-ed21e1fc032d
2024-10-24 19:29:20.834 [info] GITPOD_WORKSPACE_URL: https://freecodecam-boilerplate-dzaep3wo8ql.ws-us116.gitpod.io
2024-10-24 19:29:20.834 [info] Gitpod Web 7ff72a2
2024-10-24 19:29:20.834 [info] Reading sessions from keychain...
2024-10-24 19:29:22.043 [info] Getting sessions for all scopes...
2024-10-24 19:29:22.043 [info] Getting sessions for all scopes...
2024-10-24 19:29:22.043 [info] Getting GitHub sessions for all scopes...
2024-10-24 19:29:22.043 [info] Getting sessions for function:accessCodeSyncStorage...
2024-10-24 19:29:22.043 [info] Got 1 GitHub sessions for all scopes...
2024-10-24 19:29:22.044 [info] Got stored sessions!
2024-10-24 19:29:22.044 [info] Verified session with the following scopes: function:accessCodeSyncStorage function:closePort function:controlAdmission function:deleteEnvVar function:generateNewGitpodToken function:getDefaultWorkspaceImage function:getGitpodTokenScopes function:getIDToken function:getLoggedInUser function:getOpenPorts function:getSupportedWorkspaceClasses function:getTeams function:getToken function:getWorkspace function:getWorkspaceEnvVars function:getWorkspaceOwner function:getWorkspaceTimeout function:getWorkspaceUsers function:guessGitTokenScopes function:isWorkspaceOwner function:openPort function:sendHeartBeat function:setEnvVar function:setWorkspaceTimeout function:stopWorkspace function:takeSnapshot function:trackEvent function:updateGitStatus function:waitForSnapshot resource:contentBlob::*::create/get resource:envVar::*/**::update resource:envVar::*/*::update resource:envVar::freeCodeCamp/boilerplate-project-sudoku-solver::create/get/update/delete resource:gitpodToken::*::create resource:snapshot::ws-freecodecam-boilerplate-dzaep3wo8ql::create resource:token::*::get resource:userStorage::*::create/get/update resource:workspace::freecodecam-boilerplate-dzaep3wo8ql::get/update resource:workspaceInstance::db6b82a8-aa5e-45f6-ad7d-ed21e1fc032d::get/update/delete
2024-10-24 19:29:22.047 [info] Got 1 verified sessions.
2024-10-24 19:29:22.047 [info] Got 1 sessions for all scopes...
2024-10-24 19:29:22.047 [info] Got 1 sessions for all scopes...
2024-10-24 19:29:22.047 [info] Got 1 sessions for function:accessCodeSyncStorage...
2024-10-24 19:29:23.318 [info] Getting GitHub sessions for all scopes...
2024-10-24 19:29:23.318 [info] Getting GitHub sessions for all scopes...
2024-10-24 19:29:23.318 [info] Getting sessions for all scopes...
2024-10-24 19:29:23.318 [info] Got 1 GitHub sessions for all scopes...
2024-10-24 19:29:23.318 [info] Got 1 GitHub sessions for all scopes...
2024-10-24 19:29:23.318 [info] Got 1 sessions for all scopes...
2024-10-24 19:29:23.442 [info] Getting GitHub sessions for read:user,repo,user:email,workflow...
2024-10-24 19:29:23.442 [info] Got 0 GitHub sessions for read:user,repo,user:email,workflow...
2024-10-24 19:29:23.544 [info] Getting sessions for all scopes...
2024-10-24 19:29:23.544 [info] Getting GitHub sessions for all scopes...
2024-10-24 19:29:23.544 [info] Got 1 sessions for all scopes...
2024-10-24 19:29:23.544 [info] Got 1 GitHub sessions for all scopes...
2024-10-24 19:29:23.829 [info] Getting GitHub sessions for project,read:org,read:user,repo,user:email,workflow...
2024-10-24 19:29:23.829 [info] Got 0 GitHub sessions for project,read:org,read:user,repo,user:email,workflow...
2024-10-24 19:29:24.242 [info] Getting GitHub sessions for read:user,repo,user:email,workflow...
2024-10-24 19:29:24.242 [info] Got 0 GitHub sessions for read:user,repo,user:email,workflow...
2024-10-24 19:29:24.716 [info] Getting GitHub sessions for read:user,repo,user:email...
2024-10-24 19:29:24.717 [info] Got 0 GitHub sessions for read:user,repo,user:email...
2024-10-24 19:29:25.063 [info] Getting GitHub sessions for read:user,repo,user:email,workflow...
2024-10-24 19:29:25.063 [info] Got 0 GitHub sessions for read:user,repo,user:email,workflow...
2024-10-24 22:59:29.599 [error] cannot maintain connection to supervisor 13 INTERNAL: closed
2024-10-24 22:59:30.600 [error] cannot maintain connection to supervisor 13 INTERNAL: closed
2024-10-24 22:59:31.603 [error] cannot maintain connection to supervisor 13 INTERNAL: closed
2024-10-24 22:59:32.605 [error] cannot maintain connection to supervisor 13 INTERNAL: closed
2024-10-24 22:59:33.607 [error] cannot maintain connection to supervisor 13 INTERNAL: closed
2024-10-24 22:59:34.609 [error] cannot maintain connection to supervisor 13 INTERNAL: closed
2024-10-24 22:59:35.611 [error] cannot maintain connection to supervisor 13 INTERNAL: closed
2024-10-24 22:59:36.613 [error] cannot maintain connection to supervisor 13 INTERNAL: closed
2024-10-24 22:59:37.615 [error] cannot maintain connection to supervisor 13 INTERNAL: closed
2024-10-24 22:59:38.617 [error] cannot maintain connection to supervisor 13 INTERNAL: closed
2024-10-24 22:59:39.619 [error] cannot maintain connection to supervisor 13 INTERNAL: closed
2024-10-24 22:59:40.621 [error] cannot maintain connection to supervisor 13 INTERNAL: closed
2024-10-24 22:59:41.622 [error] cannot maintain connection to supervisor 13 INTERNAL: closed
2024-10-24 22:59:42.623 [error] cannot maintain connection to supervisor 13 INTERNAL: closed
