2024-10-28 22:24:56.763 [info] [main] Log level: Info
2024-10-28 22:24:56.763 [info] [main] Validating found git in: "git"
2024-10-28 22:24:56.763 [info] [main] Using git "2.46.0" from "git"
2024-10-28 22:24:56.763 [info] [Model][doInitialScan] Initial repository scan started
2024-10-28 22:24:56.763 [info] > git rev-parse --show-toplevel [88ms]
2024-10-28 22:24:56.763 [info] > git rev-parse --git-dir --git-common-dir [3ms]
2024-10-28 22:24:56.763 [info] [Model][openRepository] Opened repository: /workspace/boilerplate-project-sudoku-solver
2024-10-28 22:24:56.763 [info] > git config --get commit.template [5ms]
2024-10-28 22:24:56.763 [info] > git rev-parse --show-toplevel [3ms]
2024-10-28 22:24:56.763 [info] > git for-each-ref --format=%(refname)%00%(upstream:short)%00%(objectname)%00%(upstream:track)%00%(upstream:remotename)%00%(upstream:remoteref) refs/heads/main refs/remotes/main [84ms]
2024-10-28 22:24:56.763 [warning] [Git][revParse] Unable to read file: ENOENT: no such file or directory, open '/workspace/boilerplate-project-sudoku-solver/.git/refs/remotes/origin/main'
2024-10-28 22:24:56.763 [info] > git rev-parse --show-toplevel [212ms]
2024-10-28 22:24:56.763 [info] > git rev-parse refs/remotes/origin/main [12ms]
2024-10-28 22:24:56.763 [info] > git status -z -uall [101ms]
2024-10-28 22:24:56.763 [info] > git rev-parse --show-toplevel [183ms]
2024-10-28 22:24:56.763 [info] > git for-each-ref --sort -committerdate --format %(refname) %(objectname) %(*objectname) [228ms]
2024-10-28 22:24:56.763 [info] > git for-each-ref --format=%(refname)%00%(upstream:short)%00%(objectname)%00%(upstream:track)%00%(upstream:remotename)%00%(upstream:remoteref) refs/heads/main refs/remotes/main [10ms]
2024-10-28 22:24:56.763 [info] > git rev-parse --show-toplevel [200ms]
2024-10-28 22:24:56.763 [info] > git config --get commit.template [14ms]
2024-10-28 22:24:56.763 [info] > git config --local branch.main.vscode-merge-base [9ms]
2024-10-28 22:24:56.763 [info] > git rev-parse --show-toplevel [19ms]
2024-10-28 22:24:56.763 [info] > git for-each-ref --format=%(refname)%00%(upstream:short)%00%(objectname)%00%(upstream:track)%00%(upstream:remotename)%00%(upstream:remoteref) refs/heads/main refs/remotes/main [72ms]
2024-10-28 22:24:56.763 [info] > git for-each-ref --format=%(refname)%00%(upstream:short)%00%(objectname)%00%(upstream:track)%00%(upstream:remotename)%00%(upstream:remoteref) refs/heads/origin/main refs/remotes/origin/main [76ms]
2024-10-28 22:24:56.763 [warning] [Git][revParse] Unable to read file: ENOENT: no such file or directory, open '/workspace/boilerplate-project-sudoku-solver/.git/refs/remotes/origin/main'
2024-10-28 22:24:56.763 [info] > git merge-base refs/heads/main refs/remotes/origin/main [97ms]
2024-10-28 22:24:56.763 [info] > git rev-parse refs/remotes/origin/main [80ms]
2024-10-28 22:24:56.763 [info] > git rev-parse --show-toplevel [93ms]
2024-10-28 22:24:56.763 [info] [Model][doInitialScan] Initial repository scan completed - repositories (1), closed repositories (0), parent repositories (0), unsafe repositories (0)
2024-10-28 22:24:56.763 [info] > git status -z -uall [6ms]
2024-10-28 22:24:56.763 [info] > git diff --name-status -z --diff-filter=ADMR f738a5ad883aaa13cf12d38dc40f8cfc18f7c3d8...refs/remotes/origin/main [12ms]
2024-10-28 22:24:56.763 [info] > git for-each-ref --sort -committerdate --format %(refname) %(objectname) %(*objectname) [4ms]
2024-10-28 22:24:57.537 [info] > git check-ignore -v -z --stdin [5ms]
2024-10-28 22:24:57.568 [info] > git show --textconv :public/index.js [4ms]
2024-10-28 22:24:57.629 [info] > git ls-files --stage -- /workspace/boilerplate-project-sudoku-solver/public/index.js [62ms]
2024-10-28 22:24:57.638 [info] > git cat-file -s f2c45382c43913fc5294479e34eff913baae5757 [5ms]
2024-10-28 22:24:58.345 [info] > git config --local branch.main.github-pr-owner-number [3ms]
2024-10-28 22:24:58.345 [warning] [Git][config] git config failed: Failed to execute git
2024-10-28 22:25:35.740 [info] > git config --get commit.template [5ms]
2024-10-28 22:25:35.741 [info] > git for-each-ref --format=%(refname)%00%(upstream:short)%00%(objectname)%00%(upstream:track)%00%(upstream:remotename)%00%(upstream:remoteref) refs/heads/main refs/remotes/main [3ms]
2024-10-28 22:25:35.744 [warning] [Git][revParse] Unable to read file: ENOENT: no such file or directory, open '/workspace/boilerplate-project-sudoku-solver/.git/refs/remotes/origin/main'
2024-10-28 22:25:35.746 [info] > git rev-parse refs/remotes/origin/main [2ms]
2024-10-28 22:25:35.754 [info] > git status -z -uall [4ms]
2024-10-28 22:25:35.756 [info] > git for-each-ref --sort -committerdate --format %(refname) %(objectname) %(*objectname) [2ms]
2024-10-28 22:25:40.767 [info] > git config --get commit.template [4ms]
2024-10-28 22:25:40.769 [info] > git for-each-ref --format=%(refname)%00%(upstream:short)%00%(objectname)%00%(upstream:track)%00%(upstream:remotename)%00%(upstream:remoteref) refs/heads/main refs/remotes/main [2ms]
2024-10-28 22:25:40.772 [warning] [Git][revParse] Unable to read file: ENOENT: no such file or directory, open '/workspace/boilerplate-project-sudoku-solver/.git/refs/remotes/origin/main'
2024-10-28 22:25:40.774 [info] > git rev-parse refs/remotes/origin/main [1ms]
2024-10-28 22:25:40.780 [info] > git status -z -uall [4ms]
2024-10-28 22:25:40.782 [info] > git for-each-ref --sort -committerdate --format %(refname) %(objectname) %(*objectname) [2ms]
2024-10-28 22:25:45.793 [info] > git config --get commit.template [4ms]
2024-10-28 22:25:45.795 [info] > git for-each-ref --format=%(refname)%00%(upstream:short)%00%(objectname)%00%(upstream:track)%00%(upstream:remotename)%00%(upstream:remoteref) refs/heads/main refs/remotes/main [2ms]
2024-10-28 22:25:45.798 [warning] [Git][revParse] Unable to read file: ENOENT: no such file or directory, open '/workspace/boilerplate-project-sudoku-solver/.git/refs/remotes/origin/main'
2024-10-28 22:25:45.800 [info] > git rev-parse refs/remotes/origin/main [2ms]
2024-10-28 22:25:45.808 [info] > git status -z -uall [4ms]
2024-10-28 22:25:45.810 [info] > git for-each-ref --sort -committerdate --format %(refname) %(objectname) %(*objectname) [2ms]
2024-10-28 22:26:03.258 [info] > git show --textconv :routes/api.js [5ms]
2024-10-28 22:26:03.259 [info] > git ls-files --stage -- /workspace/boilerplate-project-sudoku-solver/routes/api.js [2ms]
2024-10-28 22:26:03.265 [info] > git cat-file -s 9cece279baee1fa799c4f1e3c8ab04bde7d13ca2 [2ms]
