2024-09-27 17:53:36.443 [info] Log level: Info
2024-09-27 17:53:36.465 [info] VSCODE_MACHINE_ID: 86ef5178-1edc-435f-9cbf-388e34797139
2024-09-27 17:53:36.465 [info] VSCODE_SESSION_ID: 4755534c-c8b7-47e8-a4a4-10f47455812d1727459613518
2024-09-27 17:53:36.465 [info] VSCODE_VERSION: 1.93.1
2024-09-27 17:53:36.465 [info] VSCODE_APP_NAME: Gitpod Code
2024-09-27 17:53:36.465 [info] VSCODE_APP_HOST: Gitpod
2024-09-27 17:53:36.465 [info] VSCODE_UI_KIND: web
2024-09-27 17:53:36.465 [info] GITPOD_WORKSPACE_CONTEXT_URL: https://github.com/freeCodeCamp/boilerplate-project-exercisetracker/
2024-09-27 17:53:36.465 [info] GITPOD_INSTANCE_ID: 29f1e38f-8ca5-4937-a2ee-acfab5d90071
2024-09-27 17:53:36.465 [info] GITPOD_WORKSPACE_URL: https://freecodecam-boilerplate-04rxr268f3n.ws-us116.gitpod.io
2024-09-27 17:53:36.472 [info] Gitpod Web 7ff72a2
2024-09-27 17:53:36.472 [info] Reading sessions from keychain...
2024-09-27 17:53:36.847 [info] Getting sessions for all scopes...
2024-09-27 17:53:36.847 [info] Getting GitHub sessions for all scopes...
2024-09-27 17:53:36.847 [info] Getting sessions for function:accessCodeSyncStorage...
2024-09-27 17:53:36.847 [info] Got stored sessions!
2024-09-27 17:53:36.848 [info] Verified session with the following scopes: function:accessCodeSyncStorage function:closePort function:controlAdmission function:deleteEnvVar function:generateNewGitpodToken function:getDefaultWorkspaceImage function:getGitpodTokenScopes function:getIDToken function:getLoggedInUser function:getOpenPorts function:getSupportedWorkspaceClasses function:getTeams function:getToken function:getWorkspace function:getWorkspaceEnvVars function:getWorkspaceOwner function:getWorkspaceTimeout function:getWorkspaceUsers function:guessGitTokenScopes function:isWorkspaceOwner function:openPort function:sendHeartBeat function:setEnvVar function:setWorkspaceTimeout function:stopWorkspace function:takeSnapshot function:trackEvent function:updateGitStatus function:waitForSnapshot resource:contentBlob::*::create/get resource:envVar::*/*::update resource:envVar::freeCodeCamp/boilerplate-project-exercisetracker::create/get/update/delete resource:gitpodToken::*::create resource:snapshot::ws-freecodecam-boilerplate-04rxr268f3n::create resource:token::*::get resource:userStorage::*::create/get/update resource:workspace::freecodecam-boilerplate-04rxr268f3n::get/update resource:workspaceInstance::29f1e38f-8ca5-4937-a2ee-acfab5d90071::get/update/delete
2024-09-27 17:53:36.851 [info] Got 1 verified sessions.
2024-09-27 17:53:36.851 [info] Got 1 sessions for all scopes...
2024-09-27 17:53:36.851 [info] Got 1 sessions for function:accessCodeSyncStorage...
2024-09-27 17:53:36.984 [info] Got 1 GitHub sessions for all scopes...
2024-09-27 17:53:37.162 [info] Getting sessions for all scopes...
2024-09-27 17:53:37.162 [info] Got 1 sessions for all scopes...
2024-09-27 17:53:37.163 [info] Getting GitHub sessions for all scopes...
2024-09-27 17:53:37.163 [info] Got 1 GitHub sessions for all scopes...
2024-09-27 17:53:37.199 [info] Getting GitHub sessions for read:user,repo,user:email,workflow...
2024-09-27 17:53:37.199 [info] Got 0 GitHub sessions for read:user,repo,user:email,workflow...
2024-09-27 17:53:37.295 [info] Getting GitHub sessions for project,read:org,read:user,repo,user:email,workflow...
2024-09-27 17:53:37.295 [info] Got 0 GitHub sessions for project,read:org,read:user,repo,user:email,workflow...
2024-09-27 17:53:37.437 [info] Getting GitHub sessions for read:user,repo,user:email,workflow...
2024-09-27 17:53:37.437 [info] Got 0 GitHub sessions for read:user,repo,user:email,workflow...
2024-09-27 17:53:37.568 [info] Getting GitHub sessions for read:user,repo,user:email...
2024-09-27 17:53:37.568 [info] Got 0 GitHub sessions for read:user,repo,user:email...
2024-09-27 17:53:37.660 [info] Getting GitHub sessions for read:user,repo,user:email,workflow...
2024-09-27 17:53:37.660 [info] Got 0 GitHub sessions for read:user,repo,user:email,workflow...
2024-09-27 19:10:01.777 [error] cannot maintain connection to supervisor 13 INTERNAL: closed
2024-09-27 19:10:02.779 [error] cannot maintain connection to supervisor 13 INTERNAL: closed
2024-09-27 19:10:03.781 [error] cannot maintain connection to supervisor 13 INTERNAL: closed
2024-09-27 19:10:04.784 [error] cannot maintain connection to supervisor 13 INTERNAL: closed
2024-09-27 19:10:05.786 [error] cannot maintain connection to supervisor 13 INTERNAL: closed
2024-09-27 19:10:06.788 [error] cannot maintain connection to supervisor 13 INTERNAL: closed
2024-09-27 19:10:07.791 [error] cannot maintain connection to supervisor 13 INTERNAL: closed
2024-09-27 19:10:08.793 [error] cannot maintain connection to supervisor 13 INTERNAL: closed
2024-09-27 19:10:09.796 [error] cannot maintain connection to supervisor 13 INTERNAL: closed
2024-09-27 19:10:10.798 [error] cannot maintain connection to supervisor 13 INTERNAL: closed
2024-09-27 19:10:11.801 [error] cannot maintain connection to supervisor 13 INTERNAL: closed
2024-09-27 19:10:12.803 [error] cannot maintain connection to supervisor 13 INTERNAL: closed
2024-09-27 19:10:13.804 [error] cannot maintain connection to supervisor 13 INTERNAL: closed
2024-09-27 19:10:14.807 [error] cannot maintain connection to supervisor 13 INTERNAL: closed
