2024-10-07 21:33:36.315 [info] [main] Log level: Info
2024-10-07 21:33:36.315 [info] [main] Validating found git in: "git"
2024-10-07 21:33:36.315 [info] [main] Using git "2.46.0" from "git"
2024-10-07 21:33:36.315 [info] [Model][doInitialScan] Initial repository scan started
2024-10-07 21:33:36.315 [info] > git rev-parse --show-toplevel [6ms]
2024-10-07 21:33:36.315 [info] > git rev-parse --git-dir --git-common-dir [16ms]
2024-10-07 21:33:36.315 [info] [Model][openRepository] Opened repository: /workspace/boilerplate-project-exercisetracker
2024-10-07 21:33:36.315 [info] > git rev-parse --show-toplevel [33ms]
2024-10-07 21:33:36.315 [info] > git config --get commit.template [37ms]
2024-10-07 21:33:36.315 [info] > git rev-parse --show-toplevel [34ms]
2024-10-07 21:33:36.315 [info] [Model][doInitialScan] Initial repository scan completed - repositories (1), closed repositories (0), parent repositories (0), unsafe repositories (0)
2024-10-07 21:33:36.315 [info] > git for-each-ref --format=%(refname)%00%(upstream:short)%00%(objectname)%00%(upstream:track)%00%(upstream:remotename)%00%(upstream:remoteref) refs/heads/main refs/remotes/main [3ms]
2024-10-07 21:33:36.315 [warning] [Git][revParse] Unable to read file: ENOENT: no such file or directory, open '/workspace/boilerplate-project-exercisetracker/.git/refs/remotes/origin/main'
2024-10-07 21:33:36.315 [info] > git rev-parse refs/remotes/origin/main [3ms]
2024-10-07 21:33:36.315 [info] > git status -z -uall [5ms]
2024-10-07 21:33:36.315 [info] > git for-each-ref --format=%(refname)%00%(upstream:short)%00%(objectname)%00%(upstream:track)%00%(upstream:remotename)%00%(upstream:remoteref) refs/heads/main refs/remotes/main [10ms]
2024-10-07 21:33:36.315 [info] > git config --get commit.template [8ms]
2024-10-07 21:33:36.315 [info] > git config --local branch.main.vscode-merge-base [4ms]
2024-10-07 21:33:36.315 [info] > git for-each-ref --format=%(refname)%00%(upstream:short)%00%(objectname)%00%(upstream:track)%00%(upstream:remotename)%00%(upstream:remoteref) refs/heads/origin/main refs/remotes/origin/main [5ms]
2024-10-07 21:33:36.315 [info] > git for-each-ref --format=%(refname)%00%(upstream:short)%00%(objectname)%00%(upstream:track)%00%(upstream:remotename)%00%(upstream:remoteref) refs/heads/main refs/remotes/main [6ms]
2024-10-07 21:33:36.315 [warning] [Git][revParse] Unable to read file: ENOENT: no such file or directory, open '/workspace/boilerplate-project-exercisetracker/.git/refs/remotes/origin/main'
2024-10-07 21:33:36.315 [info] > git merge-base refs/heads/main refs/remotes/origin/main [5ms]
2024-10-07 21:33:36.315 [info] > git rev-parse refs/remotes/origin/main [4ms]
2024-10-07 21:33:36.315 [info] > git rev-list --count --left-right refs/heads/main...refs/remotes/origin/main [5ms]
2024-10-07 21:33:36.315 [info] > git status -z -uall [5ms]
2024-10-07 21:33:36.315 [info] > git diff --name-status -z --diff-filter=ADMR 4d33185a8ee1c5502748c699f4549013ade561fb...refs/remotes/origin/main [6ms]
2024-10-07 21:33:36.315 [info] > git for-each-ref --format=%(refname)%00%(upstream:short)%00%(objectname)%00%(upstream:track)%00%(upstream:remotename)%00%(upstream:remoteref) refs/heads/main refs/remotes/main [3ms]
2024-10-07 21:33:36.315 [info] > git config --local branch.main.vscode-merge-base [4ms]
2024-10-07 21:33:36.315 [info] > git for-each-ref --format=%(refname)%00%(upstream:short)%00%(objectname)%00%(upstream:track)%00%(upstream:remotename)%00%(upstream:remoteref) refs/heads/origin/main refs/remotes/origin/main [4ms]
2024-10-07 21:33:36.824 [info] > git show --textconv :README.md [9ms]
2024-10-07 21:33:36.824 [info] > git ls-files --stage -- /workspace/boilerplate-project-exercisetracker/README.md [5ms]
2024-10-07 21:33:36.830 [info] > git check-ignore -v -z --stdin [6ms]
2024-10-07 21:33:36.831 [info] > git cat-file -s 8ef1a56af53bdae0374e036a9d2b1ba6cb80d74e [3ms]
2024-10-07 21:33:37.216 [info] > git config --local branch.main.github-pr-owner-number [1ms]
2024-10-07 21:33:37.217 [warning] [Git][config] git config failed: Failed to execute git
2024-10-07 21:33:38.095 [info] > git config --get commit.template [5ms]
2024-10-07 21:33:38.107 [info] > git for-each-ref --format=%(refname)%00%(upstream:short)%00%(objectname)%00%(upstream:track)%00%(upstream:remotename)%00%(upstream:remoteref) refs/heads/main refs/remotes/main [13ms]
2024-10-07 21:33:38.113 [warning] [Git][revParse] Unable to read file: ENOENT: no such file or directory, open '/workspace/boilerplate-project-exercisetracker/.git/refs/remotes/origin/main'
2024-10-07 21:33:38.115 [info] > git rev-parse refs/remotes/origin/main [2ms]
2024-10-07 21:33:38.122 [info] > git status -z -uall [3ms]
2024-10-07 21:33:38.129 [info] > git for-each-ref --format=%(refname)%00%(upstream:short)%00%(objectname)%00%(upstream:track)%00%(upstream:remotename)%00%(upstream:remoteref) refs/heads/main refs/remotes/main [3ms]
2024-10-07 21:33:38.135 [info] > git config --local branch.main.vscode-merge-base [2ms]
2024-10-07 21:33:38.141 [info] > git for-each-ref --format=%(refname)%00%(upstream:short)%00%(objectname)%00%(upstream:track)%00%(upstream:remotename)%00%(upstream:remoteref) refs/heads/origin/main refs/remotes/origin/main [3ms]
2024-10-07 21:33:38.227 [info] > git ls-files --stage -- /workspace/boilerplate-project-exercisetracker/README.md [2ms]
2024-10-07 21:33:38.232 [info] > git cat-file -s 8ef1a56af53bdae0374e036a9d2b1ba6cb80d74e [2ms]
2024-10-07 21:33:38.265 [info] > git show --textconv :README.md [2ms]
2024-10-07 21:33:40.221 [info] > git show --textconv :index.js [4ms]
2024-10-07 21:33:40.223 [info] > git ls-files --stage -- /workspace/boilerplate-project-exercisetracker/index.js [2ms]
2024-10-07 21:33:40.229 [info] > git cat-file -s e565ee03eec7b6ba7c535f236164f03d40281fd9 [2ms]
2024-10-07 21:33:42.792 [info] > git show --textconv :.env [5ms]
2024-10-07 21:33:42.794 [info] > git ls-files --stage -- /workspace/boilerplate-project-exercisetracker/.env [2ms]
