2024-10-16 16:56:34.266 [info] Log level: Info
2024-10-16 16:56:34.266 [info] VSCODE_MACHINE_ID: fa586c21-28c0-48db-87d9-68dfc8eeba50
2024-10-16 16:56:34.266 [info] VSCODE_SESSION_ID: 457c51a9-1b01-454c-87dc-c2b1897220b81729097791315
2024-10-16 16:56:34.266 [info] VSCODE_VERSION: 1.94.2
2024-10-16 16:56:34.266 [info] VSCODE_APP_NAME: Gitpod Code
2024-10-16 16:56:34.266 [info] VSCODE_APP_HOST: Gitpod
2024-10-16 16:56:34.266 [info] VSCODE_UI_KIND: web
2024-10-16 16:56:34.266 [info] GITPOD_WORKSPACE_CONTEXT_URL: https://github.com/freeCodeCamp/boilerplate-project-issuetracker/
2024-10-16 16:56:34.266 [info] GITPOD_INSTANCE_ID: 589f4e86-51a1-4446-8da2-33018785a175
2024-10-16 16:56:34.266 [info] GITPOD_WORKSPACE_URL: https://freecodecam-boilerplate-4ja7gu03p4f.ws-us116.gitpod.io
2024-10-16 16:56:34.266 [info] Gitpod Web 7ff72a2
2024-10-16 16:56:34.266 [info] Reading sessions from keychain...
2024-10-16 16:56:34.568 [info] Getting sessions for all scopes...
2024-10-16 16:56:34.568 [info] Getting sessions for all scopes...
2024-10-16 16:56:34.568 [info] Getting GitHub sessions for all scopes...
2024-10-16 16:56:34.568 [info] Getting sessions for function:accessCodeSyncStorage...
2024-10-16 16:56:34.568 [info] Got 1 GitHub sessions for all scopes...
2024-10-16 16:56:34.569 [info] Got stored sessions!
2024-10-16 16:56:34.569 [info] Verified session with the following scopes: function:accessCodeSyncStorage function:closePort function:controlAdmission function:deleteEnvVar function:generateNewGitpodToken function:getDefaultWorkspaceImage function:getGitpodTokenScopes function:getIDToken function:getLoggedInUser function:getOpenPorts function:getSupportedWorkspaceClasses function:getTeams function:getToken function:getWorkspace function:getWorkspaceEnvVars function:getWorkspaceOwner function:getWorkspaceTimeout function:getWorkspaceUsers function:guessGitTokenScopes function:isWorkspaceOwner function:openPort function:sendHeartBeat function:setEnvVar function:setWorkspaceTimeout function:stopWorkspace function:takeSnapshot function:trackEvent function:updateGitStatus function:waitForSnapshot resource:contentBlob::*::create/get resource:envVar::*/*::update resource:envVar::freeCodeCamp/boilerplate-project-issuetracker::create/get/update/delete resource:gitpodToken::*::create resource:snapshot::ws-freecodecam-boilerplate-4ja7gu03p4f::create resource:token::*::get resource:userStorage::*::create/get/update resource:workspace::freecodecam-boilerplate-4ja7gu03p4f::get/update resource:workspaceInstance::589f4e86-51a1-4446-8da2-33018785a175::get/update/delete
2024-10-16 16:56:34.571 [info] Got 1 verified sessions.
2024-10-16 16:56:34.571 [info] Got 1 sessions for all scopes...
2024-10-16 16:56:34.571 [info] Got 1 sessions for all scopes...
2024-10-16 16:56:34.571 [info] Got 1 sessions for function:accessCodeSyncStorage...
2024-10-16 16:56:34.988 [info] Getting GitHub sessions for all scopes...
2024-10-16 16:56:34.988 [info] Getting GitHub sessions for all scopes...
2024-10-16 16:56:34.988 [info] Getting sessions for all scopes...
2024-10-16 16:56:34.988 [info] Got 1 GitHub sessions for all scopes...
2024-10-16 16:56:34.988 [info] Got 1 GitHub sessions for all scopes...
2024-10-16 16:56:34.988 [info] Got 1 sessions for all scopes...
2024-10-16 16:56:35.088 [info] Getting GitHub sessions for read:user,repo,user:email,workflow...
2024-10-16 16:56:35.088 [info] Got 0 GitHub sessions for read:user,repo,user:email,workflow...
2024-10-16 16:56:35.207 [info] Getting GitHub sessions for project,read:org,read:user,repo,user:email,workflow...
2024-10-16 16:56:35.207 [info] Got 0 GitHub sessions for project,read:org,read:user,repo,user:email,workflow...
2024-10-16 16:56:35.570 [info] Getting GitHub sessions for read:user,repo,user:email,workflow...
2024-10-16 16:56:35.570 [info] Got 0 GitHub sessions for read:user,repo,user:email,workflow...
2024-10-16 16:56:35.693 [info] Getting GitHub sessions for read:user,repo,user:email...
2024-10-16 16:56:35.696 [info] Got 0 GitHub sessions for read:user,repo,user:email...
2024-10-16 16:56:35.836 [info] Getting GitHub sessions for read:user,repo,user:email,workflow...
2024-10-16 16:56:35.837 [info] Got 0 GitHub sessions for read:user,repo,user:email,workflow...
2024-10-16 16:56:36.564 [info] Getting sessions for all scopes...
2024-10-16 16:56:36.564 [info] Getting GitHub sessions for all scopes...
2024-10-16 16:56:36.569 [info] Got 1 sessions for all scopes...
2024-10-16 16:56:36.569 [info] Got 1 GitHub sessions for all scopes...
2024-10-16 18:12:43.763 [error] cannot maintain connection to supervisor 13 INTERNAL: closed
2024-10-16 18:12:44.765 [error] cannot maintain connection to supervisor 13 INTERNAL: closed
2024-10-16 18:12:45.766 [error] cannot maintain connection to supervisor 13 INTERNAL: closed
2024-10-16 18:12:46.768 [error] cannot maintain connection to supervisor 13 INTERNAL: closed
2024-10-16 18:12:47.770 [error] cannot maintain connection to supervisor 13 INTERNAL: closed
2024-10-16 18:12:48.773 [error] cannot maintain connection to supervisor 13 INTERNAL: closed
2024-10-16 18:12:49.775 [error] cannot maintain connection to supervisor 13 INTERNAL: closed
2024-10-16 18:12:50.776 [error] cannot maintain connection to supervisor 13 INTERNAL: closed
2024-10-16 18:12:51.778 [error] cannot maintain connection to supervisor 13 INTERNAL: closed
2024-10-16 18:12:52.780 [error] cannot maintain connection to supervisor 13 INTERNAL: closed
2024-10-16 18:12:53.782 [error] cannot maintain connection to supervisor 13 INTERNAL: closed
2024-10-16 18:12:54.785 [error] cannot maintain connection to supervisor 13 INTERNAL: closed
2024-10-16 18:12:55.787 [error] cannot maintain connection to supervisor 13 INTERNAL: closed
2024-10-16 18:12:56.789 [error] cannot maintain connection to supervisor 13 INTERNAL: closed
