2024-09-25 21:04:46.911 [info] [main] Log level: Info
2024-09-25 21:04:46.911 [info] [main] Validating found git in: "git"
2024-09-25 21:04:46.911 [info] [main] Using git "2.46.0" from "git"
2024-09-25 21:04:46.911 [info] [Model][doInitialScan] Initial repository scan started
2024-09-25 21:04:46.911 [info] > git rev-parse --show-toplevel [6ms]
2024-09-25 21:04:46.911 [info] > git rev-parse --git-dir --git-common-dir [3ms]
2024-09-25 21:04:46.911 [info] [Model][openRepository] Opened repository: /workspace/boilerplate-project-exercisetracker
2024-09-25 21:04:46.911 [info] > git rev-parse --show-toplevel [7ms]
2024-09-25 21:04:46.911 [info] > git config --get commit.template [12ms]
2024-09-25 21:04:46.911 [info] > git rev-parse --show-toplevel [90ms]
2024-09-25 21:04:46.911 [info] [Model][doInitialScan] Initial repository scan completed - repositories (1), closed repositories (0), parent repositories (0), unsafe repositories (0)
2024-09-25 21:04:46.911 [info] > git for-each-ref --format=%(refname)%00%(upstream:short)%00%(objectname)%00%(upstream:track)%00%(upstream:remotename)%00%(upstream:remoteref) refs/heads/main refs/remotes/main [4ms]
2024-09-25 21:04:46.911 [warning] [Git][revParse] Unable to read file: ENOENT: no such file or directory, open '/workspace/boilerplate-project-exercisetracker/.git/refs/remotes/origin/main'
2024-09-25 21:04:46.911 [info] > git rev-parse refs/remotes/origin/main [12ms]
2024-09-25 21:04:46.911 [info] > git status -z -uall [36ms]
2024-09-25 21:04:46.911 [info] > git for-each-ref --format=%(refname)%00%(upstream:short)%00%(objectname)%00%(upstream:track)%00%(upstream:remotename)%00%(upstream:remoteref) refs/heads/main refs/remotes/main [35ms]
2024-09-25 21:04:46.911 [info] > git config --get commit.template [7ms]
2024-09-25 21:04:46.911 [info] > git config --local branch.main.vscode-merge-base [4ms]
2024-09-25 21:04:46.911 [info] > git for-each-ref --format=%(refname)%00%(upstream:short)%00%(objectname)%00%(upstream:track)%00%(upstream:remotename)%00%(upstream:remoteref) refs/heads/origin/main refs/remotes/origin/main [9ms]
2024-09-25 21:04:46.912 [info] > git for-each-ref --format=%(refname)%00%(upstream:short)%00%(objectname)%00%(upstream:track)%00%(upstream:remotename)%00%(upstream:remoteref) refs/heads/main refs/remotes/main [14ms]
2024-09-25 21:04:46.912 [info] > git merge-base refs/heads/main refs/remotes/origin/main [7ms]
2024-09-25 21:04:46.912 [warning] [Git][revParse] Unable to read file: ENOENT: no such file or directory, open '/workspace/boilerplate-project-exercisetracker/.git/refs/remotes/origin/main'
2024-09-25 21:04:46.912 [info] > git rev-list --count --left-right refs/heads/main...refs/remotes/origin/main [3ms]
2024-09-25 21:04:46.912 [info] > git rev-parse refs/remotes/origin/main [4ms]
2024-09-25 21:04:46.912 [info] > git diff --name-status -z --diff-filter=ADMR 4d33185a8ee1c5502748c699f4549013ade561fb...refs/remotes/origin/main [4ms]
2024-09-25 21:04:46.912 [info] > git status -z -uall [12ms]
2024-09-25 21:04:46.912 [info] > git for-each-ref --format=%(refname)%00%(upstream:short)%00%(objectname)%00%(upstream:track)%00%(upstream:remotename)%00%(upstream:remoteref) refs/heads/main refs/remotes/main [2ms]
2024-09-25 21:04:46.912 [info] > git config --local branch.main.vscode-merge-base [2ms]
2024-09-25 21:04:46.912 [info] > git for-each-ref --format=%(refname)%00%(upstream:short)%00%(objectname)%00%(upstream:track)%00%(upstream:remotename)%00%(upstream:remoteref) refs/heads/origin/main refs/remotes/origin/main [4ms]
2024-09-25 21:04:47.417 [info] > git check-ignore -v -z --stdin [2ms]
2024-09-25 21:04:47.667 [info] > git show --textconv :index.js [13ms]
2024-09-25 21:04:47.668 [info] > git ls-files --stage -- /workspace/boilerplate-project-exercisetracker/index.js [7ms]
2024-09-25 21:04:47.780 [info] > git cat-file -s e565ee03eec7b6ba7c535f236164f03d40281fd9 [109ms]
2024-09-25 21:04:49.929 [info] > git config --local branch.main.github-pr-owner-number [2ms]
2024-09-25 21:04:49.929 [warning] [Git][config] git config failed: Failed to execute git
2024-09-25 21:08:09.760 [info] > git config --get commit.template [7ms]
2024-09-25 21:08:09.761 [info] > git for-each-ref --format=%(refname)%00%(upstream:short)%00%(objectname)%00%(upstream:track)%00%(upstream:remotename)%00%(upstream:remoteref) refs/heads/main refs/remotes/main [3ms]
2024-09-25 21:08:09.765 [warning] [Git][revParse] Unable to read file: ENOENT: no such file or directory, open '/workspace/boilerplate-project-exercisetracker/.git/refs/remotes/origin/main'
2024-09-25 21:08:09.767 [info] > git rev-parse refs/remotes/origin/main [2ms]
2024-09-25 21:08:09.776 [info] > git status -z -uall [4ms]
2024-09-25 21:08:09.787 [info] > git for-each-ref --format=%(refname)%00%(upstream:short)%00%(objectname)%00%(upstream:track)%00%(upstream:remotename)%00%(upstream:remoteref) refs/heads/main refs/remotes/main [3ms]
2024-09-25 21:08:09.795 [info] > git config --local branch.main.vscode-merge-base [2ms]
2024-09-25 21:08:09.803 [info] > git for-each-ref --format=%(refname)%00%(upstream:short)%00%(objectname)%00%(upstream:track)%00%(upstream:remotename)%00%(upstream:remoteref) refs/heads/origin/main refs/remotes/origin/main [2ms]
2024-09-25 21:08:10.073 [info] > git show --textconv :exercise_model.js [7ms]
2024-09-25 21:08:10.074 [info] > git ls-files --stage -- /workspace/boilerplate-project-exercisetracker/exercise_model.js [2ms]
2024-09-25 21:08:13.080 [info] > git show --textconv :index.js [6ms]
2024-09-25 21:08:13.082 [info] > git ls-files --stage -- /workspace/boilerplate-project-exercisetracker/index.js [2ms]
2024-09-25 21:08:13.088 [info] > git cat-file -s e565ee03eec7b6ba7c535f236164f03d40281fd9 [2ms]
2024-09-25 21:08:45.819 [info] > git show --textconv :exercise_model.js [6ms]
2024-09-25 21:08:45.820 [info] > git ls-files --stage -- /workspace/boilerplate-project-exercisetracker/exercise_model.js [2ms]
2024-09-25 21:09:17.043 [info] > git config --get commit.template [3ms]
2024-09-25 21:09:17.052 [info] > git for-each-ref --format=%(refname)%00%(upstream:short)%00%(objectname)%00%(upstream:track)%00%(upstream:remotename)%00%(upstream:remoteref) refs/heads/main refs/remotes/main [3ms]
2024-09-25 21:09:17.058 [warning] [Git][revParse] Unable to read file: ENOENT: no such file or directory, open '/workspace/boilerplate-project-exercisetracker/.git/refs/remotes/origin/main'
2024-09-25 21:09:17.060 [info] > git rev-parse refs/remotes/origin/main [3ms]
2024-09-25 21:09:17.069 [info] > git status -z -uall [5ms]
2024-09-25 21:09:17.081 [info] > git for-each-ref --format=%(refname)%00%(upstream:short)%00%(objectname)%00%(upstream:track)%00%(upstream:remotename)%00%(upstream:remoteref) refs/heads/main refs/remotes/main [2ms]
2024-09-25 21:09:17.088 [info] > git config --local branch.main.vscode-merge-base [2ms]
2024-09-25 21:09:17.097 [info] > git for-each-ref --format=%(refname)%00%(upstream:short)%00%(objectname)%00%(upstream:track)%00%(upstream:remotename)%00%(upstream:remoteref) refs/heads/origin/main refs/remotes/origin/main [3ms]
2024-09-25 21:18:20.426 [info] > git config --get commit.template [5ms]
2024-09-25 21:18:20.427 [info] > git for-each-ref --format=%(refname)%00%(upstream:short)%00%(objectname)%00%(upstream:track)%00%(upstream:remotename)%00%(upstream:remoteref) refs/heads/main refs/remotes/main [2ms]
2024-09-25 21:18:20.430 [warning] [Git][revParse] Unable to read file: ENOENT: no such file or directory, open '/workspace/boilerplate-project-exercisetracker/.git/refs/remotes/origin/main'
2024-09-25 21:18:20.432 [info] > git rev-parse refs/remotes/origin/main [2ms]
2024-09-25 21:18:20.437 [info] > git status -z -uall [2ms]
2024-09-25 21:18:20.443 [info] > git for-each-ref --format=%(refname)%00%(upstream:short)%00%(objectname)%00%(upstream:track)%00%(upstream:remotename)%00%(upstream:remoteref) refs/heads/main refs/remotes/main [2ms]
2024-09-25 21:18:20.448 [info] > git config --local branch.main.vscode-merge-base [2ms]
2024-09-25 21:18:20.452 [info] > git for-each-ref --format=%(refname)%00%(upstream:short)%00%(objectname)%00%(upstream:track)%00%(upstream:remotename)%00%(upstream:remoteref) refs/heads/origin/main refs/remotes/origin/main [1ms]
2024-09-25 21:18:38.095 [info] > git show --textconv :package.json [4ms]
2024-09-25 21:18:38.096 [info] > git ls-files --stage -- /workspace/boilerplate-project-exercisetracker/package.json [2ms]
2024-09-25 21:18:38.101 [info] > git cat-file -s eb2d24bde816c5110fcf1405487545798e64a6f1 [1ms]
2024-09-25 21:18:43.814 [info] > git config --get commit.template [4ms]
2024-09-25 21:18:43.814 [info] > git for-each-ref --format=%(refname)%00%(upstream:short)%00%(objectname)%00%(upstream:track)%00%(upstream:remotename)%00%(upstream:remoteref) refs/heads/main refs/remotes/main [2ms]
2024-09-25 21:18:43.818 [warning] [Git][revParse] Unable to read file: ENOENT: no such file or directory, open '/workspace/boilerplate-project-exercisetracker/.git/refs/remotes/origin/main'
2024-09-25 21:18:43.819 [info] > git rev-parse refs/remotes/origin/main [1ms]
2024-09-25 21:18:43.824 [info] > git status -z -uall [2ms]
2024-09-25 21:18:43.830 [info] > git for-each-ref --format=%(refname)%00%(upstream:short)%00%(objectname)%00%(upstream:track)%00%(upstream:remotename)%00%(upstream:remoteref) refs/heads/main refs/remotes/main [2ms]
2024-09-25 21:18:43.835 [info] > git config --local branch.main.vscode-merge-base [1ms]
2024-09-25 21:18:43.840 [info] > git for-each-ref --format=%(refname)%00%(upstream:short)%00%(objectname)%00%(upstream:track)%00%(upstream:remotename)%00%(upstream:remoteref) refs/heads/origin/main refs/remotes/origin/main [2ms]
2024-09-25 21:18:43.939 [info] > git ls-files --stage -- /workspace/boilerplate-project-exercisetracker/package.json [2ms]
2024-09-25 21:18:43.945 [info] > git cat-file -s eb2d24bde816c5110fcf1405487545798e64a6f1 [2ms]
2024-09-25 21:18:43.976 [info] > git show --textconv :package.json [2ms]
2024-09-25 21:18:48.840 [info] > git config --get commit.template [5ms]
2024-09-25 21:18:48.841 [info] > git for-each-ref --format=%(refname)%00%(upstream:short)%00%(objectname)%00%(upstream:track)%00%(upstream:remotename)%00%(upstream:remoteref) refs/heads/main refs/remotes/main [2ms]
2024-09-25 21:18:48.845 [warning] [Git][revParse] Unable to read file: ENOENT: no such file or directory, open '/workspace/boilerplate-project-exercisetracker/.git/refs/remotes/origin/main'
2024-09-25 21:18:48.846 [info] > git rev-parse refs/remotes/origin/main [2ms]
2024-09-25 21:18:48.852 [info] > git status -z -uall [2ms]
2024-09-25 21:18:48.858 [info] > git for-each-ref --format=%(refname)%00%(upstream:short)%00%(objectname)%00%(upstream:track)%00%(upstream:remotename)%00%(upstream:remoteref) refs/heads/main refs/remotes/main [2ms]
2024-09-25 21:18:48.863 [info] > git config --local branch.main.vscode-merge-base [2ms]
2024-09-25 21:18:48.868 [info] > git for-each-ref --format=%(refname)%00%(upstream:short)%00%(objectname)%00%(upstream:track)%00%(upstream:remotename)%00%(upstream:remoteref) refs/heads/origin/main refs/remotes/origin/main [1ms]
2024-09-25 21:18:48.900 [info] > git ls-files --stage -- /workspace/boilerplate-project-exercisetracker/package.json [2ms]
2024-09-25 21:18:48.905 [info] > git cat-file -s eb2d24bde816c5110fcf1405487545798e64a6f1 [2ms]
2024-09-25 21:18:48.940 [info] > git show --textconv :package.json [2ms]
2024-09-25 21:21:45.024 [info] > git show --textconv :exercise_model.js [5ms]
2024-09-25 21:21:45.026 [info] > git ls-files --stage -- /workspace/boilerplate-project-exercisetracker/exercise_model.js [2ms]
2024-09-25 21:22:53.619 [info] > git show --textconv :index.js [5ms]
2024-09-25 21:22:53.620 [info] > git ls-files --stage -- /workspace/boilerplate-project-exercisetracker/index.js [2ms]
2024-09-25 21:22:53.626 [info] > git cat-file -s e565ee03eec7b6ba7c535f236164f03d40281fd9 [1ms]
2024-09-25 21:23:28.886 [info] > git show --textconv :exercise_model.js [3ms]
2024-09-25 21:23:28.888 [info] > git ls-files --stage -- /workspace/boilerplate-project-exercisetracker/exercise_model.js [2ms]
2024-09-25 21:24:08.465 [info] > git show --textconv :index.js [8ms]
2024-09-25 21:24:08.466 [info] > git ls-files --stage -- /workspace/boilerplate-project-exercisetracker/index.js [3ms]
2024-09-25 21:24:08.474 [info] > git cat-file -s e565ee03eec7b6ba7c535f236164f03d40281fd9 [2ms]
2024-09-25 21:24:17.110 [info] > git show --textconv :exercise_model.js [3ms]
2024-09-25 21:24:17.111 [info] > git ls-files --stage -- /workspace/boilerplate-project-exercisetracker/exercise_model.js [1ms]
2024-09-25 21:35:37.679 [info] > git config --get commit.template [4ms]
2024-09-25 21:35:37.680 [info] > git for-each-ref --format=%(refname)%00%(upstream:short)%00%(objectname)%00%(upstream:track)%00%(upstream:remotename)%00%(upstream:remoteref) refs/heads/main refs/remotes/main [2ms]
2024-09-25 21:35:37.683 [warning] [Git][revParse] Unable to read file: ENOENT: no such file or directory, open '/workspace/boilerplate-project-exercisetracker/.git/refs/remotes/origin/main'
2024-09-25 21:35:37.685 [info] > git rev-parse refs/remotes/origin/main [2ms]
2024-09-25 21:35:37.691 [info] > git status -z -uall [2ms]
2024-09-25 21:35:37.698 [info] > git for-each-ref --format=%(refname)%00%(upstream:short)%00%(objectname)%00%(upstream:track)%00%(upstream:remotename)%00%(upstream:remoteref) refs/heads/main refs/remotes/main [2ms]
2024-09-25 21:35:37.706 [info] > git config --local branch.main.vscode-merge-base [5ms]
2024-09-25 21:35:37.710 [info] > git ls-files --stage -- /workspace/boilerplate-project-exercisetracker/exercise_model.js [5ms]
2024-09-25 21:35:37.711 [info] > git for-each-ref --format=%(refname)%00%(upstream:short)%00%(objectname)%00%(upstream:track)%00%(upstream:remotename)%00%(upstream:remoteref) refs/heads/origin/main refs/remotes/origin/main [2ms]
2024-09-25 21:35:37.756 [info] > git show --textconv :exercise_model.js [2ms]
2024-09-25 21:35:42.710 [info] > git config --get commit.template [6ms]
2024-09-25 21:35:42.711 [info] > git for-each-ref --format=%(refname)%00%(upstream:short)%00%(objectname)%00%(upstream:track)%00%(upstream:remotename)%00%(upstream:remoteref) refs/heads/main refs/remotes/main [2ms]
2024-09-25 21:35:42.715 [warning] [Git][revParse] Unable to read file: ENOENT: no such file or directory, open '/workspace/boilerplate-project-exercisetracker/.git/refs/remotes/origin/main'
2024-09-25 21:35:42.717 [info] > git rev-parse refs/remotes/origin/main [2ms]
2024-09-25 21:35:42.724 [info] > git status -z -uall [2ms]
2024-09-25 21:35:42.731 [info] > git for-each-ref --format=%(refname)%00%(upstream:short)%00%(objectname)%00%(upstream:track)%00%(upstream:remotename)%00%(upstream:remoteref) refs/heads/main refs/remotes/main [2ms]
2024-09-25 21:35:42.737 [info] > git config --local branch.main.vscode-merge-base [1ms]
2024-09-25 21:35:42.744 [info] > git for-each-ref --format=%(refname)%00%(upstream:short)%00%(objectname)%00%(upstream:track)%00%(upstream:remotename)%00%(upstream:remoteref) refs/heads/origin/main refs/remotes/origin/main [2ms]
2024-09-25 21:35:47.741 [info] > git config --get commit.template [5ms]
2024-09-25 21:35:47.743 [info] > git for-each-ref --format=%(refname)%00%(upstream:short)%00%(objectname)%00%(upstream:track)%00%(upstream:remotename)%00%(upstream:remoteref) refs/heads/main refs/remotes/main [2ms]
2024-09-25 21:35:47.747 [warning] [Git][revParse] Unable to read file: ENOENT: no such file or directory, open '/workspace/boilerplate-project-exercisetracker/.git/refs/remotes/origin/main'
2024-09-25 21:35:47.748 [info] > git rev-parse refs/remotes/origin/main [1ms]
2024-09-25 21:35:47.755 [info] > git status -z -uall [2ms]
2024-09-25 21:35:47.763 [info] > git for-each-ref --format=%(refname)%00%(upstream:short)%00%(objectname)%00%(upstream:track)%00%(upstream:remotename)%00%(upstream:remoteref) refs/heads/main refs/remotes/main [2ms]
2024-09-25 21:35:47.770 [info] > git config --local branch.main.vscode-merge-base [2ms]
2024-09-25 21:35:47.776 [info] > git for-each-ref --format=%(refname)%00%(upstream:short)%00%(objectname)%00%(upstream:track)%00%(upstream:remotename)%00%(upstream:remoteref) refs/heads/origin/main refs/remotes/origin/main [2ms]
2024-09-25 21:35:52.772 [info] > git config --get commit.template [5ms]
2024-09-25 21:35:52.774 [info] > git for-each-ref --format=%(refname)%00%(upstream:short)%00%(objectname)%00%(upstream:track)%00%(upstream:remotename)%00%(upstream:remoteref) refs/heads/main refs/remotes/main [3ms]
2024-09-25 21:35:52.778 [warning] [Git][revParse] Unable to read file: ENOENT: no such file or directory, open '/workspace/boilerplate-project-exercisetracker/.git/refs/remotes/origin/main'
2024-09-25 21:35:52.780 [info] > git rev-parse refs/remotes/origin/main [2ms]
2024-09-25 21:35:52.786 [info] > git status -z -uall [2ms]
2024-09-25 21:35:52.794 [info] > git for-each-ref --format=%(refname)%00%(upstream:short)%00%(objectname)%00%(upstream:track)%00%(upstream:remotename)%00%(upstream:remoteref) refs/heads/main refs/remotes/main [3ms]
2024-09-25 21:35:52.800 [info] > git config --local branch.main.vscode-merge-base [2ms]
2024-09-25 21:35:52.807 [info] > git for-each-ref --format=%(refname)%00%(upstream:short)%00%(objectname)%00%(upstream:track)%00%(upstream:remotename)%00%(upstream:remoteref) refs/heads/origin/main refs/remotes/origin/main [2ms]
2024-09-25 21:35:57.804 [info] > git config --get commit.template [5ms]
2024-09-25 21:35:57.805 [info] > git for-each-ref --format=%(refname)%00%(upstream:short)%00%(objectname)%00%(upstream:track)%00%(upstream:remotename)%00%(upstream:remoteref) refs/heads/main refs/remotes/main [2ms]
2024-09-25 21:35:57.810 [warning] [Git][revParse] Unable to read file: ENOENT: no such file or directory, open '/workspace/boilerplate-project-exercisetracker/.git/refs/remotes/origin/main'
2024-09-25 21:35:57.811 [info] > git rev-parse refs/remotes/origin/main [1ms]
2024-09-25 21:35:57.817 [info] > git status -z -uall [2ms]
2024-09-25 21:35:57.824 [info] > git for-each-ref --format=%(refname)%00%(upstream:short)%00%(objectname)%00%(upstream:track)%00%(upstream:remotename)%00%(upstream:remoteref) refs/heads/main refs/remotes/main [2ms]
2024-09-25 21:35:57.829 [info] > git config --local branch.main.vscode-merge-base [2ms]
2024-09-25 21:35:57.834 [info] > git for-each-ref --format=%(refname)%00%(upstream:short)%00%(objectname)%00%(upstream:track)%00%(upstream:remotename)%00%(upstream:remoteref) refs/heads/origin/main refs/remotes/origin/main [2ms]
2024-09-25 21:36:02.834 [info] > git config --get commit.template [5ms]
2024-09-25 21:36:02.835 [info] > git for-each-ref --format=%(refname)%00%(upstream:short)%00%(objectname)%00%(upstream:track)%00%(upstream:remotename)%00%(upstream:remoteref) refs/heads/main refs/remotes/main [2ms]
2024-09-25 21:36:02.839 [warning] [Git][revParse] Unable to read file: ENOENT: no such file or directory, open '/workspace/boilerplate-project-exercisetracker/.git/refs/remotes/origin/main'
2024-09-25 21:36:02.841 [info] > git rev-parse refs/remotes/origin/main [2ms]
2024-09-25 21:36:02.850 [info] > git status -z -uall [3ms]
2024-09-25 21:36:02.858 [info] > git for-each-ref --format=%(refname)%00%(upstream:short)%00%(objectname)%00%(upstream:track)%00%(upstream:remotename)%00%(upstream:remoteref) refs/heads/main refs/remotes/main [2ms]
2024-09-25 21:36:02.864 [info] > git config --local branch.main.vscode-merge-base [1ms]
2024-09-25 21:36:02.871 [info] > git for-each-ref --format=%(refname)%00%(upstream:short)%00%(objectname)%00%(upstream:track)%00%(upstream:remotename)%00%(upstream:remoteref) refs/heads/origin/main refs/remotes/origin/main [2ms]
2024-09-25 21:36:07.868 [info] > git config --get commit.template [6ms]
2024-09-25 21:36:07.869 [info] > git for-each-ref --format=%(refname)%00%(upstream:short)%00%(objectname)%00%(upstream:track)%00%(upstream:remotename)%00%(upstream:remoteref) refs/heads/main refs/remotes/main [2ms]
2024-09-25 21:36:07.873 [warning] [Git][revParse] Unable to read file: ENOENT: no such file or directory, open '/workspace/boilerplate-project-exercisetracker/.git/refs/remotes/origin/main'
2024-09-25 21:36:07.875 [info] > git rev-parse refs/remotes/origin/main [2ms]
2024-09-25 21:36:07.883 [info] > git status -z -uall [3ms]
2024-09-25 21:36:07.890 [info] > git for-each-ref --format=%(refname)%00%(upstream:short)%00%(objectname)%00%(upstream:track)%00%(upstream:remotename)%00%(upstream:remoteref) refs/heads/main refs/remotes/main [2ms]
2024-09-25 21:36:07.897 [info] > git config --local branch.main.vscode-merge-base [2ms]
2024-09-25 21:36:07.903 [info] > git for-each-ref --format=%(refname)%00%(upstream:short)%00%(objectname)%00%(upstream:track)%00%(upstream:remotename)%00%(upstream:remoteref) refs/heads/origin/main refs/remotes/origin/main [2ms]
2024-09-25 21:36:13.877 [info] > git config --get commit.template [4ms]
2024-09-25 21:36:13.878 [info] > git for-each-ref --format=%(refname)%00%(upstream:short)%00%(objectname)%00%(upstream:track)%00%(upstream:remotename)%00%(upstream:remoteref) refs/heads/main refs/remotes/main [2ms]
2024-09-25 21:36:13.883 [warning] [Git][revParse] Unable to read file: ENOENT: no such file or directory, open '/workspace/boilerplate-project-exercisetracker/.git/refs/remotes/origin/main'
2024-09-25 21:36:13.884 [info] > git rev-parse refs/remotes/origin/main [2ms]
2024-09-25 21:36:13.891 [info] > git status -z -uall [3ms]
2024-09-25 21:36:13.898 [info] > git for-each-ref --format=%(refname)%00%(upstream:short)%00%(objectname)%00%(upstream:track)%00%(upstream:remotename)%00%(upstream:remoteref) refs/heads/main refs/remotes/main [2ms]
2024-09-25 21:36:13.905 [info] > git config --local branch.main.vscode-merge-base [1ms]
2024-09-25 21:36:13.910 [info] > git for-each-ref --format=%(refname)%00%(upstream:short)%00%(objectname)%00%(upstream:track)%00%(upstream:remotename)%00%(upstream:remoteref) refs/heads/origin/main refs/remotes/origin/main [2ms]
2024-09-25 21:36:19.127 [info] > git config --get commit.template [6ms]
2024-09-25 21:36:19.129 [info] > git for-each-ref --format=%(refname)%00%(upstream:short)%00%(objectname)%00%(upstream:track)%00%(upstream:remotename)%00%(upstream:remoteref) refs/heads/main refs/remotes/main [2ms]
2024-09-25 21:36:19.134 [warning] [Git][revParse] Unable to read file: ENOENT: no such file or directory, open '/workspace/boilerplate-project-exercisetracker/.git/refs/remotes/origin/main'
2024-09-25 21:36:19.135 [info] > git rev-parse refs/remotes/origin/main [2ms]
2024-09-25 21:36:19.143 [info] > git status -z -uall [3ms]
2024-09-25 21:36:19.150 [info] > git for-each-ref --format=%(refname)%00%(upstream:short)%00%(objectname)%00%(upstream:track)%00%(upstream:remotename)%00%(upstream:remoteref) refs/heads/main refs/remotes/main [2ms]
2024-09-25 21:36:19.156 [info] > git config --local branch.main.vscode-merge-base [1ms]
2024-09-25 21:36:19.163 [info] > git for-each-ref --format=%(refname)%00%(upstream:short)%00%(objectname)%00%(upstream:track)%00%(upstream:remotename)%00%(upstream:remoteref) refs/heads/origin/main refs/remotes/origin/main [2ms]
2024-09-25 21:36:24.159 [info] > git config --get commit.template [6ms]
2024-09-25 21:36:24.159 [info] > git for-each-ref --format=%(refname)%00%(upstream:short)%00%(objectname)%00%(upstream:track)%00%(upstream:remotename)%00%(upstream:remoteref) refs/heads/main refs/remotes/main [2ms]
2024-09-25 21:36:24.163 [warning] [Git][revParse] Unable to read file: ENOENT: no such file or directory, open '/workspace/boilerplate-project-exercisetracker/.git/refs/remotes/origin/main'
2024-09-25 21:36:24.164 [info] > git rev-parse refs/remotes/origin/main [1ms]
2024-09-25 21:36:24.170 [info] > git status -z -uall [3ms]
2024-09-25 21:36:24.176 [info] > git for-each-ref --format=%(refname)%00%(upstream:short)%00%(objectname)%00%(upstream:track)%00%(upstream:remotename)%00%(upstream:remoteref) refs/heads/main refs/remotes/main [2ms]
2024-09-25 21:36:24.180 [info] > git config --local branch.main.vscode-merge-base [1ms]
2024-09-25 21:36:24.186 [info] > git for-each-ref --format=%(refname)%00%(upstream:short)%00%(objectname)%00%(upstream:track)%00%(upstream:remotename)%00%(upstream:remoteref) refs/heads/origin/main refs/remotes/origin/main [2ms]
2024-09-25 21:36:36.543 [info] > git config --get commit.template [5ms]
2024-09-25 21:36:36.545 [info] > git for-each-ref --format=%(refname)%00%(upstream:short)%00%(objectname)%00%(upstream:track)%00%(upstream:remotename)%00%(upstream:remoteref) refs/heads/main refs/remotes/main [3ms]
2024-09-25 21:36:36.549 [warning] [Git][revParse] Unable to read file: ENOENT: no such file or directory, open '/workspace/boilerplate-project-exercisetracker/.git/refs/remotes/origin/main'
2024-09-25 21:36:36.551 [info] > git rev-parse refs/remotes/origin/main [2ms]
2024-09-25 21:36:36.558 [info] > git status -z -uall [3ms]
2024-09-25 21:36:36.566 [info] > git for-each-ref --format=%(refname)%00%(upstream:short)%00%(objectname)%00%(upstream:track)%00%(upstream:remotename)%00%(upstream:remoteref) refs/heads/main refs/remotes/main [2ms]
2024-09-25 21:36:36.573 [info] > git config --local branch.main.vscode-merge-base [1ms]
2024-09-25 21:36:36.579 [info] > git for-each-ref --format=%(refname)%00%(upstream:short)%00%(objectname)%00%(upstream:track)%00%(upstream:remotename)%00%(upstream:remoteref) refs/heads/origin/main refs/remotes/origin/main [2ms]
2024-09-25 21:37:35.174 [info] > git show --textconv :index.js [5ms]
2024-09-25 21:37:35.175 [info] > git ls-files --stage -- /workspace/boilerplate-project-exercisetracker/index.js [2ms]
2024-09-25 21:37:35.181 [info] > git cat-file -s e565ee03eec7b6ba7c535f236164f03d40281fd9 [2ms]
2024-09-25 21:40:16.229 [info] > git show --textconv :exercise_model.js [6ms]
2024-09-25 21:40:16.230 [info] > git ls-files --stage -- /workspace/boilerplate-project-exercisetracker/exercise_model.js [2ms]
2024-09-25 21:40:29.866 [info] > git show --textconv :index.js [6ms]
2024-09-25 21:40:29.866 [info] > git ls-files --stage -- /workspace/boilerplate-project-exercisetracker/index.js [2ms]
2024-09-25 21:40:29.871 [info] > git cat-file -s e565ee03eec7b6ba7c535f236164f03d40281fd9 [2ms]
2024-09-25 21:48:06.845 [info] > git show --textconv :exercise_model.js [5ms]
2024-09-25 21:48:06.846 [info] > git ls-files --stage -- /workspace/boilerplate-project-exercisetracker/exercise_model.js [2ms]
2024-09-25 21:48:19.875 [info] > git show --textconv :index.js [4ms]
2024-09-25 21:48:19.877 [info] > git ls-files --stage -- /workspace/boilerplate-project-exercisetracker/index.js [2ms]
2024-09-25 21:48:19.884 [info] > git cat-file -s e565ee03eec7b6ba7c535f236164f03d40281fd9 [2ms]
2024-09-25 21:48:28.998 [info] > git config --get commit.template [4ms]
2024-09-25 21:48:28.999 [info] > git for-each-ref --format=%(refname)%00%(upstream:short)%00%(objectname)%00%(upstream:track)%00%(upstream:remotename)%00%(upstream:remoteref) refs/heads/main refs/remotes/main [2ms]
2024-09-25 21:48:29.002 [warning] [Git][revParse] Unable to read file: ENOENT: no such file or directory, open '/workspace/boilerplate-project-exercisetracker/.git/refs/remotes/origin/main'
2024-09-25 21:48:29.004 [info] > git rev-parse refs/remotes/origin/main [2ms]
2024-09-25 21:48:29.010 [info] > git status -z -uall [3ms]
2024-09-25 21:48:29.016 [info] > git for-each-ref --format=%(refname)%00%(upstream:short)%00%(objectname)%00%(upstream:track)%00%(upstream:remotename)%00%(upstream:remoteref) refs/heads/main refs/remotes/main [1ms]
2024-09-25 21:48:29.020 [info] > git config --local branch.main.vscode-merge-base [1ms]
2024-09-25 21:48:29.026 [info] > git for-each-ref --format=%(refname)%00%(upstream:short)%00%(objectname)%00%(upstream:track)%00%(upstream:remotename)%00%(upstream:remoteref) refs/heads/origin/main refs/remotes/origin/main [1ms]
2024-09-25 21:48:34.024 [info] > git config --get commit.template [4ms]
2024-09-25 21:48:34.025 [info] > git for-each-ref --format=%(refname)%00%(upstream:short)%00%(objectname)%00%(upstream:track)%00%(upstream:remotename)%00%(upstream:remoteref) refs/heads/main refs/remotes/main [2ms]
2024-09-25 21:48:34.029 [warning] [Git][revParse] Unable to read file: ENOENT: no such file or directory, open '/workspace/boilerplate-project-exercisetracker/.git/refs/remotes/origin/main'
2024-09-25 21:48:34.031 [info] > git rev-parse refs/remotes/origin/main [1ms]
2024-09-25 21:48:34.036 [info] > git status -z -uall [2ms]
2024-09-25 21:48:34.042 [info] > git for-each-ref --format=%(refname)%00%(upstream:short)%00%(objectname)%00%(upstream:track)%00%(upstream:remotename)%00%(upstream:remoteref) refs/heads/main refs/remotes/main [2ms]
2024-09-25 21:48:34.047 [info] > git config --local branch.main.vscode-merge-base [2ms]
2024-09-25 21:48:34.052 [info] > git for-each-ref --format=%(refname)%00%(upstream:short)%00%(objectname)%00%(upstream:track)%00%(upstream:remotename)%00%(upstream:remoteref) refs/heads/origin/main refs/remotes/origin/main [2ms]
2024-09-25 21:48:39.051 [info] > git config --get commit.template [5ms]
2024-09-25 21:48:39.053 [info] > git for-each-ref --format=%(refname)%00%(upstream:short)%00%(objectname)%00%(upstream:track)%00%(upstream:remotename)%00%(upstream:remoteref) refs/heads/main refs/remotes/main [2ms]
2024-09-25 21:48:39.057 [warning] [Git][revParse] Unable to read file: ENOENT: no such file or directory, open '/workspace/boilerplate-project-exercisetracker/.git/refs/remotes/origin/main'
2024-09-25 21:48:39.059 [info] > git rev-parse refs/remotes/origin/main [1ms]
2024-09-25 21:48:39.065 [info] > git status -z -uall [2ms]
2024-09-25 21:48:39.072 [info] > git for-each-ref --format=%(refname)%00%(upstream:short)%00%(objectname)%00%(upstream:track)%00%(upstream:remotename)%00%(upstream:remoteref) refs/heads/main refs/remotes/main [2ms]
2024-09-25 21:48:39.077 [info] > git config --local branch.main.vscode-merge-base [1ms]
2024-09-25 21:48:39.083 [info] > git for-each-ref --format=%(refname)%00%(upstream:short)%00%(objectname)%00%(upstream:track)%00%(upstream:remotename)%00%(upstream:remoteref) refs/heads/origin/main refs/remotes/origin/main [2ms]
2024-09-25 21:48:44.081 [info] > git config --get commit.template [5ms]
2024-09-25 21:48:44.082 [info] > git for-each-ref --format=%(refname)%00%(upstream:short)%00%(objectname)%00%(upstream:track)%00%(upstream:remotename)%00%(upstream:remoteref) refs/heads/main refs/remotes/main [2ms]
2024-09-25 21:48:44.086 [warning] [Git][revParse] Unable to read file: ENOENT: no such file or directory, open '/workspace/boilerplate-project-exercisetracker/.git/refs/remotes/origin/main'
2024-09-25 21:48:44.088 [info] > git rev-parse refs/remotes/origin/main [2ms]
2024-09-25 21:48:44.094 [info] > git status -z -uall [2ms]
2024-09-25 21:48:44.101 [info] > git for-each-ref --format=%(refname)%00%(upstream:short)%00%(objectname)%00%(upstream:track)%00%(upstream:remotename)%00%(upstream:remoteref) refs/heads/main refs/remotes/main [2ms]
2024-09-25 21:48:44.106 [info] > git config --local branch.main.vscode-merge-base [1ms]
2024-09-25 21:48:44.112 [info] > git for-each-ref --format=%(refname)%00%(upstream:short)%00%(objectname)%00%(upstream:track)%00%(upstream:remotename)%00%(upstream:remoteref) refs/heads/origin/main refs/remotes/origin/main [2ms]
2024-09-25 21:48:49.348 [info] > git config --get commit.template [5ms]
2024-09-25 21:48:49.349 [info] > git for-each-ref --format=%(refname)%00%(upstream:short)%00%(objectname)%00%(upstream:track)%00%(upstream:remotename)%00%(upstream:remoteref) refs/heads/main refs/remotes/main [2ms]
2024-09-25 21:48:49.353 [warning] [Git][revParse] Unable to read file: ENOENT: no such file or directory, open '/workspace/boilerplate-project-exercisetracker/.git/refs/remotes/origin/main'
2024-09-25 21:48:49.354 [info] > git rev-parse refs/remotes/origin/main [1ms]
2024-09-25 21:48:49.360 [info] > git status -z -uall [2ms]
2024-09-25 21:48:49.366 [info] > git for-each-ref --format=%(refname)%00%(upstream:short)%00%(objectname)%00%(upstream:track)%00%(upstream:remotename)%00%(upstream:remoteref) refs/heads/main refs/remotes/main [2ms]
2024-09-25 21:48:49.372 [info] > git config --local branch.main.vscode-merge-base [2ms]
2024-09-25 21:48:49.377 [info] > git for-each-ref --format=%(refname)%00%(upstream:short)%00%(objectname)%00%(upstream:track)%00%(upstream:remotename)%00%(upstream:remoteref) refs/heads/origin/main refs/remotes/origin/main [2ms]
2024-09-25 21:48:54.374 [info] > git config --get commit.template [4ms]
2024-09-25 21:48:54.375 [info] > git for-each-ref --format=%(refname)%00%(upstream:short)%00%(objectname)%00%(upstream:track)%00%(upstream:remotename)%00%(upstream:remoteref) refs/heads/main refs/remotes/main [2ms]
2024-09-25 21:48:54.379 [warning] [Git][revParse] Unable to read file: ENOENT: no such file or directory, open '/workspace/boilerplate-project-exercisetracker/.git/refs/remotes/origin/main'
2024-09-25 21:48:54.380 [info] > git rev-parse refs/remotes/origin/main [1ms]
2024-09-25 21:48:54.385 [info] > git status -z -uall [2ms]
2024-09-25 21:48:54.390 [info] > git for-each-ref --format=%(refname)%00%(upstream:short)%00%(objectname)%00%(upstream:track)%00%(upstream:remotename)%00%(upstream:remoteref) refs/heads/main refs/remotes/main [2ms]
2024-09-25 21:48:54.395 [info] > git config --local branch.main.vscode-merge-base [2ms]
2024-09-25 21:48:54.400 [info] > git for-each-ref --format=%(refname)%00%(upstream:short)%00%(objectname)%00%(upstream:track)%00%(upstream:remotename)%00%(upstream:remoteref) refs/heads/origin/main refs/remotes/origin/main [2ms]
2024-09-25 21:48:59.398 [info] > git config --get commit.template [4ms]
2024-09-25 21:48:59.400 [info] > git for-each-ref --format=%(refname)%00%(upstream:short)%00%(objectname)%00%(upstream:track)%00%(upstream:remotename)%00%(upstream:remoteref) refs/heads/main refs/remotes/main [2ms]
2024-09-25 21:48:59.404 [warning] [Git][revParse] Unable to read file: ENOENT: no such file or directory, open '/workspace/boilerplate-project-exercisetracker/.git/refs/remotes/origin/main'
2024-09-25 21:48:59.405 [info] > git rev-parse refs/remotes/origin/main [1ms]
2024-09-25 21:48:59.411 [info] > git status -z -uall [2ms]
2024-09-25 21:48:59.418 [info] > git for-each-ref --format=%(refname)%00%(upstream:short)%00%(objectname)%00%(upstream:track)%00%(upstream:remotename)%00%(upstream:remoteref) refs/heads/main refs/remotes/main [2ms]
2024-09-25 21:48:59.423 [info] > git config --local branch.main.vscode-merge-base [2ms]
2024-09-25 21:48:59.428 [info] > git for-each-ref --format=%(refname)%00%(upstream:short)%00%(objectname)%00%(upstream:track)%00%(upstream:remotename)%00%(upstream:remoteref) refs/heads/origin/main refs/remotes/origin/main [2ms]
2024-09-25 21:49:11.698 [info] > git config --get commit.template [5ms]
2024-09-25 21:49:11.700 [info] > git for-each-ref --format=%(refname)%00%(upstream:short)%00%(objectname)%00%(upstream:track)%00%(upstream:remotename)%00%(upstream:remoteref) refs/heads/main refs/remotes/main [2ms]
2024-09-25 21:49:11.704 [warning] [Git][revParse] Unable to read file: ENOENT: no such file or directory, open '/workspace/boilerplate-project-exercisetracker/.git/refs/remotes/origin/main'
2024-09-25 21:49:11.706 [info] > git rev-parse refs/remotes/origin/main [2ms]
2024-09-25 21:49:11.713 [info] > git status -z -uall [3ms]
2024-09-25 21:49:11.719 [info] > git for-each-ref --format=%(refname)%00%(upstream:short)%00%(objectname)%00%(upstream:track)%00%(upstream:remotename)%00%(upstream:remoteref) refs/heads/main refs/remotes/main [2ms]
2024-09-25 21:49:11.725 [info] > git config --local branch.main.vscode-merge-base [2ms]
2024-09-25 21:49:11.731 [info] > git for-each-ref --format=%(refname)%00%(upstream:short)%00%(objectname)%00%(upstream:track)%00%(upstream:remotename)%00%(upstream:remoteref) refs/heads/origin/main refs/remotes/origin/main [2ms]
2024-09-25 21:49:55.022 [info] > git config --get commit.template [7ms]
2024-09-25 21:49:55.024 [info] > git for-each-ref --format=%(refname)%00%(upstream:short)%00%(objectname)%00%(upstream:track)%00%(upstream:remotename)%00%(upstream:remoteref) refs/heads/main refs/remotes/main [3ms]
2024-09-25 21:49:55.028 [warning] [Git][revParse] Unable to read file: ENOENT: no such file or directory, open '/workspace/boilerplate-project-exercisetracker/.git/refs/remotes/origin/main'
2024-09-25 21:49:55.030 [info] > git rev-parse refs/remotes/origin/main [2ms]
2024-09-25 21:49:55.038 [info] > git status -z -uall [4ms]
2024-09-25 21:49:55.049 [info] > git for-each-ref --format=%(refname)%00%(upstream:short)%00%(objectname)%00%(upstream:track)%00%(upstream:remotename)%00%(upstream:remoteref) refs/heads/main refs/remotes/main [3ms]
2024-09-25 21:49:55.057 [info] > git config --local branch.main.vscode-merge-base [2ms]
2024-09-25 21:49:55.065 [info] > git for-each-ref --format=%(refname)%00%(upstream:short)%00%(objectname)%00%(upstream:track)%00%(upstream:remotename)%00%(upstream:remoteref) refs/heads/origin/main refs/remotes/origin/main [2ms]
2024-09-25 21:50:00.060 [info] > git config --get commit.template [6ms]
2024-09-25 21:50:00.061 [info] > git for-each-ref --format=%(refname)%00%(upstream:short)%00%(objectname)%00%(upstream:track)%00%(upstream:remotename)%00%(upstream:remoteref) refs/heads/main refs/remotes/main [2ms]
2024-09-25 21:50:00.066 [warning] [Git][revParse] Unable to read file: ENOENT: no such file or directory, open '/workspace/boilerplate-project-exercisetracker/.git/refs/remotes/origin/main'
2024-09-25 21:50:00.067 [info] > git rev-parse refs/remotes/origin/main [1ms]
2024-09-25 21:50:00.075 [info] > git status -z -uall [3ms]
2024-09-25 21:50:00.082 [info] > git for-each-ref --format=%(refname)%00%(upstream:short)%00%(objectname)%00%(upstream:track)%00%(upstream:remotename)%00%(upstream:remoteref) refs/heads/main refs/remotes/main [2ms]
2024-09-25 21:50:00.088 [info] > git config --local branch.main.vscode-merge-base [1ms]
2024-09-25 21:50:00.093 [info] > git for-each-ref --format=%(refname)%00%(upstream:short)%00%(objectname)%00%(upstream:track)%00%(upstream:remotename)%00%(upstream:remoteref) refs/heads/origin/main refs/remotes/origin/main [2ms]
2024-09-25 21:51:08.610 [info] > git config --get commit.template [4ms]
2024-09-25 21:51:08.611 [info] > git for-each-ref --format=%(refname)%00%(upstream:short)%00%(objectname)%00%(upstream:track)%00%(upstream:remotename)%00%(upstream:remoteref) refs/heads/main refs/remotes/main [2ms]
2024-09-25 21:51:08.615 [warning] [Git][revParse] Unable to read file: ENOENT: no such file or directory, open '/workspace/boilerplate-project-exercisetracker/.git/refs/remotes/origin/main'
2024-09-25 21:51:08.617 [info] > git rev-parse refs/remotes/origin/main [2ms]
2024-09-25 21:51:08.623 [info] > git status -z -uall [2ms]
2024-09-25 21:51:08.630 [info] > git for-each-ref --format=%(refname)%00%(upstream:short)%00%(objectname)%00%(upstream:track)%00%(upstream:remotename)%00%(upstream:remoteref) refs/heads/main refs/remotes/main [2ms]
2024-09-25 21:51:08.635 [info] > git config --local branch.main.vscode-merge-base [1ms]
2024-09-25 21:51:08.641 [info] > git for-each-ref --format=%(refname)%00%(upstream:short)%00%(objectname)%00%(upstream:track)%00%(upstream:remotename)%00%(upstream:remoteref) refs/heads/origin/main refs/remotes/origin/main [2ms]
2024-09-25 21:51:13.639 [info] > git config --get commit.template [5ms]
2024-09-25 21:51:13.640 [info] > git for-each-ref --format=%(refname)%00%(upstream:short)%00%(objectname)%00%(upstream:track)%00%(upstream:remotename)%00%(upstream:remoteref) refs/heads/main refs/remotes/main [2ms]
2024-09-25 21:51:13.645 [warning] [Git][revParse] Unable to read file: ENOENT: no such file or directory, open '/workspace/boilerplate-project-exercisetracker/.git/refs/remotes/origin/main'
2024-09-25 21:51:13.646 [info] > git rev-parse refs/remotes/origin/main [2ms]
2024-09-25 21:51:13.652 [info] > git status -z -uall [2ms]
2024-09-25 21:51:13.659 [info] > git for-each-ref --format=%(refname)%00%(upstream:short)%00%(objectname)%00%(upstream:track)%00%(upstream:remotename)%00%(upstream:remoteref) refs/heads/main refs/remotes/main [1ms]
2024-09-25 21:51:13.664 [info] > git config --local branch.main.vscode-merge-base [1ms]
2024-09-25 21:51:13.670 [info] > git for-each-ref --format=%(refname)%00%(upstream:short)%00%(objectname)%00%(upstream:track)%00%(upstream:remotename)%00%(upstream:remoteref) refs/heads/origin/main refs/remotes/origin/main [2ms]
2024-09-25 21:51:28.117 [info] > git show --textconv :exercise_model.js [4ms]
2024-09-25 21:51:28.118 [info] > git ls-files --stage -- /workspace/boilerplate-project-exercisetracker/exercise_model.js [2ms]
2024-09-25 21:51:39.479 [info] > git show --textconv :package.json [5ms]
2024-09-25 21:51:39.481 [info] > git ls-files --stage -- /workspace/boilerplate-project-exercisetracker/package.json [2ms]
2024-09-25 21:51:39.486 [info] > git cat-file -s eb2d24bde816c5110fcf1405487545798e64a6f1 [2ms]
2024-09-25 21:51:49.480 [info] > git show --textconv :exercise_model.js [5ms]
2024-09-25 21:51:49.482 [info] > git ls-files --stage -- /workspace/boilerplate-project-exercisetracker/exercise_model.js [2ms]
2024-09-25 21:53:30.783 [info] > git show --textconv :package.json [5ms]
2024-09-25 21:53:30.784 [info] > git ls-files --stage -- /workspace/boilerplate-project-exercisetracker/package.json [2ms]
2024-09-25 21:53:30.790 [info] > git cat-file -s eb2d24bde816c5110fcf1405487545798e64a6f1 [2ms]
2024-09-25 21:53:41.680 [info] > git show --textconv :exercise_model.js [5ms]
2024-09-25 21:53:41.680 [info] > git ls-files --stage -- /workspace/boilerplate-project-exercisetracker/exercise_model.js [1ms]
2024-09-25 21:54:46.712 [info] > git show --textconv :index.js [4ms]
2024-09-25 21:54:46.713 [info] > git ls-files --stage -- /workspace/boilerplate-project-exercisetracker/index.js [2ms]
2024-09-25 21:54:46.718 [info] > git cat-file -s e565ee03eec7b6ba7c535f236164f03d40281fd9 [2ms]
2024-09-25 21:55:05.985 [info] > git config --get commit.template [5ms]
2024-09-25 21:55:05.986 [info] > git for-each-ref --format=%(refname)%00%(upstream:short)%00%(objectname)%00%(upstream:track)%00%(upstream:remotename)%00%(upstream:remoteref) refs/heads/main refs/remotes/main [2ms]
2024-09-25 21:55:05.990 [warning] [Git][revParse] Unable to read file: ENOENT: no such file or directory, open '/workspace/boilerplate-project-exercisetracker/.git/refs/remotes/origin/main'
2024-09-25 21:55:05.992 [info] > git rev-parse refs/remotes/origin/main [2ms]
2024-09-25 21:55:05.999 [info] > git status -z -uall [3ms]
2024-09-25 21:55:06.005 [info] > git for-each-ref --format=%(refname)%00%(upstream:short)%00%(objectname)%00%(upstream:track)%00%(upstream:remotename)%00%(upstream:remoteref) refs/heads/main refs/remotes/main [2ms]
2024-09-25 21:55:06.011 [info] > git config --local branch.main.vscode-merge-base [2ms]
2024-09-25 21:55:06.017 [info] > git for-each-ref --format=%(refname)%00%(upstream:short)%00%(objectname)%00%(upstream:track)%00%(upstream:remotename)%00%(upstream:remoteref) refs/heads/origin/main refs/remotes/origin/main [2ms]
2024-09-25 21:55:15.285 [info] > git config --get commit.template [4ms]
2024-09-25 21:55:15.286 [info] > git for-each-ref --format=%(refname)%00%(upstream:short)%00%(objectname)%00%(upstream:track)%00%(upstream:remotename)%00%(upstream:remoteref) refs/heads/main refs/remotes/main [2ms]
2024-09-25 21:55:15.290 [warning] [Git][revParse] Unable to read file: ENOENT: no such file or directory, open '/workspace/boilerplate-project-exercisetracker/.git/refs/remotes/origin/main'
2024-09-25 21:55:15.292 [info] > git rev-parse refs/remotes/origin/main [2ms]
2024-09-25 21:55:15.297 [info] > git status -z -uall [2ms]
2024-09-25 21:55:15.303 [info] > git for-each-ref --format=%(refname)%00%(upstream:short)%00%(objectname)%00%(upstream:track)%00%(upstream:remotename)%00%(upstream:remoteref) refs/heads/main refs/remotes/main [2ms]
2024-09-25 21:55:15.308 [info] > git config --local branch.main.vscode-merge-base [2ms]
2024-09-25 21:55:15.313 [info] > git for-each-ref --format=%(refname)%00%(upstream:short)%00%(objectname)%00%(upstream:track)%00%(upstream:remotename)%00%(upstream:remoteref) refs/heads/origin/main refs/remotes/origin/main [2ms]
2024-09-25 21:55:20.314 [info] > git config --get commit.template [5ms]
2024-09-25 21:55:20.315 [info] > git for-each-ref --format=%(refname)%00%(upstream:short)%00%(objectname)%00%(upstream:track)%00%(upstream:remotename)%00%(upstream:remoteref) refs/heads/main refs/remotes/main [2ms]
2024-09-25 21:55:20.319 [warning] [Git][revParse] Unable to read file: ENOENT: no such file or directory, open '/workspace/boilerplate-project-exercisetracker/.git/refs/remotes/origin/main'
2024-09-25 21:55:20.321 [info] > git rev-parse refs/remotes/origin/main [2ms]
2024-09-25 21:55:20.328 [info] > git status -z -uall [3ms]
2024-09-25 21:55:20.334 [info] > git for-each-ref --format=%(refname)%00%(upstream:short)%00%(objectname)%00%(upstream:track)%00%(upstream:remotename)%00%(upstream:remoteref) refs/heads/main refs/remotes/main [2ms]
2024-09-25 21:55:20.340 [info] > git config --local branch.main.vscode-merge-base [2ms]
2024-09-25 21:55:20.346 [info] > git for-each-ref --format=%(refname)%00%(upstream:short)%00%(objectname)%00%(upstream:track)%00%(upstream:remotename)%00%(upstream:remoteref) refs/heads/origin/main refs/remotes/origin/main [2ms]
2024-09-25 21:58:02.605 [info] > git config --get commit.template [4ms]
2024-09-25 21:58:02.607 [info] > git for-each-ref --format=%(refname)%00%(upstream:short)%00%(objectname)%00%(upstream:track)%00%(upstream:remotename)%00%(upstream:remoteref) refs/heads/main refs/remotes/main [3ms]
2024-09-25 21:58:02.610 [warning] [Git][revParse] Unable to read file: ENOENT: no such file or directory, open '/workspace/boilerplate-project-exercisetracker/.git/refs/remotes/origin/main'
2024-09-25 21:58:02.612 [info] > git rev-parse refs/remotes/origin/main [2ms]
2024-09-25 21:58:02.618 [info] > git status -z -uall [3ms]
2024-09-25 21:58:02.624 [info] > git for-each-ref --format=%(refname)%00%(upstream:short)%00%(objectname)%00%(upstream:track)%00%(upstream:remotename)%00%(upstream:remoteref) refs/heads/main refs/remotes/main [2ms]
2024-09-25 21:58:02.629 [info] > git config --local branch.main.vscode-merge-base [2ms]
2024-09-25 21:58:02.634 [info] > git for-each-ref --format=%(refname)%00%(upstream:short)%00%(objectname)%00%(upstream:track)%00%(upstream:remotename)%00%(upstream:remoteref) refs/heads/origin/main refs/remotes/origin/main [2ms]
2024-09-25 21:59:34.224 [info] > git show --textconv :package.json [4ms]
2024-09-25 21:59:34.226 [info] > git ls-files --stage -- /workspace/boilerplate-project-exercisetracker/package.json [1ms]
2024-09-25 21:59:34.230 [info] > git cat-file -s eb2d24bde816c5110fcf1405487545798e64a6f1 [1ms]
2024-09-25 22:00:39.356 [info] > git show --textconv :exercise_model.js [4ms]
2024-09-25 22:00:39.358 [info] > git ls-files --stage -- /workspace/boilerplate-project-exercisetracker/exercise_model.js [2ms]
