2024-09-24 16:49:17.782 [info] Log level: Info
2024-09-24 16:49:17.963 [info] VSCODE_MACHINE_ID: d28311fb-fa7a-49b4-b2c0-2cfcd56e5e22
2024-09-24 16:49:17.963 [info] VSCODE_SESSION_ID: 72db2445-6e48-4c59-801c-58079e297a5e1727196555404
2024-09-24 16:49:17.963 [info] VSCODE_VERSION: 1.93.1
2024-09-24 16:49:17.963 [info] VSCODE_APP_NAME: Gitpod Code
2024-09-24 16:49:17.963 [info] VSCODE_APP_HOST: Gitpod
2024-09-24 16:49:17.963 [info] VSCODE_UI_KIND: web
2024-09-24 16:49:17.963 [info] GITPOD_WORKSPACE_CONTEXT_URL: https://github.com/freeCodeCamp/boilerplate-project-urlshortener/
2024-09-24 16:49:17.963 [info] GITPOD_INSTANCE_ID: 3a082150-14b3-49eb-ba53-52ddebdd43ce
2024-09-24 16:49:17.963 [info] GITPOD_WORKSPACE_URL: https://freecodecam-boilerplate-9zpq6oi6qv1.ws-us116.gitpod.io
2024-09-24 16:49:17.969 [info] Gitpod Web 7ff72a2
2024-09-24 16:49:17.969 [info] Reading sessions from keychain...
2024-09-24 16:49:18.304 [info] Getting sessions for all scopes...
2024-09-24 16:49:18.304 [info] Getting GitHub sessions for all scopes...
2024-09-24 16:49:18.304 [info] Getting sessions for function:accessCodeSyncStorage...
2024-09-24 16:49:18.306 [info] Got stored sessions!
2024-09-24 16:49:18.306 [info] Verified session with the following scopes: function:accessCodeSyncStorage function:closePort function:controlAdmission function:deleteEnvVar function:generateNewGitpodToken function:getDefaultWorkspaceImage function:getGitpodTokenScopes function:getIDToken function:getLoggedInUser function:getOpenPorts function:getSupportedWorkspaceClasses function:getTeams function:getToken function:getWorkspace function:getWorkspaceEnvVars function:getWorkspaceOwner function:getWorkspaceTimeout function:getWorkspaceUsers function:guessGitTokenScopes function:isWorkspaceOwner function:openPort function:sendHeartBeat function:setEnvVar function:setWorkspaceTimeout function:stopWorkspace function:takeSnapshot function:trackEvent function:updateGitStatus function:waitForSnapshot resource:contentBlob::*::create/get resource:envVar::*/*::update resource:envVar::freeCodeCamp/boilerplate-project-urlshortener::create/get/update/delete resource:gitpodToken::*::create resource:snapshot::ws-freecodecam-boilerplate-9zpq6oi6qv1::create resource:token::*::get resource:userStorage::*::create/get/update resource:workspace::freecodecam-boilerplate-9zpq6oi6qv1::get/update resource:workspaceInstance::3a082150-14b3-49eb-ba53-52ddebdd43ce::get/update/delete
2024-09-24 16:49:18.309 [info] Got 1 verified sessions.
2024-09-24 16:49:18.309 [info] Got 1 sessions for all scopes...
2024-09-24 16:49:18.309 [info] Got 1 sessions for function:accessCodeSyncStorage...
2024-09-24 16:49:18.463 [info] Got 1 GitHub sessions for all scopes...
2024-09-24 16:49:18.690 [info] Getting sessions for all scopes...
2024-09-24 16:49:18.690 [info] Got 1 sessions for all scopes...
2024-09-24 16:49:18.692 [info] Getting GitHub sessions for all scopes...
2024-09-24 16:49:18.692 [info] Got 1 GitHub sessions for all scopes...
2024-09-24 16:49:18.692 [info] Getting GitHub sessions for read:user,repo,user:email,workflow...
2024-09-24 16:49:18.693 [info] Got 0 GitHub sessions for read:user,repo,user:email,workflow...
2024-09-24 16:49:18.895 [info] Getting GitHub sessions for project,read:org,read:user,repo,user:email,workflow...
2024-09-24 16:49:18.895 [info] Got 0 GitHub sessions for project,read:org,read:user,repo,user:email,workflow...
2024-09-24 16:49:19.026 [info] Getting GitHub sessions for read:user,repo,user:email,workflow...
2024-09-24 16:49:19.026 [info] Got 0 GitHub sessions for read:user,repo,user:email,workflow...
2024-09-24 16:49:19.127 [info] Getting GitHub sessions for read:user,repo,user:email...
2024-09-24 16:49:19.127 [info] Got 0 GitHub sessions for read:user,repo,user:email...
2024-09-24 16:49:19.236 [info] Getting GitHub sessions for read:user,repo,user:email,workflow...
2024-09-24 16:49:19.236 [info] Got 0 GitHub sessions for read:user,repo,user:email,workflow...
2024-09-24 19:29:44.579 [error] cannot maintain connection to supervisor 13 INTERNAL: closed
2024-09-24 19:29:45.580 [error] cannot maintain connection to supervisor 13 INTERNAL: closed
2024-09-24 19:29:46.583 [error] cannot maintain connection to supervisor 13 INTERNAL: closed
2024-09-24 19:29:47.584 [error] cannot maintain connection to supervisor 13 INTERNAL: closed
2024-09-24 19:29:48.586 [error] cannot maintain connection to supervisor 13 INTERNAL: closed
2024-09-24 19:29:49.588 [error] cannot maintain connection to supervisor 13 INTERNAL: closed
2024-09-24 19:29:50.590 [error] cannot maintain connection to supervisor 13 INTERNAL: closed
2024-09-24 19:29:51.592 [error] cannot maintain connection to supervisor 13 INTERNAL: closed
2024-09-24 19:29:52.593 [error] cannot maintain connection to supervisor 13 INTERNAL: closed
2024-09-24 19:29:53.595 [error] cannot maintain connection to supervisor 13 INTERNAL: closed
2024-09-24 19:29:54.597 [error] cannot maintain connection to supervisor 13 INTERNAL: closed
2024-09-24 19:29:55.599 [error] cannot maintain connection to supervisor 13 INTERNAL: closed
2024-09-24 19:29:56.601 [error] cannot maintain connection to supervisor 13 INTERNAL: closed
2024-09-24 19:29:57.603 [error] cannot maintain connection to supervisor 13 INTERNAL: closed
