2024-10-28 18:57:15.081 [info] Log level: Info
2024-10-28 18:57:15.081 [info] VSCODE_MACHINE_ID: 548b41ca-8ecb-41b0-8ad5-1ba477d031a3
2024-10-28 18:57:15.081 [info] VSCODE_SESSION_ID: 2d363d2e-c5fb-49c1-a8f7-47220717151f1730141831595
2024-10-28 18:57:15.081 [info] VSCODE_VERSION: 1.94.2
2024-10-28 18:57:15.081 [info] VSCODE_APP_NAME: Gitpod Code
2024-10-28 18:57:15.081 [info] VSCODE_APP_HOST: Gitpod
2024-10-28 18:57:15.081 [info] VSCODE_UI_KIND: web
2024-10-28 18:57:15.081 [info] GITPOD_WORKSPACE_CONTEXT_URL: https://github.com/freecodecamp/boilerplate-project-sudoku-solver
2024-10-28 18:57:15.081 [info] GITPOD_INSTANCE_ID: be7b6aba-054a-4b72-af17-dd3320dca744
2024-10-28 18:57:15.081 [info] GITPOD_WORKSPACE_URL: https://freecodecam-boilerplate-dzaep3wo8ql.ws-us116.gitpod.io
2024-10-28 18:57:15.081 [info] Gitpod Web 7ff72a2
2024-10-28 18:57:15.081 [info] Reading sessions from keychain...
2024-10-28 18:57:15.575 [info] Getting sessions for all scopes...
2024-10-28 18:57:15.575 [info] Getting sessions for all scopes...
2024-10-28 18:57:15.575 [info] Getting GitHub sessions for all scopes...
2024-10-28 18:57:15.575 [info] Getting sessions for function:accessCodeSyncStorage...
2024-10-28 18:57:15.575 [info] Got 1 GitHub sessions for all scopes...
2024-10-28 18:57:15.576 [info] Got stored sessions!
2024-10-28 18:57:15.576 [info] Verified session with the following scopes: function:accessCodeSyncStorage function:closePort function:controlAdmission function:deleteEnvVar function:generateNewGitpodToken function:getDefaultWorkspaceImage function:getGitpodTokenScopes function:getIDToken function:getLoggedInUser function:getOpenPorts function:getSupportedWorkspaceClasses function:getTeams function:getToken function:getWorkspace function:getWorkspaceEnvVars function:getWorkspaceOwner function:getWorkspaceTimeout function:getWorkspaceUsers function:guessGitTokenScopes function:isWorkspaceOwner function:openPort function:sendHeartBeat function:setEnvVar function:setWorkspaceTimeout function:stopWorkspace function:takeSnapshot function:trackEvent function:updateGitStatus function:waitForSnapshot resource:contentBlob::*::create/get resource:envVar::*/**::update resource:envVar::*/*::update resource:envVar::freeCodeCamp/boilerplate-project-sudoku-solver::create/get/update/delete resource:gitpodToken::*::create resource:snapshot::ws-freecodecam-boilerplate-dzaep3wo8ql::create resource:token::*::get resource:userStorage::*::create/get/update resource:workspace::freecodecam-boilerplate-dzaep3wo8ql::get/update resource:workspaceInstance::be7b6aba-054a-4b72-af17-dd3320dca744::get/update/delete
2024-10-28 18:57:15.579 [info] Got 1 verified sessions.
2024-10-28 18:57:15.579 [info] Got 1 sessions for all scopes...
2024-10-28 18:57:15.579 [info] Got 1 sessions for all scopes...
2024-10-28 18:57:15.579 [info] Got 1 sessions for function:accessCodeSyncStorage...
2024-10-28 18:57:15.992 [info] Getting GitHub sessions for all scopes...
2024-10-28 18:57:15.992 [info] Getting GitHub sessions for all scopes...
2024-10-28 18:57:15.992 [info] Getting sessions for all scopes...
2024-10-28 18:57:15.992 [info] Got 1 GitHub sessions for all scopes...
2024-10-28 18:57:15.992 [info] Got 1 GitHub sessions for all scopes...
2024-10-28 18:57:15.992 [info] Got 1 sessions for all scopes...
2024-10-28 18:57:16.087 [info] Getting GitHub sessions for read:user,repo,user:email,workflow...
2024-10-28 18:57:16.088 [info] Got 0 GitHub sessions for read:user,repo,user:email,workflow...
2024-10-28 18:57:16.191 [info] Getting GitHub sessions for project,read:org,read:user,repo,user:email,workflow...
2024-10-28 18:57:16.191 [info] Got 0 GitHub sessions for project,read:org,read:user,repo,user:email,workflow...
2024-10-28 18:57:16.299 [info] Getting GitHub sessions for read:user,repo,user:email,workflow...
2024-10-28 18:57:16.299 [info] Got 0 GitHub sessions for read:user,repo,user:email,workflow...
2024-10-28 18:57:16.429 [info] Getting sessions for all scopes...
2024-10-28 18:57:16.429 [info] Getting GitHub sessions for all scopes...
2024-10-28 18:57:16.438 [info] Got 1 sessions for all scopes...
2024-10-28 18:57:16.438 [info] Got 1 GitHub sessions for all scopes...
2024-10-28 18:57:16.489 [info] Getting GitHub sessions for read:user,repo,user:email...
2024-10-28 18:57:16.489 [info] Got 0 GitHub sessions for read:user,repo,user:email...
2024-10-28 18:57:16.597 [info] Getting GitHub sessions for read:user,repo,user:email,workflow...
2024-10-28 18:57:16.597 [info] Got 0 GitHub sessions for read:user,repo,user:email,workflow...
2024-10-28 23:26:54.071 [error] cannot maintain connection to supervisor 13 INTERNAL: closed
2024-10-28 23:26:55.073 [error] cannot maintain connection to supervisor 13 INTERNAL: closed
2024-10-28 23:26:56.075 [error] cannot maintain connection to supervisor 13 INTERNAL: closed
2024-10-28 23:26:57.078 [error] cannot maintain connection to supervisor 13 INTERNAL: closed
2024-10-28 23:26:58.079 [error] cannot maintain connection to supervisor 13 INTERNAL: closed
2024-10-28 23:26:59.082 [error] cannot maintain connection to supervisor 13 INTERNAL: closed
2024-10-28 23:27:00.083 [error] cannot maintain connection to supervisor 13 INTERNAL: closed
2024-10-28 23:27:01.085 [error] cannot maintain connection to supervisor 13 INTERNAL: closed
2024-10-28 23:27:02.086 [error] cannot maintain connection to supervisor 13 INTERNAL: closed
2024-10-28 23:27:03.088 [error] cannot maintain connection to supervisor 13 INTERNAL: closed
2024-10-28 23:27:04.090 [error] cannot maintain connection to supervisor 13 INTERNAL: closed
2024-10-28 23:27:05.091 [error] cannot maintain connection to supervisor 13 INTERNAL: closed
2024-10-28 23:27:06.092 [error] cannot maintain connection to supervisor 13 INTERNAL: closed
2024-10-28 23:27:07.094 [error] cannot maintain connection to supervisor 13 INTERNAL: closed
