2024-10-03 16:28:48.345 [info] Extension host with pid 125 started
2024-10-03 16:28:48.345 [error] Error: EEXIST: file already exists, open '/workspace/.vscode-remote/data/User/workspaceStorage/58f7b1c7/vscode.lock'
2024-10-03 16:28:48.349 [info] Lock '/workspace/.vscode-remote/data/User/workspaceStorage/58f7b1c7/vscode.lock': Could not acquire lock, checking if the file is stale.
2024-10-03 16:28:48.353 [info] Lock '/workspace/.vscode-remote/data/User/workspaceStorage/58f7b1c7/vscode.lock': The pid 121 appears to be gone.
2024-10-03 16:28:48.354 [info] Lock '/workspace/.vscode-remote/data/User/workspaceStorage/58f7b1c7/vscode.lock': Deleting a stale lock.
2024-10-03 16:28:48.364 [info] Lock '/workspace/.vscode-remote/data/User/workspaceStorage/58f7b1c7/vscode.lock': Lock acquired.
2024-10-03 16:28:48.454 [info] ExtensionService#_doActivateExtension vscode.simple-browser, startup: false, activationEvent: 'onWebviewPanel:simpleBrowser.view'
2024-10-03 16:28:48.456 [info] ExtensionService#_doActivateExtension vscode.emmet, startup: false, activationEvent: 'onLanguage'
2024-10-03 16:28:48.456 [info] ExtensionService#_doActivateExtension vscode.typescript-language-features, startup: false, activationEvent: 'onLanguage:javascript'
2024-10-03 16:28:48.697 [info] ExtensionService#_doActivateExtension vscode.git-base, startup: true, activationEvent: '*', root cause: vscode.git
2024-10-03 16:28:48.697 [info] ExtensionService#_doActivateExtension gitpod.gitpod-web, startup: true, activationEvent: '*'
2024-10-03 16:28:48.848 [info] ExtensionService#_doActivateExtension vscode.npm, startup: true, activationEvent: 'workspaceContains:package.json'
2024-10-03 16:28:48.992 [info] ExtensionService#_doActivateExtension vscode.git, startup: true, activationEvent: '*'
2024-10-03 16:28:48.992 [info] ExtensionService#_doActivateExtension vscode.github, startup: true, activationEvent: '*'
2024-10-03 16:28:49.929 [info] Eager extensions activated
2024-10-03 16:28:49.929 [info] ExtensionService#_doActivateExtension vscode.debug-auto-launch, startup: false, activationEvent: 'onStartupFinished'
2024-10-03 16:28:49.930 [info] ExtensionService#_doActivateExtension vscode.merge-conflict, startup: false, activationEvent: 'onStartupFinished'
2024-10-03 16:28:49.930 [info] ExtensionService#_doActivateExtension vscode.github-authentication, startup: false, activationEvent: 'onStartupFinished', root cause: GitHub.vscode-pull-request-github
2024-10-03 16:28:50.296 [info] ExtensionService#_doActivateExtension GitHub.vscode-pull-request-github, startup: false, activationEvent: 'onStartupFinished'
2024-10-03 16:28:50.511 [info] ExtensionService#_doActivateExtension redhat.vscode-yaml, startup: false, activationEvent: 'onLanguage:yaml'
2024-10-03 16:28:51.100 [warning] [redhat.vscode-yaml] Accessing a resource scoped configuration without providing a resource is not expected. To get the effective value for '[yaml]', provide the URI of a resource or 'null' for any resource.
2024-10-03 16:28:51.102 [warning] [redhat.vscode-yaml] Accessing a resource scoped configuration without providing a resource is not expected. To get the effective value for '[yaml]', provide the URI of a resource or 'null' for any resource.
2024-10-03 16:28:51.774 [warning] [redhat.vscode-yaml] Accessing a resource scoped configuration without providing a resource is not expected. To get the effective value for '[yaml]', provide the URI of a resource or 'null' for any resource.
2024-10-03 16:28:54.626 [info] ExtensionService#_doActivateExtension vscode.configuration-editing, startup: false, activationEvent: 'onLanguage:json'
2024-10-03 16:28:54.626 [info] ExtensionService#_doActivateExtension vscode.extension-editing, startup: false, activationEvent: 'onLanguage:json'
2024-10-03 16:28:54.626 [info] ExtensionService#_doActivateExtension vscode.json-language-features, startup: false, activationEvent: 'onLanguage:json'
2024-10-03 17:56:49.824 [info] ExtensionService#_doActivateExtension vscode.html-language-features, startup: false, activationEvent: 'onLanguage:html'
