2024-10-25 17:05:47.974 [info] Extension host with pid 132 started
2024-10-25 17:05:47.974 [error] Error: EEXIST: file already exists, open '/workspace/.vscode-remote/data/User/workspaceStorage/-153fa119/vscode.lock'
2024-10-25 17:05:47.976 [info] Lock '/workspace/.vscode-remote/data/User/workspaceStorage/-153fa119/vscode.lock': Could not acquire lock, checking if the file is stale.
2024-10-25 17:05:47.977 [info] Lock '/workspace/.vscode-remote/data/User/workspaceStorage/-153fa119/vscode.lock': The lock looks stale, waiting for 2s.
2024-10-25 17:05:48.124 [info] ExtensionService#_doActivateExtension vscode.emmet, startup: false, activationEvent: 'onLanguage'
2024-10-25 17:05:48.125 [info] ExtensionService#_doActivateExtension vscode.typescript-language-features, startup: false, activationEvent: 'onLanguage:javascript'
2024-10-25 17:05:48.125 [info] ExtensionService#_doActivateExtension vscode.simple-browser, startup: false, activationEvent: 'onWebviewPanel:simpleBrowser.view'
2024-10-25 17:05:49.127 [info] ExtensionService#_doActivateExtension vscode.git-base, startup: true, activationEvent: '*', root cause: vscode.git
2024-10-25 17:05:49.128 [info] ExtensionService#_doActivateExtension gitpod.gitpod-web, startup: true, activationEvent: '*'
2024-10-25 17:05:49.254 [info] ExtensionService#_doActivateExtension vscode.npm, startup: true, activationEvent: 'workspaceContains:package.json'
2024-10-25 17:05:49.977 [info] Lock '/workspace/.vscode-remote/data/User/workspaceStorage/-153fa119/vscode.lock': The lock looks stale even after waiting for 2s.
2024-10-25 17:05:49.977 [info] Lock '/workspace/.vscode-remote/data/User/workspaceStorage/-153fa119/vscode.lock': Deleting a stale lock.
2024-10-25 17:05:49.979 [info] Lock '/workspace/.vscode-remote/data/User/workspaceStorage/-153fa119/vscode.lock': Lock acquired.
2024-10-25 17:05:50.109 [info] ExtensionService#_doActivateExtension vscode.git, startup: true, activationEvent: '*'
2024-10-25 17:05:50.109 [info] ExtensionService#_doActivateExtension vscode.github, startup: true, activationEvent: '*'
2024-10-25 17:05:50.395 [info] Eager extensions activated
2024-10-25 17:05:50.395 [info] ExtensionService#_doActivateExtension vscode.debug-auto-launch, startup: false, activationEvent: 'onStartupFinished'
2024-10-25 17:05:50.395 [info] ExtensionService#_doActivateExtension vscode.merge-conflict, startup: false, activationEvent: 'onStartupFinished'
2024-10-25 17:05:50.396 [info] ExtensionService#_doActivateExtension vscode.github-authentication, startup: false, activationEvent: 'onStartupFinished', root cause: GitHub.vscode-pull-request-github
2024-10-25 17:05:51.038 [info] ExtensionService#_doActivateExtension GitHub.vscode-pull-request-github, startup: false, activationEvent: 'onStartupFinished'
2024-10-25 17:05:51.340 [info] ExtensionService#_doActivateExtension redhat.vscode-yaml, startup: false, activationEvent: 'onLanguage:yaml'
2024-10-25 17:05:51.940 [warning] [redhat.vscode-yaml] Accessing a resource scoped configuration without providing a resource is not expected. To get the effective value for '[yaml]', provide the URI of a resource or 'null' for any resource.
2024-10-25 17:05:51.941 [warning] [redhat.vscode-yaml] Accessing a resource scoped configuration without providing a resource is not expected. To get the effective value for '[yaml]', provide the URI of a resource or 'null' for any resource.
2024-10-25 17:05:55.939 [info] ExtensionService#_doActivateExtension vscode.configuration-editing, startup: false, activationEvent: 'onLanguage:json'
2024-10-25 17:05:55.940 [info] ExtensionService#_doActivateExtension vscode.extension-editing, startup: false, activationEvent: 'onLanguage:json'
2024-10-25 17:05:55.940 [info] ExtensionService#_doActivateExtension vscode.json-language-features, startup: false, activationEvent: 'onLanguage:json'
