2024-10-04 17:24:33.640 [info] Log level: Info
2024-10-04 17:24:33.840 [info] VSCODE_MACHINE_ID: 86ef5178-1edc-435f-9cbf-388e34797139
2024-10-04 17:24:33.840 [info] VSCODE_SESSION_ID: ae07edd7-a693-45cc-a353-7767505444a61728062671182
2024-10-04 17:24:33.840 [info] VSCODE_VERSION: 1.93.1
2024-10-04 17:24:33.840 [info] VSCODE_APP_NAME: Gitpod Code
2024-10-04 17:24:33.840 [info] VSCODE_APP_HOST: Gitpod
2024-10-04 17:24:33.840 [info] VSCODE_UI_KIND: web
2024-10-04 17:24:33.840 [info] GITPOD_WORKSPACE_CONTEXT_URL: https://github.com/freeCodeCamp/boilerplate-project-exercisetracker/
2024-10-04 17:24:33.840 [info] GITPOD_INSTANCE_ID: 3c0e73cc-f1ac-4491-a4ee-ffef500a8e8e
2024-10-04 17:24:33.840 [info] GITPOD_WORKSPACE_URL: https://freecodecam-boilerplate-04rxr268f3n.ws-us116.gitpod.io
2024-10-04 17:24:33.846 [info] Gitpod Web 7ff72a2
2024-10-04 17:24:33.846 [info] Reading sessions from keychain...
2024-10-04 17:24:34.270 [info] Getting sessions for all scopes...
2024-10-04 17:24:34.270 [info] Getting GitHub sessions for all scopes...
2024-10-04 17:24:34.270 [info] Getting sessions for function:accessCodeSyncStorage...
2024-10-04 17:24:34.271 [info] Got stored sessions!
2024-10-04 17:24:34.271 [info] Verified session with the following scopes: function:accessCodeSyncStorage function:closePort function:controlAdmission function:deleteEnvVar function:generateNewGitpodToken function:getDefaultWorkspaceImage function:getGitpodTokenScopes function:getIDToken function:getLoggedInUser function:getOpenPorts function:getSupportedWorkspaceClasses function:getTeams function:getToken function:getWorkspace function:getWorkspaceEnvVars function:getWorkspaceOwner function:getWorkspaceTimeout function:getWorkspaceUsers function:guessGitTokenScopes function:isWorkspaceOwner function:openPort function:sendHeartBeat function:setEnvVar function:setWorkspaceTimeout function:stopWorkspace function:takeSnapshot function:trackEvent function:updateGitStatus function:waitForSnapshot resource:contentBlob::*::create/get resource:envVar::*/*::update resource:envVar::freeCodeCamp/boilerplate-project-exercisetracker::create/get/update/delete resource:gitpodToken::*::create resource:snapshot::ws-freecodecam-boilerplate-04rxr268f3n::create resource:token::*::get resource:userStorage::*::create/get/update resource:workspace::freecodecam-boilerplate-04rxr268f3n::get/update resource:workspaceInstance::3c0e73cc-f1ac-4491-a4ee-ffef500a8e8e::get/update/delete
2024-10-04 17:24:34.275 [info] Got 1 verified sessions.
2024-10-04 17:24:34.275 [info] Got 1 sessions for all scopes...
2024-10-04 17:24:34.275 [info] Got 1 sessions for function:accessCodeSyncStorage...
2024-10-04 17:24:34.439 [info] Got 1 GitHub sessions for all scopes...
2024-10-04 17:24:34.620 [info] Getting sessions for all scopes...
2024-10-04 17:24:34.621 [info] Got 1 sessions for all scopes...
2024-10-04 17:24:34.623 [info] Getting GitHub sessions for all scopes...
2024-10-04 17:24:34.623 [info] Got 1 GitHub sessions for all scopes...
2024-10-04 17:24:34.626 [info] Getting GitHub sessions for read:user,repo,user:email,workflow...
2024-10-04 17:24:34.626 [info] Got 0 GitHub sessions for read:user,repo,user:email,workflow...
2024-10-04 17:24:34.802 [info] Getting GitHub sessions for project,read:org,read:user,repo,user:email,workflow...
2024-10-04 17:24:34.803 [info] Got 0 GitHub sessions for project,read:org,read:user,repo,user:email,workflow...
2024-10-04 17:24:34.930 [info] Getting GitHub sessions for read:user,repo,user:email,workflow...
2024-10-04 17:24:34.930 [info] Got 0 GitHub sessions for read:user,repo,user:email,workflow...
2024-10-04 17:24:35.040 [info] Getting GitHub sessions for read:user,repo,user:email...
2024-10-04 17:24:35.040 [info] Got 0 GitHub sessions for read:user,repo,user:email...
2024-10-04 17:24:35.158 [info] Getting GitHub sessions for read:user,repo,user:email,workflow...
2024-10-04 17:24:35.158 [info] Got 0 GitHub sessions for read:user,repo,user:email,workflow...
2024-10-04 23:24:42.184 [error] cannot maintain connection to supervisor 13 INTERNAL: closed
2024-10-04 23:24:43.185 [error] cannot maintain connection to supervisor 13 INTERNAL: closed
2024-10-04 23:24:44.187 [error] cannot maintain connection to supervisor 13 INTERNAL: closed
2024-10-04 23:24:45.190 [error] cannot maintain connection to supervisor 13 INTERNAL: closed
2024-10-04 23:24:46.192 [error] cannot maintain connection to supervisor 13 INTERNAL: closed
2024-10-04 23:24:47.194 [error] cannot maintain connection to supervisor 13 INTERNAL: closed
2024-10-04 23:24:48.197 [error] cannot maintain connection to supervisor 13 INTERNAL: closed
2024-10-04 23:24:49.199 [error] cannot maintain connection to supervisor 13 INTERNAL: closed
2024-10-04 23:24:50.201 [error] cannot maintain connection to supervisor 13 INTERNAL: closed
2024-10-04 23:24:51.206 [error] cannot maintain connection to supervisor 13 INTERNAL: closed
2024-10-04 23:24:52.210 [error] cannot maintain connection to supervisor 13 INTERNAL: closed
2024-10-04 23:24:53.218 [error] cannot maintain connection to supervisor 13 INTERNAL: closed
2024-10-04 23:24:54.223 [error] cannot maintain connection to supervisor 13 INTERNAL: closed
2024-10-04 23:24:55.230 [error] cannot maintain connection to supervisor 13 INTERNAL: closed
