2024-10-15 21:45:52.292 [info] [main] Log level: Info
2024-10-15 21:45:52.296 [info] [main] Validating found git in: "git"
2024-10-15 21:45:52.296 [info] [main] Using git "2.46.0" from "git"
2024-10-15 21:45:52.296 [info] [Model][doInitialScan] Initial repository scan started
2024-10-15 21:45:52.296 [info] > git rev-parse --show-toplevel [50ms]
2024-10-15 21:45:52.296 [info] > git rev-parse --git-dir --git-common-dir [8ms]
2024-10-15 21:45:52.296 [info] [Model][openRepository] Opened repository: /workspace/boilerplate-project-issuetracker
2024-10-15 21:45:52.296 [info] > git rev-parse --show-toplevel [23ms]
2024-10-15 21:45:52.296 [info] > git config --get commit.template [33ms]
2024-10-15 21:45:52.296 [info] > git rev-parse --show-toplevel [9ms]
2024-10-15 21:45:52.296 [info] > git for-each-ref --format=%(refname)%00%(upstream:short)%00%(objectname)%00%(upstream:track)%00%(upstream:remotename)%00%(upstream:remoteref) refs/heads/main refs/remotes/main [9ms]
2024-10-15 21:45:52.296 [warning] [Git][revParse] Unable to read file: ENOENT: no such file or directory, open '/workspace/boilerplate-project-issuetracker/.git/refs/remotes/origin/main'
2024-10-15 21:45:52.296 [info] > git rev-parse --show-toplevel [7ms]
2024-10-15 21:45:52.296 [info] > git rev-parse refs/remotes/origin/main [11ms]
2024-10-15 21:45:52.296 [info] > git status -z -uall [10ms]
2024-10-15 21:45:52.296 [info] > git rev-parse --show-toplevel [18ms]
2024-10-15 21:45:52.296 [info] [Model][doInitialScan] Initial repository scan completed - repositories (1), closed repositories (0), parent repositories (0), unsafe repositories (0)
2024-10-15 21:45:52.296 [info] > git for-each-ref --sort -committerdate --format %(refname) %(objectname) %(*objectname) [54ms]
2024-10-15 21:45:52.296 [info] > git for-each-ref --format=%(refname)%00%(upstream:short)%00%(objectname)%00%(upstream:track)%00%(upstream:remotename)%00%(upstream:remoteref) refs/heads/main refs/remotes/main [10ms]
2024-10-15 21:45:52.296 [info] > git config --get commit.template [85ms]
2024-10-15 21:45:52.296 [info] > git config --local branch.main.vscode-merge-base [90ms]
2024-10-15 21:45:52.296 [info] > git for-each-ref --format=%(refname)%00%(upstream:short)%00%(objectname)%00%(upstream:track)%00%(upstream:remotename)%00%(upstream:remoteref) refs/heads/main refs/remotes/main [15ms]
2024-10-15 21:45:52.296 [info] > git for-each-ref --format=%(refname)%00%(upstream:short)%00%(objectname)%00%(upstream:track)%00%(upstream:remotename)%00%(upstream:remoteref) refs/heads/origin/main refs/remotes/origin/main [22ms]
2024-10-15 21:45:52.296 [warning] [Git][revParse] Unable to read file: ENOENT: no such file or directory, open '/workspace/boilerplate-project-issuetracker/.git/refs/remotes/origin/main'
2024-10-15 21:45:52.296 [info] > git merge-base refs/heads/main refs/remotes/origin/main [169ms]
2024-10-15 21:45:52.296 [info] > git rev-parse refs/remotes/origin/main [121ms]
2024-10-15 21:45:52.296 [info] > git status -z -uall [13ms]
2024-10-15 21:45:52.296 [info] > git diff --name-status -z --diff-filter=ADMR 61f8902cff227aee224fa59d9497e9b9db08c5da...refs/remotes/origin/main [20ms]
2024-10-15 21:45:52.296 [info] > git for-each-ref --sort -committerdate --format %(refname) %(objectname) %(*objectname) [13ms]
2024-10-15 21:45:52.746 [info] > git show --textconv :server.js [6ms]
2024-10-15 21:45:52.747 [info] > git ls-files --stage -- /workspace/boilerplate-project-issuetracker/server.js [3ms]
2024-10-15 21:45:52.753 [info] > git cat-file -s 7d63e9fc11eeba9d2002b61cd055f1408b4a9571 [3ms]
2024-10-15 21:45:52.807 [info] > git check-ignore -v -z --stdin [3ms]
2024-10-15 21:45:53.276 [info] > git config --local branch.main.github-pr-owner-number [11ms]
2024-10-15 21:45:53.276 [warning] [Git][config] git config failed: Failed to execute git
2024-10-15 21:45:53.327 [info] > git config --get commit.template [5ms]
2024-10-15 21:45:53.333 [info] > git for-each-ref --format=%(refname)%00%(upstream:short)%00%(objectname)%00%(upstream:track)%00%(upstream:remotename)%00%(upstream:remoteref) refs/heads/main refs/remotes/main [2ms]
2024-10-15 21:45:53.339 [warning] [Git][revParse] Unable to read file: ENOENT: no such file or directory, open '/workspace/boilerplate-project-issuetracker/.git/refs/remotes/origin/main'
2024-10-15 21:45:53.341 [info] > git rev-parse refs/remotes/origin/main [2ms]
2024-10-15 21:45:53.352 [info] > git status -z -uall [7ms]
2024-10-15 21:45:53.355 [info] > git for-each-ref --sort -committerdate --format %(refname) %(objectname) %(*objectname) [3ms]
2024-10-15 21:45:53.455 [info] > git ls-files --stage -- /workspace/boilerplate-project-issuetracker/server.js [2ms]
2024-10-15 21:45:53.462 [info] > git cat-file -s 7d63e9fc11eeba9d2002b61cd055f1408b4a9571 [2ms]
2024-10-15 21:45:53.499 [info] > git show --textconv :server.js [3ms]
2024-10-15 21:46:03.636 [info] > git show --textconv :views/index.html [7ms]
2024-10-15 21:46:03.637 [info] > git ls-files --stage -- /workspace/boilerplate-project-issuetracker/views/index.html [3ms]
2024-10-15 21:46:03.647 [info] > git cat-file -s 9310b4328038ffdb7d5d03d708c095f580136e63 [1ms]
2024-10-15 21:57:11.605 [info] > git show --textconv :package.json [17ms]
2024-10-15 21:57:11.606 [info] > git ls-files --stage -- /workspace/boilerplate-project-issuetracker/package.json [13ms]
2024-10-15 21:57:11.661 [info] > git cat-file -s 2bcbb10594e68bcefeb76d1f56ca1ec215654271 [50ms]
2024-10-15 21:58:18.128 [info] > git config --get commit.template [1ms]
2024-10-15 21:58:18.138 [info] > git for-each-ref --format=%(refname)%00%(upstream:short)%00%(objectname)%00%(upstream:track)%00%(upstream:remotename)%00%(upstream:remoteref) refs/heads/main refs/remotes/main [4ms]
2024-10-15 21:58:18.146 [warning] [Git][revParse] Unable to read file: ENOENT: no such file or directory, open '/workspace/boilerplate-project-issuetracker/.git/refs/remotes/origin/main'
2024-10-15 21:58:18.149 [info] > git rev-parse refs/remotes/origin/main [3ms]
2024-10-15 21:58:18.166 [info] > git status -z -uall [9ms]
2024-10-15 21:58:18.168 [info] > git for-each-ref --sort -committerdate --format %(refname) %(objectname) %(*objectname) [4ms]
2024-10-15 21:58:30.502 [info] > git show --textconv :sample.env [8ms]
2024-10-15 21:58:30.504 [info] > git ls-files --stage -- /workspace/boilerplate-project-issuetracker/sample.env [3ms]
2024-10-15 21:58:30.513 [info] > git cat-file -s 0c4292903ed1b125398eb88501007c8fb37a48aa [4ms]
2024-10-15 21:58:45.273 [info] > git show --textconv :.env [6ms]
2024-10-15 21:58:45.275 [info] > git ls-files --stage -- /workspace/boilerplate-project-issuetracker/.env [3ms]
2024-10-15 21:58:45.505 [info] > git check-ignore -v -z --stdin [2ms]
2024-10-15 21:58:46.016 [info] > git config --get commit.template [10ms]
2024-10-15 21:58:46.017 [info] > git for-each-ref --format=%(refname)%00%(upstream:short)%00%(objectname)%00%(upstream:track)%00%(upstream:remotename)%00%(upstream:remoteref) refs/heads/main refs/remotes/main [4ms]
2024-10-15 21:58:46.023 [warning] [Git][revParse] Unable to read file: ENOENT: no such file or directory, open '/workspace/boilerplate-project-issuetracker/.git/refs/remotes/origin/main'
2024-10-15 21:58:46.027 [info] > git rev-parse refs/remotes/origin/main [3ms]
2024-10-15 21:58:46.042 [info] > git status -z -uall [9ms]
2024-10-15 21:58:46.045 [info] > git for-each-ref --sort -committerdate --format %(refname) %(objectname) %(*objectname) [4ms]
2024-10-15 21:58:51.652 [info] > git config --get commit.template [5ms]
2024-10-15 21:58:51.654 [info] > git for-each-ref --format=%(refname)%00%(upstream:short)%00%(objectname)%00%(upstream:track)%00%(upstream:remotename)%00%(upstream:remoteref) refs/heads/main refs/remotes/main [3ms]
2024-10-15 21:58:51.660 [warning] [Git][revParse] Unable to read file: ENOENT: no such file or directory, open '/workspace/boilerplate-project-issuetracker/.git/refs/remotes/origin/main'
2024-10-15 21:58:51.662 [info] > git rev-parse refs/remotes/origin/main [2ms]
2024-10-15 21:58:51.675 [info] > git status -z -uall [7ms]
2024-10-15 21:58:51.676 [info] > git for-each-ref --sort -committerdate --format %(refname) %(objectname) %(*objectname) [2ms]
2024-10-15 21:59:06.358 [info] > git config --get commit.template [7ms]
2024-10-15 21:59:06.360 [info] > git for-each-ref --format=%(refname)%00%(upstream:short)%00%(objectname)%00%(upstream:track)%00%(upstream:remotename)%00%(upstream:remoteref) refs/heads/main refs/remotes/main [3ms]
2024-10-15 21:59:06.365 [warning] [Git][revParse] Unable to read file: ENOENT: no such file or directory, open '/workspace/boilerplate-project-issuetracker/.git/refs/remotes/origin/main'
2024-10-15 21:59:06.367 [info] > git rev-parse refs/remotes/origin/main [2ms]
2024-10-15 21:59:06.378 [info] > git status -z -uall [5ms]
2024-10-15 21:59:06.383 [info] > git for-each-ref --sort -committerdate --format %(refname) %(objectname) %(*objectname) [5ms]
2024-10-15 22:01:32.146 [info] > git config --get commit.template [6ms]
2024-10-15 22:01:32.148 [info] > git for-each-ref --format=%(refname)%00%(upstream:short)%00%(objectname)%00%(upstream:track)%00%(upstream:remotename)%00%(upstream:remoteref) refs/heads/main refs/remotes/main [3ms]
2024-10-15 22:01:32.153 [warning] [Git][revParse] Unable to read file: ENOENT: no such file or directory, open '/workspace/boilerplate-project-issuetracker/.git/refs/remotes/origin/main'
2024-10-15 22:01:32.156 [info] > git rev-parse refs/remotes/origin/main [2ms]
2024-10-15 22:01:32.167 [info] > git status -z -uall [7ms]
2024-10-15 22:01:32.168 [info] > git for-each-ref --sort -committerdate --format %(refname) %(objectname) %(*objectname) [3ms]
2024-10-15 22:01:37.182 [info] > git config --get commit.template [6ms]
2024-10-15 22:01:37.184 [info] > git for-each-ref --format=%(refname)%00%(upstream:short)%00%(objectname)%00%(upstream:track)%00%(upstream:remotename)%00%(upstream:remoteref) refs/heads/main refs/remotes/main [3ms]
2024-10-15 22:01:37.188 [warning] [Git][revParse] Unable to read file: ENOENT: no such file or directory, open '/workspace/boilerplate-project-issuetracker/.git/refs/remotes/origin/main'
2024-10-15 22:01:37.190 [info] > git rev-parse refs/remotes/origin/main [2ms]
2024-10-15 22:01:37.200 [info] > git status -z -uall [6ms]
2024-10-15 22:01:37.202 [info] > git for-each-ref --sort -committerdate --format %(refname) %(objectname) %(*objectname) [3ms]
2024-10-15 22:01:45.989 [info] > git check-ignore -v -z --stdin [2ms]
2024-10-15 22:01:48.758 [info] > git show --textconv :routes/api.js [8ms]
2024-10-15 22:01:48.758 [info] > git ls-files --stage -- /workspace/boilerplate-project-issuetracker/routes/api.js [2ms]
2024-10-15 22:01:48.765 [info] > git cat-file -s f695a3c776262089581810d6138e670ade1ac907 [2ms]
2024-10-15 22:02:02.787 [info] > git check-ignore -v -z --stdin [3ms]
2024-10-15 22:02:07.891 [info] > git show --textconv :views/issue.html [6ms]
2024-10-15 22:02:07.893 [info] > git ls-files --stage -- /workspace/boilerplate-project-issuetracker/views/issue.html [2ms]
2024-10-15 22:02:07.901 [info] > git cat-file -s e1205d6e3612649b9ecb3372c73bd803be4be3d4 [3ms]
2024-10-15 22:02:10.007 [info] > git show --textconv :views/index.html [5ms]
2024-10-15 22:02:10.009 [info] > git ls-files --stage -- /workspace/boilerplate-project-issuetracker/views/index.html [3ms]
2024-10-15 22:02:10.016 [info] > git cat-file -s 9310b4328038ffdb7d5d03d708c095f580136e63 [2ms]
2024-10-15 22:02:11.244 [info] > git show --textconv :views/issue.html [6ms]
2024-10-15 22:02:11.246 [info] > git ls-files --stage -- /workspace/boilerplate-project-issuetracker/views/issue.html [3ms]
2024-10-15 22:02:11.254 [info] > git cat-file -s e1205d6e3612649b9ecb3372c73bd803be4be3d4 [3ms]
2024-10-15 22:02:15.734 [info] > git show --textconv :assertion-analyser.js [7ms]
2024-10-15 22:02:15.735 [info] > git ls-files --stage -- /workspace/boilerplate-project-issuetracker/assertion-analyser.js [2ms]
2024-10-15 22:02:15.743 [info] > git cat-file -s f91e692613165b4cfa14b1152e6800c8c925ec02 [2ms]
2024-10-15 22:04:30.065 [info] > git show --textconv :server.js [7ms]
2024-10-15 22:04:30.067 [info] > git ls-files --stage -- /workspace/boilerplate-project-issuetracker/server.js [3ms]
2024-10-15 22:04:30.074 [info] > git cat-file -s 7d63e9fc11eeba9d2002b61cd055f1408b4a9571 [3ms]
