2024-10-17 16:55:16.666 [info] Log level: Info
2024-10-17 16:55:16.869 [info] VSCODE_MACHINE_ID: fa586c21-28c0-48db-87d9-68dfc8eeba50
2024-10-17 16:55:16.869 [info] VSCODE_SESSION_ID: 9f9d28c0-368f-4a56-8144-5e785688388f1729184114203
2024-10-17 16:55:16.869 [info] VSCODE_VERSION: 1.94.2
2024-10-17 16:55:16.869 [info] VSCODE_APP_NAME: Gitpod Code
2024-10-17 16:55:16.869 [info] VSCODE_APP_HOST: Gitpod
2024-10-17 16:55:16.869 [info] VSCODE_UI_KIND: web
2024-10-17 16:55:16.869 [info] GITPOD_WORKSPACE_CONTEXT_URL: https://github.com/freeCodeCamp/boilerplate-project-issuetracker/
2024-10-17 16:55:16.869 [info] GITPOD_INSTANCE_ID: bc26e586-89bf-4ef6-98bb-00533e665992
2024-10-17 16:55:16.869 [info] GITPOD_WORKSPACE_URL: https://freecodecam-boilerplate-4ja7gu03p4f.ws-us116.gitpod.io
2024-10-17 16:55:16.875 [info] Gitpod Web 7ff72a2
2024-10-17 16:55:16.875 [info] Reading sessions from keychain...
2024-10-17 16:55:17.255 [info] Getting sessions for all scopes...
2024-10-17 16:55:17.255 [info] Getting sessions for all scopes...
2024-10-17 16:55:17.255 [info] Getting GitHub sessions for all scopes...
2024-10-17 16:55:17.255 [info] Getting sessions for function:accessCodeSyncStorage...
2024-10-17 16:55:17.256 [info] Got stored sessions!
2024-10-17 16:55:17.256 [info] Verified session with the following scopes: function:accessCodeSyncStorage function:closePort function:controlAdmission function:deleteEnvVar function:generateNewGitpodToken function:getDefaultWorkspaceImage function:getGitpodTokenScopes function:getIDToken function:getLoggedInUser function:getOpenPorts function:getSupportedWorkspaceClasses function:getTeams function:getToken function:getWorkspace function:getWorkspaceEnvVars function:getWorkspaceOwner function:getWorkspaceTimeout function:getWorkspaceUsers function:guessGitTokenScopes function:isWorkspaceOwner function:openPort function:sendHeartBeat function:setEnvVar function:setWorkspaceTimeout function:stopWorkspace function:takeSnapshot function:trackEvent function:updateGitStatus function:waitForSnapshot resource:contentBlob::*::create/get resource:envVar::*/*::update resource:envVar::freeCodeCamp/boilerplate-project-issuetracker::create/get/update/delete resource:gitpodToken::*::create resource:snapshot::ws-freecodecam-boilerplate-4ja7gu03p4f::create resource:token::*::get resource:userStorage::*::create/get/update resource:workspace::freecodecam-boilerplate-4ja7gu03p4f::get/update resource:workspaceInstance::bc26e586-89bf-4ef6-98bb-00533e665992::get/update/delete
2024-10-17 16:55:17.258 [info] Got 1 verified sessions.
2024-10-17 16:55:17.258 [info] Got 1 sessions for all scopes...
2024-10-17 16:55:17.258 [info] Got 1 sessions for all scopes...
2024-10-17 16:55:17.258 [info] Got 1 sessions for function:accessCodeSyncStorage...
2024-10-17 16:55:17.374 [info] Got 1 GitHub sessions for all scopes...
2024-10-17 16:55:17.570 [info] Getting GitHub sessions for all scopes...
2024-10-17 16:55:17.570 [info] Getting sessions for all scopes...
2024-10-17 16:55:17.577 [info] Got 1 GitHub sessions for all scopes...
2024-10-17 16:55:17.577 [info] Got 1 sessions for all scopes...
2024-10-17 16:55:17.580 [info] Getting GitHub sessions for all scopes...
2024-10-17 16:55:17.580 [info] Got 1 GitHub sessions for all scopes...
2024-10-17 16:55:17.586 [info] Getting GitHub sessions for read:user,repo,user:email,workflow...
2024-10-17 16:55:17.586 [info] Got 0 GitHub sessions for read:user,repo,user:email,workflow...
2024-10-17 16:55:17.756 [info] Getting GitHub sessions for project,read:org,read:user,repo,user:email,workflow...
2024-10-17 16:55:17.756 [info] Got 0 GitHub sessions for project,read:org,read:user,repo,user:email,workflow...
2024-10-17 16:55:17.884 [info] Getting GitHub sessions for read:user,repo,user:email,workflow...
2024-10-17 16:55:17.884 [info] Got 0 GitHub sessions for read:user,repo,user:email,workflow...
2024-10-17 16:55:18.021 [info] Getting GitHub sessions for read:user,repo,user:email...
2024-10-17 16:55:18.021 [info] Got 0 GitHub sessions for read:user,repo,user:email...
2024-10-17 16:55:18.110 [info] Getting GitHub sessions for read:user,repo,user:email,workflow...
2024-10-17 16:55:18.110 [info] Got 0 GitHub sessions for read:user,repo,user:email,workflow...
2024-10-17 16:55:18.910 [info] Getting sessions for all scopes...
2024-10-17 16:55:18.913 [info] Getting GitHub sessions for all scopes...
2024-10-17 16:55:18.918 [info] Got 1 sessions for all scopes...
2024-10-17 16:55:18.918 [info] Got 1 GitHub sessions for all scopes...
2024-10-17 23:19:58.840 [error] cannot maintain connection to supervisor 13 INTERNAL: closed
2024-10-17 23:19:59.841 [error] cannot maintain connection to supervisor 13 INTERNAL: closed
2024-10-17 23:20:00.842 [error] cannot maintain connection to supervisor 13 INTERNAL: closed
2024-10-17 23:20:01.844 [error] cannot maintain connection to supervisor 13 INTERNAL: closed
2024-10-17 23:20:02.845 [error] cannot maintain connection to supervisor 13 INTERNAL: closed
2024-10-17 23:20:03.846 [error] cannot maintain connection to supervisor 13 INTERNAL: closed
2024-10-17 23:20:04.848 [error] cannot maintain connection to supervisor 13 INTERNAL: closed
2024-10-17 23:20:05.849 [error] cannot maintain connection to supervisor 13 INTERNAL: closed
2024-10-17 23:20:06.851 [error] cannot maintain connection to supervisor 13 INTERNAL: closed
2024-10-17 23:20:07.853 [error] cannot maintain connection to supervisor 13 INTERNAL: closed
2024-10-17 23:20:08.854 [error] cannot maintain connection to supervisor 13 INTERNAL: closed
2024-10-17 23:20:09.856 [error] cannot maintain connection to supervisor 13 INTERNAL: closed
2024-10-17 23:20:10.858 [error] cannot maintain connection to supervisor 13 INTERNAL: closed
2024-10-17 23:20:11.860 [error] cannot maintain connection to supervisor 13 INTERNAL: closed
