2024-09-26 00:08:03.220 [info] [main] Log level: Info
2024-09-26 00:08:03.220 [info] [main] Validating found git in: "git"
2024-09-26 00:08:03.220 [info] [main] Using git "2.46.0" from "git"
2024-09-26 00:08:03.220 [info] [Model][doInitialScan] Initial repository scan started
2024-09-26 00:08:03.220 [info] > git rev-parse --show-toplevel [2ms]
2024-09-26 00:08:03.220 [info] > git rev-parse --git-dir --git-common-dir [21ms]
2024-09-26 00:08:03.220 [info] [Model][openRepository] Opened repository: /workspace/boilerplate-project-exercisetracker
2024-09-26 00:08:03.220 [info] > git config --get commit.template [4ms]
2024-09-26 00:08:03.220 [info] > git rev-parse --show-toplevel [62ms]
2024-09-26 00:08:03.220 [info] > git for-each-ref --format=%(refname)%00%(upstream:short)%00%(objectname)%00%(upstream:track)%00%(upstream:remotename)%00%(upstream:remoteref) refs/heads/main refs/remotes/main [84ms]
2024-09-26 00:08:03.220 [warning] [Git][revParse] Unable to read file: ENOENT: no such file or directory, open '/workspace/boilerplate-project-exercisetracker/.git/refs/remotes/origin/main'
2024-09-26 00:08:03.220 [info] > git rev-parse --show-toplevel [39ms]
2024-09-26 00:08:03.220 [info] [Model][doInitialScan] Initial repository scan completed - repositories (1), closed repositories (0), parent repositories (0), unsafe repositories (0)
2024-09-26 00:08:03.220 [info] > git rev-parse refs/remotes/origin/main [64ms]
2024-09-26 00:08:03.220 [info] > git status -z -uall [5ms]
2024-09-26 00:08:03.220 [info] > git for-each-ref --format=%(refname)%00%(upstream:short)%00%(objectname)%00%(upstream:track)%00%(upstream:remotename)%00%(upstream:remoteref) refs/heads/main refs/remotes/main [13ms]
2024-09-26 00:08:03.220 [info] > git config --get commit.template [8ms]
2024-09-26 00:08:03.220 [info] > git config --local branch.main.vscode-merge-base [2ms]
2024-09-26 00:08:03.220 [info] > git for-each-ref --format=%(refname)%00%(upstream:short)%00%(objectname)%00%(upstream:track)%00%(upstream:remotename)%00%(upstream:remoteref) refs/heads/main refs/remotes/main [8ms]
2024-09-26 00:08:03.220 [info] > git for-each-ref --format=%(refname)%00%(upstream:short)%00%(objectname)%00%(upstream:track)%00%(upstream:remotename)%00%(upstream:remoteref) refs/heads/origin/main refs/remotes/origin/main [10ms]
2024-09-26 00:08:03.220 [warning] [Git][revParse] Unable to read file: ENOENT: no such file or directory, open '/workspace/boilerplate-project-exercisetracker/.git/refs/remotes/origin/main'
2024-09-26 00:08:03.220 [info] > git merge-base refs/heads/main refs/remotes/origin/main [7ms]
2024-09-26 00:08:03.220 [info] > git rev-parse refs/remotes/origin/main [8ms]
2024-09-26 00:08:03.220 [info] > git rev-list --count --left-right refs/heads/main...refs/remotes/origin/main [4ms]
2024-09-26 00:08:03.220 [info] > git status -z -uall [8ms]
2024-09-26 00:08:03.220 [info] > git diff --name-status -z --diff-filter=ADMR 4d33185a8ee1c5502748c699f4549013ade561fb...refs/remotes/origin/main [10ms]
2024-09-26 00:08:03.220 [info] > git for-each-ref --format=%(refname)%00%(upstream:short)%00%(objectname)%00%(upstream:track)%00%(upstream:remotename)%00%(upstream:remoteref) refs/heads/main refs/remotes/main [3ms]
2024-09-26 00:08:03.220 [info] > git config --local branch.main.vscode-merge-base [1ms]
2024-09-26 00:08:03.220 [info] > git for-each-ref --format=%(refname)%00%(upstream:short)%00%(objectname)%00%(upstream:track)%00%(upstream:remotename)%00%(upstream:remoteref) refs/heads/origin/main refs/remotes/origin/main [5ms]
2024-09-26 00:08:03.598 [info] > git show --textconv :exercise_model.js [5ms]
2024-09-26 00:08:03.599 [info] > git ls-files --stage -- /workspace/boilerplate-project-exercisetracker/exercise_model.js [2ms]
2024-09-26 00:08:03.730 [info] > git check-ignore -v -z --stdin [2ms]
2024-09-26 00:08:04.103 [info] > git config --local branch.main.github-pr-owner-number [2ms]
2024-09-26 00:08:04.103 [warning] [Git][config] git config failed: Failed to execute git
2024-09-26 00:10:30.994 [info] > git config --get commit.template [3ms]
2024-09-26 00:10:30.994 [info] > git for-each-ref --format=%(refname)%00%(upstream:short)%00%(objectname)%00%(upstream:track)%00%(upstream:remotename)%00%(upstream:remoteref) refs/heads/main refs/remotes/main [1ms]
2024-09-26 00:10:30.997 [warning] [Git][revParse] Unable to read file: ENOENT: no such file or directory, open '/workspace/boilerplate-project-exercisetracker/.git/refs/remotes/origin/main'
2024-09-26 00:10:30.999 [info] > git rev-parse refs/remotes/origin/main [1ms]
2024-09-26 00:10:31.003 [info] > git status -z -uall [2ms]
2024-09-26 00:10:31.009 [info] > git for-each-ref --format=%(refname)%00%(upstream:short)%00%(objectname)%00%(upstream:track)%00%(upstream:remotename)%00%(upstream:remoteref) refs/heads/main refs/remotes/main [2ms]
2024-09-26 00:10:31.014 [info] > git config --local branch.main.vscode-merge-base [2ms]
2024-09-26 00:10:31.018 [info] > git for-each-ref --format=%(refname)%00%(upstream:short)%00%(objectname)%00%(upstream:track)%00%(upstream:remotename)%00%(upstream:remoteref) refs/heads/origin/main refs/remotes/origin/main [1ms]
2024-09-26 00:14:44.719 [info] > git config --get commit.template [4ms]
2024-09-26 00:14:44.720 [info] > git for-each-ref --format=%(refname)%00%(upstream:short)%00%(objectname)%00%(upstream:track)%00%(upstream:remotename)%00%(upstream:remoteref) refs/heads/main refs/remotes/main [1ms]
2024-09-26 00:14:44.723 [warning] [Git][revParse] Unable to read file: ENOENT: no such file or directory, open '/workspace/boilerplate-project-exercisetracker/.git/refs/remotes/origin/main'
2024-09-26 00:14:44.724 [info] > git rev-parse refs/remotes/origin/main [1ms]
2024-09-26 00:14:44.730 [info] > git status -z -uall [2ms]
2024-09-26 00:14:44.735 [info] > git for-each-ref --format=%(refname)%00%(upstream:short)%00%(objectname)%00%(upstream:track)%00%(upstream:remotename)%00%(upstream:remoteref) refs/heads/main refs/remotes/main [2ms]
2024-09-26 00:14:44.739 [info] > git config --local branch.main.vscode-merge-base [1ms]
2024-09-26 00:14:44.744 [info] > git for-each-ref --format=%(refname)%00%(upstream:short)%00%(objectname)%00%(upstream:track)%00%(upstream:remotename)%00%(upstream:remoteref) refs/heads/origin/main refs/remotes/origin/main [2ms]
2024-09-26 00:14:49.742 [info] > git config --get commit.template [3ms]
2024-09-26 00:14:49.743 [info] > git for-each-ref --format=%(refname)%00%(upstream:short)%00%(objectname)%00%(upstream:track)%00%(upstream:remotename)%00%(upstream:remoteref) refs/heads/main refs/remotes/main [2ms]
2024-09-26 00:14:49.746 [warning] [Git][revParse] Unable to read file: ENOENT: no such file or directory, open '/workspace/boilerplate-project-exercisetracker/.git/refs/remotes/origin/main'
2024-09-26 00:14:49.747 [info] > git rev-parse refs/remotes/origin/main [1ms]
2024-09-26 00:14:49.753 [info] > git status -z -uall [2ms]
2024-09-26 00:14:49.758 [info] > git for-each-ref --format=%(refname)%00%(upstream:short)%00%(objectname)%00%(upstream:track)%00%(upstream:remotename)%00%(upstream:remoteref) refs/heads/main refs/remotes/main [2ms]
2024-09-26 00:14:49.763 [info] > git config --local branch.main.vscode-merge-base [1ms]
2024-09-26 00:14:49.768 [info] > git for-each-ref --format=%(refname)%00%(upstream:short)%00%(objectname)%00%(upstream:track)%00%(upstream:remotename)%00%(upstream:remoteref) refs/heads/origin/main refs/remotes/origin/main [2ms]
2024-09-26 00:14:54.765 [info] > git config --get commit.template [3ms]
2024-09-26 00:14:54.766 [info] > git for-each-ref --format=%(refname)%00%(upstream:short)%00%(objectname)%00%(upstream:track)%00%(upstream:remotename)%00%(upstream:remoteref) refs/heads/main refs/remotes/main [1ms]
2024-09-26 00:14:54.769 [warning] [Git][revParse] Unable to read file: ENOENT: no such file or directory, open '/workspace/boilerplate-project-exercisetracker/.git/refs/remotes/origin/main'
2024-09-26 00:14:54.771 [info] > git rev-parse refs/remotes/origin/main [2ms]
2024-09-26 00:14:54.775 [info] > git status -z -uall [2ms]
2024-09-26 00:14:54.781 [info] > git for-each-ref --format=%(refname)%00%(upstream:short)%00%(objectname)%00%(upstream:track)%00%(upstream:remotename)%00%(upstream:remoteref) refs/heads/main refs/remotes/main [3ms]
2024-09-26 00:14:54.785 [info] > git config --local branch.main.vscode-merge-base [1ms]
2024-09-26 00:14:54.792 [info] > git for-each-ref --format=%(refname)%00%(upstream:short)%00%(objectname)%00%(upstream:track)%00%(upstream:remotename)%00%(upstream:remoteref) refs/heads/origin/main refs/remotes/origin/main [4ms]
2024-09-26 00:14:59.788 [info] > git config --get commit.template [3ms]
2024-09-26 00:14:59.789 [info] > git for-each-ref --format=%(refname)%00%(upstream:short)%00%(objectname)%00%(upstream:track)%00%(upstream:remotename)%00%(upstream:remoteref) refs/heads/main refs/remotes/main [1ms]
2024-09-26 00:14:59.791 [warning] [Git][revParse] Unable to read file: ENOENT: no such file or directory, open '/workspace/boilerplate-project-exercisetracker/.git/refs/remotes/origin/main'
2024-09-26 00:14:59.793 [info] > git rev-parse refs/remotes/origin/main [2ms]
2024-09-26 00:14:59.798 [info] > git status -z -uall [1ms]
2024-09-26 00:14:59.803 [info] > git for-each-ref --format=%(refname)%00%(upstream:short)%00%(objectname)%00%(upstream:track)%00%(upstream:remotename)%00%(upstream:remoteref) refs/heads/main refs/remotes/main [1ms]
2024-09-26 00:14:59.807 [info] > git config --local branch.main.vscode-merge-base [1ms]
2024-09-26 00:14:59.811 [info] > git for-each-ref --format=%(refname)%00%(upstream:short)%00%(objectname)%00%(upstream:track)%00%(upstream:remotename)%00%(upstream:remoteref) refs/heads/origin/main refs/remotes/origin/main [1ms]
