2024-10-07 17:16:23.744 [info] Log level: Info
2024-10-07 17:16:23.758 [info] VSCODE_MACHINE_ID: 86ef5178-1edc-435f-9cbf-388e34797139
2024-10-07 17:16:23.758 [info] VSCODE_SESSION_ID: 68aa2e9b-ae34-4259-87dd-c17c4c15948c1728321379757
2024-10-07 17:16:23.758 [info] VSCODE_VERSION: 1.93.1
2024-10-07 17:16:23.758 [info] VSCODE_APP_NAME: Gitpod Code
2024-10-07 17:16:23.758 [info] VSCODE_APP_HOST: Gitpod
2024-10-07 17:16:23.758 [info] VSCODE_UI_KIND: web
2024-10-07 17:16:23.758 [info] GITPOD_WORKSPACE_CONTEXT_URL: https://github.com/freeCodeCamp/boilerplate-project-exercisetracker/
2024-10-07 17:16:23.758 [info] GITPOD_INSTANCE_ID: d9aed962-65c8-4974-9d14-ed274d59eb36
2024-10-07 17:16:23.758 [info] GITPOD_WORKSPACE_URL: https://freecodecam-boilerplate-04rxr268f3n.ws-us116.gitpod.io
2024-10-07 17:16:23.764 [info] Gitpod Web 7ff72a2
2024-10-07 17:16:23.764 [info] Reading sessions from keychain...
2024-10-07 17:16:24.276 [info] Getting sessions for all scopes...
2024-10-07 17:16:24.276 [info] Getting GitHub sessions for all scopes...
2024-10-07 17:16:24.276 [info] Getting sessions for function:accessCodeSyncStorage...
2024-10-07 17:16:24.277 [info] Got 1 GitHub sessions for all scopes...
2024-10-07 17:16:24.278 [info] Got stored sessions!
2024-10-07 17:16:24.278 [info] Verified session with the following scopes: function:accessCodeSyncStorage function:closePort function:controlAdmission function:deleteEnvVar function:generateNewGitpodToken function:getDefaultWorkspaceImage function:getGitpodTokenScopes function:getIDToken function:getLoggedInUser function:getOpenPorts function:getSupportedWorkspaceClasses function:getTeams function:getToken function:getWorkspace function:getWorkspaceEnvVars function:getWorkspaceOwner function:getWorkspaceTimeout function:getWorkspaceUsers function:guessGitTokenScopes function:isWorkspaceOwner function:openPort function:sendHeartBeat function:setEnvVar function:setWorkspaceTimeout function:stopWorkspace function:takeSnapshot function:trackEvent function:updateGitStatus function:waitForSnapshot resource:contentBlob::*::create/get resource:envVar::*/*::update resource:envVar::freeCodeCamp/boilerplate-project-exercisetracker::create/get/update/delete resource:gitpodToken::*::create resource:snapshot::ws-freecodecam-boilerplate-04rxr268f3n::create resource:token::*::get resource:userStorage::*::create/get/update resource:workspace::freecodecam-boilerplate-04rxr268f3n::get/update resource:workspaceInstance::d9aed962-65c8-4974-9d14-ed274d59eb36::get/update/delete
2024-10-07 17:16:24.282 [info] Got 1 verified sessions.
2024-10-07 17:16:24.282 [info] Got 1 sessions for all scopes...
2024-10-07 17:16:24.282 [info] Got 1 sessions for function:accessCodeSyncStorage...
2024-10-07 17:16:24.788 [info] Getting GitHub sessions for all scopes...
2024-10-07 17:16:24.788 [info] Getting sessions for all scopes...
2024-10-07 17:16:24.788 [info] Got 1 GitHub sessions for all scopes...
2024-10-07 17:16:24.788 [info] Got 1 sessions for all scopes...
2024-10-07 17:16:24.888 [info] Getting GitHub sessions for read:user,repo,user:email,workflow...
2024-10-07 17:16:24.888 [info] Got 0 GitHub sessions for read:user,repo,user:email,workflow...
2024-10-07 17:16:24.982 [info] Getting GitHub sessions for project,read:org,read:user,repo,user:email,workflow...
2024-10-07 17:16:24.982 [info] Got 0 GitHub sessions for project,read:org,read:user,repo,user:email,workflow...
2024-10-07 17:16:25.099 [info] Getting GitHub sessions for read:user,repo,user:email,workflow...
2024-10-07 17:16:25.099 [info] Got 0 GitHub sessions for read:user,repo,user:email,workflow...
2024-10-07 17:16:25.220 [info] Getting GitHub sessions for read:user,repo,user:email...
2024-10-07 17:16:25.220 [info] Got 0 GitHub sessions for read:user,repo,user:email...
2024-10-07 17:16:25.313 [info] Getting GitHub sessions for read:user,repo,user:email,workflow...
2024-10-07 17:16:25.313 [info] Got 0 GitHub sessions for read:user,repo,user:email,workflow...
2024-10-07 17:29:00.146 [info] Getting GitHub sessions for project,read:org,read:user,repo,user:email,workflow...
2024-10-07 17:29:00.147 [info] Got 0 GitHub sessions for project,read:org,read:user,repo,user:email,workflow...
2024-10-07 17:29:00.232 [info] Getting GitHub sessions for read:user,repo,user:email,workflow...
2024-10-07 17:29:00.232 [info] Got 0 GitHub sessions for read:user,repo,user:email,workflow...
2024-10-07 17:29:00.332 [info] Getting GitHub sessions for read:user,repo,user:email...
2024-10-07 17:29:00.333 [info] Got 0 GitHub sessions for read:user,repo,user:email...
2024-10-07 17:29:00.431 [info] Getting GitHub sessions for read:user,repo,user:email,workflow...
2024-10-07 17:29:00.431 [info] Got 0 GitHub sessions for read:user,repo,user:email,workflow...
2024-10-07 17:29:20.162 [error] GitHub sign in failed:  5 NOT_FOUND: no token available
2024-10-07 17:41:15.387 [error] cannot maintain connection to supervisor 13 INTERNAL: closed
2024-10-07 17:41:16.389 [error] cannot maintain connection to supervisor 13 INTERNAL: closed
2024-10-07 17:41:17.391 [error] cannot maintain connection to supervisor 13 INTERNAL: closed
2024-10-07 17:41:18.394 [error] cannot maintain connection to supervisor 13 INTERNAL: closed
2024-10-07 17:41:19.395 [error] cannot maintain connection to supervisor 13 INTERNAL: closed
2024-10-07 17:41:20.397 [error] cannot maintain connection to supervisor 13 INTERNAL: closed
2024-10-07 17:41:21.399 [error] cannot maintain connection to supervisor 13 INTERNAL: closed
2024-10-07 17:41:22.400 [error] cannot maintain connection to supervisor 13 INTERNAL: closed
2024-10-07 17:41:23.402 [error] cannot maintain connection to supervisor 13 INTERNAL: closed
2024-10-07 17:41:24.405 [error] cannot maintain connection to supervisor 13 INTERNAL: closed
2024-10-07 17:41:25.406 [error] cannot maintain connection to supervisor 13 INTERNAL: closed
2024-10-07 17:41:26.407 [error] cannot maintain connection to supervisor 13 INTERNAL: closed
2024-10-07 17:41:27.411 [error] cannot maintain connection to supervisor 13 INTERNAL: closed
2024-10-07 17:41:28.414 [error] cannot maintain connection to supervisor 13 INTERNAL: closed
