2024-10-21 21:28:42.380 [info] Extension host with pid 12104 started
2024-10-21 21:28:42.380 [error] Error: EEXIST: file already exists, open '/workspace/.vscode-remote/data/User/workspaceStorage/-5a4dd7bb/vscode.lock'
2024-10-21 21:28:42.383 [info] Lock '/workspace/.vscode-remote/data/User/workspaceStorage/-5a4dd7bb/vscode.lock': Could not acquire lock, checking if the file is stale.
2024-10-21 21:28:42.386 [info] Lock '/workspace/.vscode-remote/data/User/workspaceStorage/-5a4dd7bb/vscode.lock': The lock does not look stale, elapsed: 449 ms, giving up.
2024-10-21 21:28:42.387 [error] Error: EEXIST: file already exists, open '/workspace/.vscode-remote/data/User/workspaceStorage/-5a4dd7bb-1/vscode.lock'
2024-10-21 21:28:42.387 [info] Lock '/workspace/.vscode-remote/data/User/workspaceStorage/-5a4dd7bb-1/vscode.lock': Could not acquire lock, checking if the file is stale.
2024-10-21 21:28:42.388 [info] Lock '/workspace/.vscode-remote/data/User/workspaceStorage/-5a4dd7bb-1/vscode.lock': The lock does not look stale, elapsed: 863 ms, giving up.
2024-10-21 21:28:42.394 [info] Lock '/workspace/.vscode-remote/data/User/workspaceStorage/-5a4dd7bb-2/vscode.lock': Lock acquired.
2024-10-21 21:28:42.456 [info] ExtensionService#_doActivateExtension vscode.simple-browser, startup: false, activationEvent: 'onWebviewPanel:simpleBrowser.view'
2024-10-21 21:28:42.457 [info] ExtensionService#_doActivateExtension vscode.emmet, startup: false, activationEvent: 'onLanguage'
2024-10-21 21:28:42.457 [info] ExtensionService#_doActivateExtension vscode.typescript-language-features, startup: false, activationEvent: 'onLanguage:javascript'
2024-10-21 21:28:42.669 [info] ExtensionService#_doActivateExtension vscode.git-base, startup: true, activationEvent: '*', root cause: vscode.git
2024-10-21 21:28:42.669 [info] ExtensionService#_doActivateExtension gitpod.gitpod-web, startup: true, activationEvent: '*'
2024-10-21 21:28:42.815 [info] ExtensionService#_doActivateExtension vscode.npm, startup: true, activationEvent: 'workspaceContains:package.json'
2024-10-21 21:28:42.972 [info] ExtensionService#_doActivateExtension vscode.git, startup: true, activationEvent: '*'
2024-10-21 21:28:42.972 [info] ExtensionService#_doActivateExtension vscode.github, startup: true, activationEvent: '*'
2024-10-21 21:28:44.866 [info] Eager extensions activated
2024-10-21 21:28:44.867 [info] ExtensionService#_doActivateExtension vscode.debug-auto-launch, startup: false, activationEvent: 'onStartupFinished'
2024-10-21 21:28:44.867 [info] ExtensionService#_doActivateExtension vscode.merge-conflict, startup: false, activationEvent: 'onStartupFinished'
2024-10-21 21:28:44.868 [info] ExtensionService#_doActivateExtension vscode.github-authentication, startup: false, activationEvent: 'onStartupFinished', root cause: GitHub.vscode-pull-request-github
2024-10-21 21:28:45.581 [info] ExtensionService#_doActivateExtension GitHub.vscode-pull-request-github, startup: false, activationEvent: 'onStartupFinished'
2024-10-21 21:28:45.868 [info] ExtensionService#_doActivateExtension redhat.vscode-yaml, startup: false, activationEvent: 'onLanguage:yaml'
2024-10-21 21:28:46.874 [warning] [redhat.vscode-yaml] Accessing a resource scoped configuration without providing a resource is not expected. To get the effective value for '[yaml]', provide the URI of a resource or 'null' for any resource.
2024-10-21 21:28:46.882 [warning] [redhat.vscode-yaml] Accessing a resource scoped configuration without providing a resource is not expected. To get the effective value for '[yaml]', provide the URI of a resource or 'null' for any resource.
2024-10-21 21:28:48.766 [info] ExtensionService#_doActivateExtension vscode.configuration-editing, startup: false, activationEvent: 'onLanguage:json'
2024-10-21 21:28:48.766 [info] ExtensionService#_doActivateExtension vscode.extension-editing, startup: false, activationEvent: 'onLanguage:json'
2024-10-21 21:28:48.766 [info] ExtensionService#_doActivateExtension vscode.json-language-features, startup: false, activationEvent: 'onLanguage:json'
2024-10-21 22:11:04.225 [info] ExtensionService#_doActivateExtension vscode.html-language-features, startup: false, activationEvent: 'onLanguage:html'
