2024-10-07 17:16:24.792 [warning] /home/gitpod/.ssh/config: ENOENT: no such file or directory, open '/home/gitpod/.ssh/config'
2024-10-07 17:16:24.792 [info] Activation> Extension version: 0.98.0
2024-10-07 17:16:25.358 [info] Looking for git repository
2024-10-07 17:16:25.358 [info] Found 0 repositories during activation
2024-10-07 17:16:25.358 [info] Git repository found, initializing review manager and pr tree view.
2024-10-07 17:16:25.362 [info] Registering git provider
2024-10-07 17:16:25.362 [info] Review+0> Validate state in progress
2024-10-07 17:16:25.362 [info] Review+0> Validating state...
2024-10-07 17:16:25.401 [info] Found GitHub remote for folder /workspace/boilerplate-project-exercisetracker
2024-10-07 17:16:25.403 [info] Trying to use globalState for assignableUsers.
2024-10-07 17:16:25.410 [info] Review+0> No matching pull request metadata found locally for current branch main
2024-10-07 17:16:25.411 [info] Review+0> No matching pull request metadata found on GitHub for current branch main
2024-10-07 17:16:25.445 [info] GlobalState does not exist for assignableUsers.
2024-10-07 17:29:20.190 [error] Error signing in to GitHub: Error: 5 NOT_FOUND: no token available
2024-10-07 17:29:20.190 [error] Error: 5 NOT_FOUND: no token available
	at t.callErrorFromStatus (/ide/extensions/gitpod-web/out/extension.js:2:271675)
	at Object.onReceiveStatus (/ide/extensions/gitpod-web/out/extension.js:2:296882)
	at Object.onReceiveStatus (/ide/extensions/gitpod-web/out/extension.js:2:292767)
	at Object.onReceiveStatus (/ide/extensions/gitpod-web/out/extension.js:2:292212)
	at /ide/extensions/gitpod-web/out/extension.js:2:376194
	at process.processTicksAndRejections (node:internal/process/task_queues:77:11)
for call at
	at a.makeUnaryRequest (/ide/extensions/gitpod-web/out/extension.js:2:296423)
	at a.getToken (/ide/extensions/gitpod-web/out/extension.js:2:361597)
	at node:internal/util:431:7
	at new Promise (<anonymous>)
	at bound  (node:internal/util:417:12)
	at A.getToken (/ide/extensions/gitpod-web/out/extension.js:2:1045235)
	at c.loginGitHub (/ide/extensions/gitpod-web/out/extension.js:2:1402967)
	at c.createSession (/ide/extensions/gitpod-web/out/extension.js:2:1403217)
	at c.$createSession (/ide/out/vs/workbench/api/node/extensionHostProcess.js:159:61030)
	at y.S (/ide/out/vs/workbench/api/node/extensionHostProcess.js:158:5968)
	at y.Q (/ide/out/vs/workbench/api/node/extensionHostProcess.js:158:5734)
	at y.M (/ide/out/vs/workbench/api/node/extensionHostProcess.js:158:4767)
	at y.L (/ide/out/vs/workbench/api/node/extensionHostProcess.js:158:3602)
	at i.value (/ide/out/vs/workbench/api/node/extensionHostProcess.js:158:2297)
	at r.B (/ide/out/vs/workbench/api/node/extensionHostProcess.js:90:732)
	at r.fire (/ide/out/vs/workbench/api/node/extensionHostProcess.js:90:949)
	at a.fire (/ide/out/vs/workbench/api/node/extensionHostProcess.js:115:14463)
	at i.value (/ide/out/vs/workbench/api/node/extensionHostProcess.js:184:8635)
	at r.B (/ide/out/vs/workbench/api/node/extensionHostProcess.js:90:732)
	at r.fire (/ide/out/vs/workbench/api/node/extensionHostProcess.js:90:949)
	at a.fire (/ide/out/vs/workbench/api/node/extensionHostProcess.js:115:14463)
	at h.A (/ide/out/vs/workbench/api/node/extensionHostProcess.js:115:17622)
	at i.value (/ide/out/vs/workbench/api/node/extensionHostProcess.js:115:15980)
	at r.B (/ide/out/vs/workbench/api/node/extensionHostProcess.js:90:732)
	at r.fire (/ide/out/vs/workbench/api/node/extensionHostProcess.js:90:949)
	at m.acceptChunk (/ide/out/vs/workbench/api/node/extensionHostProcess.js:115:12209)
	at i.value (/ide/out/vs/workbench/api/node/extensionHostProcess.js:115:11479)
	at r.B (/ide/out/vs/workbench/api/node/extensionHostProcess.js:90:732)
	at r.fire (/ide/out/vs/workbench/api/node/extensionHostProcess.js:90:949)
	at a.z (/ide/out/vs/workbench/api/node/extensionHostProcess.js:181:21795)
