2024-10-10 00:00:33.395 [info] Extension host with pid 126 started
2024-10-10 00:00:33.395 [error] Error: EEXIST: file already exists, open '/workspace/.vscode-remote/data/User/workspaceStorage/3d3c1557/vscode.lock'
2024-10-10 00:00:33.398 [info] Lock '/workspace/.vscode-remote/data/User/workspaceStorage/3d3c1557/vscode.lock': Could not acquire lock, checking if the file is stale.
2024-10-10 00:00:33.399 [info] Lock '/workspace/.vscode-remote/data/User/workspaceStorage/3d3c1557/vscode.lock': The lock looks stale, waiting for 2s.
2024-10-10 00:00:33.488 [info] ExtensionService#_doActivateExtension vscode.git-base, startup: false, activationEvent: 'onFileSystem:git', root cause: vscode.git
2024-10-10 00:00:33.489 [info] ExtensionService#_doActivateExtension vscode.simple-browser, startup: false, activationEvent: 'onWebviewPanel:simpleBrowser.view'
2024-10-10 00:00:33.489 [info] ExtensionService#_doActivateExtension vscode.emmet, startup: false, activationEvent: 'onLanguage'
2024-10-10 00:00:33.489 [info] ExtensionService#_doActivateExtension vscode.typescript-language-features, startup: false, activationEvent: 'onLanguage:javascript'
2024-10-10 00:00:34.389 [info] ExtensionService#_doActivateExtension gitpod.gitpod-web, startup: false, activationEvent: 'onAuthenticationRequest:gitpod'
2024-10-10 00:00:34.542 [info] ExtensionService#_doActivateExtension vscode.npm, startup: true, activationEvent: 'workspaceContains:package.json'
2024-10-10 00:00:35.400 [info] Lock '/workspace/.vscode-remote/data/User/workspaceStorage/3d3c1557/vscode.lock': The lock looks stale even after waiting for 2s.
2024-10-10 00:00:35.400 [info] Lock '/workspace/.vscode-remote/data/User/workspaceStorage/3d3c1557/vscode.lock': Deleting a stale lock.
2024-10-10 00:00:35.402 [info] Lock '/workspace/.vscode-remote/data/User/workspaceStorage/3d3c1557/vscode.lock': Lock acquired.
2024-10-10 00:00:35.524 [info] ExtensionService#_doActivateExtension vscode.git, startup: false, activationEvent: 'onFileSystem:git'
2024-10-10 00:00:35.524 [info] ExtensionService#_doActivateExtension vscode.github, startup: true, activationEvent: '*'
2024-10-10 00:00:36.089 [info] Eager extensions activated
2024-10-10 00:00:36.089 [info] ExtensionService#_doActivateExtension vscode.debug-auto-launch, startup: false, activationEvent: 'onStartupFinished'
2024-10-10 00:00:36.090 [info] ExtensionService#_doActivateExtension vscode.merge-conflict, startup: false, activationEvent: 'onStartupFinished'
2024-10-10 00:00:36.091 [info] ExtensionService#_doActivateExtension vscode.github-authentication, startup: false, activationEvent: 'onStartupFinished', root cause: GitHub.vscode-pull-request-github
2024-10-10 00:00:37.501 [info] ExtensionService#_doActivateExtension GitHub.vscode-pull-request-github, startup: false, activationEvent: 'onStartupFinished'
2024-10-10 00:00:38.006 [info] ExtensionService#_doActivateExtension redhat.vscode-yaml, startup: false, activationEvent: 'onLanguage:yaml'
2024-10-10 00:00:38.707 [warning] [redhat.vscode-yaml] Accessing a resource scoped configuration without providing a resource is not expected. To get the effective value for '[yaml]', provide the URI of a resource or 'null' for any resource.
2024-10-10 00:00:38.708 [warning] [redhat.vscode-yaml] Accessing a resource scoped configuration without providing a resource is not expected. To get the effective value for '[yaml]', provide the URI of a resource or 'null' for any resource.
2024-10-10 00:00:41.055 [info] ExtensionService#_doActivateExtension vscode.configuration-editing, startup: false, activationEvent: 'onLanguage:json'
2024-10-10 00:00:41.055 [info] ExtensionService#_doActivateExtension vscode.extension-editing, startup: false, activationEvent: 'onLanguage:json'
2024-10-10 00:00:41.055 [info] ExtensionService#_doActivateExtension vscode.json-language-features, startup: false, activationEvent: 'onLanguage:json'
