2024-09-24 23:23:29.141 [info] Log level: Info
2024-09-24 23:23:29.141 [info] VSCODE_MACHINE_ID: 7cce749a-e454-42fe-beca-fbdad1619dc4
2024-09-24 23:23:29.141 [info] VSCODE_SESSION_ID: 477930d9-b340-4f22-aebd-f6a7f88886481727220205271
2024-09-24 23:23:29.141 [info] VSCODE_VERSION: 1.93.1
2024-09-24 23:23:29.141 [info] VSCODE_APP_NAME: Gitpod Code
2024-09-24 23:23:29.141 [info] VSCODE_APP_HOST: Gitpod
2024-09-24 23:23:29.141 [info] VSCODE_UI_KIND: web
2024-09-24 23:23:29.141 [info] GITPOD_WORKSPACE_CONTEXT_URL: https://github.com/freeCodeCamp/boilerplate-project-timestamp/
2024-09-24 23:23:29.141 [info] GITPOD_INSTANCE_ID: 9419a616-2550-4218-8ecc-0753eefab45b
2024-09-24 23:23:29.141 [info] GITPOD_WORKSPACE_URL: https://freecodecam-boilerplate-s0t7yrl6d42.ws-us116.gitpod.io
2024-09-24 23:23:29.141 [info] Gitpod Web 7ff72a2
2024-09-24 23:23:29.141 [info] Reading sessions from keychain...
2024-09-24 23:23:30.234 [info] Getting sessions for all scopes...
2024-09-24 23:23:30.234 [info] Getting GitHub sessions for all scopes...
2024-09-24 23:23:30.234 [info] Getting sessions for function:accessCodeSyncStorage...
2024-09-24 23:23:30.234 [info] Got 1 GitHub sessions for all scopes...
2024-09-24 23:23:30.235 [info] Got stored sessions!
2024-09-24 23:23:30.235 [info] Verified session with the following scopes: function:accessCodeSyncStorage function:closePort function:controlAdmission function:deleteEnvVar function:generateNewGitpodToken function:getDefaultWorkspaceImage function:getGitpodTokenScopes function:getIDToken function:getLoggedInUser function:getOpenPorts function:getSupportedWorkspaceClasses function:getTeams function:getToken function:getWorkspace function:getWorkspaceEnvVars function:getWorkspaceOwner function:getWorkspaceTimeout function:getWorkspaceUsers function:guessGitTokenScopes function:isWorkspaceOwner function:openPort function:sendHeartBeat function:setEnvVar function:setWorkspaceTimeout function:stopWorkspace function:takeSnapshot function:trackEvent function:updateGitStatus function:waitForSnapshot resource:contentBlob::*::create/get resource:envVar::*/*::update resource:envVar::freeCodeCamp/boilerplate-project-timestamp::create/get/update/delete resource:gitpodToken::*::create resource:snapshot::ws-freecodecam-boilerplate-s0t7yrl6d42::create resource:token::*::get resource:userStorage::*::create/get/update resource:workspace::freecodecam-boilerplate-s0t7yrl6d42::get/update resource:workspaceInstance::9419a616-2550-4218-8ecc-0753eefab45b::get/update/delete
2024-09-24 23:23:30.239 [info] Got 1 verified sessions.
2024-09-24 23:23:30.239 [info] Got 1 sessions for all scopes...
2024-09-24 23:23:30.239 [info] Got 1 sessions for function:accessCodeSyncStorage...
2024-09-24 23:23:31.176 [info] Getting GitHub sessions for all scopes...
2024-09-24 23:23:31.176 [info] Getting sessions for all scopes...
2024-09-24 23:23:31.177 [info] Got 1 GitHub sessions for all scopes...
2024-09-24 23:23:31.177 [info] Got 1 sessions for all scopes...
2024-09-24 23:23:31.244 [info] Getting GitHub sessions for read:user,repo,user:email,workflow...
2024-09-24 23:23:31.245 [info] Got 0 GitHub sessions for read:user,repo,user:email,workflow...
2024-09-24 23:23:31.362 [info] Getting GitHub sessions for project,read:org,read:user,repo,user:email,workflow...
2024-09-24 23:23:31.362 [info] Got 0 GitHub sessions for project,read:org,read:user,repo,user:email,workflow...
2024-09-24 23:23:31.463 [info] Getting GitHub sessions for read:user,repo,user:email,workflow...
2024-09-24 23:23:31.463 [info] Got 0 GitHub sessions for read:user,repo,user:email,workflow...
2024-09-24 23:23:31.548 [info] Getting GitHub sessions for read:user,repo,user:email...
2024-09-24 23:23:31.548 [info] Got 0 GitHub sessions for read:user,repo,user:email...
2024-09-24 23:23:31.652 [info] Getting GitHub sessions for read:user,repo,user:email,workflow...
2024-09-24 23:23:31.652 [info] Got 0 GitHub sessions for read:user,repo,user:email,workflow...
2024-09-25 00:24:08.196 [error] cannot maintain connection to supervisor 13 INTERNAL: closed
2024-09-25 00:24:09.198 [error] cannot maintain connection to supervisor 13 INTERNAL: closed
2024-09-25 00:24:10.200 [error] cannot maintain connection to supervisor 13 INTERNAL: closed
2024-09-25 00:24:11.203 [error] cannot maintain connection to supervisor 13 INTERNAL: closed
2024-09-25 00:24:12.205 [error] cannot maintain connection to supervisor 13 INTERNAL: closed
2024-09-25 00:24:13.207 [error] cannot maintain connection to supervisor 13 INTERNAL: closed
2024-09-25 00:24:14.210 [error] cannot maintain connection to supervisor 13 INTERNAL: closed
2024-09-25 00:24:15.212 [error] cannot maintain connection to supervisor 13 INTERNAL: closed
2024-09-25 00:24:16.214 [error] cannot maintain connection to supervisor 13 INTERNAL: closed
2024-09-25 00:24:17.216 [error] cannot maintain connection to supervisor 13 INTERNAL: closed
2024-09-25 00:24:18.218 [error] cannot maintain connection to supervisor 13 INTERNAL: closed
2024-09-25 00:24:19.219 [error] cannot maintain connection to supervisor 13 INTERNAL: closed
2024-09-25 00:24:20.221 [error] cannot maintain connection to supervisor 13 INTERNAL: closed
2024-09-25 00:24:21.224 [error] cannot maintain connection to supervisor 13 INTERNAL: closed
