2024-10-14 22:31:25.556 [info] [main] Log level: Info
2024-10-14 22:31:25.556 [info] [main] Validating found git in: "git"
2024-10-14 22:31:25.556 [info] [main] Using git "2.46.0" from "git"
2024-10-14 22:31:25.556 [info] [Model][doInitialScan] Initial repository scan started
2024-10-14 22:31:25.556 [info] > git rev-parse --show-toplevel [3ms]
2024-10-14 22:31:25.556 [info] > git rev-parse --git-dir --git-common-dir [1ms]
2024-10-14 22:31:25.556 [info] [Model][openRepository] Opened repository: /workspace/boilerplate-project-issuetracker
2024-10-14 22:31:25.556 [info] > git config --get commit.template [4ms]
2024-10-14 22:31:25.556 [info] > git rev-parse --show-toplevel [116ms]
2024-10-14 22:31:25.556 [info] > git for-each-ref --format=%(refname)%00%(upstream:short)%00%(objectname)%00%(upstream:track)%00%(upstream:remotename)%00%(upstream:remoteref) refs/heads/main refs/remotes/main [5ms]
2024-10-14 22:31:25.556 [info] > git rev-parse --show-toplevel [2ms]
2024-10-14 22:31:25.556 [warning] [Git][revParse] Unable to read file: ENOENT: no such file or directory, open '/workspace/boilerplate-project-issuetracker/.git/refs/remotes/origin/main'
2024-10-14 22:31:25.556 [info] > git rev-parse refs/remotes/origin/main [4ms]
2024-10-14 22:31:25.556 [info] > git status -z -uall [7ms]
2024-10-14 22:31:25.556 [info] > git rev-parse --show-toplevel [12ms]
2024-10-14 22:31:25.556 [info] > git for-each-ref --format=%(refname)%00%(upstream:short)%00%(objectname)%00%(upstream:track)%00%(upstream:remotename)%00%(upstream:remoteref) refs/heads/main refs/remotes/main [11ms]
2024-10-14 22:31:25.556 [info] > git config --get commit.template [5ms]
2024-10-14 22:31:25.556 [info] > git rev-parse --show-toplevel [10ms]
2024-10-14 22:31:25.556 [info] [Model][doInitialScan] Initial repository scan completed - repositories (1), closed repositories (0), parent repositories (0), unsafe repositories (0)
2024-10-14 22:31:25.556 [info] > git config --local branch.main.vscode-merge-base [112ms]
2024-10-14 22:31:25.556 [warning] [Git][config] git config failed: Failed to execute git
2024-10-14 22:31:25.556 [info] > git reflog main --grep-reflog=branch: Created from *. [6ms]
2024-10-14 22:31:25.557 [info] > git for-each-ref --format=%(refname)%00%(upstream:short)%00%(objectname)%00%(upstream:track)%00%(upstream:remotename)%00%(upstream:remoteref) refs/heads/main refs/remotes/main [7ms]
2024-10-14 22:31:25.560 [warning] [Git][revParse] Unable to read file: ENOENT: no such file or directory, open '/workspace/boilerplate-project-issuetracker/.git/refs/remotes/origin/main'
2024-10-14 22:31:25.561 [info] > git symbolic-ref --short refs/remotes/origin/HEAD [5ms]
2024-10-14 22:31:25.564 [info] > git rev-parse refs/remotes/origin/main [4ms]
2024-10-14 22:31:25.570 [info] > git status -z -uall [3ms]
2024-10-14 22:31:25.571 [info] > git for-each-ref --format=%(refname)%00%(upstream:short)%00%(objectname)%00%(upstream:track)%00%(upstream:remotename)%00%(upstream:remoteref) refs/heads/origin/main refs/remotes/origin/main [6ms]
2024-10-14 22:31:25.580 [info] > git config --local branch.main.vscode-merge-base origin/main [6ms]
2024-10-14 22:31:25.584 [info] > git for-each-ref --format=%(refname)%00%(upstream:short)%00%(objectname)%00%(upstream:track)%00%(upstream:remotename)%00%(upstream:remoteref) refs/heads/main refs/remotes/main [6ms]
2024-10-14 22:31:25.588 [info] > git config --get commit.template [5ms]
2024-10-14 22:31:25.592 [info] > git config --local branch.main.vscode-merge-base [5ms]
2024-10-14 22:31:25.596 [info] > git for-each-ref --format=%(refname)%00%(upstream:short)%00%(objectname)%00%(upstream:track)%00%(upstream:remotename)%00%(upstream:remoteref) refs/heads/main refs/remotes/main [5ms]
2024-10-14 22:31:25.607 [warning] [Git][revParse] Unable to read file: ENOENT: no such file or directory, open '/workspace/boilerplate-project-issuetracker/.git/refs/remotes/origin/main'
2024-10-14 22:31:25.607 [info] > git for-each-ref --format=%(refname)%00%(upstream:short)%00%(objectname)%00%(upstream:track)%00%(upstream:remotename)%00%(upstream:remoteref) refs/heads/origin/main refs/remotes/origin/main [11ms]
2024-10-14 22:31:25.612 [info] > git rev-parse refs/remotes/origin/main [5ms]
2024-10-14 22:31:25.615 [info] > git merge-base refs/heads/main refs/remotes/origin/main [4ms]
2024-10-14 22:31:25.620 [info] > git status -z -uall [5ms]
2024-10-14 22:31:25.625 [info] > git rev-list --count --left-right refs/heads/main...refs/remotes/origin/main [6ms]
2024-10-14 22:31:25.629 [info] > git for-each-ref --format=%(refname)%00%(upstream:short)%00%(objectname)%00%(upstream:track)%00%(upstream:remotename)%00%(upstream:remoteref) refs/heads/main refs/remotes/main [5ms]
2024-10-14 22:31:25.633 [info] > git diff --name-status -z --diff-filter=ADMR 61f8902cff227aee224fa59d9497e9b9db08c5da...refs/remotes/origin/main [4ms]
2024-10-14 22:31:25.636 [info] > git config --local branch.main.vscode-merge-base [3ms]
2024-10-14 22:31:25.673 [info] > git for-each-ref --format=%(refname)%00%(upstream:short)%00%(objectname)%00%(upstream:track)%00%(upstream:remotename)%00%(upstream:remoteref) refs/heads/origin/main refs/remotes/origin/main [34ms]
2024-10-14 22:31:26.063 [info] > git check-ignore -v -z --stdin [2ms]
2024-10-14 22:31:29.929 [info] > git config --local branch.main.github-pr-owner-number [2ms]
2024-10-14 22:31:29.929 [warning] [Git][config] git config failed: Failed to execute git
2024-10-14 22:31:40.265 [info] > git config --get commit.template [5ms]
2024-10-14 22:31:40.265 [info] > git for-each-ref --format=%(refname)%00%(upstream:short)%00%(objectname)%00%(upstream:track)%00%(upstream:remotename)%00%(upstream:remoteref) refs/heads/main refs/remotes/main [2ms]
2024-10-14 22:31:40.269 [warning] [Git][revParse] Unable to read file: ENOENT: no such file or directory, open '/workspace/boilerplate-project-issuetracker/.git/refs/remotes/origin/main'
2024-10-14 22:31:40.271 [info] > git rev-parse refs/remotes/origin/main [1ms]
2024-10-14 22:31:40.276 [info] > git status -z -uall [2ms]
2024-10-14 22:31:40.284 [info] > git for-each-ref --format=%(refname)%00%(upstream:short)%00%(objectname)%00%(upstream:track)%00%(upstream:remotename)%00%(upstream:remoteref) refs/heads/main refs/remotes/main [3ms]
2024-10-14 22:31:40.297 [info] > git config --local branch.main.vscode-merge-base [8ms]
2024-10-14 22:31:40.310 [info] > git for-each-ref --format=%(refname)%00%(upstream:short)%00%(objectname)%00%(upstream:track)%00%(upstream:remotename)%00%(upstream:remoteref) refs/heads/origin/main refs/remotes/origin/main [9ms]
2024-10-14 22:31:48.663 [info] > git show --textconv :server.js [4ms]
2024-10-14 22:31:48.665 [info] > git ls-files --stage -- /workspace/boilerplate-project-issuetracker/server.js [1ms]
2024-10-14 22:31:48.669 [info] > git cat-file -s 7d63e9fc11eeba9d2002b61cd055f1408b4a9571 [1ms]
2024-10-14 22:32:54.449 [info] > git show --textconv :sample.env [5ms]
2024-10-14 22:32:54.450 [info] > git ls-files --stage -- /workspace/boilerplate-project-issuetracker/sample.env [2ms]
2024-10-14 22:32:54.456 [info] > git cat-file -s 0c4292903ed1b125398eb88501007c8fb37a48aa [2ms]
2024-10-14 22:33:01.747 [info] > git check-ignore -v -z --stdin [2ms]
2024-10-14 22:33:03.475 [info] > git check-ignore -v -z --stdin [2ms]
2024-10-14 22:33:05.359 [info] > git check-ignore -v -z --stdin [3ms]
2024-10-14 22:33:08.077 [info] > git check-ignore -v -z --stdin [2ms]
2024-10-14 22:33:11.098 [info] > git check-ignore -v -z --stdin [2ms]
2024-10-14 22:33:15.186 [info] > git show --textconv :views/index.html [4ms]
2024-10-14 22:33:15.187 [info] > git ls-files --stage -- /workspace/boilerplate-project-issuetracker/views/index.html [1ms]
2024-10-14 22:33:15.192 [info] > git cat-file -s 9310b4328038ffdb7d5d03d708c095f580136e63 [2ms]
2024-10-14 22:33:17.298 [info] > git show --textconv :views/issue.html [4ms]
2024-10-14 22:33:17.300 [info] > git ls-files --stage -- /workspace/boilerplate-project-issuetracker/views/issue.html [2ms]
2024-10-14 22:33:17.305 [info] > git cat-file -s e1205d6e3612649b9ecb3372c73bd803be4be3d4 [2ms]
