2024-10-02 21:37:09.976 [info] Log level: Info
2024-10-02 21:37:09.976 [info] VSCODE_MACHINE_ID: 86ef5178-1edc-435f-9cbf-388e34797139
2024-10-02 21:37:09.976 [info] VSCODE_SESSION_ID: 7d2f0b75-e526-447f-803f-ad530a2a2bf91727905025155
2024-10-02 21:37:09.976 [info] VSCODE_VERSION: 1.93.1
2024-10-02 21:37:09.976 [info] VSCODE_APP_NAME: Gitpod Code
2024-10-02 21:37:09.976 [info] VSCODE_APP_HOST: Gitpod
2024-10-02 21:37:09.976 [info] VSCODE_UI_KIND: web
2024-10-02 21:37:09.976 [info] GITPOD_WORKSPACE_CONTEXT_URL: https://github.com/freeCodeCamp/boilerplate-project-exercisetracker/
2024-10-02 21:37:09.976 [info] GITPOD_INSTANCE_ID: ed1dc452-8e25-4eda-ab56-a161e5cb0c3b
2024-10-02 21:37:09.976 [info] GITPOD_WORKSPACE_URL: https://freecodecam-boilerplate-04rxr268f3n.ws-us116.gitpod.io
2024-10-02 21:37:09.976 [info] Gitpod Web 7ff72a2
2024-10-02 21:37:09.976 [info] Reading sessions from keychain...
2024-10-02 21:37:11.566 [info] Getting sessions for all scopes...
2024-10-02 21:37:11.566 [info] Getting GitHub sessions for all scopes...
2024-10-02 21:37:11.566 [info] Getting sessions for function:accessCodeSyncStorage...
2024-10-02 21:37:11.566 [info] Got 1 GitHub sessions for all scopes...
2024-10-02 21:37:11.567 [info] Got stored sessions!
2024-10-02 21:37:11.568 [info] Verified session with the following scopes: function:accessCodeSyncStorage function:closePort function:controlAdmission function:deleteEnvVar function:generateNewGitpodToken function:getDefaultWorkspaceImage function:getGitpodTokenScopes function:getIDToken function:getLoggedInUser function:getOpenPorts function:getSupportedWorkspaceClasses function:getTeams function:getToken function:getWorkspace function:getWorkspaceEnvVars function:getWorkspaceOwner function:getWorkspaceTimeout function:getWorkspaceUsers function:guessGitTokenScopes function:isWorkspaceOwner function:openPort function:sendHeartBeat function:setEnvVar function:setWorkspaceTimeout function:stopWorkspace function:takeSnapshot function:trackEvent function:updateGitStatus function:waitForSnapshot resource:contentBlob::*::create/get resource:envVar::*/*::update resource:envVar::freeCodeCamp/boilerplate-project-exercisetracker::create/get/update/delete resource:gitpodToken::*::create resource:snapshot::ws-freecodecam-boilerplate-04rxr268f3n::create resource:token::*::get resource:userStorage::*::create/get/update resource:workspace::freecodecam-boilerplate-04rxr268f3n::get/update resource:workspaceInstance::ed1dc452-8e25-4eda-ab56-a161e5cb0c3b::get/update/delete
2024-10-02 21:37:11.571 [info] Got 1 verified sessions.
2024-10-02 21:37:11.571 [info] Got 1 sessions for all scopes...
2024-10-02 21:37:11.571 [info] Got 1 sessions for function:accessCodeSyncStorage...
2024-10-02 21:37:12.499 [info] Getting GitHub sessions for all scopes...
2024-10-02 21:37:12.499 [info] Getting sessions for all scopes...
2024-10-02 21:37:12.499 [info] Got 1 GitHub sessions for all scopes...
2024-10-02 21:37:12.499 [info] Got 1 sessions for all scopes...
2024-10-02 21:37:12.868 [info] Getting GitHub sessions for read:user,repo,user:email,workflow...
2024-10-02 21:37:12.868 [info] Got 0 GitHub sessions for read:user,repo,user:email,workflow...
2024-10-02 21:37:13.093 [info] Getting GitHub sessions for project,read:org,read:user,repo,user:email,workflow...
2024-10-02 21:37:13.093 [info] Got 0 GitHub sessions for project,read:org,read:user,repo,user:email,workflow...
2024-10-02 21:37:13.442 [info] Getting GitHub sessions for read:user,repo,user:email,workflow...
2024-10-02 21:37:13.443 [info] Got 0 GitHub sessions for read:user,repo,user:email,workflow...
2024-10-02 21:37:14.164 [info] Getting GitHub sessions for read:user,repo,user:email...
2024-10-02 21:37:14.164 [info] Got 0 GitHub sessions for read:user,repo,user:email...
2024-10-02 21:37:14.660 [info] Getting GitHub sessions for read:user,repo,user:email,workflow...
2024-10-02 21:37:14.660 [info] Got 0 GitHub sessions for read:user,repo,user:email,workflow...
2024-10-02 23:43:03.540 [error] cannot maintain connection to supervisor 13 INTERNAL: closed
2024-10-02 23:43:04.542 [error] cannot maintain connection to supervisor 13 INTERNAL: closed
2024-10-02 23:43:05.544 [error] cannot maintain connection to supervisor 13 INTERNAL: closed
2024-10-02 23:43:06.546 [error] cannot maintain connection to supervisor 13 INTERNAL: closed
2024-10-02 23:43:07.548 [error] cannot maintain connection to supervisor 13 INTERNAL: closed
2024-10-02 23:43:08.549 [error] cannot maintain connection to supervisor 13 INTERNAL: closed
2024-10-02 23:43:09.552 [error] cannot maintain connection to supervisor 13 INTERNAL: closed
2024-10-02 23:43:10.554 [error] cannot maintain connection to supervisor 13 INTERNAL: closed
2024-10-02 23:43:11.556 [error] cannot maintain connection to supervisor 13 INTERNAL: closed
2024-10-02 23:43:12.559 [error] cannot maintain connection to supervisor 13 INTERNAL: closed
2024-10-02 23:43:13.560 [error] cannot maintain connection to supervisor 13 INTERNAL: closed
2024-10-02 23:43:14.562 [error] cannot maintain connection to supervisor 13 INTERNAL: closed
2024-10-02 23:43:15.564 [error] cannot maintain connection to supervisor 13 INTERNAL: closed
2024-10-02 23:43:16.565 [error] cannot maintain connection to supervisor 13 INTERNAL: closed
