2024-10-10 00:02:49.696 [info] [main] Log level: Info
2024-10-10 00:02:49.696 [info] [main] Validating found git in: "git"
2024-10-10 00:02:49.696 [info] [main] Using git "2.46.0" from "git"
2024-10-10 00:02:49.696 [info] [Model][doInitialScan] Initial repository scan started
2024-10-10 00:02:49.696 [info] > git rev-parse --show-toplevel [4ms]
2024-10-10 00:02:49.696 [info] > git rev-parse --git-dir --git-common-dir [2ms]
2024-10-10 00:02:49.696 [info] [Model][openRepository] Opened repository: /workspace/boilerplate-project-metricimpconverter
2024-10-10 00:02:49.696 [info] > git config --get commit.template [4ms]
2024-10-10 00:02:49.696 [info] > git rev-parse --show-toplevel [2ms]
2024-10-10 00:02:49.696 [info] > git for-each-ref --format=%(refname)%00%(upstream:short)%00%(objectname)%00%(upstream:track)%00%(upstream:remotename)%00%(upstream:remoteref) refs/heads/main refs/remotes/main [5ms]
2024-10-10 00:02:49.696 [warning] [Git][revParse] Unable to read file: ENOENT: no such file or directory, open '/workspace/boilerplate-project-metricimpconverter/.git/refs/remotes/origin/main'
2024-10-10 00:02:49.696 [info] > git rev-parse --show-toplevel [5ms]
2024-10-10 00:02:49.696 [info] > git rev-parse refs/remotes/origin/main [4ms]
2024-10-10 00:02:49.696 [info] > git rev-parse --show-toplevel [4ms]
2024-10-10 00:02:49.696 [info] > git status -z -uall [4ms]
2024-10-10 00:02:49.696 [info] > git for-each-ref --format=%(refname)%00%(upstream:short)%00%(objectname)%00%(upstream:track)%00%(upstream:remotename)%00%(upstream:remoteref) refs/heads/main refs/remotes/main [9ms]
2024-10-10 00:02:49.696 [info] > git rev-parse --show-toplevel [17ms]
2024-10-10 00:02:49.696 [info] > git config --get commit.template [12ms]
2024-10-10 00:02:49.696 [info] > git rev-parse --show-toplevel [5ms]
2024-10-10 00:02:49.696 [info] [Model][doInitialScan] Initial repository scan completed - repositories (1), closed repositories (0), parent repositories (0), unsafe repositories (0)
2024-10-10 00:02:49.696 [info] > git config --local branch.main.vscode-merge-base [10ms]
2024-10-10 00:02:49.696 [warning] [Git][config] git config failed: Failed to execute git
2024-10-10 00:02:49.696 [info] > git reflog main --grep-reflog=branch: Created from *. [4ms]
2024-10-10 00:02:49.696 [info] > git for-each-ref --format=%(refname)%00%(upstream:short)%00%(objectname)%00%(upstream:track)%00%(upstream:remotename)%00%(upstream:remoteref) refs/heads/main refs/remotes/main [5ms]
2024-10-10 00:02:49.696 [info] > git symbolic-ref --short refs/remotes/origin/HEAD [140ms]
2024-10-10 00:02:49.696 [warning] [Git][revParse] Unable to read file: ENOENT: no such file or directory, open '/workspace/boilerplate-project-metricimpconverter/.git/refs/remotes/origin/main'
2024-10-10 00:02:49.696 [info] > git for-each-ref --format=%(refname)%00%(upstream:short)%00%(objectname)%00%(upstream:track)%00%(upstream:remotename)%00%(upstream:remoteref) refs/heads/origin/main refs/remotes/origin/main [4ms]
2024-10-10 00:02:49.696 [info] > git rev-parse refs/remotes/origin/main [7ms]
2024-10-10 00:02:49.696 [info] > git config --local branch.main.vscode-merge-base origin/main [5ms]
2024-10-10 00:02:49.696 [info] > git status -z -uall [6ms] (cancelled)
2024-10-10 00:02:49.696 [info] > git config --get commit.template [110ms]
2024-10-10 00:02:49.697 [info] > git for-each-ref --format=%(refname)%00%(upstream:short)%00%(objectname)%00%(upstream:track)%00%(upstream:remotename)%00%(upstream:remoteref) refs/heads/main refs/remotes/main [3ms]
2024-10-10 00:02:49.701 [warning] [Git][revParse] Unable to read file: ENOENT: no such file or directory, open '/workspace/boilerplate-project-metricimpconverter/.git/refs/remotes/origin/main'
2024-10-10 00:02:49.703 [info] > git rev-parse refs/remotes/origin/main [2ms]
2024-10-10 00:02:49.709 [info] > git status -z -uall [2ms]
2024-10-10 00:02:49.719 [info] > git for-each-ref --format=%(refname)%00%(upstream:short)%00%(objectname)%00%(upstream:track)%00%(upstream:remotename)%00%(upstream:remoteref) refs/heads/main refs/remotes/main [5ms]
2024-10-10 00:02:49.724 [info] > git merge-base refs/heads/main refs/remotes/origin/main [5ms]
2024-10-10 00:02:49.728 [info] > git config --local branch.main.vscode-merge-base [5ms]
2024-10-10 00:02:49.732 [info] > git rev-list --count --left-right refs/heads/main...refs/remotes/origin/main [4ms]
2024-10-10 00:02:49.737 [info] > git for-each-ref --format=%(refname)%00%(upstream:short)%00%(objectname)%00%(upstream:track)%00%(upstream:remotename)%00%(upstream:remoteref) refs/heads/origin/main refs/remotes/origin/main [5ms]
2024-10-10 00:02:49.738 [info] > git diff --name-status -z --diff-filter=ADMR 3de81bc68b2943aa530f3fc3999cb32fbac332b6...refs/remotes/origin/main [2ms]
2024-10-10 00:02:50.203 [info] > git check-ignore -v -z --stdin [3ms]
2024-10-10 00:02:50.360 [info] > git config --local branch.main.github-pr-owner-number [3ms]
2024-10-10 00:02:50.360 [warning] [Git][config] git config failed: Failed to execute git
2024-10-10 00:02:50.784 [info] > git config --get commit.template [4ms]
2024-10-10 00:02:50.786 [info] > git for-each-ref --format=%(refname)%00%(upstream:short)%00%(objectname)%00%(upstream:track)%00%(upstream:remotename)%00%(upstream:remoteref) refs/heads/main refs/remotes/main [3ms]
2024-10-10 00:02:50.789 [warning] [Git][revParse] Unable to read file: ENOENT: no such file or directory, open '/workspace/boilerplate-project-metricimpconverter/.git/refs/remotes/origin/main'
2024-10-10 00:02:50.790 [info] > git rev-parse refs/remotes/origin/main [1ms]
2024-10-10 00:02:50.796 [info] > git status -z -uall [3ms]
2024-10-10 00:02:50.812 [info] > git for-each-ref --format=%(refname)%00%(upstream:short)%00%(objectname)%00%(upstream:track)%00%(upstream:remotename)%00%(upstream:remoteref) refs/heads/main refs/remotes/main [11ms]
2024-10-10 00:02:50.818 [info] > git config --local branch.main.vscode-merge-base [2ms]
2024-10-10 00:02:50.824 [info] > git for-each-ref --format=%(refname)%00%(upstream:short)%00%(objectname)%00%(upstream:track)%00%(upstream:remotename)%00%(upstream:remoteref) refs/heads/origin/main refs/remotes/origin/main [2ms]
2024-10-10 00:03:06.484 [info] > git check-ignore -v -z --stdin [2ms]
2024-10-10 00:03:19.111 [info] > git show --textconv :server.js [6ms]
2024-10-10 00:03:19.112 [info] > git ls-files --stage -- /workspace/boilerplate-project-metricimpconverter/server.js [2ms]
2024-10-10 00:03:19.118 [info] > git cat-file -s 270772877d7ecb46a7f34b3f311cdda2db57a9e9 [2ms]
2024-10-10 00:04:24.408 [info] > git show --textconv :README.md [7ms]
2024-10-10 00:04:24.408 [info] > git ls-files --stage -- /workspace/boilerplate-project-metricimpconverter/README.md [3ms]
2024-10-10 00:04:24.505 [info] > git cat-file -s 60d5bf56e933c1c6b3fae4419b4668320a55dedc [93ms]
2024-10-10 00:04:31.868 [info] > git show --textconv :server.js [5ms]
2024-10-10 00:04:31.869 [info] > git ls-files --stage -- /workspace/boilerplate-project-metricimpconverter/server.js [2ms]
2024-10-10 00:04:31.875 [info] > git cat-file -s 270772877d7ecb46a7f34b3f311cdda2db57a9e9 [2ms]
2024-10-10 00:05:27.740 [info] > git show --textconv :assertion-analyser.js [5ms]
2024-10-10 00:05:27.742 [info] > git ls-files --stage -- /workspace/boilerplate-project-metricimpconverter/assertion-analyser.js [2ms]
2024-10-10 00:05:27.748 [info] > git cat-file -s b007281b6f1b7bc3c612e97325aedcc3e0156524 [2ms]
2024-10-10 00:05:32.353 [info] > git show --textconv :test-runner.js [5ms]
2024-10-10 00:05:32.356 [info] > git ls-files --stage -- /workspace/boilerplate-project-metricimpconverter/test-runner.js [3ms]
2024-10-10 00:05:32.362 [info] > git cat-file -s 1db1e93b9315be876ea9683f65d4cb55db27417a [2ms]
2024-10-10 00:05:55.277 [info] > git show --textconv :sample.env [4ms]
2024-10-10 00:05:55.278 [info] > git ls-files --stage -- /workspace/boilerplate-project-metricimpconverter/sample.env [2ms]
2024-10-10 00:05:55.283 [info] > git cat-file -s 20ead7f26a6e3325da9f63f814b6c2837231fd25 [2ms]
2024-10-10 00:06:01.738 [info] > git show --textconv :README.md [6ms]
2024-10-10 00:06:01.740 [info] > git ls-files --stage -- /workspace/boilerplate-project-metricimpconverter/README.md [3ms]
2024-10-10 00:06:01.746 [info] > git cat-file -s 60d5bf56e933c1c6b3fae4419b4668320a55dedc [2ms]
2024-10-10 00:06:15.841 [info] > git show --textconv :.gitpod.yml [6ms]
2024-10-10 00:06:15.843 [info] > git ls-files --stage -- /workspace/boilerplate-project-metricimpconverter/.gitpod.yml [3ms]
2024-10-10 00:06:15.851 [info] > git cat-file -s 74f8bff0f7b47437745ab1f761f78520f6dfe8de [2ms]
2024-10-10 00:06:34.154 [info] > git show --textconv :package.json [11ms]
2024-10-10 00:06:34.154 [info] > git ls-files --stage -- /workspace/boilerplate-project-metricimpconverter/package.json [3ms]
2024-10-10 00:06:34.160 [info] > git cat-file -s 015da23aeaaf6cef86c35fce77fdedc2304ee816 [2ms]
2024-10-10 00:06:52.097 [info] > git check-ignore -v -z --stdin [2ms]
2024-10-10 00:06:53.936 [info] > git show --textconv :controllers/convertHandler.js [5ms]
2024-10-10 00:06:53.937 [info] > git ls-files --stage -- /workspace/boilerplate-project-metricimpconverter/controllers/convertHandler.js [2ms]
2024-10-10 00:06:53.942 [info] > git cat-file -s 90273d29583cdf23f9a45b45e613064df0a1fa29 [1ms]
