2024-10-23 17:31:07.152 [info] Log level: Info
2024-10-23 17:31:07.842 [info] VSCODE_MACHINE_ID: 548b41ca-8ecb-41b0-8ad5-1ba477d031a3
2024-10-23 17:31:07.842 [info] VSCODE_SESSION_ID: 9c6b035b-a734-44bb-a317-0fdef547a8eb1729704664690
2024-10-23 17:31:07.842 [info] VSCODE_VERSION: 1.94.2
2024-10-23 17:31:07.842 [info] VSCODE_APP_NAME: Gitpod Code
2024-10-23 17:31:07.842 [info] VSCODE_APP_HOST: Gitpod
2024-10-23 17:31:07.842 [info] VSCODE_UI_KIND: web
2024-10-23 17:31:07.842 [info] GITPOD_WORKSPACE_CONTEXT_URL: https://github.com/freecodecamp/boilerplate-project-sudoku-solver
2024-10-23 17:31:07.842 [info] GITPOD_INSTANCE_ID: ecc805cf-4b26-454b-bfc9-c40f5e99579f
2024-10-23 17:31:07.842 [info] GITPOD_WORKSPACE_URL: https://freecodecam-boilerplate-dzaep3wo8ql.ws-us116.gitpod.io
2024-10-23 17:31:07.848 [info] Gitpod Web 7ff72a2
2024-10-23 17:31:07.848 [info] Reading sessions from keychain...
2024-10-23 17:31:08.951 [info] Getting sessions for all scopes...
2024-10-23 17:31:08.951 [info] Getting sessions for all scopes...
2024-10-23 17:31:08.951 [info] Getting GitHub sessions for all scopes...
2024-10-23 17:31:08.951 [info] Getting sessions for function:accessCodeSyncStorage...
2024-10-23 17:31:08.951 [info] Got 1 GitHub sessions for all scopes...
2024-10-23 17:31:08.952 [info] Got stored sessions!
2024-10-23 17:31:08.952 [info] Verified session with the following scopes: function:accessCodeSyncStorage function:closePort function:controlAdmission function:deleteEnvVar function:generateNewGitpodToken function:getDefaultWorkspaceImage function:getGitpodTokenScopes function:getIDToken function:getLoggedInUser function:getOpenPorts function:getSupportedWorkspaceClasses function:getTeams function:getToken function:getWorkspace function:getWorkspaceEnvVars function:getWorkspaceOwner function:getWorkspaceTimeout function:getWorkspaceUsers function:guessGitTokenScopes function:isWorkspaceOwner function:openPort function:sendHeartBeat function:setEnvVar function:setWorkspaceTimeout function:stopWorkspace function:takeSnapshot function:trackEvent function:updateGitStatus function:waitForSnapshot resource:contentBlob::*::create/get resource:envVar::*/**::update resource:envVar::*/*::update resource:envVar::freeCodeCamp/boilerplate-project-sudoku-solver::create/get/update/delete resource:gitpodToken::*::create resource:snapshot::ws-freecodecam-boilerplate-dzaep3wo8ql::create resource:token::*::get resource:userStorage::*::create/get/update resource:workspace::freecodecam-boilerplate-dzaep3wo8ql::get/update resource:workspaceInstance::ecc805cf-4b26-454b-bfc9-c40f5e99579f::get/update/delete
2024-10-23 17:31:08.954 [info] Got 1 verified sessions.
2024-10-23 17:31:08.955 [info] Got 1 sessions for all scopes...
2024-10-23 17:31:08.955 [info] Got 1 sessions for all scopes...
2024-10-23 17:31:08.955 [info] Got 1 sessions for function:accessCodeSyncStorage...
2024-10-23 17:31:10.054 [info] Getting GitHub sessions for read:user,repo,user:email,workflow...
2024-10-23 17:31:10.054 [info] Getting GitHub sessions for all scopes...
2024-10-23 17:31:10.054 [info] Getting GitHub sessions for all scopes...
2024-10-23 17:31:10.054 [info] Getting sessions for all scopes...
2024-10-23 17:31:10.054 [info] Got 0 GitHub sessions for read:user,repo,user:email,workflow...
2024-10-23 17:31:10.054 [info] Got 1 GitHub sessions for all scopes...
2024-10-23 17:31:10.055 [info] Got 1 GitHub sessions for all scopes...
2024-10-23 17:31:10.055 [info] Got 1 sessions for all scopes...
2024-10-23 17:31:10.150 [info] Getting sessions for all scopes...
2024-10-23 17:31:10.151 [info] Getting GitHub sessions for all scopes...
2024-10-23 17:31:10.151 [info] Got 1 sessions for all scopes...
2024-10-23 17:31:10.151 [info] Got 1 GitHub sessions for all scopes...
2024-10-23 17:31:10.239 [info] Getting GitHub sessions for project,read:org,read:user,repo,user:email,workflow...
2024-10-23 17:31:10.239 [info] Got 0 GitHub sessions for project,read:org,read:user,repo,user:email,workflow...
2024-10-23 17:31:10.375 [info] Getting GitHub sessions for read:user,repo,user:email,workflow...
2024-10-23 17:31:10.375 [info] Got 0 GitHub sessions for read:user,repo,user:email,workflow...
2024-10-23 17:31:10.610 [info] Getting GitHub sessions for read:user,repo,user:email...
2024-10-23 17:31:10.610 [info] Got 0 GitHub sessions for read:user,repo,user:email...
2024-10-23 17:31:10.713 [info] Getting GitHub sessions for read:user,repo,user:email,workflow...
2024-10-23 17:31:10.713 [info] Got 0 GitHub sessions for read:user,repo,user:email,workflow...
2024-10-23 19:53:46.924 [error] cannot maintain connection to supervisor 13 INTERNAL: closed
2024-10-23 19:53:47.927 [error] cannot maintain connection to supervisor 13 INTERNAL: closed
2024-10-23 19:53:48.928 [error] cannot maintain connection to supervisor 13 INTERNAL: closed
2024-10-23 19:53:49.931 [error] cannot maintain connection to supervisor 13 INTERNAL: closed
2024-10-23 19:53:50.933 [error] cannot maintain connection to supervisor 13 INTERNAL: closed
2024-10-23 19:53:51.935 [error] cannot maintain connection to supervisor 13 INTERNAL: closed
2024-10-23 19:53:52.938 [error] cannot maintain connection to supervisor 13 INTERNAL: closed
2024-10-23 19:53:53.941 [error] cannot maintain connection to supervisor 13 INTERNAL: closed
2024-10-23 19:53:54.942 [error] cannot maintain connection to supervisor 13 INTERNAL: closed
2024-10-23 19:53:55.945 [error] cannot maintain connection to supervisor 13 INTERNAL: closed
2024-10-23 19:53:56.947 [error] cannot maintain connection to supervisor 13 INTERNAL: closed
2024-10-23 19:53:57.949 [error] cannot maintain connection to supervisor 13 INTERNAL: closed
2024-10-23 19:53:58.951 [error] cannot maintain connection to supervisor 13 INTERNAL: closed
2024-10-23 19:53:59.953 [error] cannot maintain connection to supervisor 13 INTERNAL: closed
