2024-10-07 21:33:36.113 [info] Log level: Info
2024-10-07 21:33:36.113 [info] VSCODE_MACHINE_ID: 86ef5178-1edc-435f-9cbf-388e34797139
2024-10-07 21:33:36.113 [info] VSCODE_SESSION_ID: 01b6739c-d260-4a5f-8599-72388742e43a1728336813773
2024-10-07 21:33:36.113 [info] VSCODE_VERSION: 1.93.1
2024-10-07 21:33:36.113 [info] VSCODE_APP_NAME: Gitpod Code
2024-10-07 21:33:36.113 [info] VSCODE_APP_HOST: Gitpod
2024-10-07 21:33:36.113 [info] VSCODE_UI_KIND: web
2024-10-07 21:33:36.113 [info] GITPOD_WORKSPACE_CONTEXT_URL: https://github.com/freeCodeCamp/boilerplate-project-exercisetracker/
2024-10-07 21:33:36.113 [info] GITPOD_INSTANCE_ID: ae93b2f8-c80b-4cd7-ac53-7cc6506b0a1a
2024-10-07 21:33:36.113 [info] GITPOD_WORKSPACE_URL: https://freecodecam-boilerplate-04rxr268f3n.ws-us116.gitpod.io
2024-10-07 21:33:36.113 [info] Gitpod Web 7ff72a2
2024-10-07 21:33:36.113 [info] Reading sessions from keychain...
2024-10-07 21:33:36.317 [info] Getting sessions for all scopes...
2024-10-07 21:33:36.317 [info] Getting GitHub sessions for all scopes...
2024-10-07 21:33:36.317 [info] Getting sessions for function:accessCodeSyncStorage...
2024-10-07 21:33:36.317 [info] Got stored sessions!
2024-10-07 21:33:36.317 [info] Verified session with the following scopes: function:accessCodeSyncStorage function:closePort function:controlAdmission function:deleteEnvVar function:generateNewGitpodToken function:getDefaultWorkspaceImage function:getGitpodTokenScopes function:getIDToken function:getLoggedInUser function:getOpenPorts function:getSupportedWorkspaceClasses function:getTeams function:getToken function:getWorkspace function:getWorkspaceEnvVars function:getWorkspaceOwner function:getWorkspaceTimeout function:getWorkspaceUsers function:guessGitTokenScopes function:isWorkspaceOwner function:openPort function:sendHeartBeat function:setEnvVar function:setWorkspaceTimeout function:stopWorkspace function:takeSnapshot function:trackEvent function:updateGitStatus function:waitForSnapshot resource:contentBlob::*::create/get resource:envVar::*/*::update resource:envVar::freeCodeCamp/boilerplate-project-exercisetracker::create/get/update/delete resource:gitpodToken::*::create resource:snapshot::ws-freecodecam-boilerplate-04rxr268f3n::create resource:token::*::get resource:userStorage::*::create/get/update resource:workspace::freecodecam-boilerplate-04rxr268f3n::get/update resource:workspaceInstance::ae93b2f8-c80b-4cd7-ac53-7cc6506b0a1a::get/update/delete
2024-10-07 21:33:36.320 [info] Got 1 verified sessions.
2024-10-07 21:33:36.320 [info] Got 1 sessions for all scopes...
2024-10-07 21:33:36.320 [info] Got 1 sessions for function:accessCodeSyncStorage...
2024-10-07 21:33:36.455 [info] Got 1 GitHub sessions for all scopes...
2024-10-07 21:33:36.580 [info] Getting sessions for all scopes...
2024-10-07 21:33:36.581 [info] Got 1 sessions for all scopes...
2024-10-07 21:33:36.605 [info] Getting GitHub sessions for all scopes...
2024-10-07 21:33:36.605 [info] Got 1 GitHub sessions for all scopes...
2024-10-07 21:33:36.721 [info] Getting GitHub sessions for read:user,repo,user:email,workflow...
2024-10-07 21:33:36.721 [info] Got 0 GitHub sessions for read:user,repo,user:email,workflow...
2024-10-07 21:33:36.809 [info] Getting GitHub sessions for project,read:org,read:user,repo,user:email,workflow...
2024-10-07 21:33:36.809 [info] Got 0 GitHub sessions for project,read:org,read:user,repo,user:email,workflow...
2024-10-07 21:33:36.913 [info] Getting GitHub sessions for read:user,repo,user:email,workflow...
2024-10-07 21:33:36.913 [info] Got 0 GitHub sessions for read:user,repo,user:email,workflow...
2024-10-07 21:33:37.039 [info] Getting GitHub sessions for read:user,repo,user:email...
2024-10-07 21:33:37.039 [info] Got 0 GitHub sessions for read:user,repo,user:email...
2024-10-07 21:33:37.118 [info] Getting GitHub sessions for read:user,repo,user:email,workflow...
2024-10-07 21:33:37.118 [info] Got 0 GitHub sessions for read:user,repo,user:email,workflow...
2024-10-07 22:38:45.432 [error] cannot maintain connection to supervisor 13 INTERNAL: closed
2024-10-07 22:38:46.434 [error] cannot maintain connection to supervisor 13 INTERNAL: closed
2024-10-07 22:38:47.436 [error] cannot maintain connection to supervisor 13 INTERNAL: closed
2024-10-07 22:38:48.437 [error] cannot maintain connection to supervisor 13 INTERNAL: closed
2024-10-07 22:38:49.439 [error] cannot maintain connection to supervisor 13 INTERNAL: closed
2024-10-07 22:38:50.441 [error] cannot maintain connection to supervisor 13 INTERNAL: closed
2024-10-07 22:38:51.443 [error] cannot maintain connection to supervisor 13 INTERNAL: closed
2024-10-07 22:38:52.444 [error] cannot maintain connection to supervisor 13 INTERNAL: closed
2024-10-07 22:38:53.447 [error] cannot maintain connection to supervisor 13 INTERNAL: closed
2024-10-07 22:38:54.448 [error] cannot maintain connection to supervisor 13 INTERNAL: closed
2024-10-07 22:38:55.449 [error] cannot maintain connection to supervisor 13 INTERNAL: closed
2024-10-07 22:38:56.452 [error] cannot maintain connection to supervisor 13 INTERNAL: closed
2024-10-07 22:38:57.454 [error] cannot maintain connection to supervisor 13 INTERNAL: closed
2024-10-07 22:38:58.456 [error] cannot maintain connection to supervisor 13 INTERNAL: closed
