2024-09-25 21:04:46.348 [info] Log level: Info
2024-09-25 21:04:46.560 [info] VSCODE_MACHINE_ID: 86ef5178-1edc-435f-9cbf-388e34797139
2024-09-25 21:04:46.560 [info] VSCODE_SESSION_ID: d8dc618f-f911-46e8-820e-7cf5b75746dd1727298284255
2024-09-25 21:04:46.560 [info] VSCODE_VERSION: 1.93.1
2024-09-25 21:04:46.560 [info] VSCODE_APP_NAME: Gitpod Code
2024-09-25 21:04:46.560 [info] VSCODE_APP_HOST: Gitpod
2024-09-25 21:04:46.560 [info] VSCODE_UI_KIND: web
2024-09-25 21:04:46.560 [info] GITPOD_WORKSPACE_CONTEXT_URL: https://github.com/freeCodeCamp/boilerplate-project-exercisetracker/
2024-09-25 21:04:46.560 [info] GITPOD_INSTANCE_ID: d77bfcdc-8fd4-4e02-b4c5-f4d7bf984aed
2024-09-25 21:04:46.560 [info] GITPOD_WORKSPACE_URL: https://freecodecam-boilerplate-04rxr268f3n.ws-us116.gitpod.io
2024-09-25 21:04:46.565 [info] Gitpod Web 7ff72a2
2024-09-25 21:04:46.565 [info] Reading sessions from keychain...
2024-09-25 21:04:47.511 [info] Getting sessions for all scopes...
2024-09-25 21:04:47.511 [info] Getting GitHub sessions for all scopes...
2024-09-25 21:04:47.511 [info] Getting sessions for function:accessCodeSyncStorage...
2024-09-25 21:04:47.511 [info] Got 1 GitHub sessions for all scopes...
2024-09-25 21:04:47.511 [info] Got stored sessions!
2024-09-25 21:04:47.511 [info] Verified session with the following scopes: function:accessCodeSyncStorage function:closePort function:controlAdmission function:deleteEnvVar function:generateNewGitpodToken function:getDefaultWorkspaceImage function:getGitpodTokenScopes function:getIDToken function:getLoggedInUser function:getOpenPorts function:getSupportedWorkspaceClasses function:getTeams function:getToken function:getWorkspace function:getWorkspaceEnvVars function:getWorkspaceOwner function:getWorkspaceTimeout function:getWorkspaceUsers function:guessGitTokenScopes function:isWorkspaceOwner function:openPort function:sendHeartBeat function:setEnvVar function:setWorkspaceTimeout function:stopWorkspace function:takeSnapshot function:trackEvent function:updateGitStatus function:waitForSnapshot resource:contentBlob::*::create/get resource:envVar::*/*::update resource:envVar::freeCodeCamp/boilerplate-project-exercisetracker::create/get/update/delete resource:gitpodToken::*::create resource:snapshot::ws-freecodecam-boilerplate-04rxr268f3n::create resource:token::*::get resource:userStorage::*::create/get/update resource:workspace::freecodecam-boilerplate-04rxr268f3n::get/update resource:workspaceInstance::d77bfcdc-8fd4-4e02-b4c5-f4d7bf984aed::get/update/delete
2024-09-25 21:04:47.514 [info] Got 1 verified sessions.
2024-09-25 21:04:47.514 [info] Got 1 sessions for all scopes...
2024-09-25 21:04:47.514 [info] Got 1 sessions for function:accessCodeSyncStorage...
2024-09-25 21:04:47.785 [info] Getting GitHub sessions for all scopes...
2024-09-25 21:04:47.785 [info] Getting sessions for all scopes...
2024-09-25 21:04:47.785 [info] Got 1 GitHub sessions for all scopes...
2024-09-25 21:04:47.785 [info] Got 1 sessions for all scopes...
2024-09-25 21:04:47.844 [info] Getting GitHub sessions for read:user,repo,user:email,workflow...
2024-09-25 21:04:47.844 [info] Got 0 GitHub sessions for read:user,repo,user:email,workflow...
2024-09-25 21:04:48.182 [info] Getting GitHub sessions for project,read:org,read:user,repo,user:email,workflow...
2024-09-25 21:04:48.182 [info] Got 0 GitHub sessions for project,read:org,read:user,repo,user:email,workflow...
2024-09-25 21:04:48.686 [info] Getting GitHub sessions for read:user,repo,user:email,workflow...
2024-09-25 21:04:48.686 [info] Got 0 GitHub sessions for read:user,repo,user:email,workflow...
2024-09-25 21:04:49.224 [info] Getting GitHub sessions for read:user,repo,user:email...
2024-09-25 21:04:49.224 [info] Got 0 GitHub sessions for read:user,repo,user:email...
2024-09-25 21:04:49.445 [info] Getting GitHub sessions for read:user,repo,user:email,workflow...
2024-09-25 21:04:49.445 [info] Got 0 GitHub sessions for read:user,repo,user:email,workflow...
