2024-09-24 23:23:26.443 [info] Extension host with pid 120 started
2024-09-24 23:23:26.444 [error] Error: EEXIST: file already exists, open '/workspace/.vscode-remote/data/User/workspaceStorage/-694a2d4d/vscode.lock'
2024-09-24 23:23:26.446 [info] Lock '/workspace/.vscode-remote/data/User/workspaceStorage/-694a2d4d/vscode.lock': Could not acquire lock, checking if the file is stale.
2024-09-24 23:23:26.446 [info] Lock '/workspace/.vscode-remote/data/User/workspaceStorage/-694a2d4d/vscode.lock': The lock looks stale, waiting for 2s.
2024-09-24 23:23:26.578 [info] ExtensionService#_doActivateExtension vscode.simple-browser, startup: false, activationEvent: 'onWebviewPanel:simpleBrowser.view'
2024-09-24 23:23:26.579 [info] ExtensionService#_doActivateExtension vscode.emmet, startup: false, activationEvent: 'onLanguage'
2024-09-24 23:23:26.579 [info] ExtensionService#_doActivateExtension vscode.typescript-language-features, startup: false, activationEvent: 'onLanguage:javascript'
2024-09-24 23:23:27.548 [info] ExtensionService#_doActivateExtension gitpod.gitpod-web, startup: false, activationEvent: 'onAuthenticationRequest:gitpod'
2024-09-24 23:23:27.733 [info] ExtensionService#_doActivateExtension vscode.git-base, startup: true, activationEvent: '*', root cause: vscode.git
2024-09-24 23:23:27.736 [info] ExtensionService#_doActivateExtension vscode.npm, startup: true, activationEvent: 'workspaceContains:package.json'
2024-09-24 23:23:28.447 [info] Lock '/workspace/.vscode-remote/data/User/workspaceStorage/-694a2d4d/vscode.lock': The lock looks stale even after waiting for 2s.
2024-09-24 23:23:28.447 [info] Lock '/workspace/.vscode-remote/data/User/workspaceStorage/-694a2d4d/vscode.lock': Deleting a stale lock.
2024-09-24 23:23:28.450 [info] Lock '/workspace/.vscode-remote/data/User/workspaceStorage/-694a2d4d/vscode.lock': Lock acquired.
2024-09-24 23:23:28.583 [info] ExtensionService#_doActivateExtension vscode.git, startup: true, activationEvent: '*'
2024-09-24 23:23:28.583 [info] ExtensionService#_doActivateExtension vscode.github, startup: true, activationEvent: '*'
2024-09-24 23:23:29.057 [info] Eager extensions activated
2024-09-24 23:23:29.057 [info] ExtensionService#_doActivateExtension vscode.debug-auto-launch, startup: false, activationEvent: 'onStartupFinished'
2024-09-24 23:23:29.057 [info] ExtensionService#_doActivateExtension vscode.merge-conflict, startup: false, activationEvent: 'onStartupFinished'
2024-09-24 23:23:29.058 [info] ExtensionService#_doActivateExtension vscode.github-authentication, startup: false, activationEvent: 'onStartupFinished', root cause: GitHub.vscode-pull-request-github
2024-09-24 23:23:30.240 [info] ExtensionService#_doActivateExtension GitHub.vscode-pull-request-github, startup: false, activationEvent: 'onStartupFinished'
2024-09-24 23:23:30.938 [info] ExtensionService#_doActivateExtension redhat.vscode-yaml, startup: false, activationEvent: 'onLanguage:yaml'
2024-09-24 23:23:31.644 [warning] [redhat.vscode-yaml] Accessing a resource scoped configuration without providing a resource is not expected. To get the effective value for '[yaml]', provide the URI of a resource or 'null' for any resource.
2024-09-24 23:23:31.646 [warning] [redhat.vscode-yaml] Accessing a resource scoped configuration without providing a resource is not expected. To get the effective value for '[yaml]', provide the URI of a resource or 'null' for any resource.
2024-09-24 23:23:34.004 [info] ExtensionService#_doActivateExtension vscode.configuration-editing, startup: false, activationEvent: 'onLanguage:json'
2024-09-24 23:23:34.004 [info] ExtensionService#_doActivateExtension vscode.extension-editing, startup: false, activationEvent: 'onLanguage:json'
2024-09-24 23:23:34.004 [info] ExtensionService#_doActivateExtension vscode.json-language-features, startup: false, activationEvent: 'onLanguage:json'
