2024-10-18 22:47:35.215 [info] [main] Log level: Info
2024-10-18 22:47:35.215 [info] [main] Validating found git in: "git"
2024-10-18 22:47:35.215 [info] [main] Using git "2.46.0" from "git"
2024-10-18 22:47:35.215 [info] [Model][doInitialScan] Initial repository scan started
2024-10-18 22:47:35.215 [info] > git rev-parse --show-toplevel [3ms]
2024-10-18 22:47:35.215 [info] > git rev-parse --git-dir --git-common-dir [3ms]
2024-10-18 22:47:35.215 [info] [Model][openRepository] Opened repository: /workspace/boilerplate-project-library
2024-10-18 22:47:35.215 [info] > git config --get commit.template [190ms]
2024-10-18 22:47:35.215 [info] > git rev-parse --show-toplevel [187ms]
2024-10-18 22:47:35.215 [info] > git for-each-ref --format=%(refname)%00%(upstream:short)%00%(objectname)%00%(upstream:track)%00%(upstream:remotename)%00%(upstream:remoteref) refs/heads/main refs/remotes/main [8ms]
2024-10-18 22:47:35.215 [info] > git rev-parse --show-toplevel [2ms]
2024-10-18 22:47:35.215 [warning] [Git][revParse] Unable to read file: ENOENT: no such file or directory, open '/workspace/boilerplate-project-library/.git/refs/remotes/origin/main'
2024-10-18 22:47:35.215 [info] > git rev-parse refs/remotes/origin/main [7ms]
2024-10-18 22:47:35.215 [info] > git status -z -uall [8ms]
2024-10-18 22:47:35.215 [info] > git rev-parse --show-toplevel [15ms]
2024-10-18 22:47:35.215 [info] > git for-each-ref --sort -committerdate --format %(refname) %(objectname) %(*objectname) [9ms]
2024-10-18 22:47:35.215 [info] > git for-each-ref --format=%(refname)%00%(upstream:short)%00%(objectname)%00%(upstream:track)%00%(upstream:remotename)%00%(upstream:remoteref) refs/heads/main refs/remotes/main [9ms]
2024-10-18 22:47:35.215 [info] > git rev-parse --show-toplevel [88ms]
2024-10-18 22:47:35.215 [info] [Model][doInitialScan] Initial repository scan completed - repositories (1), closed repositories (0), parent repositories (0), unsafe repositories (0)
2024-10-18 22:47:35.215 [info] > git config --get commit.template [8ms]
2024-10-18 22:47:35.215 [info] > git config --local branch.main.vscode-merge-base [2ms]
2024-10-18 22:47:35.215 [warning] [Git][config] git config failed: Failed to execute git
2024-10-18 22:47:35.215 [info] > git reflog main --grep-reflog=branch: Created from *. [7ms]
2024-10-18 22:47:35.215 [info] > git for-each-ref --format=%(refname)%00%(upstream:short)%00%(objectname)%00%(upstream:track)%00%(upstream:remotename)%00%(upstream:remoteref) refs/heads/main refs/remotes/main [7ms]
2024-10-18 22:47:35.215 [warning] [Git][revParse] Unable to read file: ENOENT: no such file or directory, open '/workspace/boilerplate-project-library/.git/refs/remotes/origin/main'
2024-10-18 22:47:35.215 [info] > git symbolic-ref --short refs/remotes/origin/HEAD [6ms]
2024-10-18 22:47:35.215 [info] > git rev-parse refs/remotes/origin/main [6ms]
2024-10-18 22:47:35.215 [info] > git status -z -uall [8ms]
2024-10-18 22:47:35.215 [info] > git for-each-ref --format=%(refname)%00%(upstream:short)%00%(objectname)%00%(upstream:track)%00%(upstream:remotename)%00%(upstream:remoteref) refs/heads/origin/main refs/remotes/origin/main [64ms]
2024-10-18 22:47:35.215 [info] > git for-each-ref --sort -committerdate --format %(refname) %(objectname) %(*objectname) [9ms]
2024-10-18 22:47:35.215 [info] > git config --local branch.main.vscode-merge-base origin/main [12ms]
2024-10-18 22:47:35.215 [info] > git for-each-ref --format=%(refname)%00%(upstream:short)%00%(objectname)%00%(upstream:track)%00%(upstream:remotename)%00%(upstream:remoteref) refs/heads/main refs/remotes/main [9ms]
2024-10-18 22:47:35.215 [info] > git config --get commit.template [73ms]
2024-10-18 22:47:35.215 [info] > git config --local branch.main.vscode-merge-base [3ms]
2024-10-18 22:47:35.215 [info] > git for-each-ref --format=%(refname)%00%(upstream:short)%00%(objectname)%00%(upstream:track)%00%(upstream:remotename)%00%(upstream:remoteref) refs/heads/origin/main refs/remotes/origin/main [6ms]
2024-10-18 22:47:35.215 [info] > git merge-base refs/heads/main refs/remotes/origin/main [3ms]
2024-10-18 22:47:35.215 [info] > git for-each-ref --format=%(refname)%00%(upstream:short)%00%(objectname)%00%(upstream:track)%00%(upstream:remotename)%00%(upstream:remoteref) refs/heads/main refs/remotes/main [16ms]
2024-10-18 22:47:35.215 [warning] [Git][revParse] Unable to read file: ENOENT: no such file or directory, open '/workspace/boilerplate-project-library/.git/refs/remotes/origin/main'
2024-10-18 22:47:35.215 [info] > git diff --name-status -z --diff-filter=ADMR 8c42e9fa8452b65f5091042de9aec6a7f43f54d4...refs/remotes/origin/main [6ms]
2024-10-18 22:47:35.215 [info] > git rev-parse refs/remotes/origin/main [71ms]
2024-10-18 22:47:35.215 [info] > git status -z -uall [7ms]
2024-10-18 22:47:35.215 [info] > git for-each-ref --sort -committerdate --format %(refname) %(objectname) %(*objectname) [6ms]
2024-10-18 22:47:35.724 [info] > git check-ignore -v -z --stdin [3ms]
2024-10-18 22:47:35.998 [info] > git config --local branch.main.github-pr-owner-number [3ms]
2024-10-18 22:47:35.998 [warning] [Git][config] git config failed: Failed to execute git
2024-10-18 22:56:00.595 [info] > git config --get commit.template [6ms]
2024-10-18 22:56:00.595 [info] > git for-each-ref --format=%(refname)%00%(upstream:short)%00%(objectname)%00%(upstream:track)%00%(upstream:remotename)%00%(upstream:remoteref) refs/heads/main refs/remotes/main [2ms]
2024-10-18 22:56:00.599 [warning] [Git][revParse] Unable to read file: ENOENT: no such file or directory, open '/workspace/boilerplate-project-library/.git/refs/remotes/origin/main'
2024-10-18 22:56:00.601 [info] > git rev-parse refs/remotes/origin/main [2ms]
2024-10-18 22:56:00.609 [info] > git status -z -uall [4ms]
2024-10-18 22:56:00.611 [info] > git for-each-ref --sort -committerdate --format %(refname) %(objectname) %(*objectname) [2ms]
2024-10-18 22:56:12.567 [info] > git show --textconv :sample.env [5ms]
2024-10-18 22:56:12.568 [info] > git ls-files --stage -- /workspace/boilerplate-project-library/sample.env [2ms]
2024-10-18 22:56:12.574 [info] > git cat-file -s 20ead7f26a6e3325da9f63f814b6c2837231fd25 [1ms]
2024-10-18 22:56:24.759 [info] > git show --textconv :.env [5ms]
2024-10-18 22:56:24.760 [info] > git ls-files --stage -- /workspace/boilerplate-project-library/.env [2ms]
2024-10-18 22:56:24.920 [info] > git check-ignore -v -z --stdin [2ms]
2024-10-18 22:56:25.427 [info] > git config --get commit.template [5ms]
2024-10-18 22:56:25.428 [info] > git for-each-ref --format=%(refname)%00%(upstream:short)%00%(objectname)%00%(upstream:track)%00%(upstream:remotename)%00%(upstream:remoteref) refs/heads/main refs/remotes/main [3ms]
2024-10-18 22:56:25.432 [warning] [Git][revParse] Unable to read file: ENOENT: no such file or directory, open '/workspace/boilerplate-project-library/.git/refs/remotes/origin/main'
2024-10-18 22:56:25.434 [info] > git rev-parse refs/remotes/origin/main [2ms]
2024-10-18 22:56:25.446 [info] > git status -z -uall [7ms]
2024-10-18 22:56:25.448 [info] > git for-each-ref --sort -committerdate --format %(refname) %(objectname) %(*objectname) [3ms]
2024-10-18 22:56:27.213 [info] > git show --textconv :sample.env [6ms]
2024-10-18 22:56:27.214 [info] > git ls-files --stage -- /workspace/boilerplate-project-library/sample.env [2ms]
2024-10-18 22:56:27.222 [info] > git cat-file -s 20ead7f26a6e3325da9f63f814b6c2837231fd25 [3ms]
2024-10-18 22:56:32.467 [info] > git show --textconv :.env [4ms]
2024-10-18 22:56:32.468 [info] > git ls-files --stage -- /workspace/boilerplate-project-library/.env [2ms]
2024-10-18 22:56:36.196 [info] > git config --get commit.template [6ms]
2024-10-18 22:56:36.198 [info] > git for-each-ref --format=%(refname)%00%(upstream:short)%00%(objectname)%00%(upstream:track)%00%(upstream:remotename)%00%(upstream:remoteref) refs/heads/main refs/remotes/main [3ms]
2024-10-18 22:56:36.203 [warning] [Git][revParse] Unable to read file: ENOENT: no such file or directory, open '/workspace/boilerplate-project-library/.git/refs/remotes/origin/main'
2024-10-18 22:56:36.205 [info] > git rev-parse refs/remotes/origin/main [1ms]
2024-10-18 22:56:36.214 [info] > git status -z -uall [5ms]
2024-10-18 22:56:36.216 [info] > git for-each-ref --sort -committerdate --format %(refname) %(objectname) %(*objectname) [2ms]
2024-10-18 22:56:49.555 [info] > git config --get commit.template [6ms]
2024-10-18 22:56:49.556 [info] > git for-each-ref --format=%(refname)%00%(upstream:short)%00%(objectname)%00%(upstream:track)%00%(upstream:remotename)%00%(upstream:remoteref) refs/heads/main refs/remotes/main [2ms]
2024-10-18 22:56:49.561 [warning] [Git][revParse] Unable to read file: ENOENT: no such file or directory, open '/workspace/boilerplate-project-library/.git/refs/remotes/origin/main'
2024-10-18 22:56:49.563 [info] > git rev-parse refs/remotes/origin/main [2ms]
2024-10-18 22:56:49.571 [info] > git status -z -uall [4ms]
2024-10-18 22:56:49.573 [info] > git for-each-ref --sort -committerdate --format %(refname) %(objectname) %(*objectname) [3ms]
2024-10-18 22:56:54.588 [info] > git config --get commit.template [6ms]
2024-10-18 22:56:54.589 [info] > git for-each-ref --format=%(refname)%00%(upstream:short)%00%(objectname)%00%(upstream:track)%00%(upstream:remotename)%00%(upstream:remoteref) refs/heads/main refs/remotes/main [2ms]
2024-10-18 22:56:54.594 [warning] [Git][revParse] Unable to read file: ENOENT: no such file or directory, open '/workspace/boilerplate-project-library/.git/refs/remotes/origin/main'
2024-10-18 22:56:54.596 [info] > git rev-parse refs/remotes/origin/main [2ms]
2024-10-18 22:56:54.606 [info] > git status -z -uall [6ms]
2024-10-18 22:56:54.609 [info] > git for-each-ref --sort -committerdate --format %(refname) %(objectname) %(*objectname) [3ms]
2024-10-18 22:57:06.850 [info] > git config --get commit.template [6ms]
2024-10-18 22:57:06.851 [info] > git for-each-ref --format=%(refname)%00%(upstream:short)%00%(objectname)%00%(upstream:track)%00%(upstream:remotename)%00%(upstream:remoteref) refs/heads/main refs/remotes/main [2ms]
2024-10-18 22:57:06.856 [warning] [Git][revParse] Unable to read file: ENOENT: no such file or directory, open '/workspace/boilerplate-project-library/.git/refs/remotes/origin/main'
2024-10-18 22:57:06.858 [info] > git rev-parse refs/remotes/origin/main [2ms]
2024-10-18 22:57:06.869 [info] > git status -z -uall [6ms]
2024-10-18 22:57:06.870 [info] > git for-each-ref --sort -committerdate --format %(refname) %(objectname) %(*objectname) [2ms]
2024-10-18 22:57:14.597 [info] > git show --textconv :package.json [34ms]
2024-10-18 22:57:14.620 [info] > git ls-files --stage -- /workspace/boilerplate-project-library/package.json [53ms]
2024-10-18 22:57:14.636 [info] > git cat-file -s 3a024aa08171f67ec0f7dfa9953b1e7e11a55034 [10ms]
2024-10-18 22:57:40.028 [info] > git config --get commit.template [5ms]
2024-10-18 22:57:40.030 [info] > git for-each-ref --format=%(refname)%00%(upstream:short)%00%(objectname)%00%(upstream:track)%00%(upstream:remotename)%00%(upstream:remoteref) refs/heads/main refs/remotes/main [2ms]
2024-10-18 22:57:40.033 [warning] [Git][revParse] Unable to read file: ENOENT: no such file or directory, open '/workspace/boilerplate-project-library/.git/refs/remotes/origin/main'
2024-10-18 22:57:40.035 [info] > git rev-parse refs/remotes/origin/main [2ms]
2024-10-18 22:57:40.043 [info] > git status -z -uall [4ms]
2024-10-18 22:57:40.045 [info] > git for-each-ref --sort -committerdate --format %(refname) %(objectname) %(*objectname) [2ms]
2024-10-18 22:57:53.076 [info] > git check-ignore -v -z --stdin [2ms]
2024-10-18 22:57:56.761 [info] > git check-ignore -v -z --stdin [1ms]
2024-10-18 22:58:00.334 [info] > git check-ignore -v -z --stdin [2ms]
2024-10-18 22:58:01.877 [info] > git check-ignore -v -z --stdin [2ms]
2024-10-18 22:58:06.889 [info] > git show --textconv :public/client.js [14ms]
2024-10-18 22:58:06.890 [info] > git ls-files --stage -- /workspace/boilerplate-project-library/public/client.js [3ms]
2024-10-18 22:58:06.896 [info] > git cat-file -s 2cda6a533df1e559d450a4ae11bad6b91c6a6e90 [2ms]
2024-10-18 22:58:43.209 [info] > git show --textconv :views/index.html [5ms]
2024-10-18 22:58:43.211 [info] > git ls-files --stage -- /workspace/boilerplate-project-library/views/index.html [1ms]
2024-10-18 22:58:43.217 [info] > git cat-file -s 7aa0475696bbc6259c32db7b58591d479db68e73 [2ms]
2024-10-18 23:00:34.546 [info] > git show --textconv :routes/api.js [5ms]
2024-10-18 23:00:34.547 [info] > git ls-files --stage -- /workspace/boilerplate-project-library/routes/api.js [2ms]
2024-10-18 23:00:34.553 [info] > git cat-file -s d444d70d63d6634c0f39b0b062dc89592255ed71 [2ms]
2024-10-18 23:02:25.379 [info] > git show --textconv :server.js [5ms]
2024-10-18 23:02:25.380 [info] > git ls-files --stage -- /workspace/boilerplate-project-library/server.js [1ms]
2024-10-18 23:02:25.387 [info] > git cat-file -s efa4351ef6e55974127d86456787656589c67633 [2ms]
2024-10-18 23:03:31.958 [info] > git show --textconv :book-model.js [6ms]
2024-10-18 23:03:31.960 [info] > git ls-files --stage -- /workspace/boilerplate-project-library/book-model.js [1ms]
2024-10-18 23:03:32.191 [info] > git check-ignore -v -z --stdin [2ms]
2024-10-18 23:03:32.737 [info] > git config --get commit.template [5ms]
2024-10-18 23:03:32.738 [info] > git for-each-ref --format=%(refname)%00%(upstream:short)%00%(objectname)%00%(upstream:track)%00%(upstream:remotename)%00%(upstream:remoteref) refs/heads/main refs/remotes/main [2ms]
2024-10-18 23:03:32.743 [warning] [Git][revParse] Unable to read file: ENOENT: no such file or directory, open '/workspace/boilerplate-project-library/.git/refs/remotes/origin/main'
2024-10-18 23:03:32.745 [info] > git rev-parse refs/remotes/origin/main [1ms]
2024-10-18 23:03:32.754 [info] > git status -z -uall [5ms]
2024-10-18 23:03:32.756 [info] > git for-each-ref --sort -committerdate --format %(refname) %(objectname) %(*objectname) [2ms]
2024-10-18 23:03:44.760 [info] > git config --get commit.template [5ms]
2024-10-18 23:03:44.762 [info] > git for-each-ref --format=%(refname)%00%(upstream:short)%00%(objectname)%00%(upstream:track)%00%(upstream:remotename)%00%(upstream:remoteref) refs/heads/main refs/remotes/main [2ms]
2024-10-18 23:03:44.766 [warning] [Git][revParse] Unable to read file: ENOENT: no such file or directory, open '/workspace/boilerplate-project-library/.git/refs/remotes/origin/main'
2024-10-18 23:03:44.767 [info] > git rev-parse refs/remotes/origin/main [2ms]
2024-10-18 23:03:44.776 [info] > git status -z -uall [6ms]
2024-10-18 23:03:44.776 [info] > git for-each-ref --sort -committerdate --format %(refname) %(objectname) %(*objectname) [2ms]
2024-10-18 23:03:56.449 [info] > git config --get commit.template [4ms]
2024-10-18 23:03:56.451 [info] > git for-each-ref --format=%(refname)%00%(upstream:short)%00%(objectname)%00%(upstream:track)%00%(upstream:remotename)%00%(upstream:remoteref) refs/heads/main refs/remotes/main [2ms]
2024-10-18 23:03:56.455 [warning] [Git][revParse] Unable to read file: ENOENT: no such file or directory, open '/workspace/boilerplate-project-library/.git/refs/remotes/origin/main'
2024-10-18 23:03:56.456 [info] > git rev-parse refs/remotes/origin/main [1ms]
2024-10-18 23:03:56.465 [info] > git status -z -uall [4ms]
2024-10-18 23:03:56.467 [info] > git for-each-ref --sort -committerdate --format %(refname) %(objectname) %(*objectname) [2ms]
2024-10-18 23:04:01.482 [info] > git config --get commit.template [6ms]
2024-10-18 23:04:01.484 [info] > git for-each-ref --format=%(refname)%00%(upstream:short)%00%(objectname)%00%(upstream:track)%00%(upstream:remotename)%00%(upstream:remoteref) refs/heads/main refs/remotes/main [3ms]
2024-10-18 23:04:01.489 [warning] [Git][revParse] Unable to read file: ENOENT: no such file or directory, open '/workspace/boilerplate-project-library/.git/refs/remotes/origin/main'
2024-10-18 23:04:01.490 [info] > git rev-parse refs/remotes/origin/main [1ms]
2024-10-18 23:04:01.501 [info] > git status -z -uall [5ms]
2024-10-18 23:04:01.504 [info] > git for-each-ref --sort -committerdate --format %(refname) %(objectname) %(*objectname) [3ms]
2024-10-18 23:04:06.518 [info] > git config --get commit.template [6ms]
2024-10-18 23:04:06.519 [info] > git for-each-ref --format=%(refname)%00%(upstream:short)%00%(objectname)%00%(upstream:track)%00%(upstream:remotename)%00%(upstream:remoteref) refs/heads/main refs/remotes/main [2ms]
2024-10-18 23:04:06.524 [warning] [Git][revParse] Unable to read file: ENOENT: no such file or directory, open '/workspace/boilerplate-project-library/.git/refs/remotes/origin/main'
2024-10-18 23:04:06.526 [info] > git rev-parse refs/remotes/origin/main [2ms]
2024-10-18 23:04:06.537 [info] > git status -z -uall [6ms]
2024-10-18 23:04:06.539 [info] > git for-each-ref --sort -committerdate --format %(refname) %(objectname) %(*objectname) [2ms]
2024-10-18 23:04:17.096 [info] > git config --get commit.template [7ms]
2024-10-18 23:04:17.097 [info] > git for-each-ref --format=%(refname)%00%(upstream:short)%00%(objectname)%00%(upstream:track)%00%(upstream:remotename)%00%(upstream:remoteref) refs/heads/main refs/remotes/main [2ms]
2024-10-18 23:04:17.102 [warning] [Git][revParse] Unable to read file: ENOENT: no such file or directory, open '/workspace/boilerplate-project-library/.git/refs/remotes/origin/main'
2024-10-18 23:04:17.104 [info] > git rev-parse refs/remotes/origin/main [2ms]
2024-10-18 23:04:17.114 [info] > git status -z -uall [6ms]
2024-10-18 23:04:17.116 [info] > git for-each-ref --sort -committerdate --format %(refname) %(objectname) %(*objectname) [3ms]
2024-10-18 23:04:22.129 [info] > git config --get commit.template [6ms]
2024-10-18 23:04:22.131 [info] > git for-each-ref --format=%(refname)%00%(upstream:short)%00%(objectname)%00%(upstream:track)%00%(upstream:remotename)%00%(upstream:remoteref) refs/heads/main refs/remotes/main [3ms]
2024-10-18 23:04:22.135 [warning] [Git][revParse] Unable to read file: ENOENT: no such file or directory, open '/workspace/boilerplate-project-library/.git/refs/remotes/origin/main'
2024-10-18 23:04:22.137 [info] > git rev-parse refs/remotes/origin/main [2ms]
2024-10-18 23:04:22.149 [info] > git status -z -uall [7ms]
2024-10-18 23:04:22.151 [info] > git for-each-ref --sort -committerdate --format %(refname) %(objectname) %(*objectname) [2ms]
2024-10-18 23:04:27.165 [info] > git config --get commit.template [6ms]
2024-10-18 23:04:27.167 [info] > git for-each-ref --format=%(refname)%00%(upstream:short)%00%(objectname)%00%(upstream:track)%00%(upstream:remotename)%00%(upstream:remoteref) refs/heads/main refs/remotes/main [3ms]
2024-10-18 23:04:27.172 [warning] [Git][revParse] Unable to read file: ENOENT: no such file or directory, open '/workspace/boilerplate-project-library/.git/refs/remotes/origin/main'
2024-10-18 23:04:27.174 [info] > git rev-parse refs/remotes/origin/main [2ms]
2024-10-18 23:04:27.185 [info] > git status -z -uall [6ms]
2024-10-18 23:04:27.187 [info] > git for-each-ref --sort -committerdate --format %(refname) %(objectname) %(*objectname) [3ms]
2024-10-18 23:04:32.201 [info] > git config --get commit.template [6ms]
2024-10-18 23:04:32.203 [info] > git for-each-ref --format=%(refname)%00%(upstream:short)%00%(objectname)%00%(upstream:track)%00%(upstream:remotename)%00%(upstream:remoteref) refs/heads/main refs/remotes/main [3ms]
2024-10-18 23:04:32.207 [warning] [Git][revParse] Unable to read file: ENOENT: no such file or directory, open '/workspace/boilerplate-project-library/.git/refs/remotes/origin/main'
2024-10-18 23:04:32.209 [info] > git rev-parse refs/remotes/origin/main [2ms]
2024-10-18 23:04:32.217 [info] > git status -z -uall [4ms]
2024-10-18 23:04:32.219 [info] > git for-each-ref --sort -committerdate --format %(refname) %(objectname) %(*objectname) [2ms]
2024-10-18 23:04:40.427 [info] > git config --get commit.template [5ms]
2024-10-18 23:04:40.428 [info] > git for-each-ref --format=%(refname)%00%(upstream:short)%00%(objectname)%00%(upstream:track)%00%(upstream:remotename)%00%(upstream:remoteref) refs/heads/main refs/remotes/main [2ms]
2024-10-18 23:04:40.432 [warning] [Git][revParse] Unable to read file: ENOENT: no such file or directory, open '/workspace/boilerplate-project-library/.git/refs/remotes/origin/main'
2024-10-18 23:04:40.434 [info] > git rev-parse refs/remotes/origin/main [2ms]
2024-10-18 23:04:40.442 [info] > git status -z -uall [5ms]
2024-10-18 23:04:40.444 [info] > git for-each-ref --sort -committerdate --format %(refname) %(objectname) %(*objectname) [2ms]
2024-10-18 23:04:46.357 [info] > git config --get commit.template [4ms]
2024-10-18 23:04:46.358 [info] > git for-each-ref --format=%(refname)%00%(upstream:short)%00%(objectname)%00%(upstream:track)%00%(upstream:remotename)%00%(upstream:remoteref) refs/heads/main refs/remotes/main [2ms]
2024-10-18 23:04:46.362 [warning] [Git][revParse] Unable to read file: ENOENT: no such file or directory, open '/workspace/boilerplate-project-library/.git/refs/remotes/origin/main'
2024-10-18 23:04:46.364 [info] > git rev-parse refs/remotes/origin/main [2ms]
2024-10-18 23:04:46.372 [info] > git status -z -uall [4ms]
2024-10-18 23:04:46.374 [info] > git for-each-ref --sort -committerdate --format %(refname) %(objectname) %(*objectname) [2ms]
2024-10-18 23:04:51.387 [info] > git config --get commit.template [6ms]
2024-10-18 23:04:51.387 [info] > git for-each-ref --format=%(refname)%00%(upstream:short)%00%(objectname)%00%(upstream:track)%00%(upstream:remotename)%00%(upstream:remoteref) refs/heads/main refs/remotes/main [2ms]
2024-10-18 23:04:51.391 [warning] [Git][revParse] Unable to read file: ENOENT: no such file or directory, open '/workspace/boilerplate-project-library/.git/refs/remotes/origin/main'
2024-10-18 23:04:51.393 [info] > git rev-parse refs/remotes/origin/main [2ms]
2024-10-18 23:04:51.402 [info] > git status -z -uall [5ms]
2024-10-18 23:04:51.403 [info] > git for-each-ref --sort -committerdate --format %(refname) %(objectname) %(*objectname) [2ms]
2024-10-18 23:08:16.441 [info] > git config --get commit.template [6ms]
2024-10-18 23:08:16.442 [info] > git for-each-ref --format=%(refname)%00%(upstream:short)%00%(objectname)%00%(upstream:track)%00%(upstream:remotename)%00%(upstream:remoteref) refs/heads/main refs/remotes/main [2ms]
2024-10-18 23:08:16.446 [warning] [Git][revParse] Unable to read file: ENOENT: no such file or directory, open '/workspace/boilerplate-project-library/.git/refs/remotes/origin/main'
2024-10-18 23:08:16.448 [info] > git rev-parse refs/remotes/origin/main [2ms]
2024-10-18 23:08:16.456 [info] > git status -z -uall [4ms]
2024-10-18 23:08:16.457 [info] > git for-each-ref --sort -committerdate --format %(refname) %(objectname) %(*objectname) [2ms]
2024-10-18 23:08:23.312 [info] > git config --get commit.template [4ms]
2024-10-18 23:08:23.314 [info] > git for-each-ref --format=%(refname)%00%(upstream:short)%00%(objectname)%00%(upstream:track)%00%(upstream:remotename)%00%(upstream:remoteref) refs/heads/main refs/remotes/main [2ms]
2024-10-18 23:08:23.319 [warning] [Git][revParse] Unable to read file: ENOENT: no such file or directory, open '/workspace/boilerplate-project-library/.git/refs/remotes/origin/main'
2024-10-18 23:08:23.320 [info] > git rev-parse refs/remotes/origin/main [2ms]
2024-10-18 23:08:23.328 [info] > git status -z -uall [4ms]
2024-10-18 23:08:23.329 [info] > git for-each-ref --sort -committerdate --format %(refname) %(objectname) %(*objectname) [1ms]
2024-10-18 23:08:31.320 [info] > git config --get commit.template [4ms]
2024-10-18 23:08:31.322 [info] > git for-each-ref --format=%(refname)%00%(upstream:short)%00%(objectname)%00%(upstream:track)%00%(upstream:remotename)%00%(upstream:remoteref) refs/heads/main refs/remotes/main [1ms]
2024-10-18 23:08:31.325 [warning] [Git][revParse] Unable to read file: ENOENT: no such file or directory, open '/workspace/boilerplate-project-library/.git/refs/remotes/origin/main'
2024-10-18 23:08:31.327 [info] > git rev-parse refs/remotes/origin/main [2ms]
2024-10-18 23:08:31.336 [info] > git status -z -uall [5ms]
2024-10-18 23:08:31.338 [info] > git for-each-ref --sort -committerdate --format %(refname) %(objectname) %(*objectname) [2ms]
2024-10-18 23:08:36.350 [info] > git config --get commit.template [4ms]
2024-10-18 23:08:36.352 [info] > git for-each-ref --format=%(refname)%00%(upstream:short)%00%(objectname)%00%(upstream:track)%00%(upstream:remotename)%00%(upstream:remoteref) refs/heads/main refs/remotes/main [2ms]
2024-10-18 23:08:36.356 [warning] [Git][revParse] Unable to read file: ENOENT: no such file or directory, open '/workspace/boilerplate-project-library/.git/refs/remotes/origin/main'
2024-10-18 23:08:36.358 [info] > git rev-parse refs/remotes/origin/main [2ms]
2024-10-18 23:08:36.365 [info] > git status -z -uall [4ms]
2024-10-18 23:08:36.367 [info] > git for-each-ref --sort -committerdate --format %(refname) %(objectname) %(*objectname) [2ms]
2024-10-18 23:08:41.378 [info] > git config --get commit.template [4ms]
2024-10-18 23:08:41.380 [info] > git for-each-ref --format=%(refname)%00%(upstream:short)%00%(objectname)%00%(upstream:track)%00%(upstream:remotename)%00%(upstream:remoteref) refs/heads/main refs/remotes/main [2ms]
2024-10-18 23:08:41.385 [warning] [Git][revParse] Unable to read file: ENOENT: no such file or directory, open '/workspace/boilerplate-project-library/.git/refs/remotes/origin/main'
2024-10-18 23:08:41.386 [info] > git rev-parse refs/remotes/origin/main [2ms]
2024-10-18 23:08:41.394 [info] > git status -z -uall [5ms]
2024-10-18 23:08:41.395 [info] > git for-each-ref --sort -committerdate --format %(refname) %(objectname) %(*objectname) [2ms]
2024-10-18 23:08:46.405 [info] > git config --get commit.template [4ms]
2024-10-18 23:08:46.407 [info] > git for-each-ref --format=%(refname)%00%(upstream:short)%00%(objectname)%00%(upstream:track)%00%(upstream:remotename)%00%(upstream:remoteref) refs/heads/main refs/remotes/main [2ms]
2024-10-18 23:08:46.411 [warning] [Git][revParse] Unable to read file: ENOENT: no such file or directory, open '/workspace/boilerplate-project-library/.git/refs/remotes/origin/main'
2024-10-18 23:08:46.413 [info] > git rev-parse refs/remotes/origin/main [2ms]
2024-10-18 23:08:46.421 [info] > git status -z -uall [4ms]
2024-10-18 23:08:46.423 [info] > git for-each-ref --sort -committerdate --format %(refname) %(objectname) %(*objectname) [2ms]
2024-10-18 23:08:51.435 [info] > git config --get commit.template [5ms]
2024-10-18 23:08:51.487 [info] > git for-each-ref --format=%(refname)%00%(upstream:short)%00%(objectname)%00%(upstream:track)%00%(upstream:remotename)%00%(upstream:remoteref) refs/heads/main refs/remotes/main [53ms]
2024-10-18 23:08:51.493 [warning] [Git][revParse] Unable to read file: ENOENT: no such file or directory, open '/workspace/boilerplate-project-library/.git/refs/remotes/origin/main'
2024-10-18 23:08:51.495 [info] > git rev-parse refs/remotes/origin/main [2ms]
2024-10-18 23:08:51.504 [info] > git status -z -uall [5ms]
2024-10-18 23:08:51.506 [info] > git for-each-ref --sort -committerdate --format %(refname) %(objectname) %(*objectname) [2ms]
2024-10-18 23:08:56.517 [info] > git config --get commit.template [4ms]
2024-10-18 23:08:56.519 [info] > git for-each-ref --format=%(refname)%00%(upstream:short)%00%(objectname)%00%(upstream:track)%00%(upstream:remotename)%00%(upstream:remoteref) refs/heads/main refs/remotes/main [1ms]
2024-10-18 23:08:56.522 [warning] [Git][revParse] Unable to read file: ENOENT: no such file or directory, open '/workspace/boilerplate-project-library/.git/refs/remotes/origin/main'
2024-10-18 23:08:56.524 [info] > git rev-parse refs/remotes/origin/main [2ms]
2024-10-18 23:08:56.532 [info] > git status -z -uall [5ms]
2024-10-18 23:08:56.534 [info] > git for-each-ref --sort -committerdate --format %(refname) %(objectname) %(*objectname) [2ms]
2024-10-18 23:09:01.545 [info] > git config --get commit.template [5ms]
2024-10-18 23:09:01.547 [info] > git for-each-ref --format=%(refname)%00%(upstream:short)%00%(objectname)%00%(upstream:track)%00%(upstream:remotename)%00%(upstream:remoteref) refs/heads/main refs/remotes/main [2ms]
2024-10-18 23:09:01.550 [warning] [Git][revParse] Unable to read file: ENOENT: no such file or directory, open '/workspace/boilerplate-project-library/.git/refs/remotes/origin/main'
2024-10-18 23:09:01.552 [info] > git rev-parse refs/remotes/origin/main [2ms]
2024-10-18 23:09:01.561 [info] > git status -z -uall [5ms]
2024-10-18 23:09:01.562 [info] > git for-each-ref --sort -committerdate --format %(refname) %(objectname) %(*objectname) [2ms]
2024-10-18 23:09:06.809 [info] > git config --get commit.template [5ms]
2024-10-18 23:09:06.811 [info] > git for-each-ref --format=%(refname)%00%(upstream:short)%00%(objectname)%00%(upstream:track)%00%(upstream:remotename)%00%(upstream:remoteref) refs/heads/main refs/remotes/main [2ms]
2024-10-18 23:09:06.815 [warning] [Git][revParse] Unable to read file: ENOENT: no such file or directory, open '/workspace/boilerplate-project-library/.git/refs/remotes/origin/main'
2024-10-18 23:09:06.817 [info] > git rev-parse refs/remotes/origin/main [2ms]
2024-10-18 23:09:06.825 [info] > git status -z -uall [4ms]
2024-10-18 23:09:06.827 [info] > git for-each-ref --sort -committerdate --format %(refname) %(objectname) %(*objectname) [2ms]
2024-10-18 23:09:11.840 [info] > git config --get commit.template [5ms]
2024-10-18 23:09:11.842 [info] > git for-each-ref --format=%(refname)%00%(upstream:short)%00%(objectname)%00%(upstream:track)%00%(upstream:remotename)%00%(upstream:remoteref) refs/heads/main refs/remotes/main [1ms]
2024-10-18 23:09:11.845 [warning] [Git][revParse] Unable to read file: ENOENT: no such file or directory, open '/workspace/boilerplate-project-library/.git/refs/remotes/origin/main'
2024-10-18 23:09:11.847 [info] > git rev-parse refs/remotes/origin/main [2ms]
2024-10-18 23:09:11.855 [info] > git status -z -uall [4ms]
2024-10-18 23:09:11.856 [info] > git for-each-ref --sort -committerdate --format %(refname) %(objectname) %(*objectname) [1ms]
2024-10-18 23:09:17.897 [info] > git config --get commit.template [5ms]
2024-10-18 23:09:17.899 [info] > git for-each-ref --format=%(refname)%00%(upstream:short)%00%(objectname)%00%(upstream:track)%00%(upstream:remotename)%00%(upstream:remoteref) refs/heads/main refs/remotes/main [2ms]
2024-10-18 23:09:17.903 [warning] [Git][revParse] Unable to read file: ENOENT: no such file or directory, open '/workspace/boilerplate-project-library/.git/refs/remotes/origin/main'
2024-10-18 23:09:17.905 [info] > git rev-parse refs/remotes/origin/main [2ms]
2024-10-18 23:09:17.913 [info] > git status -z -uall [4ms]
2024-10-18 23:09:17.915 [info] > git for-each-ref --sort -committerdate --format %(refname) %(objectname) %(*objectname) [1ms]
2024-10-18 23:09:22.924 [info] > git config --get commit.template [4ms]
2024-10-18 23:09:22.926 [info] > git for-each-ref --format=%(refname)%00%(upstream:short)%00%(objectname)%00%(upstream:track)%00%(upstream:remotename)%00%(upstream:remoteref) refs/heads/main refs/remotes/main [2ms]
2024-10-18 23:09:22.929 [warning] [Git][revParse] Unable to read file: ENOENT: no such file or directory, open '/workspace/boilerplate-project-library/.git/refs/remotes/origin/main'
2024-10-18 23:09:22.930 [info] > git rev-parse refs/remotes/origin/main [1ms]
2024-10-18 23:09:22.938 [info] > git status -z -uall [4ms]
2024-10-18 23:09:22.939 [info] > git for-each-ref --sort -committerdate --format %(refname) %(objectname) %(*objectname) [2ms]
2024-10-18 23:09:27.950 [info] > git config --get commit.template [5ms]
2024-10-18 23:09:27.951 [info] > git for-each-ref --format=%(refname)%00%(upstream:short)%00%(objectname)%00%(upstream:track)%00%(upstream:remotename)%00%(upstream:remoteref) refs/heads/main refs/remotes/main [2ms]
2024-10-18 23:09:27.955 [warning] [Git][revParse] Unable to read file: ENOENT: no such file or directory, open '/workspace/boilerplate-project-library/.git/refs/remotes/origin/main'
2024-10-18 23:09:27.956 [info] > git rev-parse refs/remotes/origin/main [2ms]
2024-10-18 23:09:27.964 [info] > git status -z -uall [4ms]
2024-10-18 23:09:27.965 [info] > git for-each-ref --sort -committerdate --format %(refname) %(objectname) %(*objectname) [2ms]
2024-10-18 23:09:32.977 [info] > git config --get commit.template [5ms]
2024-10-18 23:09:32.978 [info] > git for-each-ref --format=%(refname)%00%(upstream:short)%00%(objectname)%00%(upstream:track)%00%(upstream:remotename)%00%(upstream:remoteref) refs/heads/main refs/remotes/main [2ms]
2024-10-18 23:09:32.983 [warning] [Git][revParse] Unable to read file: ENOENT: no such file or directory, open '/workspace/boilerplate-project-library/.git/refs/remotes/origin/main'
2024-10-18 23:09:32.984 [info] > git rev-parse refs/remotes/origin/main [1ms]
2024-10-18 23:09:32.993 [info] > git status -z -uall [4ms]
2024-10-18 23:09:32.995 [info] > git for-each-ref --sort -committerdate --format %(refname) %(objectname) %(*objectname) [2ms]
2024-10-18 23:09:38.006 [info] > git config --get commit.template [5ms]
2024-10-18 23:09:38.007 [info] > git for-each-ref --format=%(refname)%00%(upstream:short)%00%(objectname)%00%(upstream:track)%00%(upstream:remotename)%00%(upstream:remoteref) refs/heads/main refs/remotes/main [2ms]
2024-10-18 23:09:38.011 [warning] [Git][revParse] Unable to read file: ENOENT: no such file or directory, open '/workspace/boilerplate-project-library/.git/refs/remotes/origin/main'
2024-10-18 23:09:38.012 [info] > git rev-parse refs/remotes/origin/main [1ms]
2024-10-18 23:09:38.020 [info] > git status -z -uall [4ms]
2024-10-18 23:09:38.021 [info] > git for-each-ref --sort -committerdate --format %(refname) %(objectname) %(*objectname) [2ms]
2024-10-18 23:09:43.033 [info] > git config --get commit.template [5ms]
2024-10-18 23:09:43.039 [info] > git for-each-ref --format=%(refname)%00%(upstream:short)%00%(objectname)%00%(upstream:track)%00%(upstream:remotename)%00%(upstream:remoteref) refs/heads/main refs/remotes/main [2ms]
2024-10-18 23:09:43.043 [warning] [Git][revParse] Unable to read file: ENOENT: no such file or directory, open '/workspace/boilerplate-project-library/.git/refs/remotes/origin/main'
2024-10-18 23:09:43.045 [info] > git rev-parse refs/remotes/origin/main [2ms]
2024-10-18 23:09:43.055 [info] > git status -z -uall [6ms]
2024-10-18 23:09:43.057 [info] > git for-each-ref --sort -committerdate --format %(refname) %(objectname) %(*objectname) [2ms]
2024-10-18 23:09:48.068 [info] > git config --get commit.template [5ms]
2024-10-18 23:09:48.069 [info] > git for-each-ref --format=%(refname)%00%(upstream:short)%00%(objectname)%00%(upstream:track)%00%(upstream:remotename)%00%(upstream:remoteref) refs/heads/main refs/remotes/main [2ms]
2024-10-18 23:09:48.073 [warning] [Git][revParse] Unable to read file: ENOENT: no such file or directory, open '/workspace/boilerplate-project-library/.git/refs/remotes/origin/main'
2024-10-18 23:09:48.074 [info] > git rev-parse refs/remotes/origin/main [1ms]
2024-10-18 23:09:48.082 [info] > git status -z -uall [4ms]
2024-10-18 23:09:48.083 [info] > git for-each-ref --sort -committerdate --format %(refname) %(objectname) %(*objectname) [2ms]
2024-10-18 23:09:54.793 [info] > git config --get commit.template [4ms]
2024-10-18 23:09:54.795 [info] > git for-each-ref --format=%(refname)%00%(upstream:short)%00%(objectname)%00%(upstream:track)%00%(upstream:remotename)%00%(upstream:remoteref) refs/heads/main refs/remotes/main [2ms]
2024-10-18 23:09:54.799 [warning] [Git][revParse] Unable to read file: ENOENT: no such file or directory, open '/workspace/boilerplate-project-library/.git/refs/remotes/origin/main'
2024-10-18 23:09:54.800 [info] > git rev-parse refs/remotes/origin/main [1ms]
2024-10-18 23:09:54.808 [info] > git status -z -uall [4ms]
2024-10-18 23:09:54.810 [info] > git for-each-ref --sort -committerdate --format %(refname) %(objectname) %(*objectname) [2ms]
2024-10-18 23:13:12.702 [info] > git config --get commit.template [7ms]
2024-10-18 23:13:12.703 [info] > git for-each-ref --format=%(refname)%00%(upstream:short)%00%(objectname)%00%(upstream:track)%00%(upstream:remotename)%00%(upstream:remoteref) refs/heads/main refs/remotes/main [2ms]
2024-10-18 23:13:12.708 [warning] [Git][revParse] Unable to read file: ENOENT: no such file or directory, open '/workspace/boilerplate-project-library/.git/refs/remotes/origin/main'
2024-10-18 23:13:12.709 [info] > git rev-parse refs/remotes/origin/main [1ms]
2024-10-18 23:13:12.718 [info] > git status -z -uall [5ms]
2024-10-18 23:13:12.719 [info] > git for-each-ref --sort -committerdate --format %(refname) %(objectname) %(*objectname) [2ms]
2024-10-18 23:13:17.732 [info] > git config --get commit.template [4ms]
2024-10-18 23:13:17.733 [info] > git for-each-ref --format=%(refname)%00%(upstream:short)%00%(objectname)%00%(upstream:track)%00%(upstream:remotename)%00%(upstream:remoteref) refs/heads/main refs/remotes/main [2ms]
2024-10-18 23:13:17.736 [warning] [Git][revParse] Unable to read file: ENOENT: no such file or directory, open '/workspace/boilerplate-project-library/.git/refs/remotes/origin/main'
2024-10-18 23:13:17.738 [info] > git rev-parse refs/remotes/origin/main [2ms]
2024-10-18 23:13:17.746 [info] > git status -z -uall [4ms]
2024-10-18 23:13:17.748 [info] > git for-each-ref --sort -committerdate --format %(refname) %(objectname) %(*objectname) [2ms]
2024-10-18 23:13:49.164 [info] > git config --get commit.template [2ms]
2024-10-18 23:13:49.171 [info] > git for-each-ref --format=%(refname)%00%(upstream:short)%00%(objectname)%00%(upstream:track)%00%(upstream:remotename)%00%(upstream:remoteref) refs/heads/main refs/remotes/main [2ms]
2024-10-18 23:13:49.176 [warning] [Git][revParse] Unable to read file: ENOENT: no such file or directory, open '/workspace/boilerplate-project-library/.git/refs/remotes/origin/main'
2024-10-18 23:13:49.177 [info] > git rev-parse refs/remotes/origin/main [1ms]
2024-10-18 23:13:49.187 [info] > git status -z -uall [5ms]
2024-10-18 23:13:49.189 [info] > git for-each-ref --sort -committerdate --format %(refname) %(objectname) %(*objectname) [2ms]
2024-10-18 23:14:02.003 [info] > git config --get commit.template [5ms]
2024-10-18 23:14:02.004 [info] > git for-each-ref --format=%(refname)%00%(upstream:short)%00%(objectname)%00%(upstream:track)%00%(upstream:remotename)%00%(upstream:remoteref) refs/heads/main refs/remotes/main [2ms]
2024-10-18 23:14:02.008 [warning] [Git][revParse] Unable to read file: ENOENT: no such file or directory, open '/workspace/boilerplate-project-library/.git/refs/remotes/origin/main'
2024-10-18 23:14:02.009 [info] > git rev-parse refs/remotes/origin/main [1ms]
2024-10-18 23:14:02.017 [info] > git status -z -uall [4ms]
2024-10-18 23:14:02.019 [info] > git for-each-ref --sort -committerdate --format %(refname) %(objectname) %(*objectname) [2ms]
2024-10-18 23:14:07.030 [info] > git config --get commit.template [5ms]
2024-10-18 23:14:07.031 [info] > git for-each-ref --format=%(refname)%00%(upstream:short)%00%(objectname)%00%(upstream:track)%00%(upstream:remotename)%00%(upstream:remoteref) refs/heads/main refs/remotes/main [2ms]
2024-10-18 23:14:07.035 [warning] [Git][revParse] Unable to read file: ENOENT: no such file or directory, open '/workspace/boilerplate-project-library/.git/refs/remotes/origin/main'
2024-10-18 23:14:07.037 [info] > git rev-parse refs/remotes/origin/main [2ms]
2024-10-18 23:14:07.046 [info] > git status -z -uall [5ms]
2024-10-18 23:14:07.047 [info] > git for-each-ref --sort -committerdate --format %(refname) %(objectname) %(*objectname) [2ms]
2024-10-18 23:14:14.045 [info] > git config --get commit.template [5ms]
2024-10-18 23:14:14.047 [info] > git for-each-ref --format=%(refname)%00%(upstream:short)%00%(objectname)%00%(upstream:track)%00%(upstream:remotename)%00%(upstream:remoteref) refs/heads/main refs/remotes/main [2ms]
2024-10-18 23:14:14.052 [warning] [Git][revParse] Unable to read file: ENOENT: no such file or directory, open '/workspace/boilerplate-project-library/.git/refs/remotes/origin/main'
2024-10-18 23:14:14.054 [info] > git rev-parse refs/remotes/origin/main [2ms]
2024-10-18 23:14:14.065 [info] > git status -z -uall [6ms]
2024-10-18 23:14:14.067 [info] > git for-each-ref --sort -committerdate --format %(refname) %(objectname) %(*objectname) [2ms]
2024-10-18 23:14:44.747 [info] > git config --get commit.template [5ms]
2024-10-18 23:14:44.748 [info] > git for-each-ref --format=%(refname)%00%(upstream:short)%00%(objectname)%00%(upstream:track)%00%(upstream:remotename)%00%(upstream:remoteref) refs/heads/main refs/remotes/main [1ms]
2024-10-18 23:14:44.752 [warning] [Git][revParse] Unable to read file: ENOENT: no such file or directory, open '/workspace/boilerplate-project-library/.git/refs/remotes/origin/main'
2024-10-18 23:14:44.754 [info] > git rev-parse refs/remotes/origin/main [2ms]
2024-10-18 23:14:44.765 [info] > git status -z -uall [6ms]
2024-10-18 23:14:44.767 [info] > git for-each-ref --sort -committerdate --format %(refname) %(objectname) %(*objectname) [2ms]
2024-10-18 23:14:49.781 [info] > git config --get commit.template [6ms]
2024-10-18 23:14:49.782 [info] > git for-each-ref --format=%(refname)%00%(upstream:short)%00%(objectname)%00%(upstream:track)%00%(upstream:remotename)%00%(upstream:remoteref) refs/heads/main refs/remotes/main [2ms]
2024-10-18 23:14:49.786 [warning] [Git][revParse] Unable to read file: ENOENT: no such file or directory, open '/workspace/boilerplate-project-library/.git/refs/remotes/origin/main'
2024-10-18 23:14:49.788 [info] > git rev-parse refs/remotes/origin/main [2ms]
2024-10-18 23:14:49.797 [info] > git status -z -uall [5ms]
2024-10-18 23:14:49.798 [info] > git for-each-ref --sort -committerdate --format %(refname) %(objectname) %(*objectname) [2ms]
2024-10-18 23:14:54.811 [info] > git config --get commit.template [5ms]
2024-10-18 23:14:54.812 [info] > git for-each-ref --format=%(refname)%00%(upstream:short)%00%(objectname)%00%(upstream:track)%00%(upstream:remotename)%00%(upstream:remoteref) refs/heads/main refs/remotes/main [2ms]
2024-10-18 23:14:54.817 [warning] [Git][revParse] Unable to read file: ENOENT: no such file or directory, open '/workspace/boilerplate-project-library/.git/refs/remotes/origin/main'
2024-10-18 23:14:54.819 [info] > git rev-parse refs/remotes/origin/main [2ms]
2024-10-18 23:14:54.827 [info] > git status -z -uall [4ms]
2024-10-18 23:14:54.829 [info] > git for-each-ref --sort -committerdate --format %(refname) %(objectname) %(*objectname) [2ms]
2024-10-18 23:14:59.839 [info] > git config --get commit.template [3ms]
2024-10-18 23:14:59.846 [info] > git for-each-ref --format=%(refname)%00%(upstream:short)%00%(objectname)%00%(upstream:track)%00%(upstream:remotename)%00%(upstream:remoteref) refs/heads/main refs/remotes/main [2ms]
2024-10-18 23:14:59.851 [warning] [Git][revParse] Unable to read file: ENOENT: no such file or directory, open '/workspace/boilerplate-project-library/.git/refs/remotes/origin/main'
2024-10-18 23:14:59.852 [info] > git rev-parse refs/remotes/origin/main [1ms]
2024-10-18 23:14:59.862 [info] > git status -z -uall [5ms]
2024-10-18 23:14:59.864 [info] > git for-each-ref --sort -committerdate --format %(refname) %(objectname) %(*objectname) [3ms]
2024-10-18 23:15:05.261 [info] > git config --get commit.template [6ms]
2024-10-18 23:15:05.263 [info] > git for-each-ref --format=%(refname)%00%(upstream:short)%00%(objectname)%00%(upstream:track)%00%(upstream:remotename)%00%(upstream:remoteref) refs/heads/main refs/remotes/main [2ms]
2024-10-18 23:15:05.268 [warning] [Git][revParse] Unable to read file: ENOENT: no such file or directory, open '/workspace/boilerplate-project-library/.git/refs/remotes/origin/main'
2024-10-18 23:15:05.269 [info] > git rev-parse refs/remotes/origin/main [1ms]
2024-10-18 23:15:05.278 [info] > git status -z -uall [5ms]
2024-10-18 23:15:05.280 [info] > git for-each-ref --sort -committerdate --format %(refname) %(objectname) %(*objectname) [3ms]
2024-10-18 23:15:10.291 [info] > git config --get commit.template [5ms]
2024-10-18 23:15:10.292 [info] > git for-each-ref --format=%(refname)%00%(upstream:short)%00%(objectname)%00%(upstream:track)%00%(upstream:remotename)%00%(upstream:remoteref) refs/heads/main refs/remotes/main [2ms]
2024-10-18 23:15:10.296 [warning] [Git][revParse] Unable to read file: ENOENT: no such file or directory, open '/workspace/boilerplate-project-library/.git/refs/remotes/origin/main'
2024-10-18 23:15:10.298 [info] > git rev-parse refs/remotes/origin/main [2ms]
2024-10-18 23:15:10.308 [info] > git status -z -uall [7ms]
2024-10-18 23:15:10.308 [info] > git for-each-ref --sort -committerdate --format %(refname) %(objectname) %(*objectname) [3ms]
2024-10-18 23:15:16.074 [info] > git config --get commit.template [5ms]
2024-10-18 23:15:16.075 [info] > git for-each-ref --format=%(refname)%00%(upstream:short)%00%(objectname)%00%(upstream:track)%00%(upstream:remotename)%00%(upstream:remoteref) refs/heads/main refs/remotes/main [2ms]
2024-10-18 23:15:16.079 [warning] [Git][revParse] Unable to read file: ENOENT: no such file or directory, open '/workspace/boilerplate-project-library/.git/refs/remotes/origin/main'
2024-10-18 23:15:16.080 [info] > git rev-parse refs/remotes/origin/main [1ms]
2024-10-18 23:15:16.089 [info] > git status -z -uall [5ms]
2024-10-18 23:15:16.090 [info] > git for-each-ref --sort -committerdate --format %(refname) %(objectname) %(*objectname) [2ms]
2024-10-18 23:15:21.102 [info] > git config --get commit.template [5ms]
2024-10-18 23:15:21.103 [info] > git for-each-ref --format=%(refname)%00%(upstream:short)%00%(objectname)%00%(upstream:track)%00%(upstream:remotename)%00%(upstream:remoteref) refs/heads/main refs/remotes/main [2ms]
2024-10-18 23:15:21.106 [warning] [Git][revParse] Unable to read file: ENOENT: no such file or directory, open '/workspace/boilerplate-project-library/.git/refs/remotes/origin/main'
2024-10-18 23:15:21.108 [info] > git rev-parse refs/remotes/origin/main [2ms]
2024-10-18 23:15:21.116 [info] > git status -z -uall [5ms]
2024-10-18 23:15:21.117 [info] > git for-each-ref --sort -committerdate --format %(refname) %(objectname) %(*objectname) [2ms]
2024-10-18 23:15:26.129 [info] > git config --get commit.template [4ms]
2024-10-18 23:15:26.130 [info] > git for-each-ref --format=%(refname)%00%(upstream:short)%00%(objectname)%00%(upstream:track)%00%(upstream:remotename)%00%(upstream:remoteref) refs/heads/main refs/remotes/main [2ms]
2024-10-18 23:15:26.134 [warning] [Git][revParse] Unable to read file: ENOENT: no such file or directory, open '/workspace/boilerplate-project-library/.git/refs/remotes/origin/main'
2024-10-18 23:15:26.135 [info] > git rev-parse refs/remotes/origin/main [1ms]
2024-10-18 23:15:26.144 [info] > git status -z -uall [5ms]
2024-10-18 23:15:26.145 [info] > git for-each-ref --sort -committerdate --format %(refname) %(objectname) %(*objectname) [1ms]
2024-10-18 23:15:33.051 [info] > git config --get commit.template [5ms]
2024-10-18 23:15:33.053 [info] > git for-each-ref --format=%(refname)%00%(upstream:short)%00%(objectname)%00%(upstream:track)%00%(upstream:remotename)%00%(upstream:remoteref) refs/heads/main refs/remotes/main [2ms]
2024-10-18 23:15:33.057 [warning] [Git][revParse] Unable to read file: ENOENT: no such file or directory, open '/workspace/boilerplate-project-library/.git/refs/remotes/origin/main'
2024-10-18 23:15:33.058 [info] > git rev-parse refs/remotes/origin/main [2ms]
2024-10-18 23:15:33.067 [info] > git status -z -uall [5ms]
2024-10-18 23:15:33.069 [info] > git for-each-ref --sort -committerdate --format %(refname) %(objectname) %(*objectname) [2ms]
2024-10-18 23:15:55.661 [info] > git config --get commit.template [5ms]
2024-10-18 23:15:55.663 [info] > git for-each-ref --format=%(refname)%00%(upstream:short)%00%(objectname)%00%(upstream:track)%00%(upstream:remotename)%00%(upstream:remoteref) refs/heads/main refs/remotes/main [1ms]
2024-10-18 23:15:55.667 [warning] [Git][revParse] Unable to read file: ENOENT: no such file or directory, open '/workspace/boilerplate-project-library/.git/refs/remotes/origin/main'
2024-10-18 23:15:55.668 [info] > git rev-parse refs/remotes/origin/main [1ms]
2024-10-18 23:15:55.676 [info] > git status -z -uall [4ms]
2024-10-18 23:15:55.678 [info] > git for-each-ref --sort -committerdate --format %(refname) %(objectname) %(*objectname) [2ms]
2024-10-18 23:16:03.866 [info] > git config --get commit.template [5ms]
2024-10-18 23:16:03.868 [info] > git for-each-ref --format=%(refname)%00%(upstream:short)%00%(objectname)%00%(upstream:track)%00%(upstream:remotename)%00%(upstream:remoteref) refs/heads/main refs/remotes/main [2ms]
2024-10-18 23:16:03.872 [warning] [Git][revParse] Unable to read file: ENOENT: no such file or directory, open '/workspace/boilerplate-project-library/.git/refs/remotes/origin/main'
2024-10-18 23:16:03.873 [info] > git rev-parse refs/remotes/origin/main [1ms]
2024-10-18 23:16:03.882 [info] > git status -z -uall [5ms]
2024-10-18 23:16:03.884 [info] > git for-each-ref --sort -committerdate --format %(refname) %(objectname) %(*objectname) [2ms]
2024-10-18 23:16:08.897 [info] > git config --get commit.template [5ms]
2024-10-18 23:16:08.898 [info] > git for-each-ref --format=%(refname)%00%(upstream:short)%00%(objectname)%00%(upstream:track)%00%(upstream:remotename)%00%(upstream:remoteref) refs/heads/main refs/remotes/main [2ms]
2024-10-18 23:16:08.902 [warning] [Git][revParse] Unable to read file: ENOENT: no such file or directory, open '/workspace/boilerplate-project-library/.git/refs/remotes/origin/main'
2024-10-18 23:16:08.903 [info] > git rev-parse refs/remotes/origin/main [1ms]
2024-10-18 23:16:08.911 [info] > git status -z -uall [4ms]
2024-10-18 23:16:08.913 [info] > git for-each-ref --sort -committerdate --format %(refname) %(objectname) %(*objectname) [2ms]
2024-10-18 23:16:13.925 [info] > git config --get commit.template [5ms]
2024-10-18 23:16:13.926 [info] > git for-each-ref --format=%(refname)%00%(upstream:short)%00%(objectname)%00%(upstream:track)%00%(upstream:remotename)%00%(upstream:remoteref) refs/heads/main refs/remotes/main [2ms]
2024-10-18 23:16:13.930 [warning] [Git][revParse] Unable to read file: ENOENT: no such file or directory, open '/workspace/boilerplate-project-library/.git/refs/remotes/origin/main'
2024-10-18 23:16:13.932 [info] > git rev-parse refs/remotes/origin/main [2ms]
2024-10-18 23:16:13.940 [info] > git status -z -uall [4ms]
2024-10-18 23:16:13.942 [info] > git for-each-ref --sort -committerdate --format %(refname) %(objectname) %(*objectname) [2ms]
2024-10-18 23:16:24.488 [info] > git config --get commit.template [62ms]
2024-10-18 23:16:24.489 [info] > git for-each-ref --format=%(refname)%00%(upstream:short)%00%(objectname)%00%(upstream:track)%00%(upstream:remotename)%00%(upstream:remoteref) refs/heads/main refs/remotes/main [2ms]
2024-10-18 23:16:24.495 [warning] [Git][revParse] Unable to read file: ENOENT: no such file or directory, open '/workspace/boilerplate-project-library/.git/refs/remotes/origin/main'
2024-10-18 23:16:24.497 [info] > git rev-parse refs/remotes/origin/main [1ms]
2024-10-18 23:16:24.508 [info] > git status -z -uall [6ms]
2024-10-18 23:16:24.510 [info] > git for-each-ref --sort -committerdate --format %(refname) %(objectname) %(*objectname) [2ms]
2024-10-18 23:16:29.522 [info] > git config --get commit.template [4ms]
2024-10-18 23:16:29.524 [info] > git for-each-ref --format=%(refname)%00%(upstream:short)%00%(objectname)%00%(upstream:track)%00%(upstream:remotename)%00%(upstream:remoteref) refs/heads/main refs/remotes/main [2ms]
2024-10-18 23:16:29.528 [warning] [Git][revParse] Unable to read file: ENOENT: no such file or directory, open '/workspace/boilerplate-project-library/.git/refs/remotes/origin/main'
2024-10-18 23:16:29.529 [info] > git rev-parse refs/remotes/origin/main [1ms]
2024-10-18 23:16:29.538 [info] > git status -z -uall [5ms]
2024-10-18 23:16:29.539 [info] > git for-each-ref --sort -committerdate --format %(refname) %(objectname) %(*objectname) [2ms]
2024-10-18 23:16:34.552 [info] > git config --get commit.template [5ms]
2024-10-18 23:16:34.554 [info] > git for-each-ref --format=%(refname)%00%(upstream:short)%00%(objectname)%00%(upstream:track)%00%(upstream:remotename)%00%(upstream:remoteref) refs/heads/main refs/remotes/main [3ms]
2024-10-18 23:16:34.558 [warning] [Git][revParse] Unable to read file: ENOENT: no such file or directory, open '/workspace/boilerplate-project-library/.git/refs/remotes/origin/main'
2024-10-18 23:16:34.559 [info] > git rev-parse refs/remotes/origin/main [1ms]
2024-10-18 23:16:34.569 [info] > git status -z -uall [6ms]
2024-10-18 23:16:34.571 [info] > git for-each-ref --sort -committerdate --format %(refname) %(objectname) %(*objectname) [2ms]
2024-10-18 23:16:39.583 [info] > git config --get commit.template [6ms]
2024-10-18 23:16:39.584 [info] > git for-each-ref --format=%(refname)%00%(upstream:short)%00%(objectname)%00%(upstream:track)%00%(upstream:remotename)%00%(upstream:remoteref) refs/heads/main refs/remotes/main [2ms]
2024-10-18 23:16:39.589 [warning] [Git][revParse] Unable to read file: ENOENT: no such file or directory, open '/workspace/boilerplate-project-library/.git/refs/remotes/origin/main'
2024-10-18 23:16:39.590 [info] > git rev-parse refs/remotes/origin/main [2ms]
2024-10-18 23:16:39.598 [info] > git status -z -uall [4ms]
2024-10-18 23:16:39.600 [info] > git for-each-ref --sort -committerdate --format %(refname) %(objectname) %(*objectname) [2ms]
2024-10-18 23:16:47.540 [info] > git config --get commit.template [6ms]
2024-10-18 23:16:47.540 [info] > git for-each-ref --format=%(refname)%00%(upstream:short)%00%(objectname)%00%(upstream:track)%00%(upstream:remotename)%00%(upstream:remoteref) refs/heads/main refs/remotes/main [2ms]
2024-10-18 23:16:47.544 [warning] [Git][revParse] Unable to read file: ENOENT: no such file or directory, open '/workspace/boilerplate-project-library/.git/refs/remotes/origin/main'
2024-10-18 23:16:47.546 [info] > git rev-parse refs/remotes/origin/main [2ms]
2024-10-18 23:16:47.554 [info] > git status -z -uall [5ms]
2024-10-18 23:16:47.555 [info] > git for-each-ref --sort -committerdate --format %(refname) %(objectname) %(*objectname) [2ms]
2024-10-18 23:17:01.811 [info] > git config --get commit.template [6ms]
2024-10-18 23:17:01.813 [info] > git for-each-ref --format=%(refname)%00%(upstream:short)%00%(objectname)%00%(upstream:track)%00%(upstream:remotename)%00%(upstream:remoteref) refs/heads/main refs/remotes/main [3ms]
2024-10-18 23:17:01.817 [warning] [Git][revParse] Unable to read file: ENOENT: no such file or directory, open '/workspace/boilerplate-project-library/.git/refs/remotes/origin/main'
2024-10-18 23:17:01.819 [info] > git rev-parse refs/remotes/origin/main [2ms]
2024-10-18 23:17:01.827 [info] > git status -z -uall [5ms]
2024-10-18 23:17:01.829 [info] > git for-each-ref --sort -committerdate --format %(refname) %(objectname) %(*objectname) [2ms]
2024-10-18 23:17:06.843 [info] > git config --get commit.template [6ms]
2024-10-18 23:17:06.844 [info] > git for-each-ref --format=%(refname)%00%(upstream:short)%00%(objectname)%00%(upstream:track)%00%(upstream:remotename)%00%(upstream:remoteref) refs/heads/main refs/remotes/main [2ms]
2024-10-18 23:17:06.848 [warning] [Git][revParse] Unable to read file: ENOENT: no such file or directory, open '/workspace/boilerplate-project-library/.git/refs/remotes/origin/main'
2024-10-18 23:17:06.850 [info] > git rev-parse refs/remotes/origin/main [2ms]
2024-10-18 23:17:06.859 [info] > git status -z -uall [5ms]
2024-10-18 23:17:06.861 [info] > git for-each-ref --sort -committerdate --format %(refname) %(objectname) %(*objectname) [2ms]
2024-10-18 23:17:11.873 [info] > git config --get commit.template [5ms]
2024-10-18 23:17:11.874 [info] > git for-each-ref --format=%(refname)%00%(upstream:short)%00%(objectname)%00%(upstream:track)%00%(upstream:remotename)%00%(upstream:remoteref) refs/heads/main refs/remotes/main [2ms]
2024-10-18 23:17:11.878 [warning] [Git][revParse] Unable to read file: ENOENT: no such file or directory, open '/workspace/boilerplate-project-library/.git/refs/remotes/origin/main'
2024-10-18 23:17:11.880 [info] > git rev-parse refs/remotes/origin/main [2ms]
2024-10-18 23:17:11.888 [info] > git status -z -uall [4ms]
2024-10-18 23:17:11.890 [info] > git for-each-ref --sort -committerdate --format %(refname) %(objectname) %(*objectname) [2ms]
2024-10-18 23:17:22.267 [info] > git config --get commit.template [7ms]
2024-10-18 23:17:22.269 [info] > git for-each-ref --format=%(refname)%00%(upstream:short)%00%(objectname)%00%(upstream:track)%00%(upstream:remotename)%00%(upstream:remoteref) refs/heads/main refs/remotes/main [2ms]
2024-10-18 23:17:22.273 [warning] [Git][revParse] Unable to read file: ENOENT: no such file or directory, open '/workspace/boilerplate-project-library/.git/refs/remotes/origin/main'
2024-10-18 23:17:22.275 [info] > git rev-parse refs/remotes/origin/main [2ms]
2024-10-18 23:17:22.284 [info] > git status -z -uall [5ms]
2024-10-18 23:17:22.286 [info] > git for-each-ref --sort -committerdate --format %(refname) %(objectname) %(*objectname) [2ms]
2024-10-18 23:17:28.284 [info] > git config --get commit.template [5ms]
2024-10-18 23:17:28.286 [info] > git for-each-ref --format=%(refname)%00%(upstream:short)%00%(objectname)%00%(upstream:track)%00%(upstream:remotename)%00%(upstream:remoteref) refs/heads/main refs/remotes/main [2ms]
2024-10-18 23:17:28.290 [warning] [Git][revParse] Unable to read file: ENOENT: no such file or directory, open '/workspace/boilerplate-project-library/.git/refs/remotes/origin/main'
2024-10-18 23:17:28.291 [info] > git rev-parse refs/remotes/origin/main [1ms]
2024-10-18 23:17:28.299 [info] > git status -z -uall [4ms]
2024-10-18 23:17:28.301 [info] > git for-each-ref --sort -committerdate --format %(refname) %(objectname) %(*objectname) [2ms]
2024-10-18 23:17:33.314 [info] > git config --get commit.template [6ms]
2024-10-18 23:17:33.316 [info] > git for-each-ref --format=%(refname)%00%(upstream:short)%00%(objectname)%00%(upstream:track)%00%(upstream:remotename)%00%(upstream:remoteref) refs/heads/main refs/remotes/main [3ms]
2024-10-18 23:17:33.321 [warning] [Git][revParse] Unable to read file: ENOENT: no such file or directory, open '/workspace/boilerplate-project-library/.git/refs/remotes/origin/main'
2024-10-18 23:17:33.322 [info] > git rev-parse refs/remotes/origin/main [1ms]
2024-10-18 23:17:33.332 [info] > git status -z -uall [5ms]
2024-10-18 23:17:33.335 [info] > git for-each-ref --sort -committerdate --format %(refname) %(objectname) %(*objectname) [3ms]
2024-10-18 23:17:38.346 [info] > git config --get commit.template [4ms]
2024-10-18 23:17:38.348 [info] > git for-each-ref --format=%(refname)%00%(upstream:short)%00%(objectname)%00%(upstream:track)%00%(upstream:remotename)%00%(upstream:remoteref) refs/heads/main refs/remotes/main [2ms]
2024-10-18 23:17:38.352 [warning] [Git][revParse] Unable to read file: ENOENT: no such file or directory, open '/workspace/boilerplate-project-library/.git/refs/remotes/origin/main'
2024-10-18 23:17:38.354 [info] > git rev-parse refs/remotes/origin/main [2ms]
2024-10-18 23:17:38.364 [info] > git status -z -uall [5ms]
2024-10-18 23:17:38.366 [info] > git for-each-ref --sort -committerdate --format %(refname) %(objectname) %(*objectname) [2ms]
2024-10-18 23:17:56.716 [info] > git show --textconv :routes/api.js [5ms]
2024-10-18 23:17:56.717 [info] > git ls-files --stage -- /workspace/boilerplate-project-library/routes/api.js [2ms]
2024-10-18 23:17:56.723 [info] > git cat-file -s d444d70d63d6634c0f39b0b062dc89592255ed71 [2ms]
2024-10-18 23:18:18.592 [info] > git config --get commit.template [5ms]
2024-10-18 23:18:18.594 [info] > git for-each-ref --format=%(refname)%00%(upstream:short)%00%(objectname)%00%(upstream:track)%00%(upstream:remotename)%00%(upstream:remoteref) refs/heads/main refs/remotes/main [2ms]
2024-10-18 23:18:18.597 [warning] [Git][revParse] Unable to read file: ENOENT: no such file or directory, open '/workspace/boilerplate-project-library/.git/refs/remotes/origin/main'
2024-10-18 23:18:18.599 [info] > git rev-parse refs/remotes/origin/main [2ms]
2024-10-18 23:18:18.607 [info] > git status -z -uall [4ms]
2024-10-18 23:18:18.608 [info] > git for-each-ref --sort -committerdate --format %(refname) %(objectname) %(*objectname) [2ms]
2024-10-18 23:19:14.700 [info] > git config --get commit.template [6ms]
2024-10-18 23:19:14.701 [info] > git for-each-ref --format=%(refname)%00%(upstream:short)%00%(objectname)%00%(upstream:track)%00%(upstream:remotename)%00%(upstream:remoteref) refs/heads/main refs/remotes/main [2ms]
2024-10-18 23:19:14.706 [warning] [Git][revParse] Unable to read file: ENOENT: no such file or directory, open '/workspace/boilerplate-project-library/.git/refs/remotes/origin/main'
2024-10-18 23:19:14.708 [info] > git rev-parse refs/remotes/origin/main [2ms]
2024-10-18 23:19:14.717 [info] > git status -z -uall [5ms]
2024-10-18 23:19:14.719 [info] > git for-each-ref --sort -committerdate --format %(refname) %(objectname) %(*objectname) [2ms]
2024-10-18 23:19:27.756 [info] > git config --get commit.template [6ms]
2024-10-18 23:19:27.757 [info] > git for-each-ref --format=%(refname)%00%(upstream:short)%00%(objectname)%00%(upstream:track)%00%(upstream:remotename)%00%(upstream:remoteref) refs/heads/main refs/remotes/main [2ms]
2024-10-18 23:19:27.763 [warning] [Git][revParse] Unable to read file: ENOENT: no such file or directory, open '/workspace/boilerplate-project-library/.git/refs/remotes/origin/main'
2024-10-18 23:19:27.765 [info] > git rev-parse refs/remotes/origin/main [2ms]
2024-10-18 23:19:27.775 [info] > git status -z -uall [5ms]
2024-10-18 23:19:27.777 [info] > git for-each-ref --sort -committerdate --format %(refname) %(objectname) %(*objectname) [2ms]
2024-10-18 23:19:58.222 [info] > git config --get commit.template [6ms]
2024-10-18 23:19:58.224 [info] > git for-each-ref --format=%(refname)%00%(upstream:short)%00%(objectname)%00%(upstream:track)%00%(upstream:remotename)%00%(upstream:remoteref) refs/heads/main refs/remotes/main [2ms]
2024-10-18 23:19:58.229 [warning] [Git][revParse] Unable to read file: ENOENT: no such file or directory, open '/workspace/boilerplate-project-library/.git/refs/remotes/origin/main'
2024-10-18 23:19:58.231 [info] > git rev-parse refs/remotes/origin/main [1ms]
2024-10-18 23:19:58.241 [info] > git status -z -uall [5ms]
2024-10-18 23:19:58.243 [info] > git for-each-ref --sort -committerdate --format %(refname) %(objectname) %(*objectname) [2ms]
2024-10-18 23:20:23.737 [info] > git config --get commit.template [7ms]
2024-10-18 23:20:23.738 [info] > git for-each-ref --format=%(refname)%00%(upstream:short)%00%(objectname)%00%(upstream:track)%00%(upstream:remotename)%00%(upstream:remoteref) refs/heads/main refs/remotes/main [2ms]
2024-10-18 23:20:23.743 [warning] [Git][revParse] Unable to read file: ENOENT: no such file or directory, open '/workspace/boilerplate-project-library/.git/refs/remotes/origin/main'
2024-10-18 23:20:23.745 [info] > git rev-parse refs/remotes/origin/main [2ms]
2024-10-18 23:20:23.755 [info] > git status -z -uall [5ms]
2024-10-18 23:20:23.757 [info] > git for-each-ref --sort -committerdate --format %(refname) %(objectname) %(*objectname) [2ms]
2024-10-18 23:20:32.071 [info] > git config --get commit.template [6ms]
2024-10-18 23:20:32.073 [info] > git for-each-ref --format=%(refname)%00%(upstream:short)%00%(objectname)%00%(upstream:track)%00%(upstream:remotename)%00%(upstream:remoteref) refs/heads/main refs/remotes/main [3ms]
2024-10-18 23:20:32.078 [warning] [Git][revParse] Unable to read file: ENOENT: no such file or directory, open '/workspace/boilerplate-project-library/.git/refs/remotes/origin/main'
2024-10-18 23:20:32.080 [info] > git rev-parse refs/remotes/origin/main [2ms]
2024-10-18 23:20:32.092 [info] > git status -z -uall [7ms]
2024-10-18 23:20:32.095 [info] > git for-each-ref --sort -committerdate --format %(refname) %(objectname) %(*objectname) [3ms]
2024-10-18 23:20:37.109 [info] > git config --get commit.template [5ms]
2024-10-18 23:20:37.110 [info] > git for-each-ref --format=%(refname)%00%(upstream:short)%00%(objectname)%00%(upstream:track)%00%(upstream:remotename)%00%(upstream:remoteref) refs/heads/main refs/remotes/main [2ms]
2024-10-18 23:20:37.115 [warning] [Git][revParse] Unable to read file: ENOENT: no such file or directory, open '/workspace/boilerplate-project-library/.git/refs/remotes/origin/main'
2024-10-18 23:20:37.117 [info] > git rev-parse refs/remotes/origin/main [2ms]
2024-10-18 23:20:37.127 [info] > git status -z -uall [6ms]
2024-10-18 23:20:37.129 [info] > git for-each-ref --sort -committerdate --format %(refname) %(objectname) %(*objectname) [3ms]
2024-10-18 23:20:42.144 [info] > git config --get commit.template [6ms]
2024-10-18 23:20:42.146 [info] > git for-each-ref --format=%(refname)%00%(upstream:short)%00%(objectname)%00%(upstream:track)%00%(upstream:remotename)%00%(upstream:remoteref) refs/heads/main refs/remotes/main [2ms]
2024-10-18 23:20:42.151 [warning] [Git][revParse] Unable to read file: ENOENT: no such file or directory, open '/workspace/boilerplate-project-library/.git/refs/remotes/origin/main'
2024-10-18 23:20:42.153 [info] > git rev-parse refs/remotes/origin/main [2ms]
2024-10-18 23:20:42.165 [info] > git status -z -uall [6ms]
2024-10-18 23:20:42.167 [info] > git for-each-ref --sort -committerdate --format %(refname) %(objectname) %(*objectname) [3ms]
2024-10-18 23:20:47.444 [info] > git config --get commit.template [6ms]
2024-10-18 23:20:47.445 [info] > git for-each-ref --format=%(refname)%00%(upstream:short)%00%(objectname)%00%(upstream:track)%00%(upstream:remotename)%00%(upstream:remoteref) refs/heads/main refs/remotes/main [2ms]
2024-10-18 23:20:47.450 [warning] [Git][revParse] Unable to read file: ENOENT: no such file or directory, open '/workspace/boilerplate-project-library/.git/refs/remotes/origin/main'
2024-10-18 23:20:47.452 [info] > git rev-parse refs/remotes/origin/main [2ms]
2024-10-18 23:20:47.464 [info] > git status -z -uall [6ms]
2024-10-18 23:20:47.466 [info] > git for-each-ref --sort -committerdate --format %(refname) %(objectname) %(*objectname) [2ms]
2024-10-18 23:20:54.030 [info] > git config --get commit.template [6ms]
2024-10-18 23:20:54.032 [info] > git for-each-ref --format=%(refname)%00%(upstream:short)%00%(objectname)%00%(upstream:track)%00%(upstream:remotename)%00%(upstream:remoteref) refs/heads/main refs/remotes/main [2ms]
2024-10-18 23:20:54.036 [warning] [Git][revParse] Unable to read file: ENOENT: no such file or directory, open '/workspace/boilerplate-project-library/.git/refs/remotes/origin/main'
2024-10-18 23:20:54.038 [info] > git rev-parse refs/remotes/origin/main [2ms]
2024-10-18 23:20:54.048 [info] > git status -z -uall [5ms]
2024-10-18 23:20:54.050 [info] > git for-each-ref --sort -committerdate --format %(refname) %(objectname) %(*objectname) [2ms]
2024-10-18 23:21:02.032 [info] > git config --get commit.template [6ms]
2024-10-18 23:21:02.033 [info] > git for-each-ref --format=%(refname)%00%(upstream:short)%00%(objectname)%00%(upstream:track)%00%(upstream:remotename)%00%(upstream:remoteref) refs/heads/main refs/remotes/main [2ms]
2024-10-18 23:21:02.039 [warning] [Git][revParse] Unable to read file: ENOENT: no such file or directory, open '/workspace/boilerplate-project-library/.git/refs/remotes/origin/main'
2024-10-18 23:21:02.041 [info] > git rev-parse refs/remotes/origin/main [2ms]
2024-10-18 23:21:02.052 [info] > git status -z -uall [6ms]
2024-10-18 23:21:02.054 [info] > git for-each-ref --sort -committerdate --format %(refname) %(objectname) %(*objectname) [3ms]
2024-10-18 23:22:30.435 [info] > git config --get commit.template [6ms]
2024-10-18 23:22:30.436 [info] > git for-each-ref --format=%(refname)%00%(upstream:short)%00%(objectname)%00%(upstream:track)%00%(upstream:remotename)%00%(upstream:remoteref) refs/heads/main refs/remotes/main [2ms]
2024-10-18 23:22:30.442 [warning] [Git][revParse] Unable to read file: ENOENT: no such file or directory, open '/workspace/boilerplate-project-library/.git/refs/remotes/origin/main'
2024-10-18 23:22:30.443 [info] > git rev-parse refs/remotes/origin/main [1ms]
2024-10-18 23:22:30.454 [info] > git status -z -uall [6ms]
2024-10-18 23:22:30.457 [info] > git for-each-ref --sort -committerdate --format %(refname) %(objectname) %(*objectname) [3ms]
2024-10-18 23:22:36.387 [info] > git config --get commit.template [6ms]
2024-10-18 23:22:36.388 [info] > git for-each-ref --format=%(refname)%00%(upstream:short)%00%(objectname)%00%(upstream:track)%00%(upstream:remotename)%00%(upstream:remoteref) refs/heads/main refs/remotes/main [2ms]
2024-10-18 23:22:36.394 [warning] [Git][revParse] Unable to read file: ENOENT: no such file or directory, open '/workspace/boilerplate-project-library/.git/refs/remotes/origin/main'
2024-10-18 23:22:36.395 [info] > git rev-parse refs/remotes/origin/main [2ms]
2024-10-18 23:22:36.406 [info] > git status -z -uall [6ms]
2024-10-18 23:22:36.409 [info] > git for-each-ref --sort -committerdate --format %(refname) %(objectname) %(*objectname) [3ms]
2024-10-18 23:22:41.423 [info] > git config --get commit.template [6ms]
2024-10-18 23:22:41.424 [info] > git for-each-ref --format=%(refname)%00%(upstream:short)%00%(objectname)%00%(upstream:track)%00%(upstream:remotename)%00%(upstream:remoteref) refs/heads/main refs/remotes/main [2ms]
2024-10-18 23:22:41.430 [warning] [Git][revParse] Unable to read file: ENOENT: no such file or directory, open '/workspace/boilerplate-project-library/.git/refs/remotes/origin/main'
2024-10-18 23:22:41.432 [info] > git rev-parse refs/remotes/origin/main [2ms]
2024-10-18 23:22:41.443 [info] > git status -z -uall [6ms]
2024-10-18 23:22:41.445 [info] > git for-each-ref --sort -committerdate --format %(refname) %(objectname) %(*objectname) [2ms]
2024-10-18 23:22:46.457 [info] > git config --get commit.template [5ms]
2024-10-18 23:22:46.459 [info] > git for-each-ref --format=%(refname)%00%(upstream:short)%00%(objectname)%00%(upstream:track)%00%(upstream:remotename)%00%(upstream:remoteref) refs/heads/main refs/remotes/main [2ms]
2024-10-18 23:22:46.463 [warning] [Git][revParse] Unable to read file: ENOENT: no such file or directory, open '/workspace/boilerplate-project-library/.git/refs/remotes/origin/main'
2024-10-18 23:22:46.465 [info] > git rev-parse refs/remotes/origin/main [2ms]
2024-10-18 23:22:46.474 [info] > git status -z -uall [5ms]
2024-10-18 23:22:46.476 [info] > git for-each-ref --sort -committerdate --format %(refname) %(objectname) %(*objectname) [2ms]
2024-10-18 23:22:51.490 [info] > git config --get commit.template [6ms]
2024-10-18 23:22:51.491 [info] > git for-each-ref --format=%(refname)%00%(upstream:short)%00%(objectname)%00%(upstream:track)%00%(upstream:remotename)%00%(upstream:remoteref) refs/heads/main refs/remotes/main [2ms]
2024-10-18 23:22:51.496 [warning] [Git][revParse] Unable to read file: ENOENT: no such file or directory, open '/workspace/boilerplate-project-library/.git/refs/remotes/origin/main'
2024-10-18 23:22:51.498 [info] > git rev-parse refs/remotes/origin/main [2ms]
2024-10-18 23:22:51.509 [info] > git status -z -uall [6ms]
2024-10-18 23:22:51.511 [info] > git for-each-ref --sort -committerdate --format %(refname) %(objectname) %(*objectname) [3ms]
2024-10-18 23:22:57.123 [info] > git config --get commit.template [7ms]
2024-10-18 23:22:57.124 [info] > git for-each-ref --format=%(refname)%00%(upstream:short)%00%(objectname)%00%(upstream:track)%00%(upstream:remotename)%00%(upstream:remoteref) refs/heads/main refs/remotes/main [2ms]
2024-10-18 23:22:57.129 [warning] [Git][revParse] Unable to read file: ENOENT: no such file or directory, open '/workspace/boilerplate-project-library/.git/refs/remotes/origin/main'
2024-10-18 23:22:57.131 [info] > git rev-parse refs/remotes/origin/main [2ms]
2024-10-18 23:22:57.141 [info] > git status -z -uall [6ms]
2024-10-18 23:22:57.143 [info] > git for-each-ref --sort -committerdate --format %(refname) %(objectname) %(*objectname) [2ms]
2024-10-18 23:23:02.157 [info] > git config --get commit.template [6ms]
2024-10-18 23:23:02.160 [info] > git for-each-ref --format=%(refname)%00%(upstream:short)%00%(objectname)%00%(upstream:track)%00%(upstream:remotename)%00%(upstream:remoteref) refs/heads/main refs/remotes/main [2ms]
2024-10-18 23:23:02.164 [warning] [Git][revParse] Unable to read file: ENOENT: no such file or directory, open '/workspace/boilerplate-project-library/.git/refs/remotes/origin/main'
2024-10-18 23:23:02.166 [info] > git rev-parse refs/remotes/origin/main [2ms]
2024-10-18 23:23:02.176 [info] > git status -z -uall [5ms]
2024-10-18 23:23:02.179 [info] > git for-each-ref --sort -committerdate --format %(refname) %(objectname) %(*objectname) [3ms]
2024-10-18 23:23:07.193 [info] > git config --get commit.template [6ms]
2024-10-18 23:23:07.195 [info] > git for-each-ref --format=%(refname)%00%(upstream:short)%00%(objectname)%00%(upstream:track)%00%(upstream:remotename)%00%(upstream:remoteref) refs/heads/main refs/remotes/main [3ms]
2024-10-18 23:23:07.199 [warning] [Git][revParse] Unable to read file: ENOENT: no such file or directory, open '/workspace/boilerplate-project-library/.git/refs/remotes/origin/main'
2024-10-18 23:23:07.201 [info] > git rev-parse refs/remotes/origin/main [2ms]
2024-10-18 23:23:07.212 [info] > git status -z -uall [6ms]
2024-10-18 23:23:07.214 [info] > git for-each-ref --sort -committerdate --format %(refname) %(objectname) %(*objectname) [3ms]
2024-10-18 23:23:12.513 [info] > git config --get commit.template [7ms]
2024-10-18 23:23:12.515 [info] > git for-each-ref --format=%(refname)%00%(upstream:short)%00%(objectname)%00%(upstream:track)%00%(upstream:remotename)%00%(upstream:remoteref) refs/heads/main refs/remotes/main [2ms]
2024-10-18 23:23:12.520 [warning] [Git][revParse] Unable to read file: ENOENT: no such file or directory, open '/workspace/boilerplate-project-library/.git/refs/remotes/origin/main'
2024-10-18 23:23:12.522 [info] > git rev-parse refs/remotes/origin/main [2ms]
2024-10-18 23:23:12.533 [info] > git status -z -uall [6ms]
2024-10-18 23:23:12.535 [info] > git for-each-ref --sort -committerdate --format %(refname) %(objectname) %(*objectname) [2ms]
2024-10-18 23:23:17.548 [info] > git config --get commit.template [6ms]
2024-10-18 23:23:17.550 [info] > git for-each-ref --format=%(refname)%00%(upstream:short)%00%(objectname)%00%(upstream:track)%00%(upstream:remotename)%00%(upstream:remoteref) refs/heads/main refs/remotes/main [3ms]
2024-10-18 23:23:17.556 [warning] [Git][revParse] Unable to read file: ENOENT: no such file or directory, open '/workspace/boilerplate-project-library/.git/refs/remotes/origin/main'
2024-10-18 23:23:17.557 [info] > git rev-parse refs/remotes/origin/main [1ms]
2024-10-18 23:23:17.569 [info] > git status -z -uall [6ms]
2024-10-18 23:23:17.571 [info] > git for-each-ref --sort -committerdate --format %(refname) %(objectname) %(*objectname) [3ms]
2024-10-18 23:23:22.587 [info] > git config --get commit.template [7ms]
2024-10-18 23:23:22.588 [info] > git for-each-ref --format=%(refname)%00%(upstream:short)%00%(objectname)%00%(upstream:track)%00%(upstream:remotename)%00%(upstream:remoteref) refs/heads/main refs/remotes/main [2ms]
2024-10-18 23:23:22.593 [warning] [Git][revParse] Unable to read file: ENOENT: no such file or directory, open '/workspace/boilerplate-project-library/.git/refs/remotes/origin/main'
2024-10-18 23:23:22.594 [info] > git rev-parse refs/remotes/origin/main [1ms]
2024-10-18 23:23:22.604 [info] > git status -z -uall [5ms]
2024-10-18 23:23:22.606 [info] > git for-each-ref --sort -committerdate --format %(refname) %(objectname) %(*objectname) [2ms]
2024-10-18 23:23:32.504 [info] > git config --get commit.template [6ms]
2024-10-18 23:23:32.505 [info] > git for-each-ref --format=%(refname)%00%(upstream:short)%00%(objectname)%00%(upstream:track)%00%(upstream:remotename)%00%(upstream:remoteref) refs/heads/main refs/remotes/main [2ms]
2024-10-18 23:23:32.510 [warning] [Git][revParse] Unable to read file: ENOENT: no such file or directory, open '/workspace/boilerplate-project-library/.git/refs/remotes/origin/main'
2024-10-18 23:23:32.512 [info] > git rev-parse refs/remotes/origin/main [2ms]
2024-10-18 23:23:32.523 [info] > git status -z -uall [6ms]
2024-10-18 23:23:32.525 [info] > git for-each-ref --sort -committerdate --format %(refname) %(objectname) %(*objectname) [3ms]
2024-10-18 23:23:47.159 [info] > git config --get commit.template [6ms]
2024-10-18 23:23:47.161 [info] > git for-each-ref --format=%(refname)%00%(upstream:short)%00%(objectname)%00%(upstream:track)%00%(upstream:remotename)%00%(upstream:remoteref) refs/heads/main refs/remotes/main [3ms]
2024-10-18 23:23:47.165 [warning] [Git][revParse] Unable to read file: ENOENT: no such file or directory, open '/workspace/boilerplate-project-library/.git/refs/remotes/origin/main'
2024-10-18 23:23:47.167 [info] > git rev-parse refs/remotes/origin/main [2ms]
2024-10-18 23:23:47.176 [info] > git status -z -uall [5ms]
2024-10-18 23:23:47.178 [info] > git for-each-ref --sort -committerdate --format %(refname) %(objectname) %(*objectname) [2ms]
2024-10-18 23:23:53.068 [info] > git config --get commit.template [6ms]
2024-10-18 23:23:53.070 [info] > git for-each-ref --format=%(refname)%00%(upstream:short)%00%(objectname)%00%(upstream:track)%00%(upstream:remotename)%00%(upstream:remoteref) refs/heads/main refs/remotes/main [3ms]
2024-10-18 23:23:53.075 [warning] [Git][revParse] Unable to read file: ENOENT: no such file or directory, open '/workspace/boilerplate-project-library/.git/refs/remotes/origin/main'
2024-10-18 23:23:53.077 [info] > git rev-parse refs/remotes/origin/main [2ms]
2024-10-18 23:23:53.086 [info] > git status -z -uall [4ms]
2024-10-18 23:23:53.089 [info] > git for-each-ref --sort -committerdate --format %(refname) %(objectname) %(*objectname) [3ms]
2024-10-18 23:26:08.585 [info] > git show --textconv :book-model.js [5ms]
2024-10-18 23:26:08.586 [info] > git ls-files --stage -- /workspace/boilerplate-project-library/book-model.js [2ms]
2024-10-18 23:26:53.036 [info] > git show --textconv :.env [5ms]
2024-10-18 23:26:53.037 [info] > git ls-files --stage -- /workspace/boilerplate-project-library/.env [2ms]
2024-10-18 23:28:07.266 [info] > git show --textconv :routes/api.js [4ms]
2024-10-18 23:28:07.267 [info] > git ls-files --stage -- /workspace/boilerplate-project-library/routes/api.js [2ms]
2024-10-18 23:28:07.273 [info] > git cat-file -s d444d70d63d6634c0f39b0b062dc89592255ed71 [1ms]
2024-10-18 23:28:24.649 [info] > git config --get commit.template [5ms]
2024-10-18 23:28:24.651 [info] > git for-each-ref --format=%(refname)%00%(upstream:short)%00%(objectname)%00%(upstream:track)%00%(upstream:remotename)%00%(upstream:remoteref) refs/heads/main refs/remotes/main [2ms]
2024-10-18 23:28:24.655 [warning] [Git][revParse] Unable to read file: ENOENT: no such file or directory, open '/workspace/boilerplate-project-library/.git/refs/remotes/origin/main'
2024-10-18 23:28:24.657 [info] > git rev-parse refs/remotes/origin/main [2ms]
2024-10-18 23:28:24.667 [info] > git status -z -uall [6ms]
2024-10-18 23:28:24.669 [info] > git for-each-ref --sort -committerdate --format %(refname) %(objectname) %(*objectname) [2ms]
2024-10-18 23:28:29.680 [info] > git config --get commit.template [5ms]
2024-10-18 23:28:29.681 [info] > git for-each-ref --format=%(refname)%00%(upstream:short)%00%(objectname)%00%(upstream:track)%00%(upstream:remotename)%00%(upstream:remoteref) refs/heads/main refs/remotes/main [1ms]
2024-10-18 23:28:29.685 [warning] [Git][revParse] Unable to read file: ENOENT: no such file or directory, open '/workspace/boilerplate-project-library/.git/refs/remotes/origin/main'
2024-10-18 23:28:29.687 [info] > git rev-parse refs/remotes/origin/main [2ms]
2024-10-18 23:28:29.695 [info] > git status -z -uall [4ms]
2024-10-18 23:28:29.697 [info] > git for-each-ref --sort -committerdate --format %(refname) %(objectname) %(*objectname) [2ms]
2024-10-18 23:28:34.708 [info] > git config --get commit.template [4ms]
2024-10-18 23:28:34.710 [info] > git for-each-ref --format=%(refname)%00%(upstream:short)%00%(objectname)%00%(upstream:track)%00%(upstream:remotename)%00%(upstream:remoteref) refs/heads/main refs/remotes/main [2ms]
2024-10-18 23:28:34.714 [warning] [Git][revParse] Unable to read file: ENOENT: no such file or directory, open '/workspace/boilerplate-project-library/.git/refs/remotes/origin/main'
2024-10-18 23:28:34.715 [info] > git rev-parse refs/remotes/origin/main [1ms]
2024-10-18 23:28:34.724 [info] > git status -z -uall [5ms]
2024-10-18 23:28:34.725 [info] > git for-each-ref --sort -committerdate --format %(refname) %(objectname) %(*objectname) [2ms]
2024-10-18 23:28:39.737 [info] > git config --get commit.template [5ms]
2024-10-18 23:28:39.739 [info] > git for-each-ref --format=%(refname)%00%(upstream:short)%00%(objectname)%00%(upstream:track)%00%(upstream:remotename)%00%(upstream:remoteref) refs/heads/main refs/remotes/main [2ms]
2024-10-18 23:28:39.743 [warning] [Git][revParse] Unable to read file: ENOENT: no such file or directory, open '/workspace/boilerplate-project-library/.git/refs/remotes/origin/main'
2024-10-18 23:28:39.744 [info] > git rev-parse refs/remotes/origin/main [1ms]
2024-10-18 23:28:39.755 [info] > git status -z -uall [6ms]
2024-10-18 23:28:39.756 [info] > git for-each-ref --sort -committerdate --format %(refname) %(objectname) %(*objectname) [2ms]
2024-10-18 23:28:44.802 [info] > git config --get commit.template [5ms]
2024-10-18 23:28:44.803 [info] > git for-each-ref --format=%(refname)%00%(upstream:short)%00%(objectname)%00%(upstream:track)%00%(upstream:remotename)%00%(upstream:remoteref) refs/heads/main refs/remotes/main [2ms]
2024-10-18 23:28:44.808 [warning] [Git][revParse] Unable to read file: ENOENT: no such file or directory, open '/workspace/boilerplate-project-library/.git/refs/remotes/origin/main'
2024-10-18 23:28:44.809 [info] > git rev-parse refs/remotes/origin/main [1ms]
2024-10-18 23:28:44.818 [info] > git status -z -uall [5ms]
2024-10-18 23:28:44.820 [info] > git for-each-ref --sort -committerdate --format %(refname) %(objectname) %(*objectname) [2ms]
2024-10-18 23:28:51.906 [info] > git config --get commit.template [5ms]
2024-10-18 23:28:51.908 [info] > git for-each-ref --format=%(refname)%00%(upstream:short)%00%(objectname)%00%(upstream:track)%00%(upstream:remotename)%00%(upstream:remoteref) refs/heads/main refs/remotes/main [2ms]
2024-10-18 23:28:51.912 [warning] [Git][revParse] Unable to read file: ENOENT: no such file or directory, open '/workspace/boilerplate-project-library/.git/refs/remotes/origin/main'
2024-10-18 23:28:51.914 [info] > git rev-parse refs/remotes/origin/main [2ms]
2024-10-18 23:28:51.926 [info] > git status -z -uall [5ms]
2024-10-18 23:28:51.927 [info] > git for-each-ref --sort -committerdate --format %(refname) %(objectname) %(*objectname) [2ms]
2024-10-18 23:29:21.432 [info] > git show --textconv :book-model.js [5ms]
2024-10-18 23:29:21.434 [info] > git ls-files --stage -- /workspace/boilerplate-project-library/book-model.js [2ms]
2024-10-18 23:29:39.280 [info] > git config --get commit.template [5ms]
2024-10-18 23:29:39.281 [info] > git for-each-ref --format=%(refname)%00%(upstream:short)%00%(objectname)%00%(upstream:track)%00%(upstream:remotename)%00%(upstream:remoteref) refs/heads/main refs/remotes/main [2ms]
2024-10-18 23:29:39.285 [warning] [Git][revParse] Unable to read file: ENOENT: no such file or directory, open '/workspace/boilerplate-project-library/.git/refs/remotes/origin/main'
2024-10-18 23:29:39.286 [info] > git rev-parse refs/remotes/origin/main [1ms]
2024-10-18 23:29:39.294 [info] > git status -z -uall [4ms]
2024-10-18 23:29:39.296 [info] > git for-each-ref --sort -committerdate --format %(refname) %(objectname) %(*objectname) [2ms]
2024-10-18 23:29:53.829 [info] > git show --textconv :routes/api.js [5ms]
2024-10-18 23:29:53.830 [info] > git ls-files --stage -- /workspace/boilerplate-project-library/routes/api.js [2ms]
2024-10-18 23:29:53.836 [info] > git cat-file -s d444d70d63d6634c0f39b0b062dc89592255ed71 [2ms]
2024-10-18 23:30:00.793 [info] > git config --get commit.template [4ms]
2024-10-18 23:30:00.795 [info] > git for-each-ref --format=%(refname)%00%(upstream:short)%00%(objectname)%00%(upstream:track)%00%(upstream:remotename)%00%(upstream:remoteref) refs/heads/main refs/remotes/main [2ms]
2024-10-18 23:30:00.799 [warning] [Git][revParse] Unable to read file: ENOENT: no such file or directory, open '/workspace/boilerplate-project-library/.git/refs/remotes/origin/main'
2024-10-18 23:30:00.801 [info] > git rev-parse refs/remotes/origin/main [2ms]
2024-10-18 23:30:00.809 [info] > git status -z -uall [5ms]
2024-10-18 23:30:00.811 [info] > git for-each-ref --sort -committerdate --format %(refname) %(objectname) %(*objectname) [2ms]
2024-10-18 23:30:05.825 [info] > git config --get commit.template [6ms]
2024-10-18 23:30:05.826 [info] > git for-each-ref --format=%(refname)%00%(upstream:short)%00%(objectname)%00%(upstream:track)%00%(upstream:remotename)%00%(upstream:remoteref) refs/heads/main refs/remotes/main [2ms]
2024-10-18 23:30:05.831 [warning] [Git][revParse] Unable to read file: ENOENT: no such file or directory, open '/workspace/boilerplate-project-library/.git/refs/remotes/origin/main'
2024-10-18 23:30:05.833 [info] > git rev-parse refs/remotes/origin/main [2ms]
2024-10-18 23:30:05.842 [info] > git status -z -uall [5ms]
2024-10-18 23:30:05.844 [info] > git for-each-ref --sort -committerdate --format %(refname) %(objectname) %(*objectname) [2ms]
2024-10-18 23:30:11.027 [info] > git show --textconv :.env [5ms]
2024-10-18 23:30:11.029 [info] > git ls-files --stage -- /workspace/boilerplate-project-library/.env [2ms]
2024-10-18 23:30:17.902 [info] > git config --get commit.template [5ms]
2024-10-18 23:30:17.903 [info] > git for-each-ref --format=%(refname)%00%(upstream:short)%00%(objectname)%00%(upstream:track)%00%(upstream:remotename)%00%(upstream:remoteref) refs/heads/main refs/remotes/main [2ms]
2024-10-18 23:30:17.907 [warning] [Git][revParse] Unable to read file: ENOENT: no such file or directory, open '/workspace/boilerplate-project-library/.git/refs/remotes/origin/main'
2024-10-18 23:30:17.909 [info] > git rev-parse refs/remotes/origin/main [2ms]
2024-10-18 23:30:17.917 [info] > git status -z -uall [5ms]
2024-10-18 23:30:17.918 [info] > git for-each-ref --sort -committerdate --format %(refname) %(objectname) %(*objectname) [2ms]
2024-10-18 23:30:57.050 [info] > git show --textconv :routes/api.js [7ms]
2024-10-18 23:30:57.052 [info] > git ls-files --stage -- /workspace/boilerplate-project-library/routes/api.js [3ms]
2024-10-18 23:30:57.059 [info] > git cat-file -s d444d70d63d6634c0f39b0b062dc89592255ed71 [2ms]
2024-10-18 23:30:58.594 [info] > git show --textconv :book-model.js [5ms]
2024-10-18 23:30:58.596 [info] > git ls-files --stage -- /workspace/boilerplate-project-library/book-model.js [2ms]
2024-10-18 23:31:04.597 [info] > git config --get commit.template [5ms]
2024-10-18 23:31:04.598 [info] > git for-each-ref --format=%(refname)%00%(upstream:short)%00%(objectname)%00%(upstream:track)%00%(upstream:remotename)%00%(upstream:remoteref) refs/heads/main refs/remotes/main [2ms]
2024-10-18 23:31:04.602 [warning] [Git][revParse] Unable to read file: ENOENT: no such file or directory, open '/workspace/boilerplate-project-library/.git/refs/remotes/origin/main'
2024-10-18 23:31:04.603 [info] > git rev-parse refs/remotes/origin/main [1ms]
2024-10-18 23:31:04.613 [info] > git status -z -uall [4ms]
2024-10-18 23:31:04.614 [info] > git for-each-ref --sort -committerdate --format %(refname) %(objectname) %(*objectname) [2ms]
2024-10-18 23:31:13.111 [info] > git config --get commit.template [6ms]
2024-10-18 23:31:13.112 [info] > git for-each-ref --format=%(refname)%00%(upstream:short)%00%(objectname)%00%(upstream:track)%00%(upstream:remotename)%00%(upstream:remoteref) refs/heads/main refs/remotes/main [2ms]
2024-10-18 23:31:13.116 [warning] [Git][revParse] Unable to read file: ENOENT: no such file or directory, open '/workspace/boilerplate-project-library/.git/refs/remotes/origin/main'
2024-10-18 23:31:13.118 [info] > git rev-parse refs/remotes/origin/main [2ms]
2024-10-18 23:31:13.127 [info] > git status -z -uall [5ms]
2024-10-18 23:31:13.128 [info] > git for-each-ref --sort -committerdate --format %(refname) %(objectname) %(*objectname) [2ms]
2024-10-18 23:31:18.141 [info] > git config --get commit.template [5ms]
2024-10-18 23:31:18.143 [info] > git for-each-ref --format=%(refname)%00%(upstream:short)%00%(objectname)%00%(upstream:track)%00%(upstream:remotename)%00%(upstream:remoteref) refs/heads/main refs/remotes/main [1ms]
2024-10-18 23:31:18.147 [warning] [Git][revParse] Unable to read file: ENOENT: no such file or directory, open '/workspace/boilerplate-project-library/.git/refs/remotes/origin/main'
2024-10-18 23:31:18.149 [info] > git rev-parse refs/remotes/origin/main [2ms]
2024-10-18 23:31:18.161 [info] > git status -z -uall [7ms]
2024-10-18 23:31:18.161 [info] > git for-each-ref --sort -committerdate --format %(refname) %(objectname) %(*objectname) [3ms]
2024-10-18 23:31:23.174 [info] > git config --get commit.template [6ms]
2024-10-18 23:31:23.176 [info] > git for-each-ref --format=%(refname)%00%(upstream:short)%00%(objectname)%00%(upstream:track)%00%(upstream:remotename)%00%(upstream:remoteref) refs/heads/main refs/remotes/main [2ms]
2024-10-18 23:31:23.181 [warning] [Git][revParse] Unable to read file: ENOENT: no such file or directory, open '/workspace/boilerplate-project-library/.git/refs/remotes/origin/main'
2024-10-18 23:31:23.183 [info] > git rev-parse refs/remotes/origin/main [2ms]
2024-10-18 23:31:23.193 [info] > git status -z -uall [6ms]
2024-10-18 23:31:23.195 [info] > git for-each-ref --sort -committerdate --format %(refname) %(objectname) %(*objectname) [3ms]
2024-10-18 23:31:28.210 [info] > git config --get commit.template [6ms]
2024-10-18 23:31:28.212 [info] > git for-each-ref --format=%(refname)%00%(upstream:short)%00%(objectname)%00%(upstream:track)%00%(upstream:remotename)%00%(upstream:remoteref) refs/heads/main refs/remotes/main [3ms]
2024-10-18 23:31:28.217 [warning] [Git][revParse] Unable to read file: ENOENT: no such file or directory, open '/workspace/boilerplate-project-library/.git/refs/remotes/origin/main'
2024-10-18 23:31:28.219 [info] > git rev-parse refs/remotes/origin/main [2ms]
2024-10-18 23:31:28.231 [info] > git status -z -uall [6ms]
2024-10-18 23:31:28.233 [info] > git for-each-ref --sort -committerdate --format %(refname) %(objectname) %(*objectname) [2ms]
2024-10-18 23:31:33.244 [info] > git config --get commit.template [5ms]
2024-10-18 23:31:33.246 [info] > git for-each-ref --format=%(refname)%00%(upstream:short)%00%(objectname)%00%(upstream:track)%00%(upstream:remotename)%00%(upstream:remoteref) refs/heads/main refs/remotes/main [2ms]
2024-10-18 23:31:33.250 [warning] [Git][revParse] Unable to read file: ENOENT: no such file or directory, open '/workspace/boilerplate-project-library/.git/refs/remotes/origin/main'
2024-10-18 23:31:33.251 [info] > git rev-parse refs/remotes/origin/main [1ms]
2024-10-18 23:31:33.260 [info] > git status -z -uall [5ms]
2024-10-18 23:31:33.262 [info] > git for-each-ref --sort -committerdate --format %(refname) %(objectname) %(*objectname) [3ms]
2024-10-18 23:31:38.273 [info] > git config --get commit.template [5ms]
2024-10-18 23:31:38.275 [info] > git for-each-ref --format=%(refname)%00%(upstream:short)%00%(objectname)%00%(upstream:track)%00%(upstream:remotename)%00%(upstream:remoteref) refs/heads/main refs/remotes/main [2ms]
2024-10-18 23:31:38.279 [warning] [Git][revParse] Unable to read file: ENOENT: no such file or directory, open '/workspace/boilerplate-project-library/.git/refs/remotes/origin/main'
2024-10-18 23:31:38.280 [info] > git rev-parse refs/remotes/origin/main [1ms]
2024-10-18 23:31:38.289 [info] > git status -z -uall [5ms]
2024-10-18 23:31:38.291 [info] > git for-each-ref --sort -committerdate --format %(refname) %(objectname) %(*objectname) [2ms]
2024-10-18 23:32:16.339 [info] > git config --get commit.template [4ms]
2024-10-18 23:32:16.340 [info] > git for-each-ref --format=%(refname)%00%(upstream:short)%00%(objectname)%00%(upstream:track)%00%(upstream:remotename)%00%(upstream:remoteref) refs/heads/main refs/remotes/main [2ms]
2024-10-18 23:32:16.344 [warning] [Git][revParse] Unable to read file: ENOENT: no such file or directory, open '/workspace/boilerplate-project-library/.git/refs/remotes/origin/main'
2024-10-18 23:32:16.345 [info] > git rev-parse refs/remotes/origin/main [1ms]
2024-10-18 23:32:16.353 [info] > git status -z -uall [4ms]
2024-10-18 23:32:16.355 [info] > git for-each-ref --sort -committerdate --format %(refname) %(objectname) %(*objectname) [2ms]
2024-10-18 23:32:34.915 [info] > git config --get commit.template [6ms]
2024-10-18 23:32:34.917 [info] > git for-each-ref --format=%(refname)%00%(upstream:short)%00%(objectname)%00%(upstream:track)%00%(upstream:remotename)%00%(upstream:remoteref) refs/heads/main refs/remotes/main [3ms]
2024-10-18 23:32:34.922 [warning] [Git][revParse] Unable to read file: ENOENT: no such file or directory, open '/workspace/boilerplate-project-library/.git/refs/remotes/origin/main'
2024-10-18 23:32:34.923 [info] > git rev-parse refs/remotes/origin/main [2ms]
2024-10-18 23:32:34.932 [info] > git status -z -uall [5ms]
2024-10-18 23:32:34.934 [info] > git for-each-ref --sort -committerdate --format %(refname) %(objectname) %(*objectname) [2ms]
2024-10-18 23:32:39.999 [info] > git config --get commit.template [6ms]
2024-10-18 23:32:40.001 [info] > git for-each-ref --format=%(refname)%00%(upstream:short)%00%(objectname)%00%(upstream:track)%00%(upstream:remotename)%00%(upstream:remoteref) refs/heads/main refs/remotes/main [2ms]
2024-10-18 23:32:40.006 [warning] [Git][revParse] Unable to read file: ENOENT: no such file or directory, open '/workspace/boilerplate-project-library/.git/refs/remotes/origin/main'
2024-10-18 23:32:40.007 [info] > git rev-parse refs/remotes/origin/main [1ms]
2024-10-18 23:32:40.017 [info] > git status -z -uall [5ms]
2024-10-18 23:32:40.019 [info] > git for-each-ref --sort -committerdate --format %(refname) %(objectname) %(*objectname) [2ms]
2024-10-18 23:32:49.259 [info] > git config --get commit.template [5ms]
2024-10-18 23:32:49.260 [info] > git for-each-ref --format=%(refname)%00%(upstream:short)%00%(objectname)%00%(upstream:track)%00%(upstream:remotename)%00%(upstream:remoteref) refs/heads/main refs/remotes/main [2ms]
2024-10-18 23:32:49.265 [warning] [Git][revParse] Unable to read file: ENOENT: no such file or directory, open '/workspace/boilerplate-project-library/.git/refs/remotes/origin/main'
2024-10-18 23:32:49.266 [info] > git rev-parse refs/remotes/origin/main [1ms]
2024-10-18 23:32:49.277 [info] > git status -z -uall [5ms]
2024-10-18 23:32:49.279 [info] > git for-each-ref --sort -committerdate --format %(refname) %(objectname) %(*objectname) [2ms]
2024-10-18 23:32:54.293 [info] > git config --get commit.template [6ms]
2024-10-18 23:32:54.295 [info] > git for-each-ref --format=%(refname)%00%(upstream:short)%00%(objectname)%00%(upstream:track)%00%(upstream:remotename)%00%(upstream:remoteref) refs/heads/main refs/remotes/main [2ms]
2024-10-18 23:32:54.300 [warning] [Git][revParse] Unable to read file: ENOENT: no such file or directory, open '/workspace/boilerplate-project-library/.git/refs/remotes/origin/main'
2024-10-18 23:32:54.302 [info] > git rev-parse refs/remotes/origin/main [2ms]
2024-10-18 23:32:54.314 [info] > git status -z -uall [6ms]
2024-10-18 23:32:54.316 [info] > git for-each-ref --sort -committerdate --format %(refname) %(objectname) %(*objectname) [2ms]
2024-10-18 23:32:59.329 [info] > git config --get commit.template [5ms]
2024-10-18 23:32:59.330 [info] > git for-each-ref --format=%(refname)%00%(upstream:short)%00%(objectname)%00%(upstream:track)%00%(upstream:remotename)%00%(upstream:remoteref) refs/heads/main refs/remotes/main [2ms]
2024-10-18 23:32:59.335 [warning] [Git][revParse] Unable to read file: ENOENT: no such file or directory, open '/workspace/boilerplate-project-library/.git/refs/remotes/origin/main'
2024-10-18 23:32:59.337 [info] > git rev-parse refs/remotes/origin/main [2ms]
2024-10-18 23:32:59.349 [info] > git status -z -uall [7ms]
2024-10-18 23:32:59.350 [info] > git for-each-ref --sort -committerdate --format %(refname) %(objectname) %(*objectname) [2ms]
2024-10-18 23:33:05.475 [info] > git config --get commit.template [6ms]
2024-10-18 23:33:05.476 [info] > git for-each-ref --format=%(refname)%00%(upstream:short)%00%(objectname)%00%(upstream:track)%00%(upstream:remotename)%00%(upstream:remoteref) refs/heads/main refs/remotes/main [2ms]
2024-10-18 23:33:05.480 [warning] [Git][revParse] Unable to read file: ENOENT: no such file or directory, open '/workspace/boilerplate-project-library/.git/refs/remotes/origin/main'
2024-10-18 23:33:05.482 [info] > git rev-parse refs/remotes/origin/main [2ms]
2024-10-18 23:33:05.490 [info] > git status -z -uall [4ms]
2024-10-18 23:33:05.492 [info] > git for-each-ref --sort -committerdate --format %(refname) %(objectname) %(*objectname) [3ms]
