2024-10-30 17:18:40.696 [info] [main] Log level: Info
2024-10-30 17:18:40.696 [info] [main] Validating found git in: "git"
2024-10-30 17:18:40.696 [info] [main] Using git "2.46.0" from "git"
2024-10-30 17:18:40.696 [info] [Model][doInitialScan] Initial repository scan started
2024-10-30 17:18:40.696 [info] > git rev-parse --show-toplevel [58ms]
2024-10-30 17:18:40.696 [info] > git rev-parse --git-dir --git-common-dir [21ms]
2024-10-30 17:18:40.696 [info] [Model][openRepository] Opened repository: /workspace/boilerplate-project-sudoku-solver
2024-10-30 17:18:40.696 [info] > git config --get commit.template [18ms]
2024-10-30 17:18:40.696 [info] > git rev-parse --show-toplevel [16ms]
2024-10-30 17:18:40.696 [info] > git rev-parse --show-toplevel [1ms]
2024-10-30 17:18:40.696 [info] > git for-each-ref --format=%(refname)%00%(upstream:short)%00%(objectname)%00%(upstream:track)%00%(upstream:remotename)%00%(upstream:remoteref) refs/heads/main refs/remotes/main [67ms]
2024-10-30 17:18:40.696 [warning] [Git][revParse] Unable to read file: ENOENT: no such file or directory, open '/workspace/boilerplate-project-sudoku-solver/.git/refs/remotes/origin/main'
2024-10-30 17:18:40.696 [info] > git rev-parse --show-toplevel [6ms]
2024-10-30 17:18:40.696 [info] > git rev-parse refs/remotes/origin/main [15ms]
2024-10-30 17:18:40.696 [info] > git status -z -uall [6ms]
2024-10-30 17:18:40.696 [info] > git rev-parse --show-toplevel [13ms]
2024-10-30 17:18:40.696 [info] > git for-each-ref --sort -committerdate --format %(refname) %(objectname) %(*objectname) [110ms]
2024-10-30 17:18:40.696 [info] > git for-each-ref --format=%(refname)%00%(upstream:short)%00%(objectname)%00%(upstream:track)%00%(upstream:remotename)%00%(upstream:remoteref) refs/heads/main refs/remotes/main [19ms]
2024-10-30 17:18:40.696 [info] > git config --get commit.template [90ms]
2024-10-30 17:18:40.696 [info] > git rev-parse --show-toplevel [98ms]
2024-10-30 17:18:40.696 [info] > git config --local branch.main.vscode-merge-base [126ms]
2024-10-30 17:18:40.696 [info] > git rev-parse --show-toplevel [77ms]
2024-10-30 17:18:40.696 [info] [Model][doInitialScan] Initial repository scan completed - repositories (1), closed repositories (0), parent repositories (0), unsafe repositories (0)
2024-10-30 17:18:40.696 [info] > git for-each-ref --format=%(refname)%00%(upstream:short)%00%(objectname)%00%(upstream:track)%00%(upstream:remotename)%00%(upstream:remoteref) refs/heads/main refs/remotes/main [42ms]
2024-10-30 17:18:40.696 [info] > git for-each-ref --format=%(refname)%00%(upstream:short)%00%(objectname)%00%(upstream:track)%00%(upstream:remotename)%00%(upstream:remoteref) refs/heads/origin/main refs/remotes/origin/main [45ms]
2024-10-30 17:18:40.696 [warning] [Git][revParse] Unable to read file: ENOENT: no such file or directory, open '/workspace/boilerplate-project-sudoku-solver/.git/refs/remotes/origin/main'
2024-10-30 17:18:40.696 [info] > git merge-base refs/heads/main refs/remotes/origin/main [22ms]
2024-10-30 17:18:40.696 [info] > git rev-parse refs/remotes/origin/main [15ms]
2024-10-30 17:18:40.696 [info] > git status -z -uall [5ms]
2024-10-30 17:18:40.696 [info] > git diff --name-status -z --diff-filter=ADMR f738a5ad883aaa13cf12d38dc40f8cfc18f7c3d8...refs/remotes/origin/main [60ms]
2024-10-30 17:18:40.696 [info] > git for-each-ref --sort -committerdate --format %(refname) %(objectname) %(*objectname) [63ms]
2024-10-30 17:18:41.216 [info] > git check-ignore -v -z --stdin [4ms]
2024-10-30 17:18:41.231 [info] > git show --textconv :controllers/sudoku-solver.js [4ms]
2024-10-30 17:18:41.258 [info] > git ls-files --stage -- /workspace/boilerplate-project-sudoku-solver/controllers/sudoku-solver.js [4ms]
2024-10-30 17:18:41.266 [info] > git cat-file -s 0b8fdc19f451015f3110a9c4391541e4a720f07a [3ms]
2024-10-30 17:18:41.852 [info] > git config --local branch.main.github-pr-owner-number [3ms]
2024-10-30 17:18:41.852 [warning] [Git][config] git config failed: Failed to execute git
2024-10-30 17:20:28.329 [info] > git config --get commit.template [6ms]
2024-10-30 17:20:28.330 [info] > git for-each-ref --format=%(refname)%00%(upstream:short)%00%(objectname)%00%(upstream:track)%00%(upstream:remotename)%00%(upstream:remoteref) refs/heads/main refs/remotes/main [2ms]
2024-10-30 17:20:28.334 [warning] [Git][revParse] Unable to read file: ENOENT: no such file or directory, open '/workspace/boilerplate-project-sudoku-solver/.git/refs/remotes/origin/main'
2024-10-30 17:20:28.335 [info] > git rev-parse refs/remotes/origin/main [2ms]
2024-10-30 17:20:28.343 [info] > git status -z -uall [5ms]
2024-10-30 17:20:28.344 [info] > git for-each-ref --sort -committerdate --format %(refname) %(objectname) %(*objectname) [2ms]
2024-10-30 17:21:15.354 [info] > git config --get commit.template [4ms]
2024-10-30 17:21:15.355 [info] > git for-each-ref --format=%(refname)%00%(upstream:short)%00%(objectname)%00%(upstream:track)%00%(upstream:remotename)%00%(upstream:remoteref) refs/heads/main refs/remotes/main [2ms]
2024-10-30 17:21:15.359 [warning] [Git][revParse] Unable to read file: ENOENT: no such file or directory, open '/workspace/boilerplate-project-sudoku-solver/.git/refs/remotes/origin/main'
2024-10-30 17:21:15.360 [info] > git rev-parse refs/remotes/origin/main [1ms]
2024-10-30 17:21:15.368 [info] > git status -z -uall [4ms]
2024-10-30 17:21:15.370 [info] > git for-each-ref --sort -committerdate --format %(refname) %(objectname) %(*objectname) [2ms]
2024-10-30 17:21:20.383 [info] > git config --get commit.template [4ms]
2024-10-30 17:21:20.385 [info] > git for-each-ref --format=%(refname)%00%(upstream:short)%00%(objectname)%00%(upstream:track)%00%(upstream:remotename)%00%(upstream:remoteref) refs/heads/main refs/remotes/main [2ms]
2024-10-30 17:21:20.389 [warning] [Git][revParse] Unable to read file: ENOENT: no such file or directory, open '/workspace/boilerplate-project-sudoku-solver/.git/refs/remotes/origin/main'
2024-10-30 17:21:20.390 [info] > git rev-parse refs/remotes/origin/main [1ms]
2024-10-30 17:21:20.399 [info] > git status -z -uall [4ms]
2024-10-30 17:21:20.401 [info] > git for-each-ref --sort -committerdate --format %(refname) %(objectname) %(*objectname) [2ms]
2024-10-30 17:21:25.413 [info] > git config --get commit.template [5ms]
2024-10-30 17:21:25.414 [info] > git for-each-ref --format=%(refname)%00%(upstream:short)%00%(objectname)%00%(upstream:track)%00%(upstream:remotename)%00%(upstream:remoteref) refs/heads/main refs/remotes/main [2ms]
2024-10-30 17:21:25.418 [warning] [Git][revParse] Unable to read file: ENOENT: no such file or directory, open '/workspace/boilerplate-project-sudoku-solver/.git/refs/remotes/origin/main'
2024-10-30 17:21:25.420 [info] > git rev-parse refs/remotes/origin/main [2ms]
2024-10-30 17:21:25.428 [info] > git status -z -uall [4ms]
2024-10-30 17:21:25.430 [info] > git for-each-ref --sort -committerdate --format %(refname) %(objectname) %(*objectname) [2ms]
2024-10-30 17:21:59.329 [info] > git config --get commit.template [8ms]
2024-10-30 17:21:59.330 [info] > git for-each-ref --format=%(refname)%00%(upstream:short)%00%(objectname)%00%(upstream:track)%00%(upstream:remotename)%00%(upstream:remoteref) refs/heads/main refs/remotes/main [3ms]
2024-10-30 17:21:59.337 [warning] [Git][revParse] Unable to read file: ENOENT: no such file or directory, open '/workspace/boilerplate-project-sudoku-solver/.git/refs/remotes/origin/main'
2024-10-30 17:21:59.339 [info] > git rev-parse refs/remotes/origin/main [2ms]
2024-10-30 17:21:59.353 [info] > git status -z -uall [7ms]
2024-10-30 17:21:59.356 [info] > git for-each-ref --sort -committerdate --format %(refname) %(objectname) %(*objectname) [2ms]
2024-10-30 17:22:04.368 [info] > git config --get commit.template [4ms]
2024-10-30 17:22:04.369 [info] > git for-each-ref --format=%(refname)%00%(upstream:short)%00%(objectname)%00%(upstream:track)%00%(upstream:remotename)%00%(upstream:remoteref) refs/heads/main refs/remotes/main [2ms]
2024-10-30 17:22:04.373 [warning] [Git][revParse] Unable to read file: ENOENT: no such file or directory, open '/workspace/boilerplate-project-sudoku-solver/.git/refs/remotes/origin/main'
2024-10-30 17:22:04.375 [info] > git rev-parse refs/remotes/origin/main [2ms]
2024-10-30 17:22:04.383 [info] > git status -z -uall [5ms]
2024-10-30 17:22:04.384 [info] > git for-each-ref --sort -committerdate --format %(refname) %(objectname) %(*objectname) [2ms]
2024-10-30 17:22:09.398 [info] > git config --get commit.template [6ms]
2024-10-30 17:22:09.400 [info] > git for-each-ref --format=%(refname)%00%(upstream:short)%00%(objectname)%00%(upstream:track)%00%(upstream:remotename)%00%(upstream:remoteref) refs/heads/main refs/remotes/main [2ms]
2024-10-30 17:22:09.404 [warning] [Git][revParse] Unable to read file: ENOENT: no such file or directory, open '/workspace/boilerplate-project-sudoku-solver/.git/refs/remotes/origin/main'
2024-10-30 17:22:09.406 [info] > git rev-parse refs/remotes/origin/main [2ms]
2024-10-30 17:22:09.414 [info] > git status -z -uall [4ms]
2024-10-30 17:22:09.416 [info] > git for-each-ref --sort -committerdate --format %(refname) %(objectname) %(*objectname) [2ms]
2024-10-30 17:22:14.427 [info] > git config --get commit.template [5ms]
2024-10-30 17:22:14.429 [info] > git for-each-ref --format=%(refname)%00%(upstream:short)%00%(objectname)%00%(upstream:track)%00%(upstream:remotename)%00%(upstream:remoteref) refs/heads/main refs/remotes/main [2ms]
2024-10-30 17:22:14.433 [warning] [Git][revParse] Unable to read file: ENOENT: no such file or directory, open '/workspace/boilerplate-project-sudoku-solver/.git/refs/remotes/origin/main'
2024-10-30 17:22:14.434 [info] > git rev-parse refs/remotes/origin/main [1ms]
2024-10-30 17:22:14.441 [info] > git status -z -uall [4ms]
2024-10-30 17:22:14.443 [info] > git for-each-ref --sort -committerdate --format %(refname) %(objectname) %(*objectname) [2ms]
2024-10-30 17:22:19.455 [info] > git config --get commit.template [4ms]
2024-10-30 17:22:19.456 [info] > git for-each-ref --format=%(refname)%00%(upstream:short)%00%(objectname)%00%(upstream:track)%00%(upstream:remotename)%00%(upstream:remoteref) refs/heads/main refs/remotes/main [2ms]
2024-10-30 17:22:19.461 [warning] [Git][revParse] Unable to read file: ENOENT: no such file or directory, open '/workspace/boilerplate-project-sudoku-solver/.git/refs/remotes/origin/main'
2024-10-30 17:22:19.463 [info] > git rev-parse refs/remotes/origin/main [2ms]
2024-10-30 17:22:19.471 [info] > git status -z -uall [5ms]
2024-10-30 17:22:19.473 [info] > git for-each-ref --sort -committerdate --format %(refname) %(objectname) %(*objectname) [3ms]
2024-10-30 17:22:24.486 [info] > git config --get commit.template [6ms]
2024-10-30 17:22:24.488 [info] > git for-each-ref --format=%(refname)%00%(upstream:short)%00%(objectname)%00%(upstream:track)%00%(upstream:remotename)%00%(upstream:remoteref) refs/heads/main refs/remotes/main [3ms]
2024-10-30 17:22:24.492 [warning] [Git][revParse] Unable to read file: ENOENT: no such file or directory, open '/workspace/boilerplate-project-sudoku-solver/.git/refs/remotes/origin/main'
2024-10-30 17:22:24.495 [info] > git rev-parse refs/remotes/origin/main [3ms]
2024-10-30 17:22:24.503 [info] > git status -z -uall [4ms]
2024-10-30 17:22:24.505 [info] > git for-each-ref --sort -committerdate --format %(refname) %(objectname) %(*objectname) [2ms]
2024-10-30 17:22:29.517 [info] > git config --get commit.template [5ms]
2024-10-30 17:22:29.519 [info] > git for-each-ref --format=%(refname)%00%(upstream:short)%00%(objectname)%00%(upstream:track)%00%(upstream:remotename)%00%(upstream:remoteref) refs/heads/main refs/remotes/main [3ms]
2024-10-30 17:22:29.523 [warning] [Git][revParse] Unable to read file: ENOENT: no such file or directory, open '/workspace/boilerplate-project-sudoku-solver/.git/refs/remotes/origin/main'
2024-10-30 17:22:29.524 [info] > git rev-parse refs/remotes/origin/main [1ms]
2024-10-30 17:22:29.533 [info] > git status -z -uall [5ms]
2024-10-30 17:22:29.535 [info] > git for-each-ref --sort -committerdate --format %(refname) %(objectname) %(*objectname) [3ms]
2024-10-30 17:22:40.666 [info] > git show --textconv :routes/api.js [5ms]
2024-10-30 17:22:40.667 [info] > git ls-files --stage -- /workspace/boilerplate-project-sudoku-solver/routes/api.js [2ms]
2024-10-30 17:22:40.673 [info] > git cat-file -s 9cece279baee1fa799c4f1e3c8ab04bde7d13ca2 [2ms]
2024-10-30 18:03:43.836 [info] > git show --textconv :controllers/sudoku-solver.js [4ms]
2024-10-30 18:03:43.838 [info] > git ls-files --stage -- /workspace/boilerplate-project-sudoku-solver/controllers/sudoku-solver.js [2ms]
2024-10-30 18:03:43.844 [info] > git cat-file -s 0b8fdc19f451015f3110a9c4391541e4a720f07a [3ms]
2024-10-30 18:04:37.161 [info] > git show --textconv :routes/api.js [6ms]
2024-10-30 18:04:37.163 [info] > git ls-files --stage -- /workspace/boilerplate-project-sudoku-solver/routes/api.js [2ms]
2024-10-30 18:04:37.169 [info] > git cat-file -s 9cece279baee1fa799c4f1e3c8ab04bde7d13ca2 [2ms]
2024-10-30 18:08:25.623 [info] > git config --get commit.template [2ms]
2024-10-30 18:08:25.634 [info] > git for-each-ref --format=%(refname)%00%(upstream:short)%00%(objectname)%00%(upstream:track)%00%(upstream:remotename)%00%(upstream:remoteref) refs/heads/main refs/remotes/main [2ms]
2024-10-30 18:08:25.639 [warning] [Git][revParse] Unable to read file: ENOENT: no such file or directory, open '/workspace/boilerplate-project-sudoku-solver/.git/refs/remotes/origin/main'
2024-10-30 18:08:25.640 [info] > git rev-parse refs/remotes/origin/main [1ms]
2024-10-30 18:08:25.650 [info] > git status -z -uall [6ms]
2024-10-30 18:08:25.651 [info] > git for-each-ref --sort -committerdate --format %(refname) %(objectname) %(*objectname) [2ms]
2024-10-30 18:08:25.815 [info] > git show --textconv :controllers/sudoku-solver.js [5ms]
2024-10-30 18:08:25.816 [info] > git ls-files --stage -- /workspace/boilerplate-project-sudoku-solver/controllers/sudoku-solver.js [2ms]
2024-10-30 18:08:25.823 [info] > git cat-file -s 0b8fdc19f451015f3110a9c4391541e4a720f07a [2ms]
2024-10-30 18:08:30.664 [info] > git config --get commit.template [6ms]
2024-10-30 18:08:30.666 [info] > git for-each-ref --format=%(refname)%00%(upstream:short)%00%(objectname)%00%(upstream:track)%00%(upstream:remotename)%00%(upstream:remoteref) refs/heads/main refs/remotes/main [3ms]
2024-10-30 18:08:30.674 [warning] [Git][revParse] Unable to read file: ENOENT: no such file or directory, open '/workspace/boilerplate-project-sudoku-solver/.git/refs/remotes/origin/main'
2024-10-30 18:08:30.676 [info] > git rev-parse refs/remotes/origin/main [1ms]
2024-10-30 18:08:30.685 [info] > git status -z -uall [5ms]
2024-10-30 18:08:30.687 [info] > git for-each-ref --sort -committerdate --format %(refname) %(objectname) %(*objectname) [3ms]
2024-10-30 18:10:16.672 [info] > git show --textconv :routes/api.js [5ms]
2024-10-30 18:10:16.674 [info] > git ls-files --stage -- /workspace/boilerplate-project-sudoku-solver/routes/api.js [3ms]
2024-10-30 18:10:16.681 [info] > git cat-file -s 9cece279baee1fa799c4f1e3c8ab04bde7d13ca2 [2ms]
2024-10-30 18:10:40.918 [info] > git config --get commit.template [6ms]
2024-10-30 18:10:40.920 [info] > git for-each-ref --format=%(refname)%00%(upstream:short)%00%(objectname)%00%(upstream:track)%00%(upstream:remotename)%00%(upstream:remoteref) refs/heads/main refs/remotes/main [3ms]
2024-10-30 18:10:40.924 [warning] [Git][revParse] Unable to read file: ENOENT: no such file or directory, open '/workspace/boilerplate-project-sudoku-solver/.git/refs/remotes/origin/main'
2024-10-30 18:10:40.926 [info] > git rev-parse refs/remotes/origin/main [2ms]
2024-10-30 18:10:40.937 [info] > git status -z -uall [6ms]
2024-10-30 18:10:40.939 [info] > git for-each-ref --sort -committerdate --format %(refname) %(objectname) %(*objectname) [3ms]
2024-10-30 18:10:45.952 [info] > git config --get commit.template [5ms]
2024-10-30 18:10:45.953 [info] > git for-each-ref --format=%(refname)%00%(upstream:short)%00%(objectname)%00%(upstream:track)%00%(upstream:remotename)%00%(upstream:remoteref) refs/heads/main refs/remotes/main [3ms]
2024-10-30 18:10:45.957 [warning] [Git][revParse] Unable to read file: ENOENT: no such file or directory, open '/workspace/boilerplate-project-sudoku-solver/.git/refs/remotes/origin/main'
2024-10-30 18:10:45.960 [info] > git rev-parse refs/remotes/origin/main [3ms]
2024-10-30 18:10:45.972 [info] > git status -z -uall [7ms]
2024-10-30 18:10:45.975 [info] > git for-each-ref --sort -committerdate --format %(refname) %(objectname) %(*objectname) [4ms]
2024-10-30 18:10:52.157 [info] > git config --get commit.template [5ms]
2024-10-30 18:10:52.159 [info] > git for-each-ref --format=%(refname)%00%(upstream:short)%00%(objectname)%00%(upstream:track)%00%(upstream:remotename)%00%(upstream:remoteref) refs/heads/main refs/remotes/main [3ms]
2024-10-30 18:10:52.165 [warning] [Git][revParse] Unable to read file: ENOENT: no such file or directory, open '/workspace/boilerplate-project-sudoku-solver/.git/refs/remotes/origin/main'
2024-10-30 18:10:52.167 [info] > git rev-parse refs/remotes/origin/main [2ms]
2024-10-30 18:10:52.178 [info] > git status -z -uall [6ms]
2024-10-30 18:10:52.180 [info] > git for-each-ref --sort -committerdate --format %(refname) %(objectname) %(*objectname) [2ms]
2024-10-30 18:12:55.894 [info] > git config --get commit.template [6ms]
2024-10-30 18:12:55.895 [info] > git for-each-ref --format=%(refname)%00%(upstream:short)%00%(objectname)%00%(upstream:track)%00%(upstream:remotename)%00%(upstream:remoteref) refs/heads/main refs/remotes/main [2ms]
2024-10-30 18:12:55.899 [warning] [Git][revParse] Unable to read file: ENOENT: no such file or directory, open '/workspace/boilerplate-project-sudoku-solver/.git/refs/remotes/origin/main'
2024-10-30 18:12:55.901 [info] > git rev-parse refs/remotes/origin/main [2ms]
2024-10-30 18:12:55.908 [info] > git status -z -uall [3ms]
2024-10-30 18:12:55.910 [info] > git for-each-ref --sort -committerdate --format %(refname) %(objectname) %(*objectname) [2ms]
2024-10-30 18:13:00.922 [info] > git config --get commit.template [5ms]
2024-10-30 18:13:00.923 [info] > git for-each-ref --format=%(refname)%00%(upstream:short)%00%(objectname)%00%(upstream:track)%00%(upstream:remotename)%00%(upstream:remoteref) refs/heads/main refs/remotes/main [2ms]
2024-10-30 18:13:00.926 [warning] [Git][revParse] Unable to read file: ENOENT: no such file or directory, open '/workspace/boilerplate-project-sudoku-solver/.git/refs/remotes/origin/main'
2024-10-30 18:13:00.928 [info] > git rev-parse refs/remotes/origin/main [2ms]
2024-10-30 18:13:00.937 [info] > git status -z -uall [4ms]
2024-10-30 18:13:00.939 [info] > git for-each-ref --sort -committerdate --format %(refname) %(objectname) %(*objectname) [2ms]
