2024-10-09 17:34:33.246 [info] Log level: Info
2024-10-09 17:34:33.602 [info] VSCODE_MACHINE_ID: 49659ee1-e03c-4c1d-ba74-f9b98d9b720d
2024-10-09 17:34:33.602 [info] VSCODE_SESSION_ID: 242596d9-31fd-440a-8ef4-981e17fa415c1728495270784
2024-10-09 17:34:33.602 [info] VSCODE_VERSION: 1.93.1
2024-10-09 17:34:33.602 [info] VSCODE_APP_NAME: Gitpod Code
2024-10-09 17:34:33.602 [info] VSCODE_APP_HOST: Gitpod
2024-10-09 17:34:33.602 [info] VSCODE_UI_KIND: web
2024-10-09 17:34:33.602 [info] GITPOD_WORKSPACE_CONTEXT_URL: https://github.com/freeCodeCamp/boilerplate-advancednode/
2024-10-09 17:34:33.602 [info] GITPOD_INSTANCE_ID: f4dea842-6b7e-44e2-9763-7f57595571b6
2024-10-09 17:34:33.602 [info] GITPOD_WORKSPACE_URL: https://freecodecam-boilerplate-dqdnvzl46td.ws-us116.gitpod.io
2024-10-09 17:34:33.651 [info] Gitpod Web 7ff72a2
2024-10-09 17:34:33.651 [info] Reading sessions from keychain...
2024-10-09 17:34:34.248 [info] Getting sessions for all scopes...
2024-10-09 17:34:34.248 [info] Getting GitHub sessions for all scopes...
2024-10-09 17:34:34.248 [info] Getting sessions for function:accessCodeSyncStorage...
2024-10-09 17:34:34.248 [info] Got 1 GitHub sessions for all scopes...
2024-10-09 17:34:34.250 [info] Got stored sessions!
2024-10-09 17:34:34.250 [info] Verified session with the following scopes: function:accessCodeSyncStorage function:closePort function:controlAdmission function:deleteEnvVar function:generateNewGitpodToken function:getDefaultWorkspaceImage function:getGitpodTokenScopes function:getIDToken function:getLoggedInUser function:getOpenPorts function:getSupportedWorkspaceClasses function:getTeams function:getToken function:getWorkspace function:getWorkspaceEnvVars function:getWorkspaceOwner function:getWorkspaceTimeout function:getWorkspaceUsers function:guessGitTokenScopes function:isWorkspaceOwner function:openPort function:sendHeartBeat function:setEnvVar function:setWorkspaceTimeout function:stopWorkspace function:takeSnapshot function:trackEvent function:updateGitStatus function:waitForSnapshot resource:contentBlob::*::create/get resource:envVar::*/*::update resource:envVar::freeCodeCamp/boilerplate-advancednode::create/get/update/delete resource:gitpodToken::*::create resource:snapshot::ws-freecodecam-boilerplate-dqdnvzl46td::create resource:token::*::get resource:userStorage::*::create/get/update resource:workspace::freecodecam-boilerplate-dqdnvzl46td::get/update resource:workspaceInstance::f4dea842-6b7e-44e2-9763-7f57595571b6::get/update/delete
2024-10-09 17:34:34.254 [info] Got 1 verified sessions.
2024-10-09 17:34:34.254 [info] Got 1 sessions for all scopes...
2024-10-09 17:34:34.254 [info] Got 1 sessions for function:accessCodeSyncStorage...
2024-10-09 17:34:38.292 [info] Getting GitHub sessions for all scopes...
2024-10-09 17:34:38.292 [info] Getting sessions for all scopes...
2024-10-09 17:34:38.293 [info] Got 1 GitHub sessions for all scopes...
2024-10-09 17:34:38.293 [info] Got 1 sessions for all scopes...
2024-10-09 17:34:40.655 [info] Getting GitHub sessions for read:user,repo,user:email,workflow...
2024-10-09 17:34:40.655 [info] Got 0 GitHub sessions for read:user,repo,user:email,workflow...
2024-10-09 17:34:41.024 [info] Getting GitHub sessions for project,read:org,read:user,repo,user:email,workflow...
2024-10-09 17:34:41.024 [info] Got 0 GitHub sessions for project,read:org,read:user,repo,user:email,workflow...
2024-10-09 17:34:42.062 [info] Getting GitHub sessions for read:user,repo,user:email,workflow...
2024-10-09 17:34:42.062 [info] Got 0 GitHub sessions for read:user,repo,user:email,workflow...
2024-10-09 17:34:42.407 [info] Getting GitHub sessions for read:user,repo,user:email...
2024-10-09 17:34:42.407 [info] Got 0 GitHub sessions for read:user,repo,user:email...
2024-10-09 17:34:42.651 [info] Getting GitHub sessions for read:user,repo,user:email,workflow...
2024-10-09 17:34:42.651 [info] Got 0 GitHub sessions for read:user,repo,user:email,workflow...
2024-10-09 19:33:52.533 [error] Failed to update gitpod ipc hook cli: A system error occurred (read ECONNRESET)
2024-10-09 22:09:52.293 [info] Getting GitHub sessions for read:user,repo,user:email,workflow...
2024-10-09 22:09:52.293 [info] Got 0 GitHub sessions for read:user,repo,user:email,workflow...
2024-10-09 22:10:05.572 [error] GitHub sign in failed:  5 NOT_FOUND: no token available
2024-10-09 22:10:50.035 [info] Getting GitHub sessions for read:user,repo,user:email,workflow...
2024-10-09 22:10:50.035 [info] Got 0 GitHub sessions for read:user,repo,user:email,workflow...
2024-10-09 22:11:22.516 [error] GitHub sign in failed:  4 DEADLINE_EXCEEDED: Deadline exceeded
2024-10-09 23:23:41.773 [error] cannot maintain connection to supervisor 13 INTERNAL: closed
2024-10-09 23:23:42.775 [error] cannot maintain connection to supervisor 13 INTERNAL: closed
2024-10-09 23:23:43.777 [error] cannot maintain connection to supervisor 13 INTERNAL: closed
2024-10-09 23:23:44.780 [error] cannot maintain connection to supervisor 13 INTERNAL: closed
2024-10-09 23:23:45.782 [error] cannot maintain connection to supervisor 13 INTERNAL: closed
2024-10-09 23:23:46.785 [error] cannot maintain connection to supervisor 13 INTERNAL: closed
2024-10-09 23:23:47.786 [error] cannot maintain connection to supervisor 13 INTERNAL: closed
2024-10-09 23:23:48.788 [error] cannot maintain connection to supervisor 13 INTERNAL: closed
2024-10-09 23:23:49.790 [error] cannot maintain connection to supervisor 13 INTERNAL: closed
2024-10-09 23:23:50.792 [error] cannot maintain connection to supervisor 13 INTERNAL: closed
2024-10-09 23:23:51.795 [error] cannot maintain connection to supervisor 13 INTERNAL: closed
2024-10-09 23:23:52.797 [error] cannot maintain connection to supervisor 13 INTERNAL: closed
2024-10-09 23:23:53.799 [error] cannot maintain connection to supervisor 13 INTERNAL: closed
2024-10-09 23:23:54.801 [error] cannot maintain connection to supervisor 13 INTERNAL: closed
