2024-09-24 19:59:20.714 [info] Log level: Info
2024-09-24 19:59:20.714 [info] VSCODE_MACHINE_ID: d28311fb-fa7a-49b4-b2c0-2cfcd56e5e22
2024-09-24 19:59:20.714 [info] VSCODE_SESSION_ID: 2cecec2c-e18b-447a-96a8-4c3c700292b21727207957008
2024-09-24 19:59:20.714 [info] VSCODE_VERSION: 1.93.1
2024-09-24 19:59:20.714 [info] VSCODE_APP_NAME: Gitpod Code
2024-09-24 19:59:20.714 [info] VSCODE_APP_HOST: Gitpod
2024-09-24 19:59:20.714 [info] VSCODE_UI_KIND: web
2024-09-24 19:59:20.714 [info] GITPOD_WORKSPACE_CONTEXT_URL: https://github.com/freeCodeCamp/boilerplate-project-urlshortener/
2024-09-24 19:59:20.714 [info] GITPOD_INSTANCE_ID: b4c15b0f-c12d-446d-bd82-22be5b56fce9
2024-09-24 19:59:20.714 [info] GITPOD_WORKSPACE_URL: https://freecodecam-boilerplate-9zpq6oi6qv1.ws-us116.gitpod.io
2024-09-24 19:59:20.714 [info] Gitpod Web 7ff72a2
2024-09-24 19:59:20.714 [info] Reading sessions from keychain...
2024-09-24 19:59:21.147 [info] Getting sessions for all scopes...
2024-09-24 19:59:21.147 [info] Getting GitHub sessions for all scopes...
2024-09-24 19:59:21.147 [info] Getting sessions for function:accessCodeSyncStorage...
2024-09-24 19:59:21.148 [info] Got stored sessions!
2024-09-24 19:59:21.149 [info] Verified session with the following scopes: function:accessCodeSyncStorage function:closePort function:controlAdmission function:deleteEnvVar function:generateNewGitpodToken function:getDefaultWorkspaceImage function:getGitpodTokenScopes function:getIDToken function:getLoggedInUser function:getOpenPorts function:getSupportedWorkspaceClasses function:getTeams function:getToken function:getWorkspace function:getWorkspaceEnvVars function:getWorkspaceOwner function:getWorkspaceTimeout function:getWorkspaceUsers function:guessGitTokenScopes function:isWorkspaceOwner function:openPort function:sendHeartBeat function:setEnvVar function:setWorkspaceTimeout function:stopWorkspace function:takeSnapshot function:trackEvent function:updateGitStatus function:waitForSnapshot resource:contentBlob::*::create/get resource:envVar::*/*::update resource:envVar::freeCodeCamp/boilerplate-project-urlshortener::create/get/update/delete resource:gitpodToken::*::create resource:snapshot::ws-freecodecam-boilerplate-9zpq6oi6qv1::create resource:token::*::get resource:userStorage::*::create/get/update resource:workspace::freecodecam-boilerplate-9zpq6oi6qv1::get/update resource:workspaceInstance::b4c15b0f-c12d-446d-bd82-22be5b56fce9::get/update/delete
2024-09-24 19:59:21.152 [info] Got 1 verified sessions.
2024-09-24 19:59:21.152 [info] Got 1 sessions for all scopes...
2024-09-24 19:59:21.152 [info] Got 1 sessions for function:accessCodeSyncStorage...
2024-09-24 19:59:21.461 [info] Got 1 GitHub sessions for all scopes...
2024-09-24 19:59:21.695 [info] Getting sessions for all scopes...
2024-09-24 19:59:21.696 [info] Got 1 sessions for all scopes...
2024-09-24 19:59:21.698 [info] Getting GitHub sessions for all scopes...
2024-09-24 19:59:21.698 [info] Got 1 GitHub sessions for all scopes...
2024-09-24 19:59:21.791 [info] Getting GitHub sessions for read:user,repo,user:email,workflow...
2024-09-24 19:59:21.791 [info] Got 0 GitHub sessions for read:user,repo,user:email,workflow...
2024-09-24 19:59:22.194 [info] Getting GitHub sessions for project,read:org,read:user,repo,user:email,workflow...
2024-09-24 19:59:22.194 [info] Got 0 GitHub sessions for project,read:org,read:user,repo,user:email,workflow...
2024-09-24 19:59:22.280 [info] Getting GitHub sessions for read:user,repo,user:email,workflow...
2024-09-24 19:59:22.280 [info] Got 0 GitHub sessions for read:user,repo,user:email,workflow...
2024-09-24 19:59:22.414 [info] Getting GitHub sessions for read:user,repo,user:email...
2024-09-24 19:59:22.414 [info] Got 0 GitHub sessions for read:user,repo,user:email...
2024-09-24 19:59:22.507 [info] Getting GitHub sessions for read:user,repo,user:email,workflow...
2024-09-24 19:59:22.507 [info] Got 0 GitHub sessions for read:user,repo,user:email,workflow...
