2024-09-23 21:49:44.336 [info] [main] Log level: Info
2024-09-23 21:49:44.336 [info] [main] Validating found git in: "git"
2024-09-23 21:49:44.336 [info] [main] Using git "2.46.0" from "git"
2024-09-23 21:49:44.336 [info] [Model][doInitialScan] Initial repository scan started
2024-09-23 21:49:44.336 [info] > git rev-parse --show-toplevel [4ms]
2024-09-23 21:49:44.336 [info] > git rev-parse --git-dir --git-common-dir [4ms]
2024-09-23 21:49:44.336 [info] [Model][openRepository] Opened repository: /workspace/boilerplate-project-urlshortener
2024-09-23 21:49:44.336 [info] > git rev-parse --show-toplevel [10ms]
2024-09-23 21:49:44.336 [info] > git config --get commit.template [14ms]
2024-09-23 21:49:44.336 [info] > git rev-parse --show-toplevel [7ms]
2024-09-23 21:49:44.336 [info] [Model][doInitialScan] Initial repository scan completed - repositories (1), closed repositories (0), parent repositories (0), unsafe repositories (0)
2024-09-23 21:49:44.336 [info] > git for-each-ref --format=%(refname)%00%(upstream:short)%00%(objectname)%00%(upstream:track)%00%(upstream:remotename)%00%(upstream:remoteref) refs/heads/main refs/remotes/main [3ms]
2024-09-23 21:49:44.336 [warning] [Git][revParse] Unable to read file: ENOENT: no such file or directory, open '/workspace/boilerplate-project-urlshortener/.git/refs/remotes/origin/main'
2024-09-23 21:49:44.336 [info] > git rev-parse refs/remotes/origin/main [139ms]
2024-09-23 21:49:44.336 [info] > git status -z -uall [4ms]
2024-09-23 21:49:44.336 [info] > git for-each-ref --format=%(refname)%00%(upstream:short)%00%(objectname)%00%(upstream:track)%00%(upstream:remotename)%00%(upstream:remoteref) refs/heads/main refs/remotes/main [10ms]
2024-09-23 21:49:44.336 [info] > git config --get commit.template [135ms]
2024-09-23 21:49:44.337 [info] > git config --local branch.main.vscode-merge-base [133ms]
2024-09-23 21:49:44.337 [warning] [Git][config] git config failed: Failed to execute git
2024-09-23 21:49:44.349 [info] > git reflog main --grep-reflog=branch: Created from *. [8ms]
2024-09-23 21:49:44.353 [info] > git for-each-ref --format=%(refname)%00%(upstream:short)%00%(objectname)%00%(upstream:track)%00%(upstream:remotename)%00%(upstream:remoteref) refs/heads/main refs/remotes/main [8ms]
2024-09-23 21:49:44.356 [warning] [Git][revParse] Unable to read file: ENOENT: no such file or directory, open '/workspace/boilerplate-project-urlshortener/.git/refs/remotes/origin/main'
2024-09-23 21:49:44.357 [info] > git symbolic-ref --short refs/remotes/origin/HEAD [5ms]
2024-09-23 21:49:44.362 [info] > git rev-parse refs/remotes/origin/main [6ms]
2024-09-23 21:49:44.367 [info] > git for-each-ref --format=%(refname)%00%(upstream:short)%00%(objectname)%00%(upstream:track)%00%(upstream:remotename)%00%(upstream:remoteref) refs/heads/origin/main refs/remotes/origin/main [6ms]
2024-09-23 21:49:44.375 [info] > git status -z -uall [9ms]
2024-09-23 21:49:44.382 [info] > git config --local branch.main.vscode-merge-base origin/main [9ms]
2024-09-23 21:49:44.387 [info] > git for-each-ref --format=%(refname)%00%(upstream:short)%00%(objectname)%00%(upstream:track)%00%(upstream:remotename)%00%(upstream:remoteref) refs/heads/main refs/remotes/main [7ms]
2024-09-23 21:49:44.392 [info] > git config --get commit.template [5ms]
2024-09-23 21:49:44.397 [info] > git config --local branch.main.vscode-merge-base [6ms]
2024-09-23 21:49:44.402 [info] > git for-each-ref --format=%(refname)%00%(upstream:short)%00%(objectname)%00%(upstream:track)%00%(upstream:remotename)%00%(upstream:remoteref) refs/heads/main refs/remotes/main [5ms]
2024-09-23 21:49:44.408 [warning] [Git][revParse] Unable to read file: ENOENT: no such file or directory, open '/workspace/boilerplate-project-urlshortener/.git/refs/remotes/origin/main'
2024-09-23 21:49:44.409 [info] > git for-each-ref --format=%(refname)%00%(upstream:short)%00%(objectname)%00%(upstream:track)%00%(upstream:remotename)%00%(upstream:remoteref) refs/heads/origin/main refs/remotes/origin/main [8ms]
2024-09-23 21:49:44.416 [info] > git rev-parse refs/remotes/origin/main [8ms]
2024-09-23 21:49:44.426 [info] > git merge-base refs/heads/main refs/remotes/origin/main [11ms]
2024-09-23 21:49:44.433 [info] > git status -z -uall [8ms]
2024-09-23 21:49:44.439 [info] > git rev-list --count --left-right refs/heads/main...refs/remotes/origin/main [7ms]
2024-09-23 21:49:44.448 [info] > git for-each-ref --format=%(refname)%00%(upstream:short)%00%(objectname)%00%(upstream:track)%00%(upstream:remotename)%00%(upstream:remoteref) refs/heads/main refs/remotes/main [11ms]
2024-09-23 21:49:44.452 [info] > git diff --name-status -z --diff-filter=ADMR 711a8bc2998dd3786472f5a2b3f55672d8a06b81...refs/remotes/origin/main [9ms]
2024-09-23 21:49:44.454 [info] > git config --local branch.main.vscode-merge-base [2ms]
2024-09-23 21:49:44.460 [info] > git for-each-ref --format=%(refname)%00%(upstream:short)%00%(objectname)%00%(upstream:track)%00%(upstream:remotename)%00%(upstream:remoteref) refs/heads/origin/main refs/remotes/origin/main [2ms]
2024-09-23 21:49:44.692 [info] > git check-ignore -v -z --stdin [3ms]
2024-09-23 21:49:45.006 [info] > git config --local branch.main.github-pr-owner-number [7ms]
2024-09-23 21:49:45.006 [warning] [Git][config] git config failed: Failed to execute git
2024-09-23 21:49:45.565 [info] > git config --get commit.template [1ms]
2024-09-23 21:49:45.573 [info] > git for-each-ref --format=%(refname)%00%(upstream:short)%00%(objectname)%00%(upstream:track)%00%(upstream:remotename)%00%(upstream:remoteref) refs/heads/main refs/remotes/main [3ms]
2024-09-23 21:49:45.577 [warning] [Git][revParse] Unable to read file: ENOENT: no such file or directory, open '/workspace/boilerplate-project-urlshortener/.git/refs/remotes/origin/main'
2024-09-23 21:49:45.579 [info] > git rev-parse refs/remotes/origin/main [2ms]
2024-09-23 21:49:45.587 [info] > git status -z -uall [3ms]
2024-09-23 21:49:45.595 [info] > git for-each-ref --format=%(refname)%00%(upstream:short)%00%(objectname)%00%(upstream:track)%00%(upstream:remotename)%00%(upstream:remoteref) refs/heads/main refs/remotes/main [3ms]
2024-09-23 21:49:45.602 [info] > git config --local branch.main.vscode-merge-base [2ms]
2024-09-23 21:49:45.610 [info] > git for-each-ref --format=%(refname)%00%(upstream:short)%00%(objectname)%00%(upstream:track)%00%(upstream:remotename)%00%(upstream:remoteref) refs/heads/origin/main refs/remotes/origin/main [2ms]
2024-09-23 21:49:53.239 [info] > git show --textconv :index.js [8ms]
2024-09-23 21:49:53.240 [info] > git ls-files --stage -- /workspace/boilerplate-project-urlshortener/index.js [2ms]
2024-09-23 21:49:53.247 [info] > git cat-file -s f7e45be9a371244db0ae06ae8aa4759ce04f60f5 [2ms]
2024-09-23 21:52:06.563 [info] > git config --get commit.template [6ms]
2024-09-23 21:52:06.564 [info] > git for-each-ref --format=%(refname)%00%(upstream:short)%00%(objectname)%00%(upstream:track)%00%(upstream:remotename)%00%(upstream:remoteref) refs/heads/main refs/remotes/main [2ms]
2024-09-23 21:52:06.568 [warning] [Git][revParse] Unable to read file: ENOENT: no such file or directory, open '/workspace/boilerplate-project-urlshortener/.git/refs/remotes/origin/main'
2024-09-23 21:52:06.570 [info] > git rev-parse refs/remotes/origin/main [2ms]
2024-09-23 21:52:06.577 [info] > git status -z -uall [3ms]
2024-09-23 21:52:06.587 [info] > git for-each-ref --format=%(refname)%00%(upstream:short)%00%(objectname)%00%(upstream:track)%00%(upstream:remotename)%00%(upstream:remoteref) refs/heads/main refs/remotes/main [5ms]
2024-09-23 21:52:06.593 [info] > git config --local branch.main.vscode-merge-base [2ms]
2024-09-23 21:52:06.602 [info] > git for-each-ref --format=%(refname)%00%(upstream:short)%00%(objectname)%00%(upstream:track)%00%(upstream:remotename)%00%(upstream:remoteref) refs/heads/origin/main refs/remotes/origin/main [4ms]
2024-09-23 21:52:12.314 [info] > git config --get commit.template [5ms]
2024-09-23 21:52:12.315 [info] > git for-each-ref --format=%(refname)%00%(upstream:short)%00%(objectname)%00%(upstream:track)%00%(upstream:remotename)%00%(upstream:remoteref) refs/heads/main refs/remotes/main [2ms]
2024-09-23 21:52:12.319 [warning] [Git][revParse] Unable to read file: ENOENT: no such file or directory, open '/workspace/boilerplate-project-urlshortener/.git/refs/remotes/origin/main'
2024-09-23 21:52:12.322 [info] > git rev-parse refs/remotes/origin/main [1ms]
2024-09-23 21:52:12.329 [info] > git status -z -uall [2ms]
2024-09-23 21:52:12.336 [info] > git for-each-ref --format=%(refname)%00%(upstream:short)%00%(objectname)%00%(upstream:track)%00%(upstream:remotename)%00%(upstream:remoteref) refs/heads/main refs/remotes/main [1ms]
2024-09-23 21:52:12.341 [info] > git config --local branch.main.vscode-merge-base [1ms]
2024-09-23 21:52:12.347 [info] > git for-each-ref --format=%(refname)%00%(upstream:short)%00%(objectname)%00%(upstream:track)%00%(upstream:remotename)%00%(upstream:remoteref) refs/heads/origin/main refs/remotes/origin/main [2ms]
2024-09-23 21:52:17.347 [info] > git config --get commit.template [5ms]
2024-09-23 21:52:17.348 [info] > git for-each-ref --format=%(refname)%00%(upstream:short)%00%(objectname)%00%(upstream:track)%00%(upstream:remotename)%00%(upstream:remoteref) refs/heads/main refs/remotes/main [2ms]
2024-09-23 21:52:17.352 [warning] [Git][revParse] Unable to read file: ENOENT: no such file or directory, open '/workspace/boilerplate-project-urlshortener/.git/refs/remotes/origin/main'
2024-09-23 21:52:17.354 [info] > git rev-parse refs/remotes/origin/main [2ms]
2024-09-23 21:52:17.364 [info] > git status -z -uall [6ms]
2024-09-23 21:52:17.371 [info] > git for-each-ref --format=%(refname)%00%(upstream:short)%00%(objectname)%00%(upstream:track)%00%(upstream:remotename)%00%(upstream:remoteref) refs/heads/main refs/remotes/main [2ms]
2024-09-23 21:52:17.377 [info] > git config --local branch.main.vscode-merge-base [2ms]
2024-09-23 21:52:17.383 [info] > git for-each-ref --format=%(refname)%00%(upstream:short)%00%(objectname)%00%(upstream:track)%00%(upstream:remotename)%00%(upstream:remoteref) refs/heads/origin/main refs/remotes/origin/main [2ms]
2024-09-23 21:52:22.380 [info] > git config --get commit.template [4ms]
2024-09-23 21:52:22.381 [info] > git for-each-ref --format=%(refname)%00%(upstream:short)%00%(objectname)%00%(upstream:track)%00%(upstream:remotename)%00%(upstream:remoteref) refs/heads/main refs/remotes/main [2ms]
2024-09-23 21:52:22.384 [warning] [Git][revParse] Unable to read file: ENOENT: no such file or directory, open '/workspace/boilerplate-project-urlshortener/.git/refs/remotes/origin/main'
2024-09-23 21:52:22.386 [info] > git rev-parse refs/remotes/origin/main [2ms]
2024-09-23 21:52:22.393 [info] > git status -z -uall [3ms]
2024-09-23 21:52:22.400 [info] > git for-each-ref --format=%(refname)%00%(upstream:short)%00%(objectname)%00%(upstream:track)%00%(upstream:remotename)%00%(upstream:remoteref) refs/heads/main refs/remotes/main [3ms]
2024-09-23 21:52:22.405 [info] > git config --local branch.main.vscode-merge-base [1ms]
2024-09-23 21:52:22.412 [info] > git for-each-ref --format=%(refname)%00%(upstream:short)%00%(objectname)%00%(upstream:track)%00%(upstream:remotename)%00%(upstream:remoteref) refs/heads/origin/main refs/remotes/origin/main [2ms]
2024-09-23 21:52:30.252 [info] > git config --get commit.template [6ms]
2024-09-23 21:52:30.253 [info] > git for-each-ref --format=%(refname)%00%(upstream:short)%00%(objectname)%00%(upstream:track)%00%(upstream:remotename)%00%(upstream:remoteref) refs/heads/main refs/remotes/main [2ms]
2024-09-23 21:52:30.257 [warning] [Git][revParse] Unable to read file: ENOENT: no such file or directory, open '/workspace/boilerplate-project-urlshortener/.git/refs/remotes/origin/main'
2024-09-23 21:52:30.259 [info] > git rev-parse refs/remotes/origin/main [2ms]
2024-09-23 21:52:30.265 [info] > git status -z -uall [2ms]
2024-09-23 21:52:30.272 [info] > git for-each-ref --format=%(refname)%00%(upstream:short)%00%(objectname)%00%(upstream:track)%00%(upstream:remotename)%00%(upstream:remoteref) refs/heads/main refs/remotes/main [2ms]
2024-09-23 21:52:30.277 [info] > git config --local branch.main.vscode-merge-base [1ms]
2024-09-23 21:52:30.283 [info] > git for-each-ref --format=%(refname)%00%(upstream:short)%00%(objectname)%00%(upstream:track)%00%(upstream:remotename)%00%(upstream:remoteref) refs/heads/origin/main refs/remotes/origin/main [2ms]
2024-09-23 21:52:36.218 [info] > git config --get commit.template [4ms]
2024-09-23 21:52:36.219 [info] > git for-each-ref --format=%(refname)%00%(upstream:short)%00%(objectname)%00%(upstream:track)%00%(upstream:remotename)%00%(upstream:remoteref) refs/heads/main refs/remotes/main [2ms]
2024-09-23 21:52:36.223 [warning] [Git][revParse] Unable to read file: ENOENT: no such file or directory, open '/workspace/boilerplate-project-urlshortener/.git/refs/remotes/origin/main'
2024-09-23 21:52:36.224 [info] > git rev-parse refs/remotes/origin/main [1ms]
2024-09-23 21:52:36.230 [info] > git status -z -uall [2ms]
2024-09-23 21:52:36.236 [info] > git for-each-ref --format=%(refname)%00%(upstream:short)%00%(objectname)%00%(upstream:track)%00%(upstream:remotename)%00%(upstream:remoteref) refs/heads/main refs/remotes/main [2ms]
2024-09-23 21:52:36.241 [info] > git config --local branch.main.vscode-merge-base [2ms]
2024-09-23 21:52:36.246 [info] > git for-each-ref --format=%(refname)%00%(upstream:short)%00%(objectname)%00%(upstream:track)%00%(upstream:remotename)%00%(upstream:remoteref) refs/heads/origin/main refs/remotes/origin/main [1ms]
2024-09-23 21:52:41.245 [info] > git config --get commit.template [5ms]
2024-09-23 21:52:41.247 [info] > git for-each-ref --format=%(refname)%00%(upstream:short)%00%(objectname)%00%(upstream:track)%00%(upstream:remotename)%00%(upstream:remoteref) refs/heads/main refs/remotes/main [2ms]
2024-09-23 21:52:41.250 [warning] [Git][revParse] Unable to read file: ENOENT: no such file or directory, open '/workspace/boilerplate-project-urlshortener/.git/refs/remotes/origin/main'
2024-09-23 21:52:41.252 [info] > git rev-parse refs/remotes/origin/main [2ms]
2024-09-23 21:52:41.259 [info] > git status -z -uall [3ms]
2024-09-23 21:52:41.265 [info] > git for-each-ref --format=%(refname)%00%(upstream:short)%00%(objectname)%00%(upstream:track)%00%(upstream:remotename)%00%(upstream:remoteref) refs/heads/main refs/remotes/main [2ms]
2024-09-23 21:52:41.270 [info] > git config --local branch.main.vscode-merge-base [2ms]
2024-09-23 21:52:41.275 [info] > git for-each-ref --format=%(refname)%00%(upstream:short)%00%(objectname)%00%(upstream:track)%00%(upstream:remotename)%00%(upstream:remoteref) refs/heads/origin/main refs/remotes/origin/main [1ms]
2024-09-23 21:53:06.551 [info] > git config --get commit.template [6ms]
2024-09-23 21:53:06.554 [info] > git for-each-ref --format=%(refname)%00%(upstream:short)%00%(objectname)%00%(upstream:track)%00%(upstream:remotename)%00%(upstream:remoteref) refs/heads/main refs/remotes/main [3ms]
2024-09-23 21:53:06.559 [warning] [Git][revParse] Unable to read file: ENOENT: no such file or directory, open '/workspace/boilerplate-project-urlshortener/.git/refs/remotes/origin/main'
2024-09-23 21:53:06.560 [info] > git rev-parse refs/remotes/origin/main [1ms]
2024-09-23 21:53:06.568 [info] > git status -z -uall [3ms]
2024-09-23 21:53:06.576 [info] > git for-each-ref --format=%(refname)%00%(upstream:short)%00%(objectname)%00%(upstream:track)%00%(upstream:remotename)%00%(upstream:remoteref) refs/heads/main refs/remotes/main [2ms]
2024-09-23 21:53:06.583 [info] > git config --local branch.main.vscode-merge-base [2ms]
2024-09-23 21:53:06.589 [info] > git for-each-ref --format=%(refname)%00%(upstream:short)%00%(objectname)%00%(upstream:track)%00%(upstream:remotename)%00%(upstream:remoteref) refs/heads/origin/main refs/remotes/origin/main [2ms]
2024-09-23 21:53:11.588 [info] > git config --get commit.template [5ms]
2024-09-23 21:53:11.589 [info] > git for-each-ref --format=%(refname)%00%(upstream:short)%00%(objectname)%00%(upstream:track)%00%(upstream:remotename)%00%(upstream:remoteref) refs/heads/main refs/remotes/main [2ms]
2024-09-23 21:53:11.593 [warning] [Git][revParse] Unable to read file: ENOENT: no such file or directory, open '/workspace/boilerplate-project-urlshortener/.git/refs/remotes/origin/main'
2024-09-23 21:53:11.595 [info] > git rev-parse refs/remotes/origin/main [2ms]
2024-09-23 21:53:11.601 [info] > git status -z -uall [3ms]
2024-09-23 21:53:11.608 [info] > git for-each-ref --format=%(refname)%00%(upstream:short)%00%(objectname)%00%(upstream:track)%00%(upstream:remotename)%00%(upstream:remoteref) refs/heads/main refs/remotes/main [3ms]
2024-09-23 21:53:11.614 [info] > git config --local branch.main.vscode-merge-base [1ms]
2024-09-23 21:53:11.619 [info] > git for-each-ref --format=%(refname)%00%(upstream:short)%00%(objectname)%00%(upstream:track)%00%(upstream:remotename)%00%(upstream:remoteref) refs/heads/origin/main refs/remotes/origin/main [1ms]
2024-09-23 21:53:37.966 [info] > git config --get commit.template [7ms]
2024-09-23 21:53:37.968 [info] > git for-each-ref --format=%(refname)%00%(upstream:short)%00%(objectname)%00%(upstream:track)%00%(upstream:remotename)%00%(upstream:remoteref) refs/heads/main refs/remotes/main [2ms]
2024-09-23 21:53:37.972 [warning] [Git][revParse] Unable to read file: ENOENT: no such file or directory, open '/workspace/boilerplate-project-urlshortener/.git/refs/remotes/origin/main'
2024-09-23 21:53:37.974 [info] > git rev-parse refs/remotes/origin/main [2ms]
2024-09-23 21:53:37.981 [info] > git status -z -uall [3ms]
2024-09-23 21:53:37.989 [info] > git for-each-ref --format=%(refname)%00%(upstream:short)%00%(objectname)%00%(upstream:track)%00%(upstream:remotename)%00%(upstream:remoteref) refs/heads/main refs/remotes/main [3ms]
2024-09-23 21:53:37.996 [info] > git config --local branch.main.vscode-merge-base [1ms]
2024-09-23 21:53:38.005 [info] > git for-each-ref --format=%(refname)%00%(upstream:short)%00%(objectname)%00%(upstream:track)%00%(upstream:remotename)%00%(upstream:remoteref) refs/heads/origin/main refs/remotes/origin/main [3ms]
2024-09-23 21:54:09.068 [info] > git config --get commit.template [4ms]
2024-09-23 21:54:09.070 [info] > git for-each-ref --format=%(refname)%00%(upstream:short)%00%(objectname)%00%(upstream:track)%00%(upstream:remotename)%00%(upstream:remoteref) refs/heads/main refs/remotes/main [3ms]
2024-09-23 21:54:09.073 [warning] [Git][revParse] Unable to read file: ENOENT: no such file or directory, open '/workspace/boilerplate-project-urlshortener/.git/refs/remotes/origin/main'
2024-09-23 21:54:09.074 [info] > git rev-parse refs/remotes/origin/main [1ms]
2024-09-23 21:54:09.080 [info] > git status -z -uall [3ms]
2024-09-23 21:54:09.085 [info] > git for-each-ref --format=%(refname)%00%(upstream:short)%00%(objectname)%00%(upstream:track)%00%(upstream:remotename)%00%(upstream:remoteref) refs/heads/main refs/remotes/main [2ms]
2024-09-23 21:54:09.090 [info] > git config --local branch.main.vscode-merge-base [1ms]
2024-09-23 21:54:09.095 [info] > git for-each-ref --format=%(refname)%00%(upstream:short)%00%(objectname)%00%(upstream:track)%00%(upstream:remotename)%00%(upstream:remoteref) refs/heads/origin/main refs/remotes/origin/main [2ms]
2024-09-23 21:54:16.979 [info] > git config --get commit.template [6ms]
2024-09-23 21:54:16.981 [info] > git for-each-ref --format=%(refname)%00%(upstream:short)%00%(objectname)%00%(upstream:track)%00%(upstream:remotename)%00%(upstream:remoteref) refs/heads/main refs/remotes/main [2ms]
2024-09-23 21:54:16.984 [warning] [Git][revParse] Unable to read file: ENOENT: no such file or directory, open '/workspace/boilerplate-project-urlshortener/.git/refs/remotes/origin/main'
2024-09-23 21:54:16.986 [info] > git rev-parse refs/remotes/origin/main [2ms]
2024-09-23 21:54:16.992 [info] > git status -z -uall [3ms]
2024-09-23 21:54:16.998 [info] > git for-each-ref --format=%(refname)%00%(upstream:short)%00%(objectname)%00%(upstream:track)%00%(upstream:remotename)%00%(upstream:remoteref) refs/heads/main refs/remotes/main [2ms]
2024-09-23 21:54:17.005 [info] > git config --local branch.main.vscode-merge-base [2ms]
2024-09-23 21:54:17.010 [info] > git for-each-ref --format=%(refname)%00%(upstream:short)%00%(objectname)%00%(upstream:track)%00%(upstream:remotename)%00%(upstream:remoteref) refs/heads/origin/main refs/remotes/origin/main [2ms]
2024-09-23 21:56:07.975 [info] > git config --get commit.template [5ms]
2024-09-23 21:56:07.976 [info] > git for-each-ref --format=%(refname)%00%(upstream:short)%00%(objectname)%00%(upstream:track)%00%(upstream:remotename)%00%(upstream:remoteref) refs/heads/main refs/remotes/main [2ms]
2024-09-23 21:56:07.980 [warning] [Git][revParse] Unable to read file: ENOENT: no such file or directory, open '/workspace/boilerplate-project-urlshortener/.git/refs/remotes/origin/main'
2024-09-23 21:56:07.982 [info] > git rev-parse refs/remotes/origin/main [2ms]
2024-09-23 21:56:07.988 [info] > git status -z -uall [2ms]
2024-09-23 21:56:07.995 [info] > git for-each-ref --format=%(refname)%00%(upstream:short)%00%(objectname)%00%(upstream:track)%00%(upstream:remotename)%00%(upstream:remoteref) refs/heads/main refs/remotes/main [3ms]
2024-09-23 21:56:08.000 [info] > git config --local branch.main.vscode-merge-base [2ms]
2024-09-23 21:56:08.006 [info] > git for-each-ref --format=%(refname)%00%(upstream:short)%00%(objectname)%00%(upstream:track)%00%(upstream:remotename)%00%(upstream:remoteref) refs/heads/origin/main refs/remotes/origin/main [2ms]
2024-09-23 21:56:13.003 [info] > git config --get commit.template [5ms]
2024-09-23 21:56:13.005 [info] > git for-each-ref --format=%(refname)%00%(upstream:short)%00%(objectname)%00%(upstream:track)%00%(upstream:remotename)%00%(upstream:remoteref) refs/heads/main refs/remotes/main [3ms]
2024-09-23 21:56:13.008 [warning] [Git][revParse] Unable to read file: ENOENT: no such file or directory, open '/workspace/boilerplate-project-urlshortener/.git/refs/remotes/origin/main'
2024-09-23 21:56:13.010 [info] > git rev-parse refs/remotes/origin/main [2ms]
2024-09-23 21:56:13.016 [info] > git status -z -uall [2ms]
2024-09-23 21:56:13.024 [info] > git for-each-ref --format=%(refname)%00%(upstream:short)%00%(objectname)%00%(upstream:track)%00%(upstream:remotename)%00%(upstream:remoteref) refs/heads/main refs/remotes/main [3ms]
2024-09-23 21:56:13.030 [info] > git config --local branch.main.vscode-merge-base [2ms]
2024-09-23 21:56:13.035 [info] > git for-each-ref --format=%(refname)%00%(upstream:short)%00%(objectname)%00%(upstream:track)%00%(upstream:remotename)%00%(upstream:remoteref) refs/heads/origin/main refs/remotes/origin/main [2ms]
2024-09-23 21:56:18.036 [info] > git config --get commit.template [6ms]
2024-09-23 21:56:18.038 [info] > git for-each-ref --format=%(refname)%00%(upstream:short)%00%(objectname)%00%(upstream:track)%00%(upstream:remotename)%00%(upstream:remoteref) refs/heads/main refs/remotes/main [3ms]
2024-09-23 21:56:18.044 [warning] [Git][revParse] Unable to read file: ENOENT: no such file or directory, open '/workspace/boilerplate-project-urlshortener/.git/refs/remotes/origin/main'
2024-09-23 21:56:18.045 [info] > git rev-parse refs/remotes/origin/main [2ms]
2024-09-23 21:56:18.055 [info] > git status -z -uall [3ms]
2024-09-23 21:56:18.063 [info] > git for-each-ref --format=%(refname)%00%(upstream:short)%00%(objectname)%00%(upstream:track)%00%(upstream:remotename)%00%(upstream:remoteref) refs/heads/main refs/remotes/main [2ms]
2024-09-23 21:56:18.071 [info] > git config --local branch.main.vscode-merge-base [2ms]
2024-09-23 21:56:18.078 [info] > git for-each-ref --format=%(refname)%00%(upstream:short)%00%(objectname)%00%(upstream:track)%00%(upstream:remotename)%00%(upstream:remoteref) refs/heads/origin/main refs/remotes/origin/main [1ms]
2024-09-23 21:56:27.361 [info] > git config --get commit.template [8ms]
2024-09-23 21:56:27.364 [info] > git for-each-ref --format=%(refname)%00%(upstream:short)%00%(objectname)%00%(upstream:track)%00%(upstream:remotename)%00%(upstream:remoteref) refs/heads/main refs/remotes/main [4ms]
2024-09-23 21:56:27.370 [warning] [Git][revParse] Unable to read file: ENOENT: no such file or directory, open '/workspace/boilerplate-project-urlshortener/.git/refs/remotes/origin/main'
2024-09-23 21:56:27.373 [info] > git rev-parse refs/remotes/origin/main [3ms]
2024-09-23 21:56:27.383 [info] > git status -z -uall [4ms]
2024-09-23 21:56:27.395 [info] > git for-each-ref --format=%(refname)%00%(upstream:short)%00%(objectname)%00%(upstream:track)%00%(upstream:remotename)%00%(upstream:remoteref) refs/heads/main refs/remotes/main [3ms]
2024-09-23 21:56:27.404 [info] > git config --local branch.main.vscode-merge-base [2ms]
2024-09-23 21:56:27.415 [info] > git for-each-ref --format=%(refname)%00%(upstream:short)%00%(objectname)%00%(upstream:track)%00%(upstream:remotename)%00%(upstream:remoteref) refs/heads/origin/main refs/remotes/origin/main [3ms]
2024-09-23 21:57:07.261 [info] > git config --get commit.template [5ms]
2024-09-23 21:57:07.263 [info] > git for-each-ref --format=%(refname)%00%(upstream:short)%00%(objectname)%00%(upstream:track)%00%(upstream:remotename)%00%(upstream:remoteref) refs/heads/main refs/remotes/main [3ms]
2024-09-23 21:57:07.267 [warning] [Git][revParse] Unable to read file: ENOENT: no such file or directory, open '/workspace/boilerplate-project-urlshortener/.git/refs/remotes/origin/main'
2024-09-23 21:57:07.269 [info] > git rev-parse refs/remotes/origin/main [2ms]
2024-09-23 21:57:07.276 [info] > git status -z -uall [3ms]
2024-09-23 21:57:07.282 [info] > git for-each-ref --format=%(refname)%00%(upstream:short)%00%(objectname)%00%(upstream:track)%00%(upstream:remotename)%00%(upstream:remoteref) refs/heads/main refs/remotes/main [2ms]
2024-09-23 21:57:07.288 [info] > git config --local branch.main.vscode-merge-base [2ms]
2024-09-23 21:57:07.294 [info] > git for-each-ref --format=%(refname)%00%(upstream:short)%00%(objectname)%00%(upstream:track)%00%(upstream:remotename)%00%(upstream:remoteref) refs/heads/origin/main refs/remotes/origin/main [2ms]
2024-09-23 21:57:36.974 [info] > git config --get commit.template [5ms]
2024-09-23 21:57:36.976 [info] > git for-each-ref --format=%(refname)%00%(upstream:short)%00%(objectname)%00%(upstream:track)%00%(upstream:remotename)%00%(upstream:remoteref) refs/heads/main refs/remotes/main [3ms]
2024-09-23 21:57:36.980 [warning] [Git][revParse] Unable to read file: ENOENT: no such file or directory, open '/workspace/boilerplate-project-urlshortener/.git/refs/remotes/origin/main'
2024-09-23 21:57:36.981 [info] > git rev-parse refs/remotes/origin/main [1ms]
2024-09-23 21:57:36.988 [info] > git status -z -uall [2ms]
2024-09-23 21:57:36.995 [info] > git for-each-ref --format=%(refname)%00%(upstream:short)%00%(objectname)%00%(upstream:track)%00%(upstream:remotename)%00%(upstream:remoteref) refs/heads/main refs/remotes/main [3ms]
2024-09-23 21:57:37.001 [info] > git config --local branch.main.vscode-merge-base [2ms]
2024-09-23 21:57:37.008 [info] > git for-each-ref --format=%(refname)%00%(upstream:short)%00%(objectname)%00%(upstream:track)%00%(upstream:remotename)%00%(upstream:remoteref) refs/heads/origin/main refs/remotes/origin/main [2ms]
2024-09-23 22:04:07.363 [info] > git config --get commit.template [5ms]
2024-09-23 22:04:07.365 [info] > git for-each-ref --format=%(refname)%00%(upstream:short)%00%(objectname)%00%(upstream:track)%00%(upstream:remotename)%00%(upstream:remoteref) refs/heads/main refs/remotes/main [2ms]
2024-09-23 22:04:07.369 [warning] [Git][revParse] Unable to read file: ENOENT: no such file or directory, open '/workspace/boilerplate-project-urlshortener/.git/refs/remotes/origin/main'
2024-09-23 22:04:07.371 [info] > git rev-parse refs/remotes/origin/main [2ms]
2024-09-23 22:04:07.376 [info] > git status -z -uall [2ms]
2024-09-23 22:04:07.383 [info] > git for-each-ref --format=%(refname)%00%(upstream:short)%00%(objectname)%00%(upstream:track)%00%(upstream:remotename)%00%(upstream:remoteref) refs/heads/main refs/remotes/main [3ms]
2024-09-23 22:04:07.388 [info] > git config --local branch.main.vscode-merge-base [2ms]
2024-09-23 22:04:07.393 [info] > git for-each-ref --format=%(refname)%00%(upstream:short)%00%(objectname)%00%(upstream:track)%00%(upstream:remotename)%00%(upstream:remoteref) refs/heads/origin/main refs/remotes/origin/main [2ms]
2024-09-23 22:04:18.289 [info] > git config --get commit.template [5ms]
2024-09-23 22:04:18.290 [info] > git for-each-ref --format=%(refname)%00%(upstream:short)%00%(objectname)%00%(upstream:track)%00%(upstream:remotename)%00%(upstream:remoteref) refs/heads/main refs/remotes/main [2ms]
2024-09-23 22:04:18.294 [warning] [Git][revParse] Unable to read file: ENOENT: no such file or directory, open '/workspace/boilerplate-project-urlshortener/.git/refs/remotes/origin/main'
2024-09-23 22:04:18.296 [info] > git rev-parse refs/remotes/origin/main [2ms]
2024-09-23 22:04:18.303 [info] > git status -z -uall [2ms]
2024-09-23 22:04:18.310 [info] > git for-each-ref --format=%(refname)%00%(upstream:short)%00%(objectname)%00%(upstream:track)%00%(upstream:remotename)%00%(upstream:remoteref) refs/heads/main refs/remotes/main [3ms]
2024-09-23 22:04:18.316 [info] > git config --local branch.main.vscode-merge-base [2ms]
2024-09-23 22:04:18.322 [info] > git for-each-ref --format=%(refname)%00%(upstream:short)%00%(objectname)%00%(upstream:track)%00%(upstream:remotename)%00%(upstream:remoteref) refs/heads/origin/main refs/remotes/origin/main [2ms]
2024-09-23 22:04:32.267 [info] > git config --get commit.template [6ms]
2024-09-23 22:04:32.268 [info] > git for-each-ref --format=%(refname)%00%(upstream:short)%00%(objectname)%00%(upstream:track)%00%(upstream:remotename)%00%(upstream:remoteref) refs/heads/main refs/remotes/main [2ms]
2024-09-23 22:04:32.271 [warning] [Git][revParse] Unable to read file: ENOENT: no such file or directory, open '/workspace/boilerplate-project-urlshortener/.git/refs/remotes/origin/main'
2024-09-23 22:04:32.273 [info] > git rev-parse refs/remotes/origin/main [2ms]
2024-09-23 22:04:32.279 [info] > git status -z -uall [3ms]
2024-09-23 22:04:32.286 [info] > git for-each-ref --format=%(refname)%00%(upstream:short)%00%(objectname)%00%(upstream:track)%00%(upstream:remotename)%00%(upstream:remoteref) refs/heads/main refs/remotes/main [2ms]
2024-09-23 22:04:32.292 [info] > git config --local branch.main.vscode-merge-base [2ms]
2024-09-23 22:04:32.298 [info] > git for-each-ref --format=%(refname)%00%(upstream:short)%00%(objectname)%00%(upstream:track)%00%(upstream:remotename)%00%(upstream:remoteref) refs/heads/origin/main refs/remotes/origin/main [2ms]
2024-09-23 22:04:37.936 [info] > git config --get commit.template [4ms]
2024-09-23 22:04:37.938 [info] > git for-each-ref --format=%(refname)%00%(upstream:short)%00%(objectname)%00%(upstream:track)%00%(upstream:remotename)%00%(upstream:remoteref) refs/heads/main refs/remotes/main [2ms]
2024-09-23 22:04:37.941 [warning] [Git][revParse] Unable to read file: ENOENT: no such file or directory, open '/workspace/boilerplate-project-urlshortener/.git/refs/remotes/origin/main'
2024-09-23 22:04:37.942 [info] > git rev-parse refs/remotes/origin/main [1ms]
2024-09-23 22:04:37.948 [info] > git status -z -uall [2ms]
2024-09-23 22:04:37.954 [info] > git for-each-ref --format=%(refname)%00%(upstream:short)%00%(objectname)%00%(upstream:track)%00%(upstream:remotename)%00%(upstream:remoteref) refs/heads/main refs/remotes/main [2ms]
2024-09-23 22:04:37.959 [info] > git config --local branch.main.vscode-merge-base [2ms]
2024-09-23 22:04:37.964 [info] > git for-each-ref --format=%(refname)%00%(upstream:short)%00%(objectname)%00%(upstream:track)%00%(upstream:remotename)%00%(upstream:remoteref) refs/heads/origin/main refs/remotes/origin/main [2ms]
2024-09-23 22:04:44.929 [info] > git config --get commit.template [5ms]
2024-09-23 22:04:44.931 [info] > git for-each-ref --format=%(refname)%00%(upstream:short)%00%(objectname)%00%(upstream:track)%00%(upstream:remotename)%00%(upstream:remoteref) refs/heads/main refs/remotes/main [3ms]
2024-09-23 22:04:44.935 [warning] [Git][revParse] Unable to read file: ENOENT: no such file or directory, open '/workspace/boilerplate-project-urlshortener/.git/refs/remotes/origin/main'
2024-09-23 22:04:44.937 [info] > git rev-parse refs/remotes/origin/main [2ms]
2024-09-23 22:04:44.944 [info] > git status -z -uall [3ms]
2024-09-23 22:04:44.951 [info] > git for-each-ref --format=%(refname)%00%(upstream:short)%00%(objectname)%00%(upstream:track)%00%(upstream:remotename)%00%(upstream:remoteref) refs/heads/main refs/remotes/main [2ms]
2024-09-23 22:04:44.957 [info] > git config --local branch.main.vscode-merge-base [2ms]
2024-09-23 22:04:44.964 [info] > git for-each-ref --format=%(refname)%00%(upstream:short)%00%(objectname)%00%(upstream:track)%00%(upstream:remotename)%00%(upstream:remoteref) refs/heads/origin/main refs/remotes/origin/main [1ms]
2024-09-23 22:05:25.755 [info] > git config --get commit.template [5ms]
2024-09-23 22:05:25.757 [info] > git for-each-ref --format=%(refname)%00%(upstream:short)%00%(objectname)%00%(upstream:track)%00%(upstream:remotename)%00%(upstream:remoteref) refs/heads/main refs/remotes/main [2ms]
2024-09-23 22:05:25.761 [warning] [Git][revParse] Unable to read file: ENOENT: no such file or directory, open '/workspace/boilerplate-project-urlshortener/.git/refs/remotes/origin/main'
2024-09-23 22:05:25.763 [info] > git rev-parse refs/remotes/origin/main [2ms]
2024-09-23 22:05:25.770 [info] > git status -z -uall [3ms]
2024-09-23 22:05:25.776 [info] > git for-each-ref --format=%(refname)%00%(upstream:short)%00%(objectname)%00%(upstream:track)%00%(upstream:remotename)%00%(upstream:remoteref) refs/heads/main refs/remotes/main [2ms]
2024-09-23 22:05:25.781 [info] > git config --local branch.main.vscode-merge-base [1ms]
2024-09-23 22:05:25.787 [info] > git for-each-ref --format=%(refname)%00%(upstream:short)%00%(objectname)%00%(upstream:track)%00%(upstream:remotename)%00%(upstream:remoteref) refs/heads/origin/main refs/remotes/origin/main [2ms]
2024-09-23 22:05:30.785 [info] > git config --get commit.template [5ms]
2024-09-23 22:05:30.787 [info] > git for-each-ref --format=%(refname)%00%(upstream:short)%00%(objectname)%00%(upstream:track)%00%(upstream:remotename)%00%(upstream:remoteref) refs/heads/main refs/remotes/main [2ms]
2024-09-23 22:05:30.791 [warning] [Git][revParse] Unable to read file: ENOENT: no such file or directory, open '/workspace/boilerplate-project-urlshortener/.git/refs/remotes/origin/main'
2024-09-23 22:05:30.793 [info] > git rev-parse refs/remotes/origin/main [2ms]
2024-09-23 22:05:30.800 [info] > git status -z -uall [2ms]
2024-09-23 22:05:30.806 [info] > git for-each-ref --format=%(refname)%00%(upstream:short)%00%(objectname)%00%(upstream:track)%00%(upstream:remotename)%00%(upstream:remoteref) refs/heads/main refs/remotes/main [2ms]
2024-09-23 22:05:30.812 [info] > git config --local branch.main.vscode-merge-base [2ms]
2024-09-23 22:05:30.818 [info] > git for-each-ref --format=%(refname)%00%(upstream:short)%00%(objectname)%00%(upstream:track)%00%(upstream:remotename)%00%(upstream:remoteref) refs/heads/origin/main refs/remotes/origin/main [2ms]
2024-09-23 22:06:09.842 [info] > git config --get commit.template [6ms]
2024-09-23 22:06:09.843 [info] > git for-each-ref --format=%(refname)%00%(upstream:short)%00%(objectname)%00%(upstream:track)%00%(upstream:remotename)%00%(upstream:remoteref) refs/heads/main refs/remotes/main [2ms]
2024-09-23 22:06:09.847 [warning] [Git][revParse] Unable to read file: ENOENT: no such file or directory, open '/workspace/boilerplate-project-urlshortener/.git/refs/remotes/origin/main'
2024-09-23 22:06:09.849 [info] > git rev-parse refs/remotes/origin/main [2ms]
2024-09-23 22:06:09.856 [info] > git status -z -uall [3ms]
2024-09-23 22:06:09.864 [info] > git for-each-ref --format=%(refname)%00%(upstream:short)%00%(objectname)%00%(upstream:track)%00%(upstream:remotename)%00%(upstream:remoteref) refs/heads/main refs/remotes/main [3ms]
2024-09-23 22:06:09.870 [info] > git config --local branch.main.vscode-merge-base [2ms]
2024-09-23 22:06:09.877 [info] > git for-each-ref --format=%(refname)%00%(upstream:short)%00%(objectname)%00%(upstream:track)%00%(upstream:remotename)%00%(upstream:remoteref) refs/heads/origin/main refs/remotes/origin/main [2ms]
2024-09-23 22:06:14.873 [info] > git config --get commit.template [5ms]
2024-09-23 22:06:14.875 [info] > git for-each-ref --format=%(refname)%00%(upstream:short)%00%(objectname)%00%(upstream:track)%00%(upstream:remotename)%00%(upstream:remoteref) refs/heads/main refs/remotes/main [2ms]
2024-09-23 22:06:14.879 [warning] [Git][revParse] Unable to read file: ENOENT: no such file or directory, open '/workspace/boilerplate-project-urlshortener/.git/refs/remotes/origin/main'
2024-09-23 22:06:14.881 [info] > git rev-parse refs/remotes/origin/main [2ms]
2024-09-23 22:06:14.888 [info] > git status -z -uall [2ms]
2024-09-23 22:06:14.896 [info] > git for-each-ref --format=%(refname)%00%(upstream:short)%00%(objectname)%00%(upstream:track)%00%(upstream:remotename)%00%(upstream:remoteref) refs/heads/main refs/remotes/main [3ms]
2024-09-23 22:06:14.901 [info] > git config --local branch.main.vscode-merge-base [1ms]
2024-09-23 22:06:14.907 [info] > git for-each-ref --format=%(refname)%00%(upstream:short)%00%(objectname)%00%(upstream:track)%00%(upstream:remotename)%00%(upstream:remoteref) refs/heads/origin/main refs/remotes/origin/main [2ms]
2024-09-23 22:19:24.171 [info] > git config --get commit.template [6ms]
2024-09-23 22:19:24.174 [info] > git for-each-ref --format=%(refname)%00%(upstream:short)%00%(objectname)%00%(upstream:track)%00%(upstream:remotename)%00%(upstream:remoteref) refs/heads/main refs/remotes/main [4ms]
2024-09-23 22:19:24.179 [warning] [Git][revParse] Unable to read file: ENOENT: no such file or directory, open '/workspace/boilerplate-project-urlshortener/.git/refs/remotes/origin/main'
2024-09-23 22:19:24.182 [info] > git rev-parse refs/remotes/origin/main [2ms]
2024-09-23 22:19:24.188 [info] > git status -z -uall [2ms]
2024-09-23 22:19:24.197 [info] > git for-each-ref --format=%(refname)%00%(upstream:short)%00%(objectname)%00%(upstream:track)%00%(upstream:remotename)%00%(upstream:remoteref) refs/heads/main refs/remotes/main [2ms]
2024-09-23 22:19:24.203 [info] > git config --local branch.main.vscode-merge-base [1ms]
2024-09-23 22:19:24.210 [info] > git for-each-ref --format=%(refname)%00%(upstream:short)%00%(objectname)%00%(upstream:track)%00%(upstream:remotename)%00%(upstream:remoteref) refs/heads/origin/main refs/remotes/origin/main [2ms]
2024-09-23 22:19:29.207 [info] > git config --get commit.template [6ms]
2024-09-23 22:19:29.209 [info] > git for-each-ref --format=%(refname)%00%(upstream:short)%00%(objectname)%00%(upstream:track)%00%(upstream:remotename)%00%(upstream:remoteref) refs/heads/main refs/remotes/main [2ms]
2024-09-23 22:19:29.213 [warning] [Git][revParse] Unable to read file: ENOENT: no such file or directory, open '/workspace/boilerplate-project-urlshortener/.git/refs/remotes/origin/main'
2024-09-23 22:19:29.215 [info] > git rev-parse refs/remotes/origin/main [2ms]
2024-09-23 22:19:29.222 [info] > git status -z -uall [2ms]
2024-09-23 22:19:29.230 [info] > git for-each-ref --format=%(refname)%00%(upstream:short)%00%(objectname)%00%(upstream:track)%00%(upstream:remotename)%00%(upstream:remoteref) refs/heads/main refs/remotes/main [2ms]
2024-09-23 22:19:29.236 [info] > git config --local branch.main.vscode-merge-base [1ms]
2024-09-23 22:19:29.244 [info] > git for-each-ref --format=%(refname)%00%(upstream:short)%00%(objectname)%00%(upstream:track)%00%(upstream:remotename)%00%(upstream:remoteref) refs/heads/origin/main refs/remotes/origin/main [2ms]
2024-09-23 22:19:39.538 [info] > git check-ignore -v -z --stdin [2ms]
2024-09-23 22:19:41.073 [info] > git check-ignore -v -z --stdin [2ms]
2024-09-23 22:19:41.769 [info] > git show --textconv :views/index.html [6ms]
2024-09-23 22:19:41.771 [info] > git ls-files --stage -- /workspace/boilerplate-project-urlshortener/views/index.html [2ms]
2024-09-23 22:19:41.779 [info] > git cat-file -s a1c1f9d0b5b45fdd0f9807b318a5dac19550e3df [2ms]
2024-09-23 22:20:05.482 [info] > git show --textconv :index.js [10ms]
2024-09-23 22:20:05.482 [info] > git ls-files --stage -- /workspace/boilerplate-project-urlshortener/index.js [3ms]
2024-09-23 22:20:05.496 [info] > git cat-file -s f7e45be9a371244db0ae06ae8aa4759ce04f60f5 [6ms]
2024-09-23 22:27:56.242 [info] > git for-each-ref --format=%(refname)%00%(upstream:short)%00%(objectname)%00%(upstream:track)%00%(upstream:remotename)%00%(upstream:remoteref) refs/heads/main refs/remotes/main [2ms]
2024-09-23 22:27:56.242 [info] > git config --get commit.template [13ms]
2024-09-23 22:27:56.249 [warning] [Git][revParse] Unable to read file: ENOENT: no such file or directory, open '/workspace/boilerplate-project-urlshortener/.git/refs/remotes/origin/main'
2024-09-23 22:27:56.251 [info] > git rev-parse refs/remotes/origin/main [2ms]
2024-09-23 22:27:56.264 [info] > git status -z -uall [4ms]
2024-09-23 22:27:56.275 [info] > git for-each-ref --format=%(refname)%00%(upstream:short)%00%(objectname)%00%(upstream:track)%00%(upstream:remotename)%00%(upstream:remoteref) refs/heads/main refs/remotes/main [3ms]
2024-09-23 22:27:56.283 [info] > git config --local branch.main.vscode-merge-base [3ms]
2024-09-23 22:27:56.293 [info] > git for-each-ref --format=%(refname)%00%(upstream:short)%00%(objectname)%00%(upstream:track)%00%(upstream:remotename)%00%(upstream:remoteref) refs/heads/origin/main refs/remotes/origin/main [3ms]
2024-09-23 22:28:02.340 [info] > git config --get commit.template [7ms]
2024-09-23 22:28:02.342 [info] > git for-each-ref --format=%(refname)%00%(upstream:short)%00%(objectname)%00%(upstream:track)%00%(upstream:remotename)%00%(upstream:remoteref) refs/heads/main refs/remotes/main [3ms]
2024-09-23 22:28:02.347 [warning] [Git][revParse] Unable to read file: ENOENT: no such file or directory, open '/workspace/boilerplate-project-urlshortener/.git/refs/remotes/origin/main'
2024-09-23 22:28:02.349 [info] > git rev-parse refs/remotes/origin/main [2ms]
2024-09-23 22:28:02.357 [info] > git status -z -uall [3ms]
2024-09-23 22:28:02.366 [info] > git for-each-ref --format=%(refname)%00%(upstream:short)%00%(objectname)%00%(upstream:track)%00%(upstream:remotename)%00%(upstream:remoteref) refs/heads/main refs/remotes/main [2ms]
2024-09-23 22:28:02.374 [info] > git config --local branch.main.vscode-merge-base [2ms]
2024-09-23 22:28:02.382 [info] > git for-each-ref --format=%(refname)%00%(upstream:short)%00%(objectname)%00%(upstream:track)%00%(upstream:remotename)%00%(upstream:remoteref) refs/heads/origin/main refs/remotes/origin/main [3ms]
2024-09-23 22:28:07.377 [info] > git config --get commit.template [5ms]
2024-09-23 22:28:07.378 [info] > git for-each-ref --format=%(refname)%00%(upstream:short)%00%(objectname)%00%(upstream:track)%00%(upstream:remotename)%00%(upstream:remoteref) refs/heads/main refs/remotes/main [2ms]
2024-09-23 22:28:07.383 [warning] [Git][revParse] Unable to read file: ENOENT: no such file or directory, open '/workspace/boilerplate-project-urlshortener/.git/refs/remotes/origin/main'
2024-09-23 22:28:07.386 [info] > git rev-parse refs/remotes/origin/main [3ms]
2024-09-23 22:28:07.394 [info] > git status -z -uall [2ms]
2024-09-23 22:28:07.402 [info] > git for-each-ref --format=%(refname)%00%(upstream:short)%00%(objectname)%00%(upstream:track)%00%(upstream:remotename)%00%(upstream:remoteref) refs/heads/main refs/remotes/main [3ms]
2024-09-23 22:28:07.409 [info] > git config --local branch.main.vscode-merge-base [2ms]
2024-09-23 22:28:07.416 [info] > git for-each-ref --format=%(refname)%00%(upstream:short)%00%(objectname)%00%(upstream:track)%00%(upstream:remotename)%00%(upstream:remoteref) refs/heads/origin/main refs/remotes/origin/main [2ms]
2024-09-23 22:28:12.412 [info] > git config --get commit.template [5ms]
2024-09-23 22:28:12.414 [info] > git for-each-ref --format=%(refname)%00%(upstream:short)%00%(objectname)%00%(upstream:track)%00%(upstream:remotename)%00%(upstream:remoteref) refs/heads/main refs/remotes/main [2ms]
2024-09-23 22:28:12.418 [warning] [Git][revParse] Unable to read file: ENOENT: no such file or directory, open '/workspace/boilerplate-project-urlshortener/.git/refs/remotes/origin/main'
2024-09-23 22:28:12.420 [info] > git rev-parse refs/remotes/origin/main [2ms]
2024-09-23 22:28:12.426 [info] > git status -z -uall [2ms]
2024-09-23 22:28:12.434 [info] > git for-each-ref --format=%(refname)%00%(upstream:short)%00%(objectname)%00%(upstream:track)%00%(upstream:remotename)%00%(upstream:remoteref) refs/heads/main refs/remotes/main [2ms]
2024-09-23 22:28:12.439 [info] > git config --local branch.main.vscode-merge-base [2ms]
2024-09-23 22:28:12.445 [info] > git for-each-ref --format=%(refname)%00%(upstream:short)%00%(objectname)%00%(upstream:track)%00%(upstream:remotename)%00%(upstream:remoteref) refs/heads/origin/main refs/remotes/origin/main [2ms]
2024-09-23 22:28:51.573 [info] > git show --textconv :views/index.html [5ms]
2024-09-23 22:28:51.575 [info] > git ls-files --stage -- /workspace/boilerplate-project-urlshortener/views/index.html [2ms]
2024-09-23 22:28:51.582 [info] > git cat-file -s a1c1f9d0b5b45fdd0f9807b318a5dac19550e3df [2ms]
2024-09-23 22:28:59.069 [info] > git show --textconv :index.js [6ms]
2024-09-23 22:28:59.071 [info] > git ls-files --stage -- /workspace/boilerplate-project-urlshortener/index.js [3ms]
2024-09-23 22:28:59.078 [info] > git cat-file -s f7e45be9a371244db0ae06ae8aa4759ce04f60f5 [3ms]
2024-09-23 22:29:10.449 [info] > git config --get commit.template [5ms]
2024-09-23 22:29:10.450 [info] > git for-each-ref --format=%(refname)%00%(upstream:short)%00%(objectname)%00%(upstream:track)%00%(upstream:remotename)%00%(upstream:remoteref) refs/heads/main refs/remotes/main [2ms]
2024-09-23 22:29:10.454 [warning] [Git][revParse] Unable to read file: ENOENT: no such file or directory, open '/workspace/boilerplate-project-urlshortener/.git/refs/remotes/origin/main'
2024-09-23 22:29:10.455 [info] > git rev-parse refs/remotes/origin/main [1ms]
2024-09-23 22:29:10.462 [info] > git status -z -uall [3ms]
2024-09-23 22:29:10.469 [info] > git for-each-ref --format=%(refname)%00%(upstream:short)%00%(objectname)%00%(upstream:track)%00%(upstream:remotename)%00%(upstream:remoteref) refs/heads/main refs/remotes/main [3ms]
2024-09-23 22:29:10.477 [info] > git config --local branch.main.vscode-merge-base [1ms]
2024-09-23 22:29:10.484 [info] > git for-each-ref --format=%(refname)%00%(upstream:short)%00%(objectname)%00%(upstream:track)%00%(upstream:remotename)%00%(upstream:remoteref) refs/heads/origin/main refs/remotes/origin/main [2ms]
2024-09-23 22:29:16.913 [info] > git config --get commit.template [4ms]
2024-09-23 22:29:16.915 [info] > git for-each-ref --format=%(refname)%00%(upstream:short)%00%(objectname)%00%(upstream:track)%00%(upstream:remotename)%00%(upstream:remoteref) refs/heads/main refs/remotes/main [2ms]
2024-09-23 22:29:16.918 [warning] [Git][revParse] Unable to read file: ENOENT: no such file or directory, open '/workspace/boilerplate-project-urlshortener/.git/refs/remotes/origin/main'
2024-09-23 22:29:16.920 [info] > git rev-parse refs/remotes/origin/main [2ms]
2024-09-23 22:29:16.927 [info] > git status -z -uall [3ms]
2024-09-23 22:29:16.934 [info] > git for-each-ref --format=%(refname)%00%(upstream:short)%00%(objectname)%00%(upstream:track)%00%(upstream:remotename)%00%(upstream:remoteref) refs/heads/main refs/remotes/main [2ms]
2024-09-23 22:29:16.940 [info] > git config --local branch.main.vscode-merge-base [1ms]
2024-09-23 22:29:16.947 [info] > git for-each-ref --format=%(refname)%00%(upstream:short)%00%(objectname)%00%(upstream:track)%00%(upstream:remotename)%00%(upstream:remoteref) refs/heads/origin/main refs/remotes/origin/main [2ms]
2024-09-23 22:30:01.904 [info] > git config --get commit.template [5ms]
2024-09-23 22:30:01.905 [info] > git for-each-ref --format=%(refname)%00%(upstream:short)%00%(objectname)%00%(upstream:track)%00%(upstream:remotename)%00%(upstream:remoteref) refs/heads/main refs/remotes/main [2ms]
2024-09-23 22:30:01.909 [warning] [Git][revParse] Unable to read file: ENOENT: no such file or directory, open '/workspace/boilerplate-project-urlshortener/.git/refs/remotes/origin/main'
2024-09-23 22:30:01.911 [info] > git rev-parse refs/remotes/origin/main [2ms]
2024-09-23 22:30:01.917 [info] > git status -z -uall [2ms]
2024-09-23 22:30:01.924 [info] > git for-each-ref --format=%(refname)%00%(upstream:short)%00%(objectname)%00%(upstream:track)%00%(upstream:remotename)%00%(upstream:remoteref) refs/heads/main refs/remotes/main [3ms]
2024-09-23 22:30:01.931 [info] > git config --local branch.main.vscode-merge-base [1ms]
2024-09-23 22:30:01.938 [info] > git for-each-ref --format=%(refname)%00%(upstream:short)%00%(objectname)%00%(upstream:track)%00%(upstream:remotename)%00%(upstream:remoteref) refs/heads/origin/main refs/remotes/origin/main [3ms]
2024-09-23 22:31:04.887 [info] > git config --get commit.template [6ms]
2024-09-23 22:31:04.888 [info] > git for-each-ref --format=%(refname)%00%(upstream:short)%00%(objectname)%00%(upstream:track)%00%(upstream:remotename)%00%(upstream:remoteref) refs/heads/main refs/remotes/main [2ms]
2024-09-23 22:31:04.893 [warning] [Git][revParse] Unable to read file: ENOENT: no such file or directory, open '/workspace/boilerplate-project-urlshortener/.git/refs/remotes/origin/main'
2024-09-23 22:31:04.895 [info] > git rev-parse refs/remotes/origin/main [2ms]
2024-09-23 22:31:04.901 [info] > git status -z -uall [2ms]
2024-09-23 22:31:04.908 [info] > git for-each-ref --format=%(refname)%00%(upstream:short)%00%(objectname)%00%(upstream:track)%00%(upstream:remotename)%00%(upstream:remoteref) refs/heads/main refs/remotes/main [3ms]
2024-09-23 22:31:04.914 [info] > git config --local branch.main.vscode-merge-base [2ms]
2024-09-23 22:31:04.920 [info] > git for-each-ref --format=%(refname)%00%(upstream:short)%00%(objectname)%00%(upstream:track)%00%(upstream:remotename)%00%(upstream:remoteref) refs/heads/origin/main refs/remotes/origin/main [2ms]
2024-09-23 22:31:31.316 [info] > git config --get commit.template [6ms]
2024-09-23 22:31:31.317 [info] > git for-each-ref --format=%(refname)%00%(upstream:short)%00%(objectname)%00%(upstream:track)%00%(upstream:remotename)%00%(upstream:remoteref) refs/heads/main refs/remotes/main [3ms]
2024-09-23 22:31:31.321 [warning] [Git][revParse] Unable to read file: ENOENT: no such file or directory, open '/workspace/boilerplate-project-urlshortener/.git/refs/remotes/origin/main'
2024-09-23 22:31:31.322 [info] > git rev-parse refs/remotes/origin/main [1ms]
2024-09-23 22:31:31.329 [info] > git status -z -uall [2ms]
2024-09-23 22:31:31.336 [info] > git for-each-ref --format=%(refname)%00%(upstream:short)%00%(objectname)%00%(upstream:track)%00%(upstream:remotename)%00%(upstream:remoteref) refs/heads/main refs/remotes/main [2ms]
2024-09-23 22:31:31.341 [info] > git config --local branch.main.vscode-merge-base [1ms]
2024-09-23 22:31:31.347 [info] > git for-each-ref --format=%(refname)%00%(upstream:short)%00%(objectname)%00%(upstream:track)%00%(upstream:remotename)%00%(upstream:remoteref) refs/heads/origin/main refs/remotes/origin/main [2ms]
2024-09-23 22:31:40.689 [info] > git config --get commit.template [6ms]
2024-09-23 22:31:40.690 [info] > git for-each-ref --format=%(refname)%00%(upstream:short)%00%(objectname)%00%(upstream:track)%00%(upstream:remotename)%00%(upstream:remoteref) refs/heads/main refs/remotes/main [2ms]
2024-09-23 22:31:40.695 [warning] [Git][revParse] Unable to read file: ENOENT: no such file or directory, open '/workspace/boilerplate-project-urlshortener/.git/refs/remotes/origin/main'
2024-09-23 22:31:40.696 [info] > git rev-parse refs/remotes/origin/main [2ms]
2024-09-23 22:31:40.703 [info] > git status -z -uall [3ms]
2024-09-23 22:31:40.711 [info] > git for-each-ref --format=%(refname)%00%(upstream:short)%00%(objectname)%00%(upstream:track)%00%(upstream:remotename)%00%(upstream:remoteref) refs/heads/main refs/remotes/main [3ms]
2024-09-23 22:31:40.717 [info] > git config --local branch.main.vscode-merge-base [2ms]
2024-09-23 22:31:40.723 [info] > git for-each-ref --format=%(refname)%00%(upstream:short)%00%(objectname)%00%(upstream:track)%00%(upstream:remotename)%00%(upstream:remoteref) refs/heads/origin/main refs/remotes/origin/main [1ms]
2024-09-23 22:31:45.721 [info] > git config --get commit.template [6ms]
2024-09-23 22:31:45.722 [info] > git for-each-ref --format=%(refname)%00%(upstream:short)%00%(objectname)%00%(upstream:track)%00%(upstream:remotename)%00%(upstream:remoteref) refs/heads/main refs/remotes/main [2ms]
2024-09-23 22:31:45.727 [warning] [Git][revParse] Unable to read file: ENOENT: no such file or directory, open '/workspace/boilerplate-project-urlshortener/.git/refs/remotes/origin/main'
2024-09-23 22:31:45.729 [info] > git rev-parse refs/remotes/origin/main [2ms]
2024-09-23 22:31:45.736 [info] > git status -z -uall [2ms]
2024-09-23 22:31:45.743 [info] > git for-each-ref --format=%(refname)%00%(upstream:short)%00%(objectname)%00%(upstream:track)%00%(upstream:remotename)%00%(upstream:remoteref) refs/heads/main refs/remotes/main [3ms]
2024-09-23 22:31:45.749 [info] > git config --local branch.main.vscode-merge-base [2ms]
2024-09-23 22:31:45.755 [info] > git for-each-ref --format=%(refname)%00%(upstream:short)%00%(objectname)%00%(upstream:track)%00%(upstream:remotename)%00%(upstream:remoteref) refs/heads/origin/main refs/remotes/origin/main [2ms]
2024-09-23 22:31:50.754 [info] > git config --get commit.template [6ms]
2024-09-23 22:31:50.754 [info] > git for-each-ref --format=%(refname)%00%(upstream:short)%00%(objectname)%00%(upstream:track)%00%(upstream:remotename)%00%(upstream:remoteref) refs/heads/main refs/remotes/main [2ms]
2024-09-23 22:31:50.758 [warning] [Git][revParse] Unable to read file: ENOENT: no such file or directory, open '/workspace/boilerplate-project-urlshortener/.git/refs/remotes/origin/main'
2024-09-23 22:31:50.760 [info] > git rev-parse refs/remotes/origin/main [2ms]
2024-09-23 22:31:50.766 [info] > git status -z -uall [2ms]
2024-09-23 22:31:50.773 [info] > git for-each-ref --format=%(refname)%00%(upstream:short)%00%(objectname)%00%(upstream:track)%00%(upstream:remotename)%00%(upstream:remoteref) refs/heads/main refs/remotes/main [2ms]
2024-09-23 22:31:50.779 [info] > git config --local branch.main.vscode-merge-base [2ms]
2024-09-23 22:31:50.786 [info] > git for-each-ref --format=%(refname)%00%(upstream:short)%00%(objectname)%00%(upstream:track)%00%(upstream:remotename)%00%(upstream:remoteref) refs/heads/origin/main refs/remotes/origin/main [2ms]
2024-09-23 22:31:59.698 [info] > git config --get commit.template [6ms]
2024-09-23 22:31:59.701 [info] > git for-each-ref --format=%(refname)%00%(upstream:short)%00%(objectname)%00%(upstream:track)%00%(upstream:remotename)%00%(upstream:remoteref) refs/heads/main refs/remotes/main [4ms]
2024-09-23 22:31:59.705 [warning] [Git][revParse] Unable to read file: ENOENT: no such file or directory, open '/workspace/boilerplate-project-urlshortener/.git/refs/remotes/origin/main'
2024-09-23 22:31:59.706 [info] > git rev-parse refs/remotes/origin/main [1ms]
2024-09-23 22:31:59.713 [info] > git status -z -uall [3ms]
2024-09-23 22:31:59.719 [info] > git for-each-ref --format=%(refname)%00%(upstream:short)%00%(objectname)%00%(upstream:track)%00%(upstream:remotename)%00%(upstream:remoteref) refs/heads/main refs/remotes/main [2ms]
2024-09-23 22:31:59.725 [info] > git config --local branch.main.vscode-merge-base [1ms]
2024-09-23 22:31:59.730 [info] > git for-each-ref --format=%(refname)%00%(upstream:short)%00%(objectname)%00%(upstream:track)%00%(upstream:remotename)%00%(upstream:remoteref) refs/heads/origin/main refs/remotes/origin/main [1ms]
2024-09-23 22:32:04.823 [info] > git config --get commit.template [6ms]
2024-09-23 22:32:04.825 [info] > git for-each-ref --format=%(refname)%00%(upstream:short)%00%(objectname)%00%(upstream:track)%00%(upstream:remotename)%00%(upstream:remoteref) refs/heads/main refs/remotes/main [3ms]
2024-09-23 22:32:04.829 [warning] [Git][revParse] Unable to read file: ENOENT: no such file or directory, open '/workspace/boilerplate-project-urlshortener/.git/refs/remotes/origin/main'
2024-09-23 22:32:04.831 [info] > git rev-parse refs/remotes/origin/main [2ms]
2024-09-23 22:32:04.839 [info] > git status -z -uall [3ms]
2024-09-23 22:32:04.846 [info] > git for-each-ref --format=%(refname)%00%(upstream:short)%00%(objectname)%00%(upstream:track)%00%(upstream:remotename)%00%(upstream:remoteref) refs/heads/main refs/remotes/main [2ms]
2024-09-23 22:32:04.853 [info] > git config --local branch.main.vscode-merge-base [2ms]
2024-09-23 22:32:04.859 [info] > git for-each-ref --format=%(refname)%00%(upstream:short)%00%(objectname)%00%(upstream:track)%00%(upstream:remotename)%00%(upstream:remoteref) refs/heads/origin/main refs/remotes/origin/main [2ms]
2024-09-23 22:32:33.524 [info] > git config --get commit.template [7ms]
2024-09-23 22:32:33.527 [info] > git for-each-ref --format=%(refname)%00%(upstream:short)%00%(objectname)%00%(upstream:track)%00%(upstream:remotename)%00%(upstream:remoteref) refs/heads/main refs/remotes/main [5ms]
2024-09-23 22:32:33.532 [warning] [Git][revParse] Unable to read file: ENOENT: no such file or directory, open '/workspace/boilerplate-project-urlshortener/.git/refs/remotes/origin/main'
2024-09-23 22:32:33.534 [info] > git rev-parse refs/remotes/origin/main [2ms]
2024-09-23 22:32:33.543 [info] > git status -z -uall [5ms]
2024-09-23 22:32:33.551 [info] > git for-each-ref --format=%(refname)%00%(upstream:short)%00%(objectname)%00%(upstream:track)%00%(upstream:remotename)%00%(upstream:remoteref) refs/heads/main refs/remotes/main [2ms]
2024-09-23 22:32:33.557 [info] > git config --local branch.main.vscode-merge-base [2ms]
2024-09-23 22:32:33.563 [info] > git for-each-ref --format=%(refname)%00%(upstream:short)%00%(objectname)%00%(upstream:track)%00%(upstream:remotename)%00%(upstream:remoteref) refs/heads/origin/main refs/remotes/origin/main [2ms]
2024-09-23 22:32:38.562 [info] > git config --get commit.template [5ms]
2024-09-23 22:32:38.564 [info] > git for-each-ref --format=%(refname)%00%(upstream:short)%00%(objectname)%00%(upstream:track)%00%(upstream:remotename)%00%(upstream:remoteref) refs/heads/main refs/remotes/main [2ms]
2024-09-23 22:32:38.568 [warning] [Git][revParse] Unable to read file: ENOENT: no such file or directory, open '/workspace/boilerplate-project-urlshortener/.git/refs/remotes/origin/main'
2024-09-23 22:32:38.570 [info] > git rev-parse refs/remotes/origin/main [2ms]
2024-09-23 22:32:38.578 [info] > git status -z -uall [3ms]
2024-09-23 22:32:38.587 [info] > git for-each-ref --format=%(refname)%00%(upstream:short)%00%(objectname)%00%(upstream:track)%00%(upstream:remotename)%00%(upstream:remoteref) refs/heads/main refs/remotes/main [2ms]
2024-09-23 22:32:38.595 [info] > git config --local branch.main.vscode-merge-base [3ms]
2024-09-23 22:32:38.602 [info] > git for-each-ref --format=%(refname)%00%(upstream:short)%00%(objectname)%00%(upstream:track)%00%(upstream:remotename)%00%(upstream:remoteref) refs/heads/origin/main refs/remotes/origin/main [2ms]
2024-09-23 22:32:44.807 [info] > git config --get commit.template [5ms]
2024-09-23 22:32:44.809 [info] > git for-each-ref --format=%(refname)%00%(upstream:short)%00%(objectname)%00%(upstream:track)%00%(upstream:remotename)%00%(upstream:remoteref) refs/heads/main refs/remotes/main [3ms]
2024-09-23 22:32:44.813 [warning] [Git][revParse] Unable to read file: ENOENT: no such file or directory, open '/workspace/boilerplate-project-urlshortener/.git/refs/remotes/origin/main'
2024-09-23 22:32:44.814 [info] > git rev-parse refs/remotes/origin/main [1ms]
2024-09-23 22:32:44.821 [info] > git status -z -uall [3ms]
2024-09-23 22:32:44.828 [info] > git for-each-ref --format=%(refname)%00%(upstream:short)%00%(objectname)%00%(upstream:track)%00%(upstream:remotename)%00%(upstream:remoteref) refs/heads/main refs/remotes/main [2ms]
2024-09-23 22:32:44.833 [info] > git config --local branch.main.vscode-merge-base [2ms]
2024-09-23 22:32:44.838 [info] > git for-each-ref --format=%(refname)%00%(upstream:short)%00%(objectname)%00%(upstream:track)%00%(upstream:remotename)%00%(upstream:remoteref) refs/heads/origin/main refs/remotes/origin/main [1ms]
2024-09-23 22:32:55.456 [info] > git config --get commit.template [5ms]
2024-09-23 22:32:55.458 [info] > git for-each-ref --format=%(refname)%00%(upstream:short)%00%(objectname)%00%(upstream:track)%00%(upstream:remotename)%00%(upstream:remoteref) refs/heads/main refs/remotes/main [2ms]
2024-09-23 22:32:55.462 [warning] [Git][revParse] Unable to read file: ENOENT: no such file or directory, open '/workspace/boilerplate-project-urlshortener/.git/refs/remotes/origin/main'
2024-09-23 22:32:55.464 [info] > git rev-parse refs/remotes/origin/main [2ms]
2024-09-23 22:32:55.470 [info] > git status -z -uall [2ms]
2024-09-23 22:32:55.478 [info] > git for-each-ref --format=%(refname)%00%(upstream:short)%00%(objectname)%00%(upstream:track)%00%(upstream:remotename)%00%(upstream:remoteref) refs/heads/main refs/remotes/main [2ms]
2024-09-23 22:32:55.484 [info] > git config --local branch.main.vscode-merge-base [2ms]
2024-09-23 22:32:55.489 [info] > git for-each-ref --format=%(refname)%00%(upstream:short)%00%(objectname)%00%(upstream:track)%00%(upstream:remotename)%00%(upstream:remoteref) refs/heads/origin/main refs/remotes/origin/main [2ms]
2024-09-23 22:35:30.443 [info] > git config --get commit.template [5ms]
2024-09-23 22:35:30.444 [info] > git for-each-ref --format=%(refname)%00%(upstream:short)%00%(objectname)%00%(upstream:track)%00%(upstream:remotename)%00%(upstream:remoteref) refs/heads/main refs/remotes/main [2ms]
2024-09-23 22:35:30.449 [warning] [Git][revParse] Unable to read file: ENOENT: no such file or directory, open '/workspace/boilerplate-project-urlshortener/.git/refs/remotes/origin/main'
2024-09-23 22:35:30.451 [info] > git rev-parse refs/remotes/origin/main [2ms]
2024-09-23 22:35:30.458 [info] > git status -z -uall [3ms]
2024-09-23 22:35:30.465 [info] > git for-each-ref --format=%(refname)%00%(upstream:short)%00%(objectname)%00%(upstream:track)%00%(upstream:remotename)%00%(upstream:remoteref) refs/heads/main refs/remotes/main [2ms]
2024-09-23 22:35:30.472 [info] > git config --local branch.main.vscode-merge-base [2ms]
2024-09-23 22:35:30.479 [info] > git for-each-ref --format=%(refname)%00%(upstream:short)%00%(objectname)%00%(upstream:track)%00%(upstream:remotename)%00%(upstream:remoteref) refs/heads/origin/main refs/remotes/origin/main [2ms]
