2024-09-21 20:34:15.243 [info] [main] Log level: Info
2024-09-21 20:34:15.243 [info] [main] Validating found git in: "git"
2024-09-21 20:34:15.243 [info] [main] Using git "2.46.0" from "git"
2024-09-21 20:34:15.243 [info] [Model][doInitialScan] Initial repository scan started
2024-09-21 20:34:15.243 [info] > git rev-parse --show-toplevel [2ms]
2024-09-21 20:34:15.243 [info] > git rev-parse --git-dir --git-common-dir [2ms]
2024-09-21 20:34:15.243 [info] [Model][openRepository] Opened repository: /workspace/boilerplate-project-timestamp
2024-09-21 20:34:15.243 [info] > git rev-parse --show-toplevel [5ms]
2024-09-21 20:34:15.243 [info] > git config --get commit.template [8ms]
2024-09-21 20:34:15.243 [info] > git for-each-ref --format=%(refname)%00%(upstream:short)%00%(objectname)%00%(upstream:track)%00%(upstream:remotename)%00%(upstream:remoteref) refs/heads/main refs/remotes/main [5ms]
2024-09-21 20:34:15.243 [info] > git rev-parse --show-toplevel [9ms]
2024-09-21 20:34:15.243 [warning] [Git][revParse] Unable to read file: ENOENT: no such file or directory, open '/workspace/boilerplate-project-timestamp/.git/refs/remotes/origin/main'
2024-09-21 20:34:15.243 [info] > git rev-parse refs/remotes/origin/main [3ms]
2024-09-21 20:34:15.243 [info] > git rev-parse --show-toplevel [4ms]
2024-09-21 20:34:15.243 [info] [Model][doInitialScan] Initial repository scan completed - repositories (1), closed repositories (0), parent repositories (0), unsafe repositories (0)
2024-09-21 20:34:15.243 [info] > git status -z -uall [3ms]
2024-09-21 20:34:15.243 [info] > git for-each-ref --format=%(refname)%00%(upstream:short)%00%(objectname)%00%(upstream:track)%00%(upstream:remotename)%00%(upstream:remoteref) refs/heads/main refs/remotes/main [7ms]
2024-09-21 20:34:15.243 [info] > git config --get commit.template [4ms]
2024-09-21 20:34:15.243 [info] > git config --local branch.main.vscode-merge-base [4ms]
2024-09-21 20:34:15.243 [info] > git for-each-ref --format=%(refname)%00%(upstream:short)%00%(objectname)%00%(upstream:track)%00%(upstream:remotename)%00%(upstream:remoteref) refs/heads/main refs/remotes/main [4ms]
2024-09-21 20:34:15.243 [warning] [Git][revParse] Unable to read file: ENOENT: no such file or directory, open '/workspace/boilerplate-project-timestamp/.git/refs/remotes/origin/main'
2024-09-21 20:34:15.243 [info] > git for-each-ref --format=%(refname)%00%(upstream:short)%00%(objectname)%00%(upstream:track)%00%(upstream:remotename)%00%(upstream:remoteref) refs/heads/origin/main refs/remotes/origin/main [3ms]
2024-09-21 20:34:15.243 [info] > git rev-parse refs/remotes/origin/main [5ms]
2024-09-21 20:34:15.243 [info] > git merge-base refs/heads/main refs/remotes/origin/main [4ms]
2024-09-21 20:34:15.243 [info] > git status -z -uall [4ms]
2024-09-21 20:34:15.243 [info] > git rev-list --count --left-right refs/heads/main...refs/remotes/origin/main [5ms]
2024-09-21 20:34:15.243 [info] > git for-each-ref --format=%(refname)%00%(upstream:short)%00%(objectname)%00%(upstream:track)%00%(upstream:remotename)%00%(upstream:remoteref) refs/heads/main refs/remotes/main [4ms]
2024-09-21 20:34:15.243 [info] > git diff --name-status -z --diff-filter=ADMR ece2ea1936116eda48f9278e10ec48a972d0fdca...refs/remotes/origin/main [3ms]
2024-09-21 20:34:15.243 [info] > git config --local branch.main.vscode-merge-base [1ms]
2024-09-21 20:34:15.243 [info] > git for-each-ref --format=%(refname)%00%(upstream:short)%00%(objectname)%00%(upstream:track)%00%(upstream:remotename)%00%(upstream:remoteref) refs/heads/origin/main refs/remotes/origin/main [2ms]
2024-09-21 20:34:15.534 [info] > git show --textconv :views/index.html [4ms]
2024-09-21 20:34:15.535 [info] > git ls-files --stage -- /workspace/boilerplate-project-timestamp/views/index.html [2ms]
2024-09-21 20:34:15.540 [info] > git cat-file -s ebfc7c6e9c7cca4f71b29dc7b5b4e31a0928c0db [2ms]
2024-09-21 20:34:15.885 [info] > git check-ignore -v -z --stdin [2ms]
2024-09-21 20:34:15.978 [info] > git config --local branch.main.github-pr-owner-number [2ms]
2024-09-21 20:34:15.978 [warning] [Git][config] git config failed: Failed to execute git
2024-09-21 20:34:18.058 [info] > git config --get commit.template [4ms]
2024-09-21 20:34:18.059 [info] > git for-each-ref --format=%(refname)%00%(upstream:short)%00%(objectname)%00%(upstream:track)%00%(upstream:remotename)%00%(upstream:remoteref) refs/heads/main refs/remotes/main [2ms]
2024-09-21 20:34:18.062 [warning] [Git][revParse] Unable to read file: ENOENT: no such file or directory, open '/workspace/boilerplate-project-timestamp/.git/refs/remotes/origin/main'
2024-09-21 20:34:18.063 [info] > git rev-parse refs/remotes/origin/main [1ms]
2024-09-21 20:34:18.068 [info] > git status -z -uall [2ms]
2024-09-21 20:34:18.073 [info] > git for-each-ref --format=%(refname)%00%(upstream:short)%00%(objectname)%00%(upstream:track)%00%(upstream:remotename)%00%(upstream:remoteref) refs/heads/main refs/remotes/main [1ms]
2024-09-21 20:34:18.078 [info] > git config --local branch.main.vscode-merge-base [2ms]
2024-09-21 20:34:18.082 [info] > git for-each-ref --format=%(refname)%00%(upstream:short)%00%(objectname)%00%(upstream:track)%00%(upstream:remotename)%00%(upstream:remoteref) refs/heads/origin/main refs/remotes/origin/main [1ms]
2024-09-21 20:34:18.200 [info] > git ls-files --stage -- /workspace/boilerplate-project-timestamp/views/index.html [2ms]
2024-09-21 20:34:18.205 [info] > git cat-file -s ebfc7c6e9c7cca4f71b29dc7b5b4e31a0928c0db [2ms]
2024-09-21 20:34:18.243 [info] > git show --textconv :views/index.html [2ms]
