2024-10-03 16:28:49.571 [info] Log level: Info
2024-10-03 16:28:49.918 [info] VSCODE_MACHINE_ID: 86ef5178-1edc-435f-9cbf-388e34797139
2024-10-03 16:28:49.918 [info] VSCODE_SESSION_ID: d664dc82-7822-41ed-9366-340171fa2a851727972926835
2024-10-03 16:28:49.918 [info] VSCODE_VERSION: 1.93.1
2024-10-03 16:28:49.918 [info] VSCODE_APP_NAME: Gitpod Code
2024-10-03 16:28:49.918 [info] VSCODE_APP_HOST: Gitpod
2024-10-03 16:28:49.918 [info] VSCODE_UI_KIND: web
2024-10-03 16:28:49.918 [info] GITPOD_WORKSPACE_CONTEXT_URL: https://github.com/freeCodeCamp/boilerplate-project-exercisetracker/
2024-10-03 16:28:49.919 [info] GITPOD_INSTANCE_ID: 4d77377e-7368-44dc-b58f-d5d533ca4c19
2024-10-03 16:28:49.919 [info] GITPOD_WORKSPACE_URL: https://freecodecam-boilerplate-04rxr268f3n.ws-us116.gitpod.io
2024-10-03 16:28:49.926 [info] Gitpod Web 7ff72a2
2024-10-03 16:28:49.926 [info] Reading sessions from keychain...
2024-10-03 16:28:50.291 [info] Getting sessions for all scopes...
2024-10-03 16:28:50.291 [info] Getting GitHub sessions for all scopes...
2024-10-03 16:28:50.291 [info] Getting sessions for function:accessCodeSyncStorage...
2024-10-03 16:28:50.292 [info] Got stored sessions!
2024-10-03 16:28:50.293 [info] Verified session with the following scopes: function:accessCodeSyncStorage function:closePort function:controlAdmission function:deleteEnvVar function:generateNewGitpodToken function:getDefaultWorkspaceImage function:getGitpodTokenScopes function:getIDToken function:getLoggedInUser function:getOpenPorts function:getSupportedWorkspaceClasses function:getTeams function:getToken function:getWorkspace function:getWorkspaceEnvVars function:getWorkspaceOwner function:getWorkspaceTimeout function:getWorkspaceUsers function:guessGitTokenScopes function:isWorkspaceOwner function:openPort function:sendHeartBeat function:setEnvVar function:setWorkspaceTimeout function:stopWorkspace function:takeSnapshot function:trackEvent function:updateGitStatus function:waitForSnapshot resource:contentBlob::*::create/get resource:envVar::*/*::update resource:envVar::freeCodeCamp/boilerplate-project-exercisetracker::create/get/update/delete resource:gitpodToken::*::create resource:snapshot::ws-freecodecam-boilerplate-04rxr268f3n::create resource:token::*::get resource:userStorage::*::create/get/update resource:workspace::freecodecam-boilerplate-04rxr268f3n::get/update resource:workspaceInstance::4d77377e-7368-44dc-b58f-d5d533ca4c19::get/update/delete
2024-10-03 16:28:50.295 [info] Got 1 verified sessions.
2024-10-03 16:28:50.295 [info] Got 1 sessions for all scopes...
2024-10-03 16:28:50.295 [info] Got 1 sessions for function:accessCodeSyncStorage...
2024-10-03 16:28:50.444 [info] Got 1 GitHub sessions for all scopes...
2024-10-03 16:28:50.665 [info] Getting sessions for all scopes...
2024-10-03 16:28:50.666 [info] Got 1 sessions for all scopes...
2024-10-03 16:28:50.668 [info] Getting GitHub sessions for all scopes...
2024-10-03 16:28:50.668 [info] Got 1 GitHub sessions for all scopes...
2024-10-03 16:28:50.750 [info] Getting GitHub sessions for read:user,repo,user:email,workflow...
2024-10-03 16:28:50.750 [info] Got 0 GitHub sessions for read:user,repo,user:email,workflow...
2024-10-03 16:28:50.842 [info] Getting GitHub sessions for project,read:org,read:user,repo,user:email,workflow...
2024-10-03 16:28:50.842 [info] Got 0 GitHub sessions for project,read:org,read:user,repo,user:email,workflow...
2024-10-03 16:28:50.971 [info] Getting GitHub sessions for read:user,repo,user:email,workflow...
2024-10-03 16:28:50.971 [info] Got 0 GitHub sessions for read:user,repo,user:email,workflow...
2024-10-03 16:28:51.078 [info] Getting GitHub sessions for read:user,repo,user:email...
2024-10-03 16:28:51.078 [info] Got 0 GitHub sessions for read:user,repo,user:email...
2024-10-03 16:28:51.181 [info] Getting GitHub sessions for read:user,repo,user:email,workflow...
2024-10-03 16:28:51.181 [info] Got 0 GitHub sessions for read:user,repo,user:email,workflow...
2024-10-03 23:07:59.395 [error] cannot maintain connection to supervisor 13 INTERNAL: closed
2024-10-03 23:08:00.397 [error] cannot maintain connection to supervisor 13 INTERNAL: closed
2024-10-03 23:08:01.399 [error] cannot maintain connection to supervisor 13 INTERNAL: closed
2024-10-03 23:08:02.401 [error] cannot maintain connection to supervisor 13 INTERNAL: closed
2024-10-03 23:08:03.403 [error] cannot maintain connection to supervisor 13 INTERNAL: closed
2024-10-03 23:08:04.405 [error] cannot maintain connection to supervisor 13 INTERNAL: closed
2024-10-03 23:08:05.406 [error] cannot maintain connection to supervisor 13 INTERNAL: closed
2024-10-03 23:08:06.417 [error] cannot maintain connection to supervisor 13 INTERNAL: closed
2024-10-03 23:08:07.420 [error] cannot maintain connection to supervisor 13 INTERNAL: closed
2024-10-03 23:08:08.422 [error] cannot maintain connection to supervisor 13 INTERNAL: closed
2024-10-03 23:08:09.424 [error] cannot maintain connection to supervisor 13 INTERNAL: closed
2024-10-03 23:08:10.428 [error] cannot maintain connection to supervisor 13 INTERNAL: closed
2024-10-03 23:08:11.430 [error] cannot maintain connection to supervisor 13 INTERNAL: closed
2024-10-03 23:08:12.432 [error] cannot maintain connection to supervisor 13 INTERNAL: closed
