2024-10-14 18:10:04.519 [info] Log level: Info
2024-10-14 18:10:04.519 [info] VSCODE_MACHINE_ID: 0d3624ff-5237-4db4-9e23-c3d214102521
2024-10-14 18:10:04.519 [info] VSCODE_SESSION_ID: b191492e-6ed5-48ef-a3c3-6f15c50362bd1728929402261
2024-10-14 18:10:04.519 [info] VSCODE_VERSION: 1.93.1
2024-10-14 18:10:04.519 [info] VSCODE_APP_NAME: Gitpod Code
2024-10-14 18:10:04.519 [info] VSCODE_APP_HOST: Gitpod
2024-10-14 18:10:04.519 [info] VSCODE_UI_KIND: web
2024-10-14 18:10:04.519 [info] GITPOD_WORKSPACE_CONTEXT_URL: https://github.com/freeCodeCamp/boilerplate-project-metricimpconverter/
2024-10-14 18:10:04.519 [info] GITPOD_INSTANCE_ID: 837542eb-a4e8-432d-a777-baaeff6a4ccb
2024-10-14 18:10:04.519 [info] GITPOD_WORKSPACE_URL: https://freecodecam-boilerplate-40eafcptrho.ws-us116.gitpod.io
2024-10-14 18:10:04.519 [info] Gitpod Web 7ff72a2
2024-10-14 18:10:04.519 [info] Reading sessions from keychain...
2024-10-14 18:10:04.739 [info] Getting sessions for all scopes...
2024-10-14 18:10:04.739 [info] Getting GitHub sessions for all scopes...
2024-10-14 18:10:04.739 [info] Getting sessions for function:accessCodeSyncStorage...
2024-10-14 18:10:04.740 [info] Got stored sessions!
2024-10-14 18:10:04.740 [info] Verified session with the following scopes: function:accessCodeSyncStorage function:closePort function:controlAdmission function:deleteEnvVar function:generateNewGitpodToken function:getDefaultWorkspaceImage function:getGitpodTokenScopes function:getIDToken function:getLoggedInUser function:getOpenPorts function:getSupportedWorkspaceClasses function:getTeams function:getToken function:getWorkspace function:getWorkspaceEnvVars function:getWorkspaceOwner function:getWorkspaceTimeout function:getWorkspaceUsers function:guessGitTokenScopes function:isWorkspaceOwner function:openPort function:sendHeartBeat function:setEnvVar function:setWorkspaceTimeout function:stopWorkspace function:takeSnapshot function:trackEvent function:updateGitStatus function:waitForSnapshot resource:contentBlob::*::create/get resource:envVar::*/*::update resource:envVar::freeCodeCamp/boilerplate-project-metricimpconverter::create/get/update/delete resource:gitpodToken::*::create resource:snapshot::ws-freecodecam-boilerplate-40eafcptrho::create resource:token::*::get resource:userStorage::*::create/get/update resource:workspace::freecodecam-boilerplate-40eafcptrho::get/update resource:workspaceInstance::837542eb-a4e8-432d-a777-baaeff6a4ccb::get/update/delete
2024-10-14 18:10:04.740 [info] Got 1 verified sessions.
2024-10-14 18:10:04.740 [info] Got 1 sessions for all scopes...
2024-10-14 18:10:04.740 [info] Got 1 sessions for function:accessCodeSyncStorage...
2024-10-14 18:10:04.900 [info] Got 1 GitHub sessions for all scopes...
2024-10-14 18:10:05.181 [info] Getting sessions for all scopes...
2024-10-14 18:10:05.181 [info] Got 1 sessions for all scopes...
2024-10-14 18:10:05.290 [info] Getting GitHub sessions for all scopes...
2024-10-14 18:10:05.290 [info] Got 1 GitHub sessions for all scopes...
2024-10-14 18:10:05.343 [info] Getting GitHub sessions for read:user,repo,user:email,workflow...
2024-10-14 18:10:05.343 [info] Got 0 GitHub sessions for read:user,repo,user:email,workflow...
2024-10-14 18:10:05.407 [info] Getting GitHub sessions for project,read:org,read:user,repo,user:email,workflow...
2024-10-14 18:10:05.407 [info] Got 0 GitHub sessions for project,read:org,read:user,repo,user:email,workflow...
2024-10-14 18:10:05.492 [info] Getting GitHub sessions for read:user,repo,user:email,workflow...
2024-10-14 18:10:05.492 [info] Got 0 GitHub sessions for read:user,repo,user:email,workflow...
2024-10-14 18:10:05.587 [info] Getting GitHub sessions for read:user,repo,user:email...
2024-10-14 18:10:05.587 [info] Got 0 GitHub sessions for read:user,repo,user:email...
2024-10-14 18:10:05.678 [info] Getting GitHub sessions for read:user,repo,user:email,workflow...
2024-10-14 18:10:05.678 [info] Got 0 GitHub sessions for read:user,repo,user:email,workflow...
2024-10-14 22:24:45.659 [error] cannot maintain connection to supervisor 13 INTERNAL: closed
2024-10-14 22:24:46.660 [error] cannot maintain connection to supervisor 13 INTERNAL: closed
2024-10-14 22:24:47.662 [error] cannot maintain connection to supervisor 13 INTERNAL: closed
2024-10-14 22:24:48.665 [error] cannot maintain connection to supervisor 13 INTERNAL: closed
2024-10-14 22:24:49.666 [error] cannot maintain connection to supervisor 13 INTERNAL: closed
2024-10-14 22:24:50.669 [error] cannot maintain connection to supervisor 13 INTERNAL: closed
2024-10-14 22:24:51.672 [error] cannot maintain connection to supervisor 13 INTERNAL: closed
2024-10-14 22:24:52.674 [error] cannot maintain connection to supervisor 13 INTERNAL: closed
2024-10-14 22:24:53.677 [error] cannot maintain connection to supervisor 13 INTERNAL: closed
2024-10-14 22:24:54.679 [error] cannot maintain connection to supervisor 13 INTERNAL: closed
2024-10-14 22:24:55.682 [error] cannot maintain connection to supervisor 13 INTERNAL: closed
2024-10-14 22:24:56.683 [error] cannot maintain connection to supervisor 13 INTERNAL: closed
2024-10-14 22:24:57.684 [error] cannot maintain connection to supervisor 13 INTERNAL: closed
2024-10-14 22:24:58.686 [error] cannot maintain connection to supervisor 13 INTERNAL: closed
