2024-10-14 20:35:54.954 [info] Log level: Info
2024-10-14 20:35:55.251 [info] VSCODE_MACHINE_ID: 49659ee1-e03c-4c1d-ba74-f9b98d9b720d
2024-10-14 20:35:55.251 [info] VSCODE_SESSION_ID: 7b2f878a-ddde-4273-97a0-402d35ffb3801728938152673
2024-10-14 20:35:55.251 [info] VSCODE_VERSION: 1.93.1
2024-10-14 20:35:55.251 [info] VSCODE_APP_NAME: Gitpod Code
2024-10-14 20:35:55.251 [info] VSCODE_APP_HOST: Gitpod
2024-10-14 20:35:55.251 [info] VSCODE_UI_KIND: web
2024-10-14 20:35:55.251 [info] GITPOD_WORKSPACE_CONTEXT_URL: https://github.com/freeCodeCamp/boilerplate-advancednode/
2024-10-14 20:35:55.251 [info] GITPOD_INSTANCE_ID: c4371f87-47e3-4884-8997-4d0b41e7b08e
2024-10-14 20:35:55.251 [info] GITPOD_WORKSPACE_URL: https://freecodecam-boilerplate-dqdnvzl46td.ws-us116.gitpod.io
2024-10-14 20:35:55.257 [info] Gitpod Web 7ff72a2
2024-10-14 20:35:55.257 [info] Reading sessions from keychain...
2024-10-14 20:35:55.555 [info] Getting sessions for all scopes...
2024-10-14 20:35:55.555 [info] Getting GitHub sessions for all scopes...
2024-10-14 20:35:55.555 [info] Getting sessions for function:accessCodeSyncStorage...
2024-10-14 20:35:55.556 [info] Got stored sessions!
2024-10-14 20:35:55.556 [info] Verified session with the following scopes: function:accessCodeSyncStorage function:closePort function:controlAdmission function:deleteEnvVar function:generateNewGitpodToken function:getDefaultWorkspaceImage function:getGitpodTokenScopes function:getIDToken function:getLoggedInUser function:getOpenPorts function:getSupportedWorkspaceClasses function:getTeams function:getToken function:getWorkspace function:getWorkspaceEnvVars function:getWorkspaceOwner function:getWorkspaceTimeout function:getWorkspaceUsers function:guessGitTokenScopes function:isWorkspaceOwner function:openPort function:sendHeartBeat function:setEnvVar function:setWorkspaceTimeout function:stopWorkspace function:takeSnapshot function:trackEvent function:updateGitStatus function:waitForSnapshot resource:contentBlob::*::create/get resource:envVar::*/*::update resource:envVar::freeCodeCamp/boilerplate-advancednode::create/get/update/delete resource:gitpodToken::*::create resource:snapshot::ws-freecodecam-boilerplate-dqdnvzl46td::create resource:token::*::get resource:userStorage::*::create/get/update resource:workspace::freecodecam-boilerplate-dqdnvzl46td::get/update resource:workspaceInstance::c4371f87-47e3-4884-8997-4d0b41e7b08e::get/update/delete
2024-10-14 20:35:55.558 [info] Got 1 verified sessions.
2024-10-14 20:35:55.559 [info] Got 1 sessions for all scopes...
2024-10-14 20:35:55.559 [info] Got 1 sessions for function:accessCodeSyncStorage...
2024-10-14 20:35:55.701 [info] Got 1 GitHub sessions for all scopes...
2024-10-14 20:35:55.757 [info] Getting sessions for all scopes...
2024-10-14 20:35:55.757 [info] Got 1 sessions for all scopes...
2024-10-14 20:35:55.773 [info] Getting GitHub sessions for all scopes...
2024-10-14 20:35:55.773 [info] Got 1 GitHub sessions for all scopes...
2024-10-14 20:35:55.953 [info] Getting GitHub sessions for read:user,repo,user:email,workflow...
2024-10-14 20:35:55.953 [info] Got 0 GitHub sessions for read:user,repo,user:email,workflow...
2024-10-14 20:35:56.055 [info] Getting GitHub sessions for project,read:org,read:user,repo,user:email,workflow...
2024-10-14 20:35:56.055 [info] Got 0 GitHub sessions for project,read:org,read:user,repo,user:email,workflow...
2024-10-14 20:35:56.169 [info] Getting GitHub sessions for read:user,repo,user:email,workflow...
2024-10-14 20:35:56.169 [info] Got 0 GitHub sessions for read:user,repo,user:email,workflow...
2024-10-14 20:35:56.273 [info] Getting GitHub sessions for read:user,repo,user:email...
2024-10-14 20:35:56.273 [info] Got 0 GitHub sessions for read:user,repo,user:email...
2024-10-14 20:35:56.441 [info] Getting GitHub sessions for read:user,repo,user:email,workflow...
2024-10-14 20:35:56.441 [info] Got 0 GitHub sessions for read:user,repo,user:email,workflow...
2024-10-14 22:20:35.522 [error] cannot maintain connection to supervisor 13 INTERNAL: closed
2024-10-14 22:20:36.525 [error] cannot maintain connection to supervisor 13 INTERNAL: closed
2024-10-14 22:20:37.528 [error] cannot maintain connection to supervisor 13 INTERNAL: closed
2024-10-14 22:20:38.531 [error] cannot maintain connection to supervisor 13 INTERNAL: closed
2024-10-14 22:20:39.533 [error] cannot maintain connection to supervisor 13 INTERNAL: closed
2024-10-14 22:20:40.536 [error] cannot maintain connection to supervisor 13 INTERNAL: closed
2024-10-14 22:20:41.540 [error] cannot maintain connection to supervisor 13 INTERNAL: closed
2024-10-14 22:20:42.543 [error] cannot maintain connection to supervisor 13 INTERNAL: closed
2024-10-14 22:20:43.545 [error] cannot maintain connection to supervisor 13 INTERNAL: closed
2024-10-14 22:20:44.548 [error] cannot maintain connection to supervisor 13 INTERNAL: closed
2024-10-14 22:20:45.550 [error] cannot maintain connection to supervisor 13 INTERNAL: closed
2024-10-14 22:20:46.553 [error] cannot maintain connection to supervisor 13 INTERNAL: closed
2024-10-14 22:20:47.554 [error] cannot maintain connection to supervisor 13 INTERNAL: closed
2024-10-14 22:20:48.556 [error] cannot maintain connection to supervisor 13 INTERNAL: closed
