2024-09-26 00:08:02.801 [info] Log level: Info
2024-09-26 00:08:02.938 [info] VSCODE_MACHINE_ID: 86ef5178-1edc-435f-9cbf-388e34797139
2024-09-26 00:08:02.938 [info] VSCODE_SESSION_ID: 16188907-da0d-4dbf-aec9-63626fbddd4b1727309280052
2024-09-26 00:08:02.938 [info] VSCODE_VERSION: 1.93.1
2024-09-26 00:08:02.938 [info] VSCODE_APP_NAME: Gitpod Code
2024-09-26 00:08:02.938 [info] VSCODE_APP_HOST: Gitpod
2024-09-26 00:08:02.938 [info] VSCODE_UI_KIND: web
2024-09-26 00:08:02.938 [info] GITPOD_WORKSPACE_CONTEXT_URL: https://github.com/freeCodeCamp/boilerplate-project-exercisetracker/
2024-09-26 00:08:02.938 [info] GITPOD_INSTANCE_ID: d77bfcdc-8fd4-4e02-b4c5-f4d7bf984aed
2024-09-26 00:08:02.938 [info] GITPOD_WORKSPACE_URL: https://freecodecam-boilerplate-04rxr268f3n.ws-us116.gitpod.io
2024-09-26 00:08:02.945 [info] Gitpod Web 7ff72a2
2024-09-26 00:08:02.945 [info] Reading sessions from keychain...
2024-09-26 00:08:03.237 [info] Getting sessions for all scopes...
2024-09-26 00:08:03.237 [info] Getting GitHub sessions for all scopes...
2024-09-26 00:08:03.238 [info] Getting sessions for function:accessCodeSyncStorage...
2024-09-26 00:08:03.239 [info] Got stored sessions!
2024-09-26 00:08:03.239 [info] Verified session with the following scopes: function:accessCodeSyncStorage function:closePort function:controlAdmission function:deleteEnvVar function:generateNewGitpodToken function:getDefaultWorkspaceImage function:getGitpodTokenScopes function:getIDToken function:getLoggedInUser function:getOpenPorts function:getSupportedWorkspaceClasses function:getTeams function:getToken function:getWorkspace function:getWorkspaceEnvVars function:getWorkspaceOwner function:getWorkspaceTimeout function:getWorkspaceUsers function:guessGitTokenScopes function:isWorkspaceOwner function:openPort function:sendHeartBeat function:setEnvVar function:setWorkspaceTimeout function:stopWorkspace function:takeSnapshot function:trackEvent function:updateGitStatus function:waitForSnapshot resource:contentBlob::*::create/get resource:envVar::*/*::update resource:envVar::freeCodeCamp/boilerplate-project-exercisetracker::create/get/update/delete resource:gitpodToken::*::create resource:snapshot::ws-freecodecam-boilerplate-04rxr268f3n::create resource:token::*::get resource:userStorage::*::create/get/update resource:workspace::freecodecam-boilerplate-04rxr268f3n::get/update resource:workspaceInstance::d77bfcdc-8fd4-4e02-b4c5-f4d7bf984aed::get/update/delete
2024-09-26 00:08:03.241 [info] Got 1 verified sessions.
2024-09-26 00:08:03.241 [info] Got 1 sessions for all scopes...
2024-09-26 00:08:03.241 [info] Got 1 sessions for function:accessCodeSyncStorage...
2024-09-26 00:08:03.361 [info] Got 1 GitHub sessions for all scopes...
2024-09-26 00:08:03.589 [info] Getting sessions for all scopes...
2024-09-26 00:08:03.597 [info] Got 1 sessions for all scopes...
2024-09-26 00:08:03.599 [info] Getting GitHub sessions for all scopes...
2024-09-26 00:08:03.600 [info] Got 1 GitHub sessions for all scopes...
2024-09-26 00:08:03.618 [info] Getting GitHub sessions for read:user,repo,user:email,workflow...
2024-09-26 00:08:03.618 [info] Got 0 GitHub sessions for read:user,repo,user:email,workflow...
2024-09-26 00:08:03.706 [info] Getting GitHub sessions for project,read:org,read:user,repo,user:email,workflow...
2024-09-26 00:08:03.706 [info] Got 0 GitHub sessions for project,read:org,read:user,repo,user:email,workflow...
2024-09-26 00:08:03.812 [info] Getting GitHub sessions for read:user,repo,user:email,workflow...
2024-09-26 00:08:03.812 [info] Got 0 GitHub sessions for read:user,repo,user:email,workflow...
2024-09-26 00:08:03.921 [info] Getting GitHub sessions for read:user,repo,user:email...
2024-09-26 00:08:03.921 [info] Got 0 GitHub sessions for read:user,repo,user:email...
2024-09-26 00:08:04.010 [info] Getting GitHub sessions for read:user,repo,user:email,workflow...
2024-09-26 00:08:04.010 [info] Got 0 GitHub sessions for read:user,repo,user:email,workflow...
2024-09-26 01:15:27.391 [error] cannot maintain connection to supervisor 13 INTERNAL: closed
2024-09-26 01:15:28.392 [error] cannot maintain connection to supervisor 13 INTERNAL: closed
2024-09-26 01:15:29.395 [error] cannot maintain connection to supervisor 13 INTERNAL: closed
2024-09-26 01:15:30.397 [error] cannot maintain connection to supervisor 13 INTERNAL: closed
2024-09-26 01:15:31.399 [error] cannot maintain connection to supervisor 13 INTERNAL: closed
2024-09-26 01:15:32.400 [error] cannot maintain connection to supervisor 13 INTERNAL: closed
2024-09-26 01:15:33.401 [error] cannot maintain connection to supervisor 13 INTERNAL: closed
2024-09-26 01:15:34.403 [error] cannot maintain connection to supervisor 13 INTERNAL: closed
2024-09-26 01:15:35.404 [error] cannot maintain connection to supervisor 13 INTERNAL: closed
2024-09-26 01:15:36.407 [error] cannot maintain connection to supervisor 13 INTERNAL: closed
2024-09-26 01:15:37.410 [error] cannot maintain connection to supervisor 13 INTERNAL: closed
2024-09-26 01:15:38.411 [error] cannot maintain connection to supervisor 13 INTERNAL: closed
2024-09-26 01:15:39.413 [error] cannot maintain connection to supervisor 13 INTERNAL: closed
2024-09-26 01:15:40.414 [error] cannot maintain connection to supervisor 13 INTERNAL: closed
