2024-10-22 16:23:39.572 [info] Log level: Info
2024-10-22 16:23:39.572 [info] VSCODE_MACHINE_ID: 70d4cb10-7d92-4658-a78c-df228c712849
2024-10-22 16:23:39.572 [info] VSCODE_SESSION_ID: 43e428f7-0662-409c-9358-b9ada9f244f41729614214886
2024-10-22 16:23:39.572 [info] VSCODE_VERSION: 1.94.2
2024-10-22 16:23:39.572 [info] VSCODE_APP_NAME: Gitpod Code
2024-10-22 16:23:39.572 [info] VSCODE_APP_HOST: Gitpod
2024-10-22 16:23:39.572 [info] VSCODE_UI_KIND: web
2024-10-22 16:23:39.572 [info] GITPOD_WORKSPACE_CONTEXT_URL: https://github.com/freeCodeCamp/boilerplate-project-library
2024-10-22 16:23:39.572 [info] GITPOD_INSTANCE_ID: 82b423af-7ff1-4444-8c5e-d1dfed2a705b
2024-10-22 16:23:39.572 [info] GITPOD_WORKSPACE_URL: https://freecodecam-boilerplate-k8v1q1pw18h.ws-us116.gitpod.io
2024-10-22 16:23:39.572 [info] Gitpod Web 7ff72a2
2024-10-22 16:23:39.572 [info] Reading sessions from keychain...
2024-10-22 16:23:40.985 [info] Getting sessions for all scopes...
2024-10-22 16:23:40.986 [info] Getting sessions for all scopes...
2024-10-22 16:23:40.986 [info] Getting GitHub sessions for all scopes...
2024-10-22 16:23:40.986 [info] Getting sessions for function:accessCodeSyncStorage...
2024-10-22 16:23:40.986 [info] Got 1 GitHub sessions for all scopes...
2024-10-22 16:23:40.986 [info] Got stored sessions!
2024-10-22 16:23:40.987 [info] Verified session with the following scopes: function:accessCodeSyncStorage function:closePort function:controlAdmission function:deleteEnvVar function:generateNewGitpodToken function:getDefaultWorkspaceImage function:getGitpodTokenScopes function:getIDToken function:getLoggedInUser function:getOpenPorts function:getSupportedWorkspaceClasses function:getTeams function:getToken function:getWorkspace function:getWorkspaceEnvVars function:getWorkspaceOwner function:getWorkspaceTimeout function:getWorkspaceUsers function:guessGitTokenScopes function:isWorkspaceOwner function:openPort function:sendHeartBeat function:setEnvVar function:setWorkspaceTimeout function:stopWorkspace function:takeSnapshot function:trackEvent function:updateGitStatus function:waitForSnapshot resource:contentBlob::*::create/get resource:envVar::*/*::update resource:envVar::freeCodeCamp/boilerplate-project-library::create/get/update/delete resource:gitpodToken::*::create resource:snapshot::ws-freecodecam-boilerplate-k8v1q1pw18h::create resource:token::*::get resource:userStorage::*::create/get/update resource:workspace::freecodecam-boilerplate-k8v1q1pw18h::get/update resource:workspaceInstance::82b423af-7ff1-4444-8c5e-d1dfed2a705b::get/update/delete
2024-10-22 16:23:40.991 [info] Got 1 verified sessions.
2024-10-22 16:23:40.991 [info] Got 1 sessions for all scopes...
2024-10-22 16:23:40.991 [info] Got 1 sessions for all scopes...
2024-10-22 16:23:40.991 [info] Got 1 sessions for function:accessCodeSyncStorage...
2024-10-22 16:23:41.660 [info] Getting GitHub sessions for all scopes...
2024-10-22 16:23:41.660 [info] Getting GitHub sessions for all scopes...
2024-10-22 16:23:41.660 [info] Getting sessions for all scopes...
2024-10-22 16:23:41.660 [info] Got 1 GitHub sessions for all scopes...
2024-10-22 16:23:41.660 [info] Got 1 GitHub sessions for all scopes...
2024-10-22 16:23:41.660 [info] Got 1 sessions for all scopes...
2024-10-22 16:23:41.770 [info] Getting GitHub sessions for read:user,repo,user:email,workflow...
2024-10-22 16:23:41.770 [info] Got 0 GitHub sessions for read:user,repo,user:email,workflow...
2024-10-22 16:23:41.983 [info] Getting GitHub sessions for project,read:org,read:user,repo,user:email,workflow...
2024-10-22 16:23:41.984 [info] Got 0 GitHub sessions for project,read:org,read:user,repo,user:email,workflow...
2024-10-22 16:23:42.152 [info] Getting GitHub sessions for read:user,repo,user:email,workflow...
2024-10-22 16:23:42.152 [info] Got 0 GitHub sessions for read:user,repo,user:email,workflow...
2024-10-22 16:23:42.289 [info] Getting GitHub sessions for read:user,repo,user:email...
2024-10-22 16:23:42.289 [info] Got 0 GitHub sessions for read:user,repo,user:email...
2024-10-22 16:23:42.451 [info] Getting GitHub sessions for read:user,repo,user:email,workflow...
2024-10-22 16:23:42.451 [info] Got 0 GitHub sessions for read:user,repo,user:email,workflow...
2024-10-22 16:52:47.791 [error] cannot maintain connection to supervisor 13 INTERNAL: closed
2024-10-22 16:52:48.793 [error] cannot maintain connection to supervisor 13 INTERNAL: closed
2024-10-22 16:52:49.795 [error] cannot maintain connection to supervisor 13 INTERNAL: closed
2024-10-22 16:52:50.796 [error] cannot maintain connection to supervisor 13 INTERNAL: closed
2024-10-22 16:52:51.797 [error] cannot maintain connection to supervisor 13 INTERNAL: closed
2024-10-22 16:52:52.799 [error] cannot maintain connection to supervisor 13 INTERNAL: closed
2024-10-22 16:52:53.801 [error] cannot maintain connection to supervisor 13 INTERNAL: closed
2024-10-22 16:52:54.803 [error] cannot maintain connection to supervisor 13 INTERNAL: closed
2024-10-22 16:52:55.805 [error] cannot maintain connection to supervisor 13 INTERNAL: closed
2024-10-22 16:52:56.807 [error] cannot maintain connection to supervisor 13 INTERNAL: closed
2024-10-22 16:52:57.809 [error] cannot maintain connection to supervisor 13 INTERNAL: closed
2024-10-22 16:52:58.811 [error] cannot maintain connection to supervisor 13 INTERNAL: closed
2024-10-22 16:52:59.813 [error] cannot maintain connection to supervisor 13 INTERNAL: closed
2024-10-22 16:53:00.815 [error] cannot maintain connection to supervisor 13 INTERNAL: closed
