2024-10-14 22:36:05.688 [info] Extension host with pid 126 started
2024-10-14 22:36:05.688 [error] Error: EEXIST: file already exists, open '/workspace/.vscode-remote/data/User/workspaceStorage/-6a54a578/vscode.lock'
2024-10-14 22:36:05.691 [info] Lock '/workspace/.vscode-remote/data/User/workspaceStorage/-6a54a578/vscode.lock': Could not acquire lock, checking if the file is stale.
2024-10-14 22:36:05.692 [info] Lock '/workspace/.vscode-remote/data/User/workspaceStorage/-6a54a578/vscode.lock': The pid 119 appears to be gone.
2024-10-14 22:36:05.692 [info] Lock '/workspace/.vscode-remote/data/User/workspaceStorage/-6a54a578/vscode.lock': Deleting a stale lock.
2024-10-14 22:36:05.701 [info] Lock '/workspace/.vscode-remote/data/User/workspaceStorage/-6a54a578/vscode.lock': Lock acquired.
2024-10-14 22:36:05.751 [info] ExtensionService#_doActivateExtension vscode.simple-browser, startup: false, activationEvent: 'onWebviewPanel:simpleBrowser.view'
2024-10-14 22:36:05.752 [info] ExtensionService#_doActivateExtension vscode.emmet, startup: false, activationEvent: 'onLanguage'
2024-10-14 22:36:05.753 [info] ExtensionService#_doActivateExtension vscode.typescript-language-features, startup: false, activationEvent: 'onLanguage:javascript'
2024-10-14 22:36:05.966 [info] ExtensionService#_doActivateExtension vscode.git-base, startup: true, activationEvent: '*', root cause: vscode.git
2024-10-14 22:36:05.966 [info] ExtensionService#_doActivateExtension gitpod.gitpod-web, startup: true, activationEvent: '*'
2024-10-14 22:36:06.112 [info] ExtensionService#_doActivateExtension vscode.npm, startup: true, activationEvent: 'workspaceContains:package.json'
2024-10-14 22:36:06.227 [info] ExtensionService#_doActivateExtension vscode.git, startup: true, activationEvent: '*'
2024-10-14 22:36:06.228 [info] ExtensionService#_doActivateExtension vscode.github, startup: true, activationEvent: '*'
2024-10-14 22:36:07.286 [info] Eager extensions activated
2024-10-14 22:36:07.287 [info] ExtensionService#_doActivateExtension vscode.debug-auto-launch, startup: false, activationEvent: 'onStartupFinished'
2024-10-14 22:36:07.287 [info] ExtensionService#_doActivateExtension vscode.merge-conflict, startup: false, activationEvent: 'onStartupFinished'
2024-10-14 22:36:07.288 [info] ExtensionService#_doActivateExtension vscode.github-authentication, startup: false, activationEvent: 'onStartupFinished', root cause: GitHub.vscode-pull-request-github
2024-10-14 22:36:08.389 [info] ExtensionService#_doActivateExtension GitHub.vscode-pull-request-github, startup: false, activationEvent: 'onStartupFinished'
2024-10-14 22:36:08.777 [info] ExtensionService#_doActivateExtension redhat.vscode-yaml, startup: false, activationEvent: 'onLanguage:yaml'
2024-10-14 22:36:09.946 [warning] [redhat.vscode-yaml] Accessing a resource scoped configuration without providing a resource is not expected. To get the effective value for '[yaml]', provide the URI of a resource or 'null' for any resource.
2024-10-14 22:36:09.948 [warning] [redhat.vscode-yaml] Accessing a resource scoped configuration without providing a resource is not expected. To get the effective value for '[yaml]', provide the URI of a resource or 'null' for any resource.
2024-10-14 22:36:11.903 [info] ExtensionService#_doActivateExtension vscode.configuration-editing, startup: false, activationEvent: 'onLanguage:json'
2024-10-14 22:36:11.904 [info] ExtensionService#_doActivateExtension vscode.extension-editing, startup: false, activationEvent: 'onLanguage:json'
2024-10-14 22:36:11.904 [info] ExtensionService#_doActivateExtension vscode.json-language-features, startup: false, activationEvent: 'onLanguage:json'
