2024-10-28 18:57:12.686 [info] Extension host with pid 134 started
2024-10-28 18:57:12.686 [error] Error: EEXIST: file already exists, open '/workspace/.vscode-remote/data/User/workspaceStorage/-153fa119/vscode.lock'
2024-10-28 18:57:12.688 [info] Lock '/workspace/.vscode-remote/data/User/workspaceStorage/-153fa119/vscode.lock': Could not acquire lock, checking if the file is stale.
2024-10-28 18:57:12.689 [info] Lock '/workspace/.vscode-remote/data/User/workspaceStorage/-153fa119/vscode.lock': The lock looks stale, waiting for 2s.
2024-10-28 18:57:12.781 [info] ExtensionService#_doActivateExtension vscode.simple-browser, startup: false, activationEvent: 'onWebviewPanel:simpleBrowser.view'
2024-10-28 18:57:12.783 [info] ExtensionService#_doActivateExtension vscode.emmet, startup: false, activationEvent: 'onLanguage'
2024-10-28 18:57:12.783 [info] ExtensionService#_doActivateExtension vscode.typescript-language-features, startup: false, activationEvent: 'onLanguage:javascript'
2024-10-28 18:57:13.785 [info] ExtensionService#_doActivateExtension vscode.git-base, startup: true, activationEvent: '*', root cause: vscode.git
2024-10-28 18:57:13.785 [info] ExtensionService#_doActivateExtension gitpod.gitpod-web, startup: true, activationEvent: '*'
2024-10-28 18:57:13.904 [info] ExtensionService#_doActivateExtension vscode.npm, startup: true, activationEvent: 'workspaceContains:package.json'
2024-10-28 18:57:14.689 [info] Lock '/workspace/.vscode-remote/data/User/workspaceStorage/-153fa119/vscode.lock': The lock looks stale even after waiting for 2s.
2024-10-28 18:57:14.689 [info] Lock '/workspace/.vscode-remote/data/User/workspaceStorage/-153fa119/vscode.lock': Deleting a stale lock.
2024-10-28 18:57:14.691 [info] Lock '/workspace/.vscode-remote/data/User/workspaceStorage/-153fa119/vscode.lock': Lock acquired.
2024-10-28 18:57:14.810 [info] ExtensionService#_doActivateExtension vscode.git, startup: true, activationEvent: '*'
2024-10-28 18:57:14.810 [info] ExtensionService#_doActivateExtension vscode.github, startup: true, activationEvent: '*'
2024-10-28 18:57:15.054 [info] Eager extensions activated
2024-10-28 18:57:15.054 [info] ExtensionService#_doActivateExtension vscode.debug-auto-launch, startup: false, activationEvent: 'onStartupFinished'
2024-10-28 18:57:15.054 [info] ExtensionService#_doActivateExtension vscode.merge-conflict, startup: false, activationEvent: 'onStartupFinished'
2024-10-28 18:57:15.055 [info] ExtensionService#_doActivateExtension vscode.github-authentication, startup: false, activationEvent: 'onStartupFinished', root cause: GitHub.vscode-pull-request-github
2024-10-28 18:57:15.579 [info] ExtensionService#_doActivateExtension GitHub.vscode-pull-request-github, startup: false, activationEvent: 'onStartupFinished'
2024-10-28 18:57:15.862 [info] ExtensionService#_doActivateExtension redhat.vscode-yaml, startup: false, activationEvent: 'onLanguage:yaml'
2024-10-28 18:57:16.388 [warning] [redhat.vscode-yaml] Accessing a resource scoped configuration without providing a resource is not expected. To get the effective value for '[yaml]', provide the URI of a resource or 'null' for any resource.
2024-10-28 18:57:16.389 [warning] [redhat.vscode-yaml] Accessing a resource scoped configuration without providing a resource is not expected. To get the effective value for '[yaml]', provide the URI of a resource or 'null' for any resource.
2024-10-28 18:57:16.460 [warning] [redhat.vscode-yaml] Accessing a resource scoped configuration without providing a resource is not expected. To get the effective value for '[yaml]', provide the URI of a resource or 'null' for any resource.
2024-10-28 18:57:20.163 [info] ExtensionService#_doActivateExtension vscode.configuration-editing, startup: false, activationEvent: 'onLanguage:json'
2024-10-28 18:57:20.165 [info] ExtensionService#_doActivateExtension vscode.extension-editing, startup: false, activationEvent: 'onLanguage:json'
2024-10-28 18:57:20.165 [info] ExtensionService#_doActivateExtension vscode.json-language-features, startup: false, activationEvent: 'onLanguage:json'
