2024-10-08 19:15:59.470 [info] Log level: Info
2024-10-08 19:15:59.773 [info] VSCODE_MACHINE_ID: 49659ee1-e03c-4c1d-ba74-f9b98d9b720d
2024-10-08 19:15:59.773 [info] VSCODE_SESSION_ID: a9823a1c-3688-4e6c-bdfe-cb2cb2a8e8631728414957041
2024-10-08 19:15:59.773 [info] VSCODE_VERSION: 1.93.1
2024-10-08 19:15:59.773 [info] VSCODE_APP_NAME: Gitpod Code
2024-10-08 19:15:59.773 [info] VSCODE_APP_HOST: Gitpod
2024-10-08 19:15:59.773 [info] VSCODE_UI_KIND: web
2024-10-08 19:15:59.773 [info] GITPOD_WORKSPACE_CONTEXT_URL: https://github.com/freeCodeCamp/boilerplate-advancednode/
2024-10-08 19:15:59.773 [info] GITPOD_INSTANCE_ID: 6e21c8b5-5c79-455c-810e-72218c4e8986
2024-10-08 19:15:59.773 [info] GITPOD_WORKSPACE_URL: https://freecodecam-boilerplate-dqdnvzl46td.ws-us116.gitpod.io
2024-10-08 19:15:59.781 [info] Gitpod Web 7ff72a2
2024-10-08 19:15:59.781 [info] Reading sessions from keychain...
2024-10-08 19:16:00.091 [info] Getting sessions for all scopes...
2024-10-08 19:16:00.091 [info] Getting GitHub sessions for all scopes...
2024-10-08 19:16:00.091 [info] Getting sessions for function:accessCodeSyncStorage...
2024-10-08 19:16:00.092 [info] Got stored sessions!
2024-10-08 19:16:00.092 [info] Verified session with the following scopes: function:accessCodeSyncStorage function:closePort function:controlAdmission function:deleteEnvVar function:generateNewGitpodToken function:getDefaultWorkspaceImage function:getGitpodTokenScopes function:getIDToken function:getLoggedInUser function:getOpenPorts function:getSupportedWorkspaceClasses function:getTeams function:getToken function:getWorkspace function:getWorkspaceEnvVars function:getWorkspaceOwner function:getWorkspaceTimeout function:getWorkspaceUsers function:guessGitTokenScopes function:isWorkspaceOwner function:openPort function:sendHeartBeat function:setEnvVar function:setWorkspaceTimeout function:stopWorkspace function:takeSnapshot function:trackEvent function:updateGitStatus function:waitForSnapshot resource:contentBlob::*::create/get resource:envVar::*/*::update resource:envVar::freeCodeCamp/boilerplate-advancednode::create/get/update/delete resource:gitpodToken::*::create resource:snapshot::ws-freecodecam-boilerplate-dqdnvzl46td::create resource:token::*::get resource:userStorage::*::create/get/update resource:workspace::freecodecam-boilerplate-dqdnvzl46td::get/update resource:workspaceInstance::6e21c8b5-5c79-455c-810e-72218c4e8986::get/update/delete
2024-10-08 19:16:00.095 [info] Got 1 verified sessions.
2024-10-08 19:16:00.095 [info] Got 1 sessions for all scopes...
2024-10-08 19:16:00.095 [info] Got 1 sessions for function:accessCodeSyncStorage...
2024-10-08 19:16:00.271 [info] Got 1 GitHub sessions for all scopes...
2024-10-08 19:16:00.481 [info] Getting sessions for all scopes...
2024-10-08 19:16:00.481 [info] Got 1 sessions for all scopes...
2024-10-08 19:16:00.482 [info] Getting GitHub sessions for all scopes...
2024-10-08 19:16:00.482 [info] Got 1 GitHub sessions for all scopes...
2024-10-08 19:16:00.553 [info] Getting GitHub sessions for read:user,repo,user:email,workflow...
2024-10-08 19:16:00.553 [info] Got 0 GitHub sessions for read:user,repo,user:email,workflow...
2024-10-08 19:16:00.635 [info] Getting GitHub sessions for project,read:org,read:user,repo,user:email,workflow...
2024-10-08 19:16:00.635 [info] Got 0 GitHub sessions for project,read:org,read:user,repo,user:email,workflow...
2024-10-08 19:16:00.800 [info] Getting GitHub sessions for read:user,repo,user:email,workflow...
2024-10-08 19:16:00.800 [info] Got 0 GitHub sessions for read:user,repo,user:email,workflow...
2024-10-08 19:16:00.918 [info] Getting GitHub sessions for read:user,repo,user:email...
2024-10-08 19:16:00.918 [info] Got 0 GitHub sessions for read:user,repo,user:email...
2024-10-08 19:16:01.084 [info] Getting GitHub sessions for read:user,repo,user:email,workflow...
2024-10-08 19:16:01.085 [info] Got 0 GitHub sessions for read:user,repo,user:email,workflow...
2024-10-08 20:37:55.171 [error] cannot maintain connection to supervisor 13 INTERNAL: closed
2024-10-08 20:37:56.174 [error] cannot maintain connection to supervisor 13 INTERNAL: closed
2024-10-08 20:37:57.177 [error] cannot maintain connection to supervisor 13 INTERNAL: closed
2024-10-08 20:37:58.179 [error] cannot maintain connection to supervisor 13 INTERNAL: closed
2024-10-08 20:37:59.181 [error] cannot maintain connection to supervisor 13 INTERNAL: closed
2024-10-08 20:38:00.183 [error] cannot maintain connection to supervisor 13 INTERNAL: closed
2024-10-08 20:38:01.186 [error] cannot maintain connection to supervisor 13 INTERNAL: closed
2024-10-08 20:38:02.189 [error] cannot maintain connection to supervisor 13 INTERNAL: closed
2024-10-08 20:38:03.190 [error] cannot maintain connection to supervisor 13 INTERNAL: closed
2024-10-08 20:38:04.192 [error] cannot maintain connection to supervisor 13 INTERNAL: closed
2024-10-08 20:38:05.194 [error] cannot maintain connection to supervisor 13 INTERNAL: closed
2024-10-08 20:38:06.197 [error] cannot maintain connection to supervisor 13 INTERNAL: closed
2024-10-08 20:38:07.199 [error] cannot maintain connection to supervisor 13 INTERNAL: closed
2024-10-08 20:38:08.201 [error] cannot maintain connection to supervisor 13 INTERNAL: closed
