2024-10-07 20:15:22.491 [info] Log level: Info
2024-10-07 20:15:22.547 [info] VSCODE_MACHINE_ID: 49659ee1-e03c-4c1d-ba74-f9b98d9b720d
2024-10-07 20:15:22.547 [info] VSCODE_SESSION_ID: 1190260b-b2b0-4428-8a70-8ec434aec53b1728332116337
2024-10-07 20:15:22.547 [info] VSCODE_VERSION: 1.93.1
2024-10-07 20:15:22.547 [info] VSCODE_APP_NAME: Gitpod Code
2024-10-07 20:15:22.547 [info] VSCODE_APP_HOST: Gitpod
2024-10-07 20:15:22.547 [info] VSCODE_UI_KIND: web
2024-10-07 20:15:22.547 [info] GITPOD_WORKSPACE_CONTEXT_URL: https://github.com/freeCodeCamp/boilerplate-advancednode/
2024-10-07 20:15:22.547 [info] GITPOD_INSTANCE_ID: f86feb76-0d36-43be-951e-420cf61fb0d7
2024-10-07 20:15:22.547 [info] GITPOD_WORKSPACE_URL: https://freecodecam-boilerplate-dqdnvzl46td.ws-us116.gitpod.io
2024-10-07 20:15:22.560 [info] Gitpod Web 7ff72a2
2024-10-07 20:15:22.560 [info] Reading sessions from keychain...
2024-10-07 20:15:22.753 [info] Getting sessions for all scopes...
2024-10-07 20:15:22.757 [info] Getting GitHub sessions for all scopes...
2024-10-07 20:15:22.757 [info] Getting sessions for function:accessCodeSyncStorage...
2024-10-07 20:15:22.758 [info] Got stored sessions!
2024-10-07 20:15:22.913 [info] Verified session with the following scopes: function:accessCodeSyncStorage function:closePort function:controlAdmission function:deleteEnvVar function:generateNewGitpodToken function:getDefaultWorkspaceImage function:getGitpodTokenScopes function:getIDToken function:getLoggedInUser function:getOpenPorts function:getSupportedWorkspaceClasses function:getTeams function:getToken function:getWorkspace function:getWorkspaceEnvVars function:getWorkspaceOwner function:getWorkspaceTimeout function:getWorkspaceUsers function:guessGitTokenScopes function:isWorkspaceOwner function:openPort function:sendHeartBeat function:setEnvVar function:setWorkspaceTimeout function:stopWorkspace function:takeSnapshot function:trackEvent function:updateGitStatus function:waitForSnapshot resource:contentBlob::*::create/get resource:envVar::*/*::update resource:envVar::freeCodeCamp/boilerplate-advancednode::create/get/update/delete resource:gitpodToken::*::create resource:snapshot::ws-freecodecam-boilerplate-dqdnvzl46td::create resource:token::*::get resource:userStorage::*::create/get/update resource:workspace::freecodecam-boilerplate-dqdnvzl46td::get/update resource:workspaceInstance::f86feb76-0d36-43be-951e-420cf61fb0d7::get/update/delete
2024-10-07 20:15:22.913 [info] Got 1 verified sessions.
2024-10-07 20:15:22.913 [info] Got 1 sessions for all scopes...
2024-10-07 20:15:22.913 [info] Got 1 sessions for function:accessCodeSyncStorage...
2024-10-07 20:15:22.962 [info] Got 1 GitHub sessions for all scopes...
2024-10-07 20:15:23.077 [info] Getting sessions for all scopes...
2024-10-07 20:15:23.078 [info] Got 1 sessions for all scopes...
2024-10-07 20:15:23.292 [info] Getting GitHub sessions for all scopes...
2024-10-07 20:15:23.292 [info] Got 1 GitHub sessions for all scopes...
2024-10-07 20:15:23.883 [info] Getting GitHub sessions for read:user,repo,user:email,workflow...
2024-10-07 20:15:23.883 [info] Got 0 GitHub sessions for read:user,repo,user:email,workflow...
2024-10-07 20:15:23.998 [info] Getting GitHub sessions for project,read:org,read:user,repo,user:email,workflow...
2024-10-07 20:15:23.998 [info] Got 0 GitHub sessions for project,read:org,read:user,repo,user:email,workflow...
2024-10-07 20:15:24.075 [info] Getting GitHub sessions for read:user,repo,user:email,workflow...
2024-10-07 20:15:24.075 [info] Got 0 GitHub sessions for read:user,repo,user:email,workflow...
2024-10-07 20:15:24.167 [info] Getting GitHub sessions for read:user,repo,user:email...
2024-10-07 20:15:24.167 [info] Got 0 GitHub sessions for read:user,repo,user:email...
2024-10-07 20:15:24.316 [info] Getting GitHub sessions for read:user,repo,user:email,workflow...
2024-10-07 20:15:24.316 [info] Got 0 GitHub sessions for read:user,repo,user:email,workflow...
2024-10-07 23:55:14.014 [error] cannot maintain connection to supervisor 13 INTERNAL: closed
2024-10-07 23:55:15.015 [error] cannot maintain connection to supervisor 13 INTERNAL: closed
2024-10-07 23:55:16.016 [error] cannot maintain connection to supervisor 13 INTERNAL: closed
2024-10-07 23:55:17.017 [error] cannot maintain connection to supervisor 13 INTERNAL: closed
2024-10-07 23:55:18.019 [error] cannot maintain connection to supervisor 13 INTERNAL: closed
2024-10-07 23:55:19.021 [error] cannot maintain connection to supervisor 13 INTERNAL: closed
2024-10-07 23:55:20.022 [error] cannot maintain connection to supervisor 13 INTERNAL: closed
2024-10-07 23:55:21.024 [error] cannot maintain connection to supervisor 13 INTERNAL: closed
2024-10-07 23:55:22.025 [error] cannot maintain connection to supervisor 13 INTERNAL: closed
2024-10-07 23:55:23.027 [error] cannot maintain connection to supervisor 13 INTERNAL: closed
2024-10-07 23:55:24.029 [error] cannot maintain connection to supervisor 13 INTERNAL: closed
2024-10-07 23:55:25.031 [error] cannot maintain connection to supervisor 13 INTERNAL: closed
2024-10-07 23:55:26.033 [error] cannot maintain connection to supervisor 13 INTERNAL: closed
2024-10-07 23:55:27.035 [error] cannot maintain connection to supervisor 13 INTERNAL: closed
