2024-10-10 18:29:16.954 [info] Log level: Info
2024-10-10 18:29:17.246 [info] VSCODE_MACHINE_ID: 49659ee1-e03c-4c1d-ba74-f9b98d9b720d
2024-10-10 18:29:17.246 [info] VSCODE_SESSION_ID: 206c26f4-8f21-46bf-aa90-4b195e6565381728584953632
2024-10-10 18:29:17.246 [info] VSCODE_VERSION: 1.93.1
2024-10-10 18:29:17.246 [info] VSCODE_APP_NAME: Gitpod Code
2024-10-10 18:29:17.246 [info] VSCODE_APP_HOST: Gitpod
2024-10-10 18:29:17.246 [info] VSCODE_UI_KIND: web
2024-10-10 18:29:17.246 [info] GITPOD_WORKSPACE_CONTEXT_URL: https://github.com/freeCodeCamp/boilerplate-advancednode/
2024-10-10 18:29:17.246 [info] GITPOD_INSTANCE_ID: 447d17a6-5103-4fa9-a713-9a0eee13055d
2024-10-10 18:29:17.247 [info] GITPOD_WORKSPACE_URL: https://freecodecam-boilerplate-dqdnvzl46td.ws-us116.gitpod.io
2024-10-10 18:29:17.254 [info] Gitpod Web 7ff72a2
2024-10-10 18:29:17.254 [info] Reading sessions from keychain...
2024-10-10 18:29:17.969 [info] Getting sessions for all scopes...
2024-10-10 18:29:17.969 [info] Getting GitHub sessions for all scopes...
2024-10-10 18:29:17.969 [info] Getting sessions for function:accessCodeSyncStorage...
2024-10-10 18:29:17.969 [info] Got 1 GitHub sessions for all scopes...
2024-10-10 18:29:17.970 [info] Got stored sessions!
2024-10-10 18:29:17.970 [info] Verified session with the following scopes: function:accessCodeSyncStorage function:closePort function:controlAdmission function:deleteEnvVar function:generateNewGitpodToken function:getDefaultWorkspaceImage function:getGitpodTokenScopes function:getIDToken function:getLoggedInUser function:getOpenPorts function:getSupportedWorkspaceClasses function:getTeams function:getToken function:getWorkspace function:getWorkspaceEnvVars function:getWorkspaceOwner function:getWorkspaceTimeout function:getWorkspaceUsers function:guessGitTokenScopes function:isWorkspaceOwner function:openPort function:sendHeartBeat function:setEnvVar function:setWorkspaceTimeout function:stopWorkspace function:takeSnapshot function:trackEvent function:updateGitStatus function:waitForSnapshot resource:contentBlob::*::create/get resource:envVar::*/*::update resource:envVar::freeCodeCamp/boilerplate-advancednode::create/get/update/delete resource:gitpodToken::*::create resource:snapshot::ws-freecodecam-boilerplate-dqdnvzl46td::create resource:token::*::get resource:userStorage::*::create/get/update resource:workspace::freecodecam-boilerplate-dqdnvzl46td::get/update resource:workspaceInstance::447d17a6-5103-4fa9-a713-9a0eee13055d::get/update/delete
2024-10-10 18:29:17.973 [info] Got 1 verified sessions.
2024-10-10 18:29:17.973 [info] Got 1 sessions for all scopes...
2024-10-10 18:29:17.973 [info] Got 1 sessions for function:accessCodeSyncStorage...
2024-10-10 18:29:18.546 [info] Getting GitHub sessions for all scopes...
2024-10-10 18:29:18.546 [info] Getting sessions for all scopes...
2024-10-10 18:29:18.547 [info] Got 1 GitHub sessions for all scopes...
2024-10-10 18:29:18.547 [info] Got 1 sessions for all scopes...
2024-10-10 18:29:18.549 [info] Getting GitHub sessions for read:user,repo,user:email,workflow...
2024-10-10 18:29:18.549 [info] Got 0 GitHub sessions for read:user,repo,user:email,workflow...
2024-10-10 18:29:18.777 [info] Getting GitHub sessions for project,read:org,read:user,repo,user:email,workflow...
2024-10-10 18:29:18.777 [info] Got 0 GitHub sessions for project,read:org,read:user,repo,user:email,workflow...
2024-10-10 18:29:18.863 [info] Getting GitHub sessions for read:user,repo,user:email,workflow...
2024-10-10 18:29:18.863 [info] Got 0 GitHub sessions for read:user,repo,user:email,workflow...
2024-10-10 18:29:19.071 [info] Getting GitHub sessions for read:user,repo,user:email...
2024-10-10 18:29:19.071 [info] Got 0 GitHub sessions for read:user,repo,user:email...
2024-10-10 18:29:19.245 [info] Getting GitHub sessions for read:user,repo,user:email,workflow...
2024-10-10 18:29:19.245 [info] Got 0 GitHub sessions for read:user,repo,user:email,workflow...
2024-10-10 18:34:29.288 [error] cannot maintain connection to supervisor 13 INTERNAL: closed
2024-10-10 18:34:30.291 [error] cannot maintain connection to supervisor 13 INTERNAL: closed
2024-10-10 18:34:31.294 [error] cannot maintain connection to supervisor 13 INTERNAL: closed
2024-10-10 18:34:32.296 [error] cannot maintain connection to supervisor 13 INTERNAL: closed
2024-10-10 18:34:33.297 [error] cannot maintain connection to supervisor 13 INTERNAL: closed
2024-10-10 18:34:34.299 [error] cannot maintain connection to supervisor 13 INTERNAL: closed
2024-10-10 18:34:35.300 [error] cannot maintain connection to supervisor 13 INTERNAL: closed
2024-10-10 18:34:36.302 [error] cannot maintain connection to supervisor 13 INTERNAL: closed
2024-10-10 18:34:37.304 [error] cannot maintain connection to supervisor 13 INTERNAL: closed
2024-10-10 18:34:38.306 [error] cannot maintain connection to supervisor 13 INTERNAL: closed
2024-10-10 18:34:39.307 [error] cannot maintain connection to supervisor 13 INTERNAL: closed
2024-10-10 18:34:40.310 [error] cannot maintain connection to supervisor 13 INTERNAL: closed
2024-10-10 18:34:41.311 [error] cannot maintain connection to supervisor 13 INTERNAL: closed
2024-10-10 18:34:42.312 [error] cannot maintain connection to supervisor 13 INTERNAL: closed
