2024-09-24 16:49:18.288 [info] [main] Log level: Info
2024-09-24 16:49:18.288 [info] [main] Validating found git in: "git"
2024-09-24 16:49:18.288 [info] [main] Using git "2.46.0" from "git"
2024-09-24 16:49:18.288 [info] [Model][doInitialScan] Initial repository scan started
2024-09-24 16:49:18.288 [info] > git rev-parse --show-toplevel [3ms]
2024-09-24 16:49:18.288 [info] > git rev-parse --git-dir --git-common-dir [2ms]
2024-09-24 16:49:18.288 [info] [Model][openRepository] Opened repository: /workspace/boilerplate-project-urlshortener
2024-09-24 16:49:18.288 [info] > git rev-parse --show-toplevel [2ms]
2024-09-24 16:49:18.288 [info] > git config --get commit.template [61ms]
2024-09-24 16:49:18.288 [info] > git rev-parse --show-toplevel [29ms]
2024-09-24 16:49:18.288 [info] [Model][doInitialScan] Initial repository scan completed - repositories (1), closed repositories (0), parent repositories (0), unsafe repositories (0)
2024-09-24 16:49:18.288 [info] > git for-each-ref --format=%(refname)%00%(upstream:short)%00%(objectname)%00%(upstream:track)%00%(upstream:remotename)%00%(upstream:remoteref) refs/heads/main refs/remotes/main [7ms]
2024-09-24 16:49:18.288 [warning] [Git][revParse] Unable to read file: ENOENT: no such file or directory, open '/workspace/boilerplate-project-urlshortener/.git/refs/remotes/origin/main'
2024-09-24 16:49:18.288 [info] > git rev-parse refs/remotes/origin/main [103ms]
2024-09-24 16:49:18.288 [info] > git status -z -uall [54ms]
2024-09-24 16:49:18.288 [info] > git for-each-ref --format=%(refname)%00%(upstream:short)%00%(objectname)%00%(upstream:track)%00%(upstream:remotename)%00%(upstream:remoteref) refs/heads/main refs/remotes/main [54ms]
2024-09-24 16:49:18.288 [info] > git config --local branch.main.vscode-merge-base [70ms]
2024-09-24 16:49:18.288 [info] > git config --get commit.template [122ms]
2024-09-24 16:49:18.288 [info] > git for-each-ref --format=%(refname)%00%(upstream:short)%00%(objectname)%00%(upstream:track)%00%(upstream:remotename)%00%(upstream:remoteref) refs/heads/origin/main refs/remotes/origin/main [3ms]
2024-09-24 16:49:18.288 [info] > git merge-base refs/heads/main refs/remotes/origin/main [9ms]
2024-09-24 16:49:18.288 [info] > git for-each-ref --format=%(refname)%00%(upstream:short)%00%(objectname)%00%(upstream:track)%00%(upstream:remotename)%00%(upstream:remoteref) refs/heads/main refs/remotes/main [10ms]
2024-09-24 16:49:18.288 [warning] [Git][revParse] Unable to read file: ENOENT: no such file or directory, open '/workspace/boilerplate-project-urlshortener/.git/refs/remotes/origin/main'
2024-09-24 16:49:18.288 [info] > git rev-list --count --left-right refs/heads/main...refs/remotes/origin/main [5ms]
2024-09-24 16:49:18.288 [info] > git rev-parse refs/remotes/origin/main [8ms]
2024-09-24 16:49:18.288 [info] > git diff --name-status -z --diff-filter=ADMR 711a8bc2998dd3786472f5a2b3f55672d8a06b81...refs/remotes/origin/main [10ms]
2024-09-24 16:49:18.288 [info] > git status -z -uall [6ms]
2024-09-24 16:49:18.288 [info] > git for-each-ref --format=%(refname)%00%(upstream:short)%00%(objectname)%00%(upstream:track)%00%(upstream:remotename)%00%(upstream:remoteref) refs/heads/main refs/remotes/main [2ms]
2024-09-24 16:49:18.288 [info] > git config --local branch.main.vscode-merge-base [1ms]
2024-09-24 16:49:18.288 [info] > git for-each-ref --format=%(refname)%00%(upstream:short)%00%(objectname)%00%(upstream:track)%00%(upstream:remotename)%00%(upstream:remoteref) refs/heads/origin/main refs/remotes/origin/main [11ms]
2024-09-24 16:49:18.794 [info] > git check-ignore -v -z --stdin [3ms]
2024-09-24 16:49:18.890 [info] > git show --textconv :index.js [4ms]
2024-09-24 16:49:18.892 [info] > git ls-files --stage -- /workspace/boilerplate-project-urlshortener/index.js [3ms]
2024-09-24 16:49:18.897 [info] > git cat-file -s f7e45be9a371244db0ae06ae8aa4759ce04f60f5 [2ms]
2024-09-24 16:49:19.395 [info] > git config --local branch.main.github-pr-owner-number [2ms]
2024-09-24 16:49:19.395 [warning] [Git][config] git config failed: Failed to execute git
2024-09-24 16:49:20.722 [info] > git config --get commit.template [7ms]
2024-09-24 16:49:20.724 [info] > git for-each-ref --format=%(refname)%00%(upstream:short)%00%(objectname)%00%(upstream:track)%00%(upstream:remotename)%00%(upstream:remoteref) refs/heads/main refs/remotes/main [5ms]
2024-09-24 16:49:20.728 [warning] [Git][revParse] Unable to read file: ENOENT: no such file or directory, open '/workspace/boilerplate-project-urlshortener/.git/refs/remotes/origin/main'
2024-09-24 16:49:20.729 [info] > git rev-parse refs/remotes/origin/main [1ms]
2024-09-24 16:49:20.735 [info] > git status -z -uall [2ms]
2024-09-24 16:49:20.742 [info] > git for-each-ref --format=%(refname)%00%(upstream:short)%00%(objectname)%00%(upstream:track)%00%(upstream:remotename)%00%(upstream:remoteref) refs/heads/main refs/remotes/main [3ms]
2024-09-24 16:49:20.747 [info] > git config --local branch.main.vscode-merge-base [2ms]
2024-09-24 16:49:20.753 [info] > git for-each-ref --format=%(refname)%00%(upstream:short)%00%(objectname)%00%(upstream:track)%00%(upstream:remotename)%00%(upstream:remoteref) refs/heads/origin/main refs/remotes/origin/main [3ms]
2024-09-24 16:49:20.852 [info] > git ls-files --stage -- /workspace/boilerplate-project-urlshortener/index.js [2ms]
2024-09-24 16:49:20.857 [info] > git cat-file -s f7e45be9a371244db0ae06ae8aa4759ce04f60f5 [1ms]
2024-09-24 16:49:20.954 [info] > git show --textconv :index.js [3ms]
2024-09-24 17:08:24.746 [info] > git config --get commit.template [5ms]
2024-09-24 17:08:24.747 [info] > git for-each-ref --format=%(refname)%00%(upstream:short)%00%(objectname)%00%(upstream:track)%00%(upstream:remotename)%00%(upstream:remoteref) refs/heads/main refs/remotes/main [2ms]
2024-09-24 17:08:24.750 [warning] [Git][revParse] Unable to read file: ENOENT: no such file or directory, open '/workspace/boilerplate-project-urlshortener/.git/refs/remotes/origin/main'
2024-09-24 17:08:24.752 [info] > git rev-parse refs/remotes/origin/main [2ms]
2024-09-24 17:08:24.758 [info] > git status -z -uall [3ms]
2024-09-24 17:08:24.765 [info] > git for-each-ref --format=%(refname)%00%(upstream:short)%00%(objectname)%00%(upstream:track)%00%(upstream:remotename)%00%(upstream:remoteref) refs/heads/main refs/remotes/main [3ms]
2024-09-24 17:08:24.773 [info] > git config --local branch.main.vscode-merge-base [2ms]
2024-09-24 17:08:24.780 [info] > git for-each-ref --format=%(refname)%00%(upstream:short)%00%(objectname)%00%(upstream:track)%00%(upstream:remotename)%00%(upstream:remoteref) refs/heads/origin/main refs/remotes/origin/main [3ms]
2024-09-24 17:09:03.197 [info] > git config --get commit.template [2ms]
2024-09-24 17:09:03.204 [info] > git for-each-ref --format=%(refname)%00%(upstream:short)%00%(objectname)%00%(upstream:track)%00%(upstream:remotename)%00%(upstream:remoteref) refs/heads/main refs/remotes/main [2ms]
2024-09-24 17:09:03.208 [warning] [Git][revParse] Unable to read file: ENOENT: no such file or directory, open '/workspace/boilerplate-project-urlshortener/.git/refs/remotes/origin/main'
2024-09-24 17:09:03.209 [info] > git rev-parse refs/remotes/origin/main [2ms]
2024-09-24 17:09:03.216 [info] > git status -z -uall [3ms]
2024-09-24 17:09:03.222 [info] > git for-each-ref --format=%(refname)%00%(upstream:short)%00%(objectname)%00%(upstream:track)%00%(upstream:remotename)%00%(upstream:remoteref) refs/heads/main refs/remotes/main [2ms]
2024-09-24 17:09:03.227 [info] > git config --local branch.main.vscode-merge-base [2ms]
2024-09-24 17:09:03.233 [info] > git for-each-ref --format=%(refname)%00%(upstream:short)%00%(objectname)%00%(upstream:track)%00%(upstream:remotename)%00%(upstream:remoteref) refs/heads/origin/main refs/remotes/origin/main [2ms]
2024-09-24 18:01:52.974 [info] > git show --textconv :data.json [5ms]
2024-09-24 18:01:52.975 [info] > git ls-files --stage -- /workspace/boilerplate-project-urlshortener/data.json [3ms]
2024-09-24 18:01:53.085 [info] > git check-ignore -v -z --stdin [2ms]
2024-09-24 18:01:53.240 [info] > git config --get commit.template [4ms]
2024-09-24 18:01:53.241 [info] > git for-each-ref --format=%(refname)%00%(upstream:short)%00%(objectname)%00%(upstream:track)%00%(upstream:remotename)%00%(upstream:remoteref) refs/heads/main refs/remotes/main [2ms]
2024-09-24 18:01:53.244 [warning] [Git][revParse] Unable to read file: ENOENT: no such file or directory, open '/workspace/boilerplate-project-urlshortener/.git/refs/remotes/origin/main'
2024-09-24 18:01:53.246 [info] > git rev-parse refs/remotes/origin/main [2ms]
2024-09-24 18:01:53.251 [info] > git status -z -uall [2ms]
2024-09-24 18:01:53.256 [info] > git for-each-ref --format=%(refname)%00%(upstream:short)%00%(objectname)%00%(upstream:track)%00%(upstream:remotename)%00%(upstream:remoteref) refs/heads/main refs/remotes/main [2ms]
2024-09-24 18:01:53.261 [info] > git config --local branch.main.vscode-merge-base [2ms]
2024-09-24 18:01:53.266 [info] > git for-each-ref --format=%(refname)%00%(upstream:short)%00%(objectname)%00%(upstream:track)%00%(upstream:remotename)%00%(upstream:remoteref) refs/heads/origin/main refs/remotes/origin/main [2ms]
2024-09-24 18:02:07.953 [info] > git config --get commit.template [3ms]
2024-09-24 18:02:07.954 [info] > git for-each-ref --format=%(refname)%00%(upstream:short)%00%(objectname)%00%(upstream:track)%00%(upstream:remotename)%00%(upstream:remoteref) refs/heads/main refs/remotes/main [2ms]
2024-09-24 18:02:07.958 [warning] [Git][revParse] Unable to read file: ENOENT: no such file or directory, open '/workspace/boilerplate-project-urlshortener/.git/refs/remotes/origin/main'
2024-09-24 18:02:07.959 [info] > git rev-parse refs/remotes/origin/main [1ms]
2024-09-24 18:02:07.965 [info] > git status -z -uall [2ms]
2024-09-24 18:02:07.971 [info] > git for-each-ref --format=%(refname)%00%(upstream:short)%00%(objectname)%00%(upstream:track)%00%(upstream:remotename)%00%(upstream:remoteref) refs/heads/main refs/remotes/main [2ms]
2024-09-24 18:02:07.976 [info] > git config --local branch.main.vscode-merge-base [2ms]
2024-09-24 18:02:07.981 [info] > git for-each-ref --format=%(refname)%00%(upstream:short)%00%(objectname)%00%(upstream:track)%00%(upstream:remotename)%00%(upstream:remoteref) refs/heads/origin/main refs/remotes/origin/main [2ms]
2024-09-24 18:02:13.129 [info] > git show --textconv :index.js [3ms]
2024-09-24 18:02:13.130 [info] > git ls-files --stage -- /workspace/boilerplate-project-urlshortener/index.js [1ms]
2024-09-24 18:02:13.135 [info] > git cat-file -s f7e45be9a371244db0ae06ae8aa4759ce04f60f5 [2ms]
2024-09-24 18:02:54.127 [info] > git show --textconv :views/index.html [4ms]
2024-09-24 18:02:54.129 [info] > git ls-files --stage -- /workspace/boilerplate-project-urlshortener/views/index.html [2ms]
2024-09-24 18:02:54.136 [info] > git cat-file -s a1c1f9d0b5b45fdd0f9807b318a5dac19550e3df [2ms]
2024-09-24 18:06:04.923 [info] > git show --textconv :index.js [35ms]
2024-09-24 18:06:04.925 [info] > git ls-files --stage -- /workspace/boilerplate-project-urlshortener/index.js [3ms]
2024-09-24 18:06:04.930 [info] > git cat-file -s f7e45be9a371244db0ae06ae8aa4759ce04f60f5 [2ms]
2024-09-24 18:07:02.525 [info] > git config --get commit.template [4ms]
2024-09-24 18:07:02.526 [info] > git for-each-ref --format=%(refname)%00%(upstream:short)%00%(objectname)%00%(upstream:track)%00%(upstream:remotename)%00%(upstream:remoteref) refs/heads/main refs/remotes/main [2ms]
2024-09-24 18:07:02.530 [warning] [Git][revParse] Unable to read file: ENOENT: no such file or directory, open '/workspace/boilerplate-project-urlshortener/.git/refs/remotes/origin/main'
2024-09-24 18:07:02.532 [info] > git rev-parse refs/remotes/origin/main [2ms]
2024-09-24 18:07:02.537 [info] > git status -z -uall [2ms]
2024-09-24 18:07:02.543 [info] > git for-each-ref --format=%(refname)%00%(upstream:short)%00%(objectname)%00%(upstream:track)%00%(upstream:remotename)%00%(upstream:remoteref) refs/heads/main refs/remotes/main [2ms]
2024-09-24 18:07:02.547 [info] > git config --local branch.main.vscode-merge-base [1ms]
2024-09-24 18:07:02.552 [info] > git for-each-ref --format=%(refname)%00%(upstream:short)%00%(objectname)%00%(upstream:track)%00%(upstream:remotename)%00%(upstream:remoteref) refs/heads/origin/main refs/remotes/origin/main [2ms]
2024-09-24 18:08:11.978 [info] > git config --get commit.template [5ms]
2024-09-24 18:08:11.979 [info] > git for-each-ref --format=%(refname)%00%(upstream:short)%00%(objectname)%00%(upstream:track)%00%(upstream:remotename)%00%(upstream:remoteref) refs/heads/main refs/remotes/main [2ms]
2024-09-24 18:08:11.982 [warning] [Git][revParse] Unable to read file: ENOENT: no such file or directory, open '/workspace/boilerplate-project-urlshortener/.git/refs/remotes/origin/main'
2024-09-24 18:08:11.984 [info] > git rev-parse refs/remotes/origin/main [2ms]
2024-09-24 18:08:11.989 [info] > git status -z -uall [2ms]
2024-09-24 18:08:11.995 [info] > git for-each-ref --format=%(refname)%00%(upstream:short)%00%(objectname)%00%(upstream:track)%00%(upstream:remotename)%00%(upstream:remoteref) refs/heads/main refs/remotes/main [2ms]
2024-09-24 18:08:11.999 [info] > git config --local branch.main.vscode-merge-base [1ms]
2024-09-24 18:08:12.004 [info] > git for-each-ref --format=%(refname)%00%(upstream:short)%00%(objectname)%00%(upstream:track)%00%(upstream:remotename)%00%(upstream:remoteref) refs/heads/origin/main refs/remotes/origin/main [2ms]
2024-09-24 18:13:07.961 [info] > git config --get commit.template [4ms]
2024-09-24 18:13:07.963 [info] > git for-each-ref --format=%(refname)%00%(upstream:short)%00%(objectname)%00%(upstream:track)%00%(upstream:remotename)%00%(upstream:remoteref) refs/heads/main refs/remotes/main [2ms]
2024-09-24 18:13:07.967 [warning] [Git][revParse] Unable to read file: ENOENT: no such file or directory, open '/workspace/boilerplate-project-urlshortener/.git/refs/remotes/origin/main'
2024-09-24 18:13:07.968 [info] > git rev-parse refs/remotes/origin/main [1ms]
2024-09-24 18:13:07.973 [info] > git status -z -uall [2ms]
2024-09-24 18:13:07.979 [info] > git for-each-ref --format=%(refname)%00%(upstream:short)%00%(objectname)%00%(upstream:track)%00%(upstream:remotename)%00%(upstream:remoteref) refs/heads/main refs/remotes/main [2ms]
2024-09-24 18:13:07.983 [info] > git config --local branch.main.vscode-merge-base [1ms]
2024-09-24 18:13:07.989 [info] > git for-each-ref --format=%(refname)%00%(upstream:short)%00%(objectname)%00%(upstream:track)%00%(upstream:remotename)%00%(upstream:remoteref) refs/heads/origin/main refs/remotes/origin/main [2ms]
2024-09-24 18:13:12.986 [info] > git config --get commit.template [4ms]
2024-09-24 18:13:12.987 [info] > git for-each-ref --format=%(refname)%00%(upstream:short)%00%(objectname)%00%(upstream:track)%00%(upstream:remotename)%00%(upstream:remoteref) refs/heads/main refs/remotes/main [2ms]
2024-09-24 18:13:12.991 [warning] [Git][revParse] Unable to read file: ENOENT: no such file or directory, open '/workspace/boilerplate-project-urlshortener/.git/refs/remotes/origin/main'
2024-09-24 18:13:12.993 [info] > git rev-parse refs/remotes/origin/main [2ms]
2024-09-24 18:13:12.998 [info] > git status -z -uall [2ms]
2024-09-24 18:13:13.003 [info] > git for-each-ref --format=%(refname)%00%(upstream:short)%00%(objectname)%00%(upstream:track)%00%(upstream:remotename)%00%(upstream:remoteref) refs/heads/main refs/remotes/main [2ms]
2024-09-24 18:13:13.008 [info] > git config --local branch.main.vscode-merge-base [2ms]
2024-09-24 18:13:13.012 [info] > git for-each-ref --format=%(refname)%00%(upstream:short)%00%(objectname)%00%(upstream:track)%00%(upstream:remotename)%00%(upstream:remoteref) refs/heads/origin/main refs/remotes/origin/main [1ms]
2024-09-24 18:13:18.011 [info] > git config --get commit.template [5ms]
2024-09-24 18:13:18.012 [info] > git for-each-ref --format=%(refname)%00%(upstream:short)%00%(objectname)%00%(upstream:track)%00%(upstream:remotename)%00%(upstream:remoteref) refs/heads/main refs/remotes/main [2ms]
2024-09-24 18:13:18.015 [warning] [Git][revParse] Unable to read file: ENOENT: no such file or directory, open '/workspace/boilerplate-project-urlshortener/.git/refs/remotes/origin/main'
2024-09-24 18:13:18.017 [info] > git rev-parse refs/remotes/origin/main [2ms]
2024-09-24 18:13:18.021 [info] > git status -z -uall [2ms]
2024-09-24 18:13:18.027 [info] > git for-each-ref --format=%(refname)%00%(upstream:short)%00%(objectname)%00%(upstream:track)%00%(upstream:remotename)%00%(upstream:remoteref) refs/heads/main refs/remotes/main [2ms]
2024-09-24 18:13:18.031 [info] > git config --local branch.main.vscode-merge-base [1ms]
2024-09-24 18:13:18.036 [info] > git for-each-ref --format=%(refname)%00%(upstream:short)%00%(objectname)%00%(upstream:track)%00%(upstream:remotename)%00%(upstream:remoteref) refs/heads/origin/main refs/remotes/origin/main [2ms]
2024-09-24 18:13:23.034 [info] > git config --get commit.template [4ms]
2024-09-24 18:13:23.035 [info] > git for-each-ref --format=%(refname)%00%(upstream:short)%00%(objectname)%00%(upstream:track)%00%(upstream:remotename)%00%(upstream:remoteref) refs/heads/main refs/remotes/main [2ms]
2024-09-24 18:13:23.039 [warning] [Git][revParse] Unable to read file: ENOENT: no such file or directory, open '/workspace/boilerplate-project-urlshortener/.git/refs/remotes/origin/main'
2024-09-24 18:13:23.041 [info] > git rev-parse refs/remotes/origin/main [1ms]
2024-09-24 18:13:23.046 [info] > git status -z -uall [2ms]
2024-09-24 18:13:23.051 [info] > git for-each-ref --format=%(refname)%00%(upstream:short)%00%(objectname)%00%(upstream:track)%00%(upstream:remotename)%00%(upstream:remoteref) refs/heads/main refs/remotes/main [2ms]
2024-09-24 18:13:23.056 [info] > git config --local branch.main.vscode-merge-base [2ms]
2024-09-24 18:13:23.061 [info] > git for-each-ref --format=%(refname)%00%(upstream:short)%00%(objectname)%00%(upstream:track)%00%(upstream:remotename)%00%(upstream:remoteref) refs/heads/origin/main refs/remotes/origin/main [2ms]
2024-09-24 18:23:11.388 [info] > git config --get commit.template [4ms]
2024-09-24 18:23:11.390 [info] > git for-each-ref --format=%(refname)%00%(upstream:short)%00%(objectname)%00%(upstream:track)%00%(upstream:remotename)%00%(upstream:remoteref) refs/heads/main refs/remotes/main [3ms]
2024-09-24 18:23:11.393 [warning] [Git][revParse] Unable to read file: ENOENT: no such file or directory, open '/workspace/boilerplate-project-urlshortener/.git/refs/remotes/origin/main'
2024-09-24 18:23:11.394 [info] > git rev-parse refs/remotes/origin/main [1ms]
2024-09-24 18:23:11.400 [info] > git status -z -uall [3ms]
2024-09-24 18:23:11.405 [info] > git for-each-ref --format=%(refname)%00%(upstream:short)%00%(objectname)%00%(upstream:track)%00%(upstream:remotename)%00%(upstream:remoteref) refs/heads/main refs/remotes/main [2ms]
2024-09-24 18:23:11.410 [info] > git config --local branch.main.vscode-merge-base [2ms]
2024-09-24 18:23:11.415 [info] > git for-each-ref --format=%(refname)%00%(upstream:short)%00%(objectname)%00%(upstream:track)%00%(upstream:remotename)%00%(upstream:remoteref) refs/heads/origin/main refs/remotes/origin/main [2ms]
2024-09-24 18:23:16.412 [info] > git config --get commit.template [4ms]
2024-09-24 18:23:16.413 [info] > git for-each-ref --format=%(refname)%00%(upstream:short)%00%(objectname)%00%(upstream:track)%00%(upstream:remotename)%00%(upstream:remoteref) refs/heads/main refs/remotes/main [2ms]
2024-09-24 18:23:16.416 [warning] [Git][revParse] Unable to read file: ENOENT: no such file or directory, open '/workspace/boilerplate-project-urlshortener/.git/refs/remotes/origin/main'
2024-09-24 18:23:16.418 [info] > git rev-parse refs/remotes/origin/main [2ms]
2024-09-24 18:23:16.424 [info] > git status -z -uall [3ms]
2024-09-24 18:23:16.429 [info] > git for-each-ref --format=%(refname)%00%(upstream:short)%00%(objectname)%00%(upstream:track)%00%(upstream:remotename)%00%(upstream:remoteref) refs/heads/main refs/remotes/main [2ms]
2024-09-24 18:23:16.433 [info] > git config --local branch.main.vscode-merge-base [1ms]
2024-09-24 18:23:16.438 [info] > git for-each-ref --format=%(refname)%00%(upstream:short)%00%(objectname)%00%(upstream:track)%00%(upstream:remotename)%00%(upstream:remoteref) refs/heads/origin/main refs/remotes/origin/main [1ms]
2024-09-24 18:23:21.436 [info] > git config --get commit.template [4ms]
2024-09-24 18:23:21.438 [info] > git for-each-ref --format=%(refname)%00%(upstream:short)%00%(objectname)%00%(upstream:track)%00%(upstream:remotename)%00%(upstream:remoteref) refs/heads/main refs/remotes/main [2ms]
2024-09-24 18:23:21.441 [warning] [Git][revParse] Unable to read file: ENOENT: no such file or directory, open '/workspace/boilerplate-project-urlshortener/.git/refs/remotes/origin/main'
2024-09-24 18:23:21.443 [info] > git rev-parse refs/remotes/origin/main [2ms]
2024-09-24 18:23:21.448 [info] > git status -z -uall [2ms]
2024-09-24 18:23:21.455 [info] > git for-each-ref --format=%(refname)%00%(upstream:short)%00%(objectname)%00%(upstream:track)%00%(upstream:remotename)%00%(upstream:remoteref) refs/heads/main refs/remotes/main [2ms]
2024-09-24 18:23:21.460 [info] > git config --local branch.main.vscode-merge-base [2ms]
2024-09-24 18:23:21.465 [info] > git for-each-ref --format=%(refname)%00%(upstream:short)%00%(objectname)%00%(upstream:track)%00%(upstream:remotename)%00%(upstream:remoteref) refs/heads/origin/main refs/remotes/origin/main [2ms]
2024-09-24 18:23:26.462 [info] > git config --get commit.template [3ms]
2024-09-24 18:23:26.463 [info] > git for-each-ref --format=%(refname)%00%(upstream:short)%00%(objectname)%00%(upstream:track)%00%(upstream:remotename)%00%(upstream:remoteref) refs/heads/main refs/remotes/main [2ms]
2024-09-24 18:23:26.466 [warning] [Git][revParse] Unable to read file: ENOENT: no such file or directory, open '/workspace/boilerplate-project-urlshortener/.git/refs/remotes/origin/main'
2024-09-24 18:23:26.467 [info] > git rev-parse refs/remotes/origin/main [1ms]
2024-09-24 18:23:26.472 [info] > git status -z -uall [2ms]
2024-09-24 18:23:26.478 [info] > git for-each-ref --format=%(refname)%00%(upstream:short)%00%(objectname)%00%(upstream:track)%00%(upstream:remotename)%00%(upstream:remoteref) refs/heads/main refs/remotes/main [2ms]
2024-09-24 18:23:26.483 [info] > git config --local branch.main.vscode-merge-base [2ms]
2024-09-24 18:23:26.488 [info] > git for-each-ref --format=%(refname)%00%(upstream:short)%00%(objectname)%00%(upstream:track)%00%(upstream:remotename)%00%(upstream:remoteref) refs/heads/origin/main refs/remotes/origin/main [2ms]
2024-09-24 18:23:31.484 [info] > git config --get commit.template [4ms]
2024-09-24 18:23:31.485 [info] > git for-each-ref --format=%(refname)%00%(upstream:short)%00%(objectname)%00%(upstream:track)%00%(upstream:remotename)%00%(upstream:remoteref) refs/heads/main refs/remotes/main [2ms]
2024-09-24 18:23:31.489 [warning] [Git][revParse] Unable to read file: ENOENT: no such file or directory, open '/workspace/boilerplate-project-urlshortener/.git/refs/remotes/origin/main'
2024-09-24 18:23:31.491 [info] > git rev-parse refs/remotes/origin/main [2ms]
2024-09-24 18:23:31.496 [info] > git status -z -uall [2ms]
2024-09-24 18:23:31.502 [info] > git for-each-ref --format=%(refname)%00%(upstream:short)%00%(objectname)%00%(upstream:track)%00%(upstream:remotename)%00%(upstream:remoteref) refs/heads/main refs/remotes/main [2ms]
2024-09-24 18:23:31.507 [info] > git config --local branch.main.vscode-merge-base [2ms]
2024-09-24 18:23:31.511 [info] > git for-each-ref --format=%(refname)%00%(upstream:short)%00%(objectname)%00%(upstream:track)%00%(upstream:remotename)%00%(upstream:remoteref) refs/heads/origin/main refs/remotes/origin/main [1ms]
2024-09-24 18:23:43.877 [info] > git config --get commit.template [4ms]
2024-09-24 18:23:43.878 [info] > git for-each-ref --format=%(refname)%00%(upstream:short)%00%(objectname)%00%(upstream:track)%00%(upstream:remotename)%00%(upstream:remoteref) refs/heads/main refs/remotes/main [2ms]
2024-09-24 18:23:43.881 [warning] [Git][revParse] Unable to read file: ENOENT: no such file or directory, open '/workspace/boilerplate-project-urlshortener/.git/refs/remotes/origin/main'
2024-09-24 18:23:43.882 [info] > git rev-parse refs/remotes/origin/main [1ms]
2024-09-24 18:23:43.888 [info] > git status -z -uall [3ms]
2024-09-24 18:23:43.893 [info] > git for-each-ref --format=%(refname)%00%(upstream:short)%00%(objectname)%00%(upstream:track)%00%(upstream:remotename)%00%(upstream:remoteref) refs/heads/main refs/remotes/main [2ms]
2024-09-24 18:23:43.898 [info] > git config --local branch.main.vscode-merge-base [2ms]
2024-09-24 18:23:43.903 [info] > git for-each-ref --format=%(refname)%00%(upstream:short)%00%(objectname)%00%(upstream:track)%00%(upstream:remotename)%00%(upstream:remoteref) refs/heads/origin/main refs/remotes/origin/main [2ms]
2024-09-24 18:23:49.525 [info] > git config --get commit.template [4ms]
2024-09-24 18:23:49.526 [info] > git for-each-ref --format=%(refname)%00%(upstream:short)%00%(objectname)%00%(upstream:track)%00%(upstream:remotename)%00%(upstream:remoteref) refs/heads/main refs/remotes/main [2ms]
2024-09-24 18:23:49.529 [warning] [Git][revParse] Unable to read file: ENOENT: no such file or directory, open '/workspace/boilerplate-project-urlshortener/.git/refs/remotes/origin/main'
2024-09-24 18:23:49.531 [info] > git rev-parse refs/remotes/origin/main [2ms]
2024-09-24 18:23:49.536 [info] > git status -z -uall [2ms]
2024-09-24 18:23:49.542 [info] > git for-each-ref --format=%(refname)%00%(upstream:short)%00%(objectname)%00%(upstream:track)%00%(upstream:remotename)%00%(upstream:remoteref) refs/heads/main refs/remotes/main [2ms]
2024-09-24 18:23:49.546 [info] > git config --local branch.main.vscode-merge-base [1ms]
2024-09-24 18:23:49.551 [info] > git for-each-ref --format=%(refname)%00%(upstream:short)%00%(objectname)%00%(upstream:track)%00%(upstream:remotename)%00%(upstream:remoteref) refs/heads/origin/main refs/remotes/origin/main [2ms]
2024-09-24 18:24:03.866 [info] > git config --get commit.template [4ms]
2024-09-24 18:24:03.867 [info] > git for-each-ref --format=%(refname)%00%(upstream:short)%00%(objectname)%00%(upstream:track)%00%(upstream:remotename)%00%(upstream:remoteref) refs/heads/main refs/remotes/main [2ms]
2024-09-24 18:24:03.871 [warning] [Git][revParse] Unable to read file: ENOENT: no such file or directory, open '/workspace/boilerplate-project-urlshortener/.git/refs/remotes/origin/main'
2024-09-24 18:24:03.873 [info] > git rev-parse refs/remotes/origin/main [1ms]
2024-09-24 18:24:03.879 [info] > git status -z -uall [3ms]
2024-09-24 18:24:03.885 [info] > git for-each-ref --format=%(refname)%00%(upstream:short)%00%(objectname)%00%(upstream:track)%00%(upstream:remotename)%00%(upstream:remoteref) refs/heads/main refs/remotes/main [2ms]
2024-09-24 18:24:03.890 [info] > git config --local branch.main.vscode-merge-base [1ms]
2024-09-24 18:24:03.896 [info] > git for-each-ref --format=%(refname)%00%(upstream:short)%00%(objectname)%00%(upstream:track)%00%(upstream:remotename)%00%(upstream:remoteref) refs/heads/origin/main refs/remotes/origin/main [1ms]
2024-09-24 18:24:08.892 [info] > git config --get commit.template [4ms]
2024-09-24 18:24:08.894 [info] > git for-each-ref --format=%(refname)%00%(upstream:short)%00%(objectname)%00%(upstream:track)%00%(upstream:remotename)%00%(upstream:remoteref) refs/heads/main refs/remotes/main [2ms]
2024-09-24 18:24:08.897 [warning] [Git][revParse] Unable to read file: ENOENT: no such file or directory, open '/workspace/boilerplate-project-urlshortener/.git/refs/remotes/origin/main'
2024-09-24 18:24:08.899 [info] > git rev-parse refs/remotes/origin/main [2ms]
2024-09-24 18:24:08.904 [info] > git status -z -uall [2ms]
2024-09-24 18:24:08.910 [info] > git for-each-ref --format=%(refname)%00%(upstream:short)%00%(objectname)%00%(upstream:track)%00%(upstream:remotename)%00%(upstream:remoteref) refs/heads/main refs/remotes/main [2ms]
2024-09-24 18:24:08.915 [info] > git config --local branch.main.vscode-merge-base [1ms]
2024-09-24 18:24:08.920 [info] > git for-each-ref --format=%(refname)%00%(upstream:short)%00%(objectname)%00%(upstream:track)%00%(upstream:remotename)%00%(upstream:remoteref) refs/heads/origin/main refs/remotes/origin/main [1ms]
2024-09-24 18:25:07.563 [info] > git config --get commit.template [4ms]
2024-09-24 18:25:07.564 [info] > git for-each-ref --format=%(refname)%00%(upstream:short)%00%(objectname)%00%(upstream:track)%00%(upstream:remotename)%00%(upstream:remoteref) refs/heads/main refs/remotes/main [2ms]
2024-09-24 18:25:07.568 [warning] [Git][revParse] Unable to read file: ENOENT: no such file or directory, open '/workspace/boilerplate-project-urlshortener/.git/refs/remotes/origin/main'
2024-09-24 18:25:07.569 [info] > git rev-parse refs/remotes/origin/main [1ms]
2024-09-24 18:25:07.575 [info] > git status -z -uall [2ms]
2024-09-24 18:25:07.582 [info] > git for-each-ref --format=%(refname)%00%(upstream:short)%00%(objectname)%00%(upstream:track)%00%(upstream:remotename)%00%(upstream:remoteref) refs/heads/main refs/remotes/main [2ms]
2024-09-24 18:25:07.587 [info] > git config --local branch.main.vscode-merge-base [2ms]
2024-09-24 18:25:07.592 [info] > git for-each-ref --format=%(refname)%00%(upstream:short)%00%(objectname)%00%(upstream:track)%00%(upstream:remotename)%00%(upstream:remoteref) refs/heads/origin/main refs/remotes/origin/main [2ms]
2024-09-24 18:25:14.160 [info] > git config --get commit.template [4ms]
2024-09-24 18:25:14.161 [info] > git for-each-ref --format=%(refname)%00%(upstream:short)%00%(objectname)%00%(upstream:track)%00%(upstream:remotename)%00%(upstream:remoteref) refs/heads/main refs/remotes/main [2ms]
2024-09-24 18:25:14.164 [warning] [Git][revParse] Unable to read file: ENOENT: no such file or directory, open '/workspace/boilerplate-project-urlshortener/.git/refs/remotes/origin/main'
2024-09-24 18:25:14.166 [info] > git rev-parse refs/remotes/origin/main [2ms]
2024-09-24 18:25:14.171 [info] > git status -z -uall [2ms]
2024-09-24 18:25:14.176 [info] > git for-each-ref --format=%(refname)%00%(upstream:short)%00%(objectname)%00%(upstream:track)%00%(upstream:remotename)%00%(upstream:remoteref) refs/heads/main refs/remotes/main [1ms]
2024-09-24 18:25:14.181 [info] > git config --local branch.main.vscode-merge-base [1ms]
2024-09-24 18:25:14.186 [info] > git for-each-ref --format=%(refname)%00%(upstream:short)%00%(objectname)%00%(upstream:track)%00%(upstream:remotename)%00%(upstream:remoteref) refs/heads/origin/main refs/remotes/origin/main [2ms]
2024-09-24 18:28:01.103 [info] > git config --get commit.template [3ms]
2024-09-24 18:28:01.104 [info] > git for-each-ref --format=%(refname)%00%(upstream:short)%00%(objectname)%00%(upstream:track)%00%(upstream:remotename)%00%(upstream:remoteref) refs/heads/main refs/remotes/main [2ms]
2024-09-24 18:28:01.107 [warning] [Git][revParse] Unable to read file: ENOENT: no such file or directory, open '/workspace/boilerplate-project-urlshortener/.git/refs/remotes/origin/main'
2024-09-24 18:28:01.109 [info] > git rev-parse refs/remotes/origin/main [2ms]
2024-09-24 18:28:01.115 [info] > git status -z -uall [2ms]
2024-09-24 18:28:01.121 [info] > git for-each-ref --format=%(refname)%00%(upstream:short)%00%(objectname)%00%(upstream:track)%00%(upstream:remotename)%00%(upstream:remoteref) refs/heads/main refs/remotes/main [2ms]
2024-09-24 18:28:01.126 [info] > git config --local branch.main.vscode-merge-base [1ms]
2024-09-24 18:28:01.131 [info] > git for-each-ref --format=%(refname)%00%(upstream:short)%00%(objectname)%00%(upstream:track)%00%(upstream:remotename)%00%(upstream:remoteref) refs/heads/origin/main refs/remotes/origin/main [1ms]
2024-09-24 18:28:10.073 [info] > git config --get commit.template [5ms]
2024-09-24 18:28:10.075 [info] > git for-each-ref --format=%(refname)%00%(upstream:short)%00%(objectname)%00%(upstream:track)%00%(upstream:remotename)%00%(upstream:remoteref) refs/heads/main refs/remotes/main [2ms]
2024-09-24 18:28:10.078 [warning] [Git][revParse] Unable to read file: ENOENT: no such file or directory, open '/workspace/boilerplate-project-urlshortener/.git/refs/remotes/origin/main'
2024-09-24 18:28:10.080 [info] > git rev-parse refs/remotes/origin/main [2ms]
2024-09-24 18:28:10.085 [info] > git status -z -uall [2ms]
2024-09-24 18:28:10.093 [info] > git for-each-ref --format=%(refname)%00%(upstream:short)%00%(objectname)%00%(upstream:track)%00%(upstream:remotename)%00%(upstream:remoteref) refs/heads/main refs/remotes/main [4ms]
2024-09-24 18:28:10.098 [info] > git config --local branch.main.vscode-merge-base [2ms]
2024-09-24 18:28:10.103 [info] > git for-each-ref --format=%(refname)%00%(upstream:short)%00%(objectname)%00%(upstream:track)%00%(upstream:remotename)%00%(upstream:remoteref) refs/heads/origin/main refs/remotes/origin/main [1ms]
2024-09-24 18:28:15.099 [info] > git config --get commit.template [4ms]
2024-09-24 18:28:15.100 [info] > git for-each-ref --format=%(refname)%00%(upstream:short)%00%(objectname)%00%(upstream:track)%00%(upstream:remotename)%00%(upstream:remoteref) refs/heads/main refs/remotes/main [1ms]
2024-09-24 18:28:15.104 [warning] [Git][revParse] Unable to read file: ENOENT: no such file or directory, open '/workspace/boilerplate-project-urlshortener/.git/refs/remotes/origin/main'
2024-09-24 18:28:15.105 [info] > git rev-parse refs/remotes/origin/main [1ms]
2024-09-24 18:28:15.111 [info] > git status -z -uall [2ms]
2024-09-24 18:28:15.117 [info] > git for-each-ref --format=%(refname)%00%(upstream:short)%00%(objectname)%00%(upstream:track)%00%(upstream:remotename)%00%(upstream:remoteref) refs/heads/main refs/remotes/main [2ms]
2024-09-24 18:28:15.122 [info] > git config --local branch.main.vscode-merge-base [1ms]
2024-09-24 18:28:15.127 [info] > git for-each-ref --format=%(refname)%00%(upstream:short)%00%(objectname)%00%(upstream:track)%00%(upstream:remotename)%00%(upstream:remoteref) refs/heads/origin/main refs/remotes/origin/main [1ms]
2024-09-24 18:28:58.531 [info] > git config --get commit.template [4ms]
2024-09-24 18:28:58.532 [info] > git for-each-ref --format=%(refname)%00%(upstream:short)%00%(objectname)%00%(upstream:track)%00%(upstream:remotename)%00%(upstream:remoteref) refs/heads/main refs/remotes/main [2ms]
2024-09-24 18:28:58.535 [warning] [Git][revParse] Unable to read file: ENOENT: no such file or directory, open '/workspace/boilerplate-project-urlshortener/.git/refs/remotes/origin/main'
2024-09-24 18:28:58.537 [info] > git rev-parse refs/remotes/origin/main [1ms]
2024-09-24 18:28:58.542 [info] > git status -z -uall [2ms]
2024-09-24 18:28:58.548 [info] > git for-each-ref --format=%(refname)%00%(upstream:short)%00%(objectname)%00%(upstream:track)%00%(upstream:remotename)%00%(upstream:remoteref) refs/heads/main refs/remotes/main [2ms]
2024-09-24 18:28:58.553 [info] > git config --local branch.main.vscode-merge-base [1ms]
2024-09-24 18:28:58.558 [info] > git for-each-ref --format=%(refname)%00%(upstream:short)%00%(objectname)%00%(upstream:track)%00%(upstream:remotename)%00%(upstream:remoteref) refs/heads/origin/main refs/remotes/origin/main [2ms]
2024-09-24 18:29:03.555 [info] > git config --get commit.template [4ms]
2024-09-24 18:29:03.556 [info] > git for-each-ref --format=%(refname)%00%(upstream:short)%00%(objectname)%00%(upstream:track)%00%(upstream:remotename)%00%(upstream:remoteref) refs/heads/main refs/remotes/main [2ms]
2024-09-24 18:29:03.559 [warning] [Git][revParse] Unable to read file: ENOENT: no such file or directory, open '/workspace/boilerplate-project-urlshortener/.git/refs/remotes/origin/main'
2024-09-24 18:29:03.561 [info] > git rev-parse refs/remotes/origin/main [2ms]
2024-09-24 18:29:03.566 [info] > git status -z -uall [2ms]
2024-09-24 18:29:03.571 [info] > git for-each-ref --format=%(refname)%00%(upstream:short)%00%(objectname)%00%(upstream:track)%00%(upstream:remotename)%00%(upstream:remoteref) refs/heads/main refs/remotes/main [1ms]
2024-09-24 18:29:03.576 [info] > git config --local branch.main.vscode-merge-base [2ms]
2024-09-24 18:29:03.580 [info] > git for-each-ref --format=%(refname)%00%(upstream:short)%00%(objectname)%00%(upstream:track)%00%(upstream:remotename)%00%(upstream:remoteref) refs/heads/origin/main refs/remotes/origin/main [1ms]
