2024-10-16 18:15:35.294 [info] Extension host with pid 123 started
2024-10-16 18:15:35.294 [error] Error: EEXIST: file already exists, open '/workspace/.vscode-remote/data/User/workspaceStorage/21cae2a8/vscode.lock'
2024-10-16 18:15:35.299 [info] Lock '/workspace/.vscode-remote/data/User/workspaceStorage/21cae2a8/vscode.lock': Could not acquire lock, checking if the file is stale.
2024-10-16 18:15:35.302 [info] Lock '/workspace/.vscode-remote/data/User/workspaceStorage/21cae2a8/vscode.lock': The pid 122 appears to be gone.
2024-10-16 18:15:35.302 [info] Lock '/workspace/.vscode-remote/data/User/workspaceStorage/21cae2a8/vscode.lock': Deleting a stale lock.
2024-10-16 18:15:35.311 [info] Lock '/workspace/.vscode-remote/data/User/workspaceStorage/21cae2a8/vscode.lock': Lock acquired.
2024-10-16 18:15:35.389 [info] ExtensionService#_doActivateExtension vscode.simple-browser, startup: false, activationEvent: 'onWebviewPanel:simpleBrowser.view'
2024-10-16 18:15:35.390 [info] ExtensionService#_doActivateExtension vscode.emmet, startup: false, activationEvent: 'onLanguage'
2024-10-16 18:15:35.391 [info] ExtensionService#_doActivateExtension vscode.typescript-language-features, startup: false, activationEvent: 'onLanguage:javascript'
2024-10-16 18:15:35.645 [info] ExtensionService#_doActivateExtension vscode.git-base, startup: true, activationEvent: '*', root cause: vscode.git
2024-10-16 18:15:35.645 [info] ExtensionService#_doActivateExtension gitpod.gitpod-web, startup: true, activationEvent: '*'
2024-10-16 18:15:35.814 [info] ExtensionService#_doActivateExtension vscode.npm, startup: true, activationEvent: 'workspaceContains:package.json'
2024-10-16 18:15:35.971 [info] ExtensionService#_doActivateExtension vscode.git, startup: true, activationEvent: '*'
2024-10-16 18:15:35.972 [info] ExtensionService#_doActivateExtension vscode.github, startup: true, activationEvent: '*'
2024-10-16 18:15:36.681 [info] Eager extensions activated
2024-10-16 18:15:36.681 [info] ExtensionService#_doActivateExtension vscode.debug-auto-launch, startup: false, activationEvent: 'onStartupFinished'
2024-10-16 18:15:36.682 [info] ExtensionService#_doActivateExtension vscode.merge-conflict, startup: false, activationEvent: 'onStartupFinished'
2024-10-16 18:15:36.682 [info] ExtensionService#_doActivateExtension vscode.github-authentication, startup: false, activationEvent: 'onStartupFinished', root cause: GitHub.vscode-pull-request-github
2024-10-16 18:15:37.672 [info] ExtensionService#_doActivateExtension GitHub.vscode-pull-request-github, startup: false, activationEvent: 'onStartupFinished'
2024-10-16 18:15:38.189 [info] ExtensionService#_doActivateExtension redhat.vscode-yaml, startup: false, activationEvent: 'onLanguage:yaml'
2024-10-16 18:15:39.778 [warning] [redhat.vscode-yaml] Accessing a resource scoped configuration without providing a resource is not expected. To get the effective value for '[yaml]', provide the URI of a resource or 'null' for any resource.
2024-10-16 18:15:39.780 [warning] [redhat.vscode-yaml] Accessing a resource scoped configuration without providing a resource is not expected. To get the effective value for '[yaml]', provide the URI of a resource or 'null' for any resource.
2024-10-16 18:15:41.657 [info] ExtensionService#_doActivateExtension vscode.configuration-editing, startup: false, activationEvent: 'onLanguage:json'
2024-10-16 18:15:41.657 [info] ExtensionService#_doActivateExtension vscode.extension-editing, startup: false, activationEvent: 'onLanguage:json'
2024-10-16 18:15:41.657 [info] ExtensionService#_doActivateExtension vscode.json-language-features, startup: false, activationEvent: 'onLanguage:json'
2024-10-16 19:23:33.329 [info] ExtensionService#_doActivateExtension vscode.html-language-features, startup: false, activationEvent: 'onLanguage:html'
