2024-10-14 22:36:06.983 [info] Log level: Info
2024-10-14 22:36:07.278 [info] VSCODE_MACHINE_ID: 0d3624ff-5237-4db4-9e23-c3d214102521
2024-10-14 22:36:07.278 [info] VSCODE_SESSION_ID: 3fafa1cd-8a34-45d3-94b4-7c95fe36a2f61728945364362
2024-10-14 22:36:07.278 [info] VSCODE_VERSION: 1.93.1
2024-10-14 22:36:07.278 [info] VSCODE_APP_NAME: Gitpod Code
2024-10-14 22:36:07.278 [info] VSCODE_APP_HOST: Gitpod
2024-10-14 22:36:07.278 [info] VSCODE_UI_KIND: web
2024-10-14 22:36:07.278 [info] GITPOD_WORKSPACE_CONTEXT_URL: https://github.com/freeCodeCamp/boilerplate-project-metricimpconverter/
2024-10-14 22:36:07.278 [info] GITPOD_INSTANCE_ID: 6c9fdc92-fef4-4938-93df-a2d6c9a073ec
2024-10-14 22:36:07.278 [info] GITPOD_WORKSPACE_URL: https://freecodecam-boilerplate-40eafcptrho.ws-us116.gitpod.io
2024-10-14 22:36:07.284 [info] Gitpod Web 7ff72a2
2024-10-14 22:36:07.284 [info] Reading sessions from keychain...
2024-10-14 22:36:08.385 [info] Getting sessions for all scopes...
2024-10-14 22:36:08.385 [info] Getting GitHub sessions for all scopes...
2024-10-14 22:36:08.385 [info] Getting sessions for function:accessCodeSyncStorage...
2024-10-14 22:36:08.385 [info] Got 1 GitHub sessions for all scopes...
2024-10-14 22:36:08.386 [info] Got stored sessions!
2024-10-14 22:36:08.386 [info] Verified session with the following scopes: function:accessCodeSyncStorage function:closePort function:controlAdmission function:deleteEnvVar function:generateNewGitpodToken function:getDefaultWorkspaceImage function:getGitpodTokenScopes function:getIDToken function:getLoggedInUser function:getOpenPorts function:getSupportedWorkspaceClasses function:getTeams function:getToken function:getWorkspace function:getWorkspaceEnvVars function:getWorkspaceOwner function:getWorkspaceTimeout function:getWorkspaceUsers function:guessGitTokenScopes function:isWorkspaceOwner function:openPort function:sendHeartBeat function:setEnvVar function:setWorkspaceTimeout function:stopWorkspace function:takeSnapshot function:trackEvent function:updateGitStatus function:waitForSnapshot resource:contentBlob::*::create/get resource:envVar::*/*::update resource:envVar::freeCodeCamp/boilerplate-project-metricimpconverter::create/get/update/delete resource:gitpodToken::*::create resource:snapshot::ws-freecodecam-boilerplate-40eafcptrho::create resource:token::*::get resource:userStorage::*::create/get/update resource:workspace::freecodecam-boilerplate-40eafcptrho::get/update resource:workspaceInstance::6c9fdc92-fef4-4938-93df-a2d6c9a073ec::get/update/delete
2024-10-14 22:36:08.389 [info] Got 1 verified sessions.
2024-10-14 22:36:08.389 [info] Got 1 sessions for all scopes...
2024-10-14 22:36:08.389 [info] Got 1 sessions for function:accessCodeSyncStorage...
2024-10-14 22:36:09.178 [info] Getting GitHub sessions for all scopes...
2024-10-14 22:36:09.178 [info] Getting sessions for all scopes...
2024-10-14 22:36:09.178 [info] Got 1 GitHub sessions for all scopes...
2024-10-14 22:36:09.178 [info] Got 1 sessions for all scopes...
2024-10-14 22:36:09.311 [info] Getting GitHub sessions for read:user,repo,user:email,workflow...
2024-10-14 22:36:09.311 [info] Got 0 GitHub sessions for read:user,repo,user:email,workflow...
2024-10-14 22:36:09.578 [info] Getting GitHub sessions for project,read:org,read:user,repo,user:email,workflow...
2024-10-14 22:36:09.579 [info] Got 0 GitHub sessions for project,read:org,read:user,repo,user:email,workflow...
2024-10-14 22:36:09.822 [info] Getting GitHub sessions for read:user,repo,user:email,workflow...
2024-10-14 22:36:09.822 [info] Got 0 GitHub sessions for read:user,repo,user:email,workflow...
2024-10-14 22:36:09.936 [info] Getting GitHub sessions for read:user,repo,user:email...
2024-10-14 22:36:09.936 [info] Got 0 GitHub sessions for read:user,repo,user:email...
2024-10-14 22:36:10.071 [info] Getting GitHub sessions for read:user,repo,user:email,workflow...
2024-10-14 22:36:10.071 [info] Got 0 GitHub sessions for read:user,repo,user:email,workflow...
2024-10-14 22:43:54.958 [info] Getting GitHub sessions for read:user,repo,user:email,workflow...
2024-10-14 22:43:54.958 [info] Got 0 GitHub sessions for read:user,repo,user:email,workflow...
2024-10-14 22:44:28.897 [error] GitHub sign in failed:  4 DEADLINE_EXCEEDED: Deadline exceeded
2024-10-14 23:46:46.458 [error] cannot maintain connection to supervisor 13 INTERNAL: closed
2024-10-14 23:46:47.460 [error] cannot maintain connection to supervisor 13 INTERNAL: closed
2024-10-14 23:46:48.461 [error] cannot maintain connection to supervisor 13 INTERNAL: closed
2024-10-14 23:46:49.463 [error] cannot maintain connection to supervisor 13 INTERNAL: closed
2024-10-14 23:46:50.465 [error] cannot maintain connection to supervisor 13 INTERNAL: closed
2024-10-14 23:46:51.467 [error] cannot maintain connection to supervisor 13 INTERNAL: closed
2024-10-14 23:46:52.469 [error] cannot maintain connection to supervisor 13 INTERNAL: closed
2024-10-14 23:46:53.471 [error] cannot maintain connection to supervisor 13 INTERNAL: closed
2024-10-14 23:46:54.473 [error] cannot maintain connection to supervisor 13 INTERNAL: closed
2024-10-14 23:46:55.475 [error] cannot maintain connection to supervisor 13 INTERNAL: closed
2024-10-14 23:46:56.477 [error] cannot maintain connection to supervisor 13 INTERNAL: closed
2024-10-14 23:46:57.479 [error] cannot maintain connection to supervisor 13 INTERNAL: closed
2024-10-14 23:46:58.481 [error] cannot maintain connection to supervisor 13 INTERNAL: closed
2024-10-14 23:46:59.482 [error] cannot maintain connection to supervisor 13 INTERNAL: closed
