2024-10-25 17:05:50.448 [info] Log level: Info
2024-10-25 17:05:50.448 [info] VSCODE_MACHINE_ID: 548b41ca-8ecb-41b0-8ad5-1ba477d031a3
2024-10-25 17:05:50.448 [info] VSCODE_SESSION_ID: 327fe432-28cc-4ebe-8e6b-c663b575e53b1729875946845
2024-10-25 17:05:50.448 [info] VSCODE_VERSION: 1.94.2
2024-10-25 17:05:50.448 [info] VSCODE_APP_NAME: Gitpod Code
2024-10-25 17:05:50.448 [info] VSCODE_APP_HOST: Gitpod
2024-10-25 17:05:50.448 [info] VSCODE_UI_KIND: web
2024-10-25 17:05:50.448 [info] GITPOD_WORKSPACE_CONTEXT_URL: https://github.com/freecodecamp/boilerplate-project-sudoku-solver
2024-10-25 17:05:50.448 [info] GITPOD_INSTANCE_ID: f15b3376-79c1-4a1e-ba90-873a87cbe9d3
2024-10-25 17:05:50.448 [info] GITPOD_WORKSPACE_URL: https://freecodecam-boilerplate-dzaep3wo8ql.ws-us116.gitpod.io
2024-10-25 17:05:50.448 [info] Gitpod Web 7ff72a2
2024-10-25 17:05:50.448 [info] Reading sessions from keychain...
2024-10-25 17:05:51.033 [info] Getting sessions for all scopes...
2024-10-25 17:05:51.033 [info] Getting sessions for all scopes...
2024-10-25 17:05:51.033 [info] Getting GitHub sessions for all scopes...
2024-10-25 17:05:51.033 [info] Getting sessions for function:accessCodeSyncStorage...
2024-10-25 17:05:51.033 [info] Got 1 GitHub sessions for all scopes...
2024-10-25 17:05:51.034 [info] Got stored sessions!
2024-10-25 17:05:51.035 [info] Verified session with the following scopes: function:accessCodeSyncStorage function:closePort function:controlAdmission function:deleteEnvVar function:generateNewGitpodToken function:getDefaultWorkspaceImage function:getGitpodTokenScopes function:getIDToken function:getLoggedInUser function:getOpenPorts function:getSupportedWorkspaceClasses function:getTeams function:getToken function:getWorkspace function:getWorkspaceEnvVars function:getWorkspaceOwner function:getWorkspaceTimeout function:getWorkspaceUsers function:guessGitTokenScopes function:isWorkspaceOwner function:openPort function:sendHeartBeat function:setEnvVar function:setWorkspaceTimeout function:stopWorkspace function:takeSnapshot function:trackEvent function:updateGitStatus function:waitForSnapshot resource:contentBlob::*::create/get resource:envVar::*/**::update resource:envVar::*/*::update resource:envVar::freeCodeCamp/boilerplate-project-sudoku-solver::create/get/update/delete resource:gitpodToken::*::create resource:snapshot::ws-freecodecam-boilerplate-dzaep3wo8ql::create resource:token::*::get resource:userStorage::*::create/get/update resource:workspace::freecodecam-boilerplate-dzaep3wo8ql::get/update resource:workspaceInstance::f15b3376-79c1-4a1e-ba90-873a87cbe9d3::get/update/delete
2024-10-25 17:05:51.037 [info] Got 1 verified sessions.
2024-10-25 17:05:51.037 [info] Got 1 sessions for all scopes...
2024-10-25 17:05:51.037 [info] Got 1 sessions for all scopes...
2024-10-25 17:05:51.037 [info] Got 1 sessions for function:accessCodeSyncStorage...
2024-10-25 17:05:51.442 [info] Getting GitHub sessions for all scopes...
2024-10-25 17:05:51.442 [info] Getting GitHub sessions for all scopes...
2024-10-25 17:05:51.442 [info] Getting sessions for all scopes...
2024-10-25 17:05:51.442 [info] Got 1 GitHub sessions for all scopes...
2024-10-25 17:05:51.442 [info] Got 1 GitHub sessions for all scopes...
2024-10-25 17:05:51.442 [info] Got 1 sessions for all scopes...
2024-10-25 17:05:51.497 [info] Getting GitHub sessions for read:user,repo,user:email,workflow...
2024-10-25 17:05:51.498 [info] Got 0 GitHub sessions for read:user,repo,user:email,workflow...
2024-10-25 17:05:51.624 [info] Getting GitHub sessions for project,read:org,read:user,repo,user:email,workflow...
2024-10-25 17:05:51.624 [info] Got 0 GitHub sessions for project,read:org,read:user,repo,user:email,workflow...
2024-10-25 17:05:51.660 [info] Getting sessions for all scopes...
2024-10-25 17:05:51.660 [info] Getting GitHub sessions for all scopes...
2024-10-25 17:05:51.668 [info] Got 1 sessions for all scopes...
2024-10-25 17:05:51.668 [info] Got 1 GitHub sessions for all scopes...
2024-10-25 17:05:51.758 [info] Getting GitHub sessions for read:user,repo,user:email,workflow...
2024-10-25 17:05:51.758 [info] Got 0 GitHub sessions for read:user,repo,user:email,workflow...
2024-10-25 17:05:51.924 [info] Getting GitHub sessions for read:user,repo,user:email...
2024-10-25 17:05:51.924 [info] Got 0 GitHub sessions for read:user,repo,user:email...
2024-10-25 17:05:52.022 [info] Getting GitHub sessions for read:user,repo,user:email,workflow...
2024-10-25 17:05:52.022 [info] Got 0 GitHub sessions for read:user,repo,user:email,workflow...
2024-10-25 20:47:44.734 [error] cannot maintain connection to supervisor 13 INTERNAL: closed
2024-10-25 20:47:45.736 [error] cannot maintain connection to supervisor 13 INTERNAL: closed
2024-10-25 20:47:46.738 [error] cannot maintain connection to supervisor 13 INTERNAL: closed
2024-10-25 20:47:47.740 [error] cannot maintain connection to supervisor 13 INTERNAL: closed
2024-10-25 20:47:48.741 [error] cannot maintain connection to supervisor 13 INTERNAL: closed
2024-10-25 20:47:49.744 [error] cannot maintain connection to supervisor 13 INTERNAL: closed
2024-10-25 20:47:50.746 [error] cannot maintain connection to supervisor 13 INTERNAL: closed
2024-10-25 20:47:51.749 [error] cannot maintain connection to supervisor 13 INTERNAL: closed
2024-10-25 20:47:52.751 [error] cannot maintain connection to supervisor 13 INTERNAL: closed
2024-10-25 20:47:53.753 [error] cannot maintain connection to supervisor 13 INTERNAL: closed
2024-10-25 20:47:54.755 [error] cannot maintain connection to supervisor 13 INTERNAL: closed
2024-10-25 20:47:55.757 [error] cannot maintain connection to supervisor 13 INTERNAL: closed
2024-10-25 20:47:56.759 [error] cannot maintain connection to supervisor 13 INTERNAL: closed
2024-10-25 20:47:57.762 [error] cannot maintain connection to supervisor 13 INTERNAL: closed
