2024-09-30 17:44:12.045 [info] Log level: Info
2024-09-30 17:44:12.176 [info] VSCODE_MACHINE_ID: 86ef5178-1edc-435f-9cbf-388e34797139
2024-09-30 17:44:12.176 [info] VSCODE_SESSION_ID: 23da3e3e-48fa-4a6e-b50e-b55fdc87346d1727718249371
2024-09-30 17:44:12.176 [info] VSCODE_VERSION: 1.93.1
2024-09-30 17:44:12.176 [info] VSCODE_APP_NAME: Gitpod Code
2024-09-30 17:44:12.176 [info] VSCODE_APP_HOST: Gitpod
2024-09-30 17:44:12.176 [info] VSCODE_UI_KIND: web
2024-09-30 17:44:12.176 [info] GITPOD_WORKSPACE_CONTEXT_URL: https://github.com/freeCodeCamp/boilerplate-project-exercisetracker/
2024-09-30 17:44:12.176 [info] GITPOD_INSTANCE_ID: 86b2f7ca-708f-4bd2-bb9e-d6f7c12e9001
2024-09-30 17:44:12.176 [info] GITPOD_WORKSPACE_URL: https://freecodecam-boilerplate-04rxr268f3n.ws-us116.gitpod.io
2024-09-30 17:44:12.184 [info] Gitpod Web 7ff72a2
2024-09-30 17:44:12.184 [info] Reading sessions from keychain...
2024-09-30 17:44:12.615 [info] Getting sessions for all scopes...
2024-09-30 17:44:12.615 [info] Getting GitHub sessions for all scopes...
2024-09-30 17:44:12.615 [info] Getting sessions for function:accessCodeSyncStorage...
2024-09-30 17:44:12.616 [info] Got stored sessions!
2024-09-30 17:44:12.617 [info] Verified session with the following scopes: function:accessCodeSyncStorage function:closePort function:controlAdmission function:deleteEnvVar function:generateNewGitpodToken function:getDefaultWorkspaceImage function:getGitpodTokenScopes function:getIDToken function:getLoggedInUser function:getOpenPorts function:getSupportedWorkspaceClasses function:getTeams function:getToken function:getWorkspace function:getWorkspaceEnvVars function:getWorkspaceOwner function:getWorkspaceTimeout function:getWorkspaceUsers function:guessGitTokenScopes function:isWorkspaceOwner function:openPort function:sendHeartBeat function:setEnvVar function:setWorkspaceTimeout function:stopWorkspace function:takeSnapshot function:trackEvent function:updateGitStatus function:waitForSnapshot resource:contentBlob::*::create/get resource:envVar::*/*::update resource:envVar::freeCodeCamp/boilerplate-project-exercisetracker::create/get/update/delete resource:gitpodToken::*::create resource:snapshot::ws-freecodecam-boilerplate-04rxr268f3n::create resource:token::*::get resource:userStorage::*::create/get/update resource:workspace::freecodecam-boilerplate-04rxr268f3n::get/update resource:workspaceInstance::86b2f7ca-708f-4bd2-bb9e-d6f7c12e9001::get/update/delete
2024-09-30 17:44:12.619 [info] Got 1 verified sessions.
2024-09-30 17:44:12.619 [info] Got 1 sessions for all scopes...
2024-09-30 17:44:12.619 [info] Got 1 sessions for function:accessCodeSyncStorage...
2024-09-30 17:44:12.778 [info] Got 1 GitHub sessions for all scopes...
2024-09-30 17:44:12.916 [info] Getting sessions for all scopes...
2024-09-30 17:44:13.047 [info] Got 1 sessions for all scopes...
2024-09-30 17:44:13.058 [info] Getting GitHub sessions for all scopes...
2024-09-30 17:44:13.058 [info] Got 1 GitHub sessions for all scopes...
2024-09-30 17:44:13.092 [info] Getting GitHub sessions for read:user,repo,user:email,workflow...
2024-09-30 17:44:13.093 [info] Got 0 GitHub sessions for read:user,repo,user:email,workflow...
2024-09-30 17:44:13.269 [info] Getting GitHub sessions for project,read:org,read:user,repo,user:email,workflow...
2024-09-30 17:44:13.269 [info] Got 0 GitHub sessions for project,read:org,read:user,repo,user:email,workflow...
2024-09-30 17:44:13.524 [info] Getting GitHub sessions for read:user,repo,user:email,workflow...
2024-09-30 17:44:13.524 [info] Got 0 GitHub sessions for read:user,repo,user:email,workflow...
2024-09-30 17:44:13.741 [info] Getting GitHub sessions for read:user,repo,user:email...
2024-09-30 17:44:13.741 [info] Got 0 GitHub sessions for read:user,repo,user:email...
2024-09-30 17:44:14.111 [info] Getting GitHub sessions for read:user,repo,user:email,workflow...
2024-09-30 17:44:14.111 [info] Got 0 GitHub sessions for read:user,repo,user:email,workflow...
2024-09-30 22:09:07.777 [error] cannot maintain connection to supervisor 13 INTERNAL: closed
2024-09-30 22:09:08.779 [error] cannot maintain connection to supervisor 13 INTERNAL: closed
2024-09-30 22:09:09.781 [error] cannot maintain connection to supervisor 13 INTERNAL: closed
2024-09-30 22:09:10.783 [error] cannot maintain connection to supervisor 13 INTERNAL: closed
2024-09-30 22:09:11.786 [error] cannot maintain connection to supervisor 13 INTERNAL: closed
2024-09-30 22:09:12.787 [error] cannot maintain connection to supervisor 13 INTERNAL: closed
2024-09-30 22:09:13.790 [error] cannot maintain connection to supervisor 13 INTERNAL: closed
2024-09-30 22:09:14.792 [error] cannot maintain connection to supervisor 13 INTERNAL: closed
2024-09-30 22:09:15.794 [error] cannot maintain connection to supervisor 13 INTERNAL: closed
2024-09-30 22:09:16.797 [error] cannot maintain connection to supervisor 13 INTERNAL: closed
2024-09-30 22:09:17.798 [error] cannot maintain connection to supervisor 13 INTERNAL: closed
2024-09-30 22:09:18.802 [error] cannot maintain connection to supervisor 13 INTERNAL: closed
2024-09-30 22:09:19.803 [error] cannot maintain connection to supervisor 13 INTERNAL: closed
2024-09-30 22:09:20.806 [error] cannot maintain connection to supervisor 13 INTERNAL: closed
