2024-10-15 18:15:06.636 [info] Log level: Info
2024-10-15 18:15:06.811 [info] VSCODE_MACHINE_ID: fa586c21-28c0-48db-87d9-68dfc8eeba50
2024-10-15 18:15:06.812 [info] VSCODE_SESSION_ID: 3ed72644-1dc1-444a-bca2-e6d53d038e9a1729016104656
2024-10-15 18:15:06.812 [info] VSCODE_VERSION: 1.94.1
2024-10-15 18:15:06.812 [info] VSCODE_APP_NAME: Gitpod Code
2024-10-15 18:15:06.812 [info] VSCODE_APP_HOST: Gitpod
2024-10-15 18:15:06.812 [info] VSCODE_UI_KIND: web
2024-10-15 18:15:06.812 [info] GITPOD_WORKSPACE_CONTEXT_URL: https://github.com/freeCodeCamp/boilerplate-project-issuetracker/
2024-10-15 18:15:06.812 [info] GITPOD_INSTANCE_ID: 8833cc18-e933-451c-995b-31d4b397d72a
2024-10-15 18:15:06.812 [info] GITPOD_WORKSPACE_URL: https://freecodecam-boilerplate-4ja7gu03p4f.ws-us116.gitpod.io
2024-10-15 18:15:06.838 [info] Gitpod Web 7ff72a2
2024-10-15 18:15:06.838 [info] Reading sessions from keychain...
2024-10-15 18:15:07.115 [info] Getting sessions for all scopes...
2024-10-15 18:15:07.115 [info] Getting sessions for all scopes...
2024-10-15 18:15:07.115 [info] Getting GitHub sessions for all scopes...
2024-10-15 18:15:07.115 [info] Getting sessions for function:accessCodeSyncStorage...
2024-10-15 18:15:07.115 [info] Got stored sessions!
2024-10-15 18:15:07.115 [info] Verified session with the following scopes: function:accessCodeSyncStorage function:closePort function:controlAdmission function:deleteEnvVar function:generateNewGitpodToken function:getDefaultWorkspaceImage function:getGitpodTokenScopes function:getIDToken function:getLoggedInUser function:getOpenPorts function:getSupportedWorkspaceClasses function:getTeams function:getToken function:getWorkspace function:getWorkspaceEnvVars function:getWorkspaceOwner function:getWorkspaceTimeout function:getWorkspaceUsers function:guessGitTokenScopes function:isWorkspaceOwner function:openPort function:sendHeartBeat function:setEnvVar function:setWorkspaceTimeout function:stopWorkspace function:takeSnapshot function:trackEvent function:updateGitStatus function:waitForSnapshot resource:contentBlob::*::create/get resource:envVar::*/*::update resource:envVar::freeCodeCamp/boilerplate-project-issuetracker::create/get/update/delete resource:gitpodToken::*::create resource:snapshot::ws-freecodecam-boilerplate-4ja7gu03p4f::create resource:token::*::get resource:userStorage::*::create/get/update resource:workspace::freecodecam-boilerplate-4ja7gu03p4f::get/update resource:workspaceInstance::8833cc18-e933-451c-995b-31d4b397d72a::get/update/delete
2024-10-15 18:15:07.115 [info] Got 1 verified sessions.
2024-10-15 18:15:07.115 [info] Got 1 sessions for all scopes...
2024-10-15 18:15:07.115 [info] Got 1 sessions for all scopes...
2024-10-15 18:15:07.115 [info] Got 1 sessions for function:accessCodeSyncStorage...
2024-10-15 18:15:07.256 [info] Got 1 GitHub sessions for all scopes...
2024-10-15 18:15:07.440 [info] Getting GitHub sessions for all scopes...
2024-10-15 18:15:07.440 [info] Getting sessions for all scopes...
2024-10-15 18:15:07.440 [info] Got 1 GitHub sessions for all scopes...
2024-10-15 18:15:07.440 [info] Got 1 sessions for all scopes...
2024-10-15 18:15:07.564 [info] Getting GitHub sessions for all scopes...
2024-10-15 18:15:07.564 [info] Got 1 GitHub sessions for all scopes...
2024-10-15 18:15:07.646 [info] Getting GitHub sessions for read:user,repo,user:email,workflow...
2024-10-15 18:15:07.646 [info] Got 0 GitHub sessions for read:user,repo,user:email,workflow...
2024-10-15 18:15:07.720 [info] Getting GitHub sessions for project,read:org,read:user,repo,user:email,workflow...
2024-10-15 18:15:07.720 [info] Got 0 GitHub sessions for project,read:org,read:user,repo,user:email,workflow...
2024-10-15 18:15:07.824 [info] Getting GitHub sessions for read:user,repo,user:email,workflow...
2024-10-15 18:15:07.824 [info] Got 0 GitHub sessions for read:user,repo,user:email,workflow...
2024-10-15 18:15:07.919 [info] Getting GitHub sessions for read:user,repo,user:email...
2024-10-15 18:15:07.919 [info] Got 0 GitHub sessions for read:user,repo,user:email...
2024-10-15 18:15:08.026 [info] Getting GitHub sessions for read:user,repo,user:email,workflow...
2024-10-15 18:15:08.026 [info] Got 0 GitHub sessions for read:user,repo,user:email,workflow...
2024-10-15 18:15:08.685 [info] Getting sessions for all scopes...
2024-10-15 18:15:08.685 [info] Getting GitHub sessions for all scopes...
2024-10-15 18:15:08.691 [info] Got 1 sessions for all scopes...
2024-10-15 18:15:08.691 [info] Got 1 GitHub sessions for all scopes...
2024-10-15 20:00:01.299 [error] cannot maintain connection to supervisor 13 INTERNAL: closed
2024-10-15 20:00:02.301 [error] cannot maintain connection to supervisor 13 INTERNAL: closed
2024-10-15 20:00:03.303 [error] cannot maintain connection to supervisor 13 INTERNAL: closed
2024-10-15 20:00:04.305 [error] cannot maintain connection to supervisor 13 INTERNAL: closed
2024-10-15 20:00:05.307 [error] cannot maintain connection to supervisor 13 INTERNAL: closed
2024-10-15 20:00:06.308 [error] cannot maintain connection to supervisor 13 INTERNAL: closed
2024-10-15 20:00:07.310 [error] cannot maintain connection to supervisor 13 INTERNAL: closed
2024-10-15 20:00:08.312 [error] cannot maintain connection to supervisor 13 INTERNAL: closed
2024-10-15 20:00:09.315 [error] cannot maintain connection to supervisor 13 INTERNAL: closed
2024-10-15 20:00:10.316 [error] cannot maintain connection to supervisor 13 INTERNAL: closed
2024-10-15 20:00:11.318 [error] cannot maintain connection to supervisor 13 INTERNAL: closed
2024-10-15 20:00:12.321 [error] cannot maintain connection to supervisor 13 INTERNAL: closed
2024-10-15 20:00:13.323 [error] cannot maintain connection to supervisor 13 INTERNAL: closed
2024-10-15 20:00:14.324 [error] cannot maintain connection to supervisor 13 INTERNAL: closed
