2024-10-25 21:14:24.793 [info] Log level: Info
2024-10-25 21:14:25.072 [info] VSCODE_MACHINE_ID: 548b41ca-8ecb-41b0-8ad5-1ba477d031a3
2024-10-25 21:14:25.072 [info] VSCODE_SESSION_ID: 2c3f2cdd-0845-4b92-b860-c2afac01c5511729890862440
2024-10-25 21:14:25.072 [info] VSCODE_VERSION: 1.94.2
2024-10-25 21:14:25.072 [info] VSCODE_APP_NAME: Gitpod Code
2024-10-25 21:14:25.072 [info] VSCODE_APP_HOST: Gitpod
2024-10-25 21:14:25.072 [info] VSCODE_UI_KIND: web
2024-10-25 21:14:25.072 [info] GITPOD_WORKSPACE_CONTEXT_URL: https://github.com/freecodecamp/boilerplate-project-sudoku-solver
2024-10-25 21:14:25.072 [info] GITPOD_INSTANCE_ID: d46b9cd3-d593-4262-8f2e-8eda7438cd08
2024-10-25 21:14:25.072 [info] GITPOD_WORKSPACE_URL: https://freecodecam-boilerplate-dzaep3wo8ql.ws-us116.gitpod.io
2024-10-25 21:14:25.078 [info] Gitpod Web 7ff72a2
2024-10-25 21:14:25.078 [info] Reading sessions from keychain...
2024-10-25 21:14:25.405 [info] Getting sessions for all scopes...
2024-10-25 21:14:25.405 [info] Getting sessions for all scopes...
2024-10-25 21:14:25.405 [info] Getting GitHub sessions for all scopes...
2024-10-25 21:14:25.405 [info] Getting sessions for function:accessCodeSyncStorage...
2024-10-25 21:14:25.406 [info] Got stored sessions!
2024-10-25 21:14:25.406 [info] Verified session with the following scopes: function:accessCodeSyncStorage function:closePort function:controlAdmission function:deleteEnvVar function:generateNewGitpodToken function:getDefaultWorkspaceImage function:getGitpodTokenScopes function:getIDToken function:getLoggedInUser function:getOpenPorts function:getSupportedWorkspaceClasses function:getTeams function:getToken function:getWorkspace function:getWorkspaceEnvVars function:getWorkspaceOwner function:getWorkspaceTimeout function:getWorkspaceUsers function:guessGitTokenScopes function:isWorkspaceOwner function:openPort function:sendHeartBeat function:setEnvVar function:setWorkspaceTimeout function:stopWorkspace function:takeSnapshot function:trackEvent function:updateGitStatus function:waitForSnapshot resource:contentBlob::*::create/get resource:envVar::*/**::update resource:envVar::*/*::update resource:envVar::freeCodeCamp/boilerplate-project-sudoku-solver::create/get/update/delete resource:gitpodToken::*::create resource:snapshot::ws-freecodecam-boilerplate-dzaep3wo8ql::create resource:token::*::get resource:userStorage::*::create/get/update resource:workspace::freecodecam-boilerplate-dzaep3wo8ql::get/update resource:workspaceInstance::d46b9cd3-d593-4262-8f2e-8eda7438cd08::get/update/delete
2024-10-25 21:14:25.408 [info] Got 1 verified sessions.
2024-10-25 21:14:25.409 [info] Got 1 sessions for all scopes...
2024-10-25 21:14:25.409 [info] Got 1 sessions for all scopes...
2024-10-25 21:14:25.409 [info] Got 1 sessions for function:accessCodeSyncStorage...
2024-10-25 21:14:25.576 [info] Got 1 GitHub sessions for all scopes...
2024-10-25 21:14:25.710 [info] Getting GitHub sessions for read:user,repo,user:email,workflow...
2024-10-25 21:14:25.710 [info] Getting GitHub sessions for all scopes...
2024-10-25 21:14:25.710 [info] Getting sessions for all scopes...
2024-10-25 21:14:25.716 [info] Got 0 GitHub sessions for read:user,repo,user:email,workflow...
2024-10-25 21:14:25.716 [info] Got 1 GitHub sessions for all scopes...
2024-10-25 21:14:25.717 [info] Got 1 sessions for all scopes...
2024-10-25 21:14:25.732 [info] Getting GitHub sessions for all scopes...
2024-10-25 21:14:25.847 [info] Got 1 GitHub sessions for all scopes...
2024-10-25 21:14:25.974 [info] Getting GitHub sessions for project,read:org,read:user,repo,user:email,workflow...
2024-10-25 21:14:25.974 [info] Got 0 GitHub sessions for project,read:org,read:user,repo,user:email,workflow...
2024-10-25 21:14:26.173 [info] Getting GitHub sessions for read:user,repo,user:email,workflow...
2024-10-25 21:14:26.173 [info] Got 0 GitHub sessions for read:user,repo,user:email,workflow...
2024-10-25 21:14:26.299 [info] Getting GitHub sessions for read:user,repo,user:email...
2024-10-25 21:14:26.299 [info] Got 0 GitHub sessions for read:user,repo,user:email...
2024-10-25 21:14:26.482 [info] Getting GitHub sessions for read:user,repo,user:email,workflow...
2024-10-25 21:14:26.482 [info] Got 0 GitHub sessions for read:user,repo,user:email,workflow...
2024-10-25 21:14:27.086 [info] Getting sessions for all scopes...
2024-10-25 21:14:27.086 [info] Getting GitHub sessions for all scopes...
2024-10-25 21:14:27.094 [info] Got 1 sessions for all scopes...
2024-10-25 21:14:27.094 [info] Got 1 GitHub sessions for all scopes...
2024-10-25 23:07:19.987 [error] cannot maintain connection to supervisor 13 INTERNAL: closed
2024-10-25 23:07:20.991 [error] cannot maintain connection to supervisor 13 INTERNAL: closed
2024-10-25 23:07:21.993 [error] cannot maintain connection to supervisor 13 INTERNAL: closed
2024-10-25 23:07:22.997 [error] cannot maintain connection to supervisor 13 INTERNAL: closed
2024-10-25 23:07:24.000 [error] cannot maintain connection to supervisor 13 INTERNAL: closed
2024-10-25 23:07:25.002 [error] cannot maintain connection to supervisor 13 INTERNAL: closed
2024-10-25 23:07:26.010 [error] cannot maintain connection to supervisor 13 INTERNAL: closed
2024-10-25 23:07:27.013 [error] cannot maintain connection to supervisor 13 INTERNAL: closed
2024-10-25 23:07:28.019 [error] cannot maintain connection to supervisor 13 INTERNAL: closed
2024-10-25 23:07:29.028 [error] cannot maintain connection to supervisor 13 INTERNAL: closed
2024-10-25 23:07:30.032 [error] cannot maintain connection to supervisor 13 INTERNAL: closed
2024-10-25 23:07:31.036 [error] cannot maintain connection to supervisor 13 INTERNAL: closed
2024-10-25 23:07:32.038 [error] cannot maintain connection to supervisor 13 INTERNAL: closed
2024-10-25 23:07:33.040 [error] cannot maintain connection to supervisor 13 INTERNAL: closed
