2024-09-23 17:08:02.334 [info] Log level: Info
2024-09-23 17:08:02.334 [info] VSCODE_MACHINE_ID: 7cce749a-e454-42fe-beca-fbdad1619dc4
2024-09-23 17:08:02.334 [info] VSCODE_SESSION_ID: a7964b73-7c40-4e1e-a78b-654c60e21faf1727111279782
2024-09-23 17:08:02.334 [info] VSCODE_VERSION: 1.93.1
2024-09-23 17:08:02.334 [info] VSCODE_APP_NAME: Gitpod Code
2024-09-23 17:08:02.335 [info] VSCODE_APP_HOST: Gitpod
2024-09-23 17:08:02.335 [info] VSCODE_UI_KIND: web
2024-09-23 17:08:02.335 [info] GITPOD_WORKSPACE_CONTEXT_URL: https://github.com/freeCodeCamp/boilerplate-project-timestamp/
2024-09-23 17:08:02.335 [info] GITPOD_INSTANCE_ID: 9982804a-3864-4880-8800-95648f26cbda
2024-09-23 17:08:02.335 [info] GITPOD_WORKSPACE_URL: https://freecodecam-boilerplate-s0t7yrl6d42.ws-us116.gitpod.io
2024-09-23 17:08:02.335 [info] Gitpod Web 7ff72a2
2024-09-23 17:08:02.335 [info] Reading sessions from keychain...
2024-09-23 17:08:02.501 [info] Getting sessions for all scopes...
2024-09-23 17:08:02.501 [info] Getting GitHub sessions for all scopes...
2024-09-23 17:08:02.501 [info] Getting sessions for function:accessCodeSyncStorage...
2024-09-23 17:08:02.501 [info] Got stored sessions!
2024-09-23 17:08:02.501 [info] Verified session with the following scopes: function:accessCodeSyncStorage function:closePort function:controlAdmission function:deleteEnvVar function:generateNewGitpodToken function:getDefaultWorkspaceImage function:getGitpodTokenScopes function:getIDToken function:getLoggedInUser function:getOpenPorts function:getSupportedWorkspaceClasses function:getTeams function:getToken function:getWorkspace function:getWorkspaceEnvVars function:getWorkspaceOwner function:getWorkspaceTimeout function:getWorkspaceUsers function:guessGitTokenScopes function:isWorkspaceOwner function:openPort function:sendHeartBeat function:setEnvVar function:setWorkspaceTimeout function:stopWorkspace function:takeSnapshot function:trackEvent function:updateGitStatus function:waitForSnapshot resource:contentBlob::*::create/get resource:envVar::*/*::update resource:envVar::freeCodeCamp/boilerplate-project-timestamp::create/get/update/delete resource:gitpodToken::*::create resource:snapshot::ws-freecodecam-boilerplate-s0t7yrl6d42::create resource:token::*::get resource:userStorage::*::create/get/update resource:workspace::freecodecam-boilerplate-s0t7yrl6d42::get/update resource:workspaceInstance::9982804a-3864-4880-8800-95648f26cbda::get/update/delete
2024-09-23 17:08:02.501 [info] Got 1 verified sessions.
2024-09-23 17:08:02.501 [info] Got 1 sessions for all scopes...
2024-09-23 17:08:02.501 [info] Got 1 sessions for function:accessCodeSyncStorage...
2024-09-23 17:08:02.662 [info] Got 1 GitHub sessions for all scopes...
2024-09-23 17:08:02.969 [info] Getting sessions for all scopes...
2024-09-23 17:08:02.969 [info] Got 1 sessions for all scopes...
2024-09-23 17:08:03.127 [info] Getting GitHub sessions for all scopes...
2024-09-23 17:08:03.127 [info] Got 1 GitHub sessions for all scopes...
2024-09-23 17:08:03.208 [info] Getting GitHub sessions for read:user,repo,user:email,workflow...
2024-09-23 17:08:03.208 [info] Got 0 GitHub sessions for read:user,repo,user:email,workflow...
2024-09-23 17:08:03.400 [info] Getting GitHub sessions for project,read:org,read:user,repo,user:email,workflow...
2024-09-23 17:08:03.400 [info] Got 0 GitHub sessions for project,read:org,read:user,repo,user:email,workflow...
2024-09-23 17:08:03.550 [info] Getting GitHub sessions for read:user,repo,user:email,workflow...
2024-09-23 17:08:03.550 [info] Got 0 GitHub sessions for read:user,repo,user:email,workflow...
2024-09-23 17:08:03.720 [info] Getting GitHub sessions for read:user,repo,user:email...
2024-09-23 17:08:03.720 [info] Got 0 GitHub sessions for read:user,repo,user:email...
2024-09-23 17:08:03.865 [info] Getting GitHub sessions for read:user,repo,user:email,workflow...
2024-09-23 17:08:03.865 [info] Got 0 GitHub sessions for read:user,repo,user:email,workflow...
2024-09-23 21:16:43.601 [error] cannot maintain connection to supervisor 13 INTERNAL: closed
2024-09-23 21:16:44.604 [error] cannot maintain connection to supervisor 13 INTERNAL: closed
2024-09-23 21:16:45.605 [error] cannot maintain connection to supervisor 13 INTERNAL: closed
2024-09-23 21:16:46.605 [error] cannot maintain connection to supervisor 13 INTERNAL: closed
2024-09-23 21:16:47.607 [error] cannot maintain connection to supervisor 13 INTERNAL: closed
2024-09-23 21:16:48.609 [error] cannot maintain connection to supervisor 13 INTERNAL: closed
2024-09-23 21:16:49.610 [error] cannot maintain connection to supervisor 13 INTERNAL: closed
2024-09-23 21:16:50.612 [error] cannot maintain connection to supervisor 13 INTERNAL: closed
2024-09-23 21:16:51.615 [error] cannot maintain connection to supervisor 13 INTERNAL: closed
2024-09-23 21:16:52.617 [error] cannot maintain connection to supervisor 13 INTERNAL: closed
2024-09-23 21:16:53.619 [error] cannot maintain connection to supervisor 13 INTERNAL: closed
2024-09-23 21:16:54.621 [error] cannot maintain connection to supervisor 13 INTERNAL: closed
2024-09-23 21:16:55.623 [error] cannot maintain connection to supervisor 13 INTERNAL: closed
2024-09-23 21:16:56.624 [error] cannot maintain connection to supervisor 13 INTERNAL: closed
