2024-09-23 21:49:41.926 [info] Log level: Info
2024-09-23 21:49:41.926 [info] VSCODE_MACHINE_ID: d28311fb-fa7a-49b4-b2c0-2cfcd56e5e22
2024-09-23 21:49:41.926 [info] VSCODE_SESSION_ID: 911884c3-6671-43ca-9ad5-7c278d41f85c1727128178356
2024-09-23 21:49:41.926 [info] VSCODE_VERSION: 1.93.1
2024-09-23 21:49:41.926 [info] VSCODE_APP_NAME: Gitpod Code
2024-09-23 21:49:41.926 [info] VSCODE_APP_HOST: Gitpod
2024-09-23 21:49:41.926 [info] VSCODE_UI_KIND: web
2024-09-23 21:49:41.926 [info] GITPOD_WORKSPACE_CONTEXT_URL: https://github.com/freeCodeCamp/boilerplate-project-urlshortener/
2024-09-23 21:49:41.926 [info] GITPOD_INSTANCE_ID: dc4aa498-f123-4854-8f19-f65a152c1283
2024-09-23 21:49:41.926 [info] GITPOD_WORKSPACE_URL: https://freecodecam-boilerplate-9zpq6oi6qv1.ws-us116.gitpod.io
2024-09-23 21:49:41.926 [info] Gitpod Web 7ff72a2
2024-09-23 21:49:41.926 [info] Reading sessions from keychain...
2024-09-23 21:49:42.093 [info] Getting sessions for all scopes...
2024-09-23 21:49:42.093 [info] Getting GitHub sessions for all scopes...
2024-09-23 21:49:42.093 [info] Getting sessions for function:accessCodeSyncStorage...
2024-09-23 21:49:42.093 [info] Got 1 GitHub sessions for all scopes...
2024-09-23 21:49:42.093 [info] Got stored sessions!
2024-09-23 21:49:42.093 [info] Verified session with the following scopes: function:accessCodeSyncStorage function:closePort function:controlAdmission function:deleteEnvVar function:generateNewGitpodToken function:getDefaultWorkspaceImage function:getGitpodTokenScopes function:getIDToken function:getLoggedInUser function:getOpenPorts function:getSupportedWorkspaceClasses function:getTeams function:getToken function:getWorkspace function:getWorkspaceEnvVars function:getWorkspaceOwner function:getWorkspaceTimeout function:getWorkspaceUsers function:guessGitTokenScopes function:isWorkspaceOwner function:openPort function:sendHeartBeat function:setEnvVar function:setWorkspaceTimeout function:stopWorkspace function:takeSnapshot function:trackEvent function:updateGitStatus function:waitForSnapshot resource:contentBlob::*::create/get resource:envVar::*/*::update resource:envVar::freeCodeCamp/boilerplate-project-urlshortener::create/get/update/delete resource:gitpodToken::*::create resource:snapshot::ws-freecodecam-boilerplate-9zpq6oi6qv1::create resource:token::*::get resource:userStorage::*::create/get/update resource:workspace::freecodecam-boilerplate-9zpq6oi6qv1::get/update resource:workspaceInstance::dc4aa498-f123-4854-8f19-f65a152c1283::get/update/delete
2024-09-23 21:49:42.094 [info] Got 1 verified sessions.
2024-09-23 21:49:42.094 [info] Got 1 sessions for all scopes...
2024-09-23 21:49:42.094 [info] Got 1 sessions for function:accessCodeSyncStorage...
2024-09-23 21:49:43.876 [info] Getting GitHub sessions for all scopes...
2024-09-23 21:49:43.876 [info] Getting sessions for all scopes...
2024-09-23 21:49:43.876 [info] Got 1 GitHub sessions for all scopes...
2024-09-23 21:49:43.876 [info] Got 1 sessions for all scopes...
2024-09-23 21:49:44.581 [info] Getting GitHub sessions for read:user,repo,user:email,workflow...
2024-09-23 21:49:44.581 [info] Got 0 GitHub sessions for read:user,repo,user:email,workflow...
2024-09-23 21:49:44.627 [info] Getting GitHub sessions for project,read:org,read:user,repo,user:email,workflow...
2024-09-23 21:49:44.627 [info] Got 0 GitHub sessions for project,read:org,read:user,repo,user:email,workflow...
2024-09-23 21:49:44.708 [info] Getting GitHub sessions for read:user,repo,user:email,workflow...
2024-09-23 21:49:44.708 [info] Got 0 GitHub sessions for read:user,repo,user:email,workflow...
2024-09-23 21:49:44.804 [info] Getting GitHub sessions for read:user,repo,user:email...
2024-09-23 21:49:44.804 [info] Got 0 GitHub sessions for read:user,repo,user:email...
2024-09-23 21:49:44.909 [info] Getting GitHub sessions for read:user,repo,user:email,workflow...
2024-09-23 21:49:44.909 [info] Got 0 GitHub sessions for read:user,repo,user:email,workflow...
2024-09-23 23:36:20.126 [error] cannot maintain connection to supervisor 13 INTERNAL: closed
2024-09-23 23:36:21.127 [error] cannot maintain connection to supervisor 13 INTERNAL: closed
2024-09-23 23:36:22.128 [error] cannot maintain connection to supervisor 13 INTERNAL: closed
2024-09-23 23:36:23.129 [error] cannot maintain connection to supervisor 13 INTERNAL: closed
2024-09-23 23:36:24.131 [error] cannot maintain connection to supervisor 13 INTERNAL: closed
2024-09-23 23:36:25.133 [error] cannot maintain connection to supervisor 13 INTERNAL: closed
2024-09-23 23:36:26.134 [error] cannot maintain connection to supervisor 13 INTERNAL: closed
2024-09-23 23:36:27.135 [error] cannot maintain connection to supervisor 13 INTERNAL: closed
2024-09-23 23:36:28.137 [error] cannot maintain connection to supervisor 13 INTERNAL: closed
2024-09-23 23:36:29.138 [error] cannot maintain connection to supervisor 13 INTERNAL: closed
2024-09-23 23:36:30.139 [error] cannot maintain connection to supervisor 13 INTERNAL: closed
2024-09-23 23:36:31.140 [error] cannot maintain connection to supervisor 13 INTERNAL: closed
2024-09-23 23:36:32.141 [error] cannot maintain connection to supervisor 13 INTERNAL: closed
2024-09-23 23:36:33.144 [error] cannot maintain connection to supervisor 13 INTERNAL: closed
