2024-09-23 20:21:26.888 [info] Log level: Info
2024-09-23 20:21:26.888 [info] VSCODE_MACHINE_ID: 7aecd436-8a9d-4c2d-8b9b-cf2a972169a8
2024-09-23 20:21:26.888 [info] VSCODE_SESSION_ID: e6eb8923-22f5-4ce3-ac67-35afbbc5a7a21727122882306
2024-09-23 20:21:26.888 [info] VSCODE_VERSION: 1.93.1
2024-09-23 20:21:26.888 [info] VSCODE_APP_NAME: Gitpod Code
2024-09-23 20:21:26.888 [info] VSCODE_APP_HOST: Gitpod
2024-09-23 20:21:26.888 [info] VSCODE_UI_KIND: web
2024-09-23 20:21:26.888 [info] GITPOD_WORKSPACE_CONTEXT_URL: https://github.com/freeCodeCamp/boilerplate-project-headerparser/
2024-09-23 20:21:26.888 [info] GITPOD_INSTANCE_ID: 4c7732d5-5db2-4eab-957f-3fe97dc22759
2024-09-23 20:21:26.888 [info] GITPOD_WORKSPACE_URL: https://freecodecam-boilerplate-giu0extkquy.ws-us116.gitpod.io
2024-09-23 20:21:26.888 [info] Gitpod Web 7ff72a2
2024-09-23 20:21:26.888 [info] Reading sessions from keychain...
2024-09-23 20:21:26.924 [info] Getting sessions for all scopes...
2024-09-23 20:21:26.924 [info] Getting GitHub sessions for all scopes...
2024-09-23 20:21:26.924 [info] Getting sessions for function:accessCodeSyncStorage...
2024-09-23 20:21:26.924 [info] Got stored sessions!
2024-09-23 20:21:26.924 [info] Verified session with the following scopes: function:accessCodeSyncStorage function:closePort function:controlAdmission function:deleteEnvVar function:generateNewGitpodToken function:getDefaultWorkspaceImage function:getGitpodTokenScopes function:getIDToken function:getLoggedInUser function:getOpenPorts function:getSupportedWorkspaceClasses function:getTeams function:getToken function:getWorkspace function:getWorkspaceEnvVars function:getWorkspaceOwner function:getWorkspaceTimeout function:getWorkspaceUsers function:guessGitTokenScopes function:isWorkspaceOwner function:openPort function:sendHeartBeat function:setEnvVar function:setWorkspaceTimeout function:stopWorkspace function:takeSnapshot function:trackEvent function:updateGitStatus function:waitForSnapshot resource:contentBlob::*::create/get resource:envVar::*/*::update resource:envVar::freeCodeCamp/boilerplate-project-headerparser::create/get/update/delete resource:gitpodToken::*::create resource:snapshot::ws-freecodecam-boilerplate-giu0extkquy::create resource:token::*::get resource:userStorage::*::create/get/update resource:workspace::freecodecam-boilerplate-giu0extkquy::get/update resource:workspaceInstance::4c7732d5-5db2-4eab-957f-3fe97dc22759::get/update/delete
2024-09-23 20:21:26.925 [info] Got 1 verified sessions.
2024-09-23 20:21:26.925 [info] Got 1 sessions for all scopes...
2024-09-23 20:21:26.925 [info] Got 1 sessions for function:accessCodeSyncStorage...
2024-09-23 20:21:27.102 [info] Got 1 GitHub sessions for all scopes...
2024-09-23 20:21:27.152 [info] Getting sessions for all scopes...
2024-09-23 20:21:27.152 [info] Got 1 sessions for all scopes...
2024-09-23 20:21:27.221 [info] Getting GitHub sessions for all scopes...
2024-09-23 20:21:27.221 [info] Got 1 GitHub sessions for all scopes...
2024-09-23 20:21:27.811 [info] Getting GitHub sessions for read:user,repo,user:email,workflow...
2024-09-23 20:21:27.811 [info] Got 0 GitHub sessions for read:user,repo,user:email,workflow...
2024-09-23 20:21:27.919 [info] Getting GitHub sessions for project,read:org,read:user,repo,user:email,workflow...
2024-09-23 20:21:27.919 [info] Got 0 GitHub sessions for project,read:org,read:user,repo,user:email,workflow...
2024-09-23 20:21:28.041 [info] Getting GitHub sessions for read:user,repo,user:email,workflow...
2024-09-23 20:21:28.041 [info] Got 0 GitHub sessions for read:user,repo,user:email,workflow...
2024-09-23 20:21:28.139 [info] Getting GitHub sessions for read:user,repo,user:email...
2024-09-23 20:21:28.139 [info] Got 0 GitHub sessions for read:user,repo,user:email...
2024-09-23 20:21:28.252 [info] Getting GitHub sessions for read:user,repo,user:email,workflow...
2024-09-23 20:21:28.252 [info] Got 0 GitHub sessions for read:user,repo,user:email,workflow...
2024-09-23 23:31:19.835 [error] cannot maintain connection to supervisor 13 INTERNAL: closed
2024-09-23 23:31:20.835 [error] cannot maintain connection to supervisor 13 INTERNAL: closed
2024-09-23 23:31:21.837 [error] cannot maintain connection to supervisor 13 INTERNAL: closed
2024-09-23 23:31:22.839 [error] cannot maintain connection to supervisor 13 INTERNAL: closed
2024-09-23 23:31:23.840 [error] cannot maintain connection to supervisor 13 INTERNAL: closed
2024-09-23 23:31:24.842 [error] cannot maintain connection to supervisor 13 INTERNAL: closed
2024-09-23 23:31:25.843 [error] cannot maintain connection to supervisor 13 INTERNAL: closed
2024-09-23 23:31:26.844 [error] cannot maintain connection to supervisor 13 INTERNAL: closed
2024-09-23 23:31:27.845 [error] cannot maintain connection to supervisor 13 INTERNAL: closed
2024-09-23 23:31:28.846 [error] cannot maintain connection to supervisor 13 INTERNAL: closed
2024-09-23 23:31:29.847 [error] cannot maintain connection to supervisor 13 INTERNAL: closed
2024-09-23 23:31:30.848 [error] cannot maintain connection to supervisor 13 INTERNAL: closed
2024-09-23 23:31:31.850 [error] cannot maintain connection to supervisor 13 INTERNAL: closed
2024-09-23 23:31:32.851 [error] cannot maintain connection to supervisor 13 INTERNAL: closed
