2024-09-26 22:57:35.039 [info] Log level: Info
2024-09-26 22:57:35.039 [info] VSCODE_MACHINE_ID: 86ef5178-1edc-435f-9cbf-388e34797139
2024-09-26 22:57:35.039 [info] VSCODE_SESSION_ID: 64e5bb64-252d-4279-b128-f2fcbe510c761727391452014
2024-09-26 22:57:35.039 [info] VSCODE_VERSION: 1.93.1
2024-09-26 22:57:35.039 [info] VSCODE_APP_NAME: Gitpod Code
2024-09-26 22:57:35.039 [info] VSCODE_APP_HOST: Gitpod
2024-09-26 22:57:35.039 [info] VSCODE_UI_KIND: web
2024-09-26 22:57:35.039 [info] GITPOD_WORKSPACE_CONTEXT_URL: https://github.com/freeCodeCamp/boilerplate-project-exercisetracker/
2024-09-26 22:57:35.039 [info] GITPOD_INSTANCE_ID: 8c363d33-045f-4712-b844-6b843bc04678
2024-09-26 22:57:35.039 [info] GITPOD_WORKSPACE_URL: https://freecodecam-boilerplate-04rxr268f3n.ws-us116.gitpod.io
2024-09-26 22:57:35.039 [info] Gitpod Web 7ff72a2
2024-09-26 22:57:35.039 [info] Reading sessions from keychain...
2024-09-26 22:57:35.434 [info] Getting sessions for all scopes...
2024-09-26 22:57:35.434 [info] Getting GitHub sessions for all scopes...
2024-09-26 22:57:35.434 [info] Getting sessions for function:accessCodeSyncStorage...
2024-09-26 22:57:35.435 [info] Got stored sessions!
2024-09-26 22:57:35.435 [info] Verified session with the following scopes: function:accessCodeSyncStorage function:closePort function:controlAdmission function:deleteEnvVar function:generateNewGitpodToken function:getDefaultWorkspaceImage function:getGitpodTokenScopes function:getIDToken function:getLoggedInUser function:getOpenPorts function:getSupportedWorkspaceClasses function:getTeams function:getToken function:getWorkspace function:getWorkspaceEnvVars function:getWorkspaceOwner function:getWorkspaceTimeout function:getWorkspaceUsers function:guessGitTokenScopes function:isWorkspaceOwner function:openPort function:sendHeartBeat function:setEnvVar function:setWorkspaceTimeout function:stopWorkspace function:takeSnapshot function:trackEvent function:updateGitStatus function:waitForSnapshot resource:contentBlob::*::create/get resource:envVar::*/*::update resource:envVar::freeCodeCamp/boilerplate-project-exercisetracker::create/get/update/delete resource:gitpodToken::*::create resource:snapshot::ws-freecodecam-boilerplate-04rxr268f3n::create resource:token::*::get resource:userStorage::*::create/get/update resource:workspace::freecodecam-boilerplate-04rxr268f3n::get/update resource:workspaceInstance::8c363d33-045f-4712-b844-6b843bc04678::get/update/delete
2024-09-26 22:57:35.435 [info] Got 1 verified sessions.
2024-09-26 22:57:35.435 [info] Got 1 sessions for all scopes...
2024-09-26 22:57:35.435 [info] Got 1 sessions for function:accessCodeSyncStorage...
2024-09-26 22:57:35.544 [info] Got 1 GitHub sessions for all scopes...
2024-09-26 22:57:35.830 [info] Getting sessions for all scopes...
2024-09-26 22:57:35.830 [info] Got 1 sessions for all scopes...
2024-09-26 22:57:35.940 [info] Getting GitHub sessions for all scopes...
2024-09-26 22:57:35.940 [info] Got 1 GitHub sessions for all scopes...
2024-09-26 22:57:36.049 [info] Getting GitHub sessions for read:user,repo,user:email,workflow...
2024-09-26 22:57:36.049 [info] Got 0 GitHub sessions for read:user,repo,user:email,workflow...
2024-09-26 22:57:36.125 [info] Getting GitHub sessions for project,read:org,read:user,repo,user:email,workflow...
2024-09-26 22:57:36.125 [info] Got 0 GitHub sessions for project,read:org,read:user,repo,user:email,workflow...
2024-09-26 22:57:36.225 [info] Getting GitHub sessions for read:user,repo,user:email,workflow...
2024-09-26 22:57:36.225 [info] Got 0 GitHub sessions for read:user,repo,user:email,workflow...
2024-09-26 22:57:36.316 [info] Getting GitHub sessions for read:user,repo,user:email...
2024-09-26 22:57:36.316 [info] Got 0 GitHub sessions for read:user,repo,user:email...
2024-09-26 22:57:36.424 [info] Getting GitHub sessions for read:user,repo,user:email,workflow...
2024-09-26 22:57:36.424 [info] Got 0 GitHub sessions for read:user,repo,user:email,workflow...
2024-09-27 01:13:45.693 [error] cannot maintain connection to supervisor 13 INTERNAL: closed
2024-09-27 01:13:46.695 [error] cannot maintain connection to supervisor 13 INTERNAL: closed
2024-09-27 01:13:47.697 [error] cannot maintain connection to supervisor 13 INTERNAL: closed
2024-09-27 01:13:48.700 [error] cannot maintain connection to supervisor 13 INTERNAL: closed
2024-09-27 01:13:49.702 [error] cannot maintain connection to supervisor 13 INTERNAL: closed
2024-09-27 01:13:50.705 [error] cannot maintain connection to supervisor 13 INTERNAL: closed
2024-09-27 01:13:51.706 [error] cannot maintain connection to supervisor 13 INTERNAL: closed
2024-09-27 01:13:52.709 [error] cannot maintain connection to supervisor 13 INTERNAL: closed
2024-09-27 01:13:53.710 [error] cannot maintain connection to supervisor 13 INTERNAL: closed
2024-09-27 01:13:54.713 [error] cannot maintain connection to supervisor 13 INTERNAL: closed
2024-09-27 01:13:55.715 [error] cannot maintain connection to supervisor 13 INTERNAL: closed
2024-09-27 01:13:56.717 [error] cannot maintain connection to supervisor 13 INTERNAL: closed
2024-09-27 01:13:57.719 [error] cannot maintain connection to supervisor 13 INTERNAL: closed
2024-09-27 01:13:58.721 [error] cannot maintain connection to supervisor 13 INTERNAL: closed
