2024-09-27 19:11:32.088 [info] Log level: Info
2024-09-27 19:11:32.285 [info] VSCODE_MACHINE_ID: 86ef5178-1edc-435f-9cbf-388e34797139
2024-09-27 19:11:32.285 [info] VSCODE_SESSION_ID: 7090055b-b433-4834-a7c6-797ed845c8301727464289504
2024-09-27 19:11:32.285 [info] VSCODE_VERSION: 1.93.1
2024-09-27 19:11:32.285 [info] VSCODE_APP_NAME: Gitpod Code
2024-09-27 19:11:32.285 [info] VSCODE_APP_HOST: Gitpod
2024-09-27 19:11:32.285 [info] VSCODE_UI_KIND: web
2024-09-27 19:11:32.285 [info] GITPOD_WORKSPACE_CONTEXT_URL: https://github.com/freeCodeCamp/boilerplate-project-exercisetracker/
2024-09-27 19:11:32.286 [info] GITPOD_INSTANCE_ID: 513f1f93-888b-4490-b548-c37984d3707c
2024-09-27 19:11:32.286 [info] GITPOD_WORKSPACE_URL: https://freecodecam-boilerplate-04rxr268f3n.ws-us116.gitpod.io
2024-09-27 19:11:32.293 [info] Gitpod Web 7ff72a2
2024-09-27 19:11:32.293 [info] Reading sessions from keychain...
2024-09-27 19:11:32.653 [info] Getting sessions for all scopes...
2024-09-27 19:11:32.653 [info] Getting GitHub sessions for all scopes...
2024-09-27 19:11:32.654 [info] Getting sessions for function:accessCodeSyncStorage...
2024-09-27 19:11:32.655 [info] Got stored sessions!
2024-09-27 19:11:32.655 [info] Verified session with the following scopes: function:accessCodeSyncStorage function:closePort function:controlAdmission function:deleteEnvVar function:generateNewGitpodToken function:getDefaultWorkspaceImage function:getGitpodTokenScopes function:getIDToken function:getLoggedInUser function:getOpenPorts function:getSupportedWorkspaceClasses function:getTeams function:getToken function:getWorkspace function:getWorkspaceEnvVars function:getWorkspaceOwner function:getWorkspaceTimeout function:getWorkspaceUsers function:guessGitTokenScopes function:isWorkspaceOwner function:openPort function:sendHeartBeat function:setEnvVar function:setWorkspaceTimeout function:stopWorkspace function:takeSnapshot function:trackEvent function:updateGitStatus function:waitForSnapshot resource:contentBlob::*::create/get resource:envVar::*/*::update resource:envVar::freeCodeCamp/boilerplate-project-exercisetracker::create/get/update/delete resource:gitpodToken::*::create resource:snapshot::ws-freecodecam-boilerplate-04rxr268f3n::create resource:token::*::get resource:userStorage::*::create/get/update resource:workspace::freecodecam-boilerplate-04rxr268f3n::get/update resource:workspaceInstance::513f1f93-888b-4490-b548-c37984d3707c::get/update/delete
2024-09-27 19:11:32.658 [info] Got 1 verified sessions.
2024-09-27 19:11:32.658 [info] Got 1 sessions for all scopes...
2024-09-27 19:11:32.658 [info] Got 1 sessions for function:accessCodeSyncStorage...
2024-09-27 19:11:32.829 [info] Got 1 GitHub sessions for all scopes...
2024-09-27 19:11:33.025 [info] Getting sessions for all scopes...
2024-09-27 19:11:33.025 [info] Got 1 sessions for all scopes...
2024-09-27 19:11:33.030 [info] Getting GitHub sessions for all scopes...
2024-09-27 19:11:33.030 [info] Got 1 GitHub sessions for all scopes...
2024-09-27 19:11:33.059 [info] Getting GitHub sessions for read:user,repo,user:email,workflow...
2024-09-27 19:11:33.059 [info] Got 0 GitHub sessions for read:user,repo,user:email,workflow...
2024-09-27 19:11:33.124 [info] Getting GitHub sessions for project,read:org,read:user,repo,user:email,workflow...
2024-09-27 19:11:33.124 [info] Got 0 GitHub sessions for project,read:org,read:user,repo,user:email,workflow...
2024-09-27 19:11:33.240 [info] Getting GitHub sessions for read:user,repo,user:email,workflow...
2024-09-27 19:11:33.240 [info] Got 0 GitHub sessions for read:user,repo,user:email,workflow...
2024-09-27 19:11:33.355 [info] Getting GitHub sessions for read:user,repo,user:email...
2024-09-27 19:11:33.355 [info] Got 0 GitHub sessions for read:user,repo,user:email...
2024-09-27 19:11:33.745 [info] Getting GitHub sessions for read:user,repo,user:email,workflow...
2024-09-27 19:11:33.745 [info] Got 0 GitHub sessions for read:user,repo,user:email,workflow...
2024-09-28 00:50:57.605 [error] cannot maintain connection to supervisor 13 INTERNAL: closed
2024-09-28 00:50:58.606 [error] cannot maintain connection to supervisor 13 INTERNAL: closed
2024-09-28 00:50:59.608 [error] cannot maintain connection to supervisor 13 INTERNAL: closed
2024-09-28 00:51:00.609 [error] cannot maintain connection to supervisor 13 INTERNAL: closed
2024-09-28 00:51:01.612 [error] cannot maintain connection to supervisor 13 INTERNAL: closed
2024-09-28 00:51:02.613 [error] cannot maintain connection to supervisor 13 INTERNAL: closed
2024-09-28 00:51:03.615 [error] cannot maintain connection to supervisor 13 INTERNAL: closed
2024-09-28 00:51:04.617 [error] cannot maintain connection to supervisor 13 INTERNAL: closed
2024-09-28 00:51:05.619 [error] cannot maintain connection to supervisor 13 INTERNAL: closed
2024-09-28 00:51:06.620 [error] cannot maintain connection to supervisor 13 INTERNAL: closed
2024-09-28 00:51:07.622 [error] cannot maintain connection to supervisor 13 INTERNAL: closed
2024-09-28 00:51:08.624 [error] cannot maintain connection to supervisor 13 INTERNAL: closed
2024-09-28 00:51:09.625 [error] cannot maintain connection to supervisor 13 INTERNAL: closed
2024-09-28 00:51:10.626 [error] cannot maintain connection to supervisor 13 INTERNAL: closed
