2024-10-22 18:13:00.176 [info] Extension host with pid 5665 started
2024-10-22 18:13:00.176 [error] Error: EEXIST: file already exists, open '/workspace/.vscode-remote/data/User/workspaceStorage/-153fa119/vscode.lock'
2024-10-22 18:13:00.178 [info] Lock '/workspace/.vscode-remote/data/User/workspaceStorage/-153fa119/vscode.lock': Could not acquire lock, checking if the file is stale.
2024-10-22 18:13:00.179 [info] Lock '/workspace/.vscode-remote/data/User/workspaceStorage/-153fa119/vscode.lock': The lock does not look stale, elapsed: 671 ms, giving up.
2024-10-22 18:13:00.181 [info] Lock '/workspace/.vscode-remote/data/User/workspaceStorage/-153fa119-1/vscode.lock': Lock acquired.
2024-10-22 18:13:00.237 [info] ExtensionService#_doActivateExtension vscode.emmet, startup: false, activationEvent: 'onLanguage'
2024-10-22 18:13:00.237 [info] ExtensionService#_doActivateExtension vscode.typescript-language-features, startup: false, activationEvent: 'onLanguage:javascript'
2024-10-22 18:13:00.238 [info] ExtensionService#_doActivateExtension vscode.simple-browser, startup: false, activationEvent: 'onWebviewPanel:simpleBrowser.view'
2024-10-22 18:13:00.414 [info] ExtensionService#_doActivateExtension vscode.git-base, startup: true, activationEvent: '*', root cause: vscode.git
2024-10-22 18:13:00.414 [info] ExtensionService#_doActivateExtension gitpod.gitpod-web, startup: true, activationEvent: '*'
2024-10-22 18:13:00.563 [info] ExtensionService#_doActivateExtension vscode.npm, startup: true, activationEvent: 'workspaceContains:package.json'
2024-10-22 18:13:00.694 [info] ExtensionService#_doActivateExtension vscode.git, startup: true, activationEvent: '*'
2024-10-22 18:13:00.694 [info] ExtensionService#_doActivateExtension vscode.github, startup: true, activationEvent: '*'
2024-10-22 18:13:02.541 [info] Eager extensions activated
2024-10-22 18:13:02.542 [info] ExtensionService#_doActivateExtension vscode.debug-auto-launch, startup: false, activationEvent: 'onStartupFinished'
2024-10-22 18:13:02.542 [info] ExtensionService#_doActivateExtension vscode.merge-conflict, startup: false, activationEvent: 'onStartupFinished'
2024-10-22 18:13:02.542 [info] ExtensionService#_doActivateExtension vscode.github-authentication, startup: false, activationEvent: 'onStartupFinished', root cause: GitHub.vscode-pull-request-github
2024-10-22 18:13:03.237 [info] ExtensionService#_doActivateExtension GitHub.vscode-pull-request-github, startup: false, activationEvent: 'onStartupFinished'
2024-10-22 18:13:03.548 [info] ExtensionService#_doActivateExtension redhat.vscode-yaml, startup: false, activationEvent: 'onLanguage:yaml'
2024-10-22 18:13:04.456 [warning] [redhat.vscode-yaml] Accessing a resource scoped configuration without providing a resource is not expected. To get the effective value for '[yaml]', provide the URI of a resource or 'null' for any resource.
2024-10-22 18:13:04.458 [warning] [redhat.vscode-yaml] Accessing a resource scoped configuration without providing a resource is not expected. To get the effective value for '[yaml]', provide the URI of a resource or 'null' for any resource.
2024-10-22 18:13:06.481 [info] ExtensionService#_doActivateExtension vscode.configuration-editing, startup: false, activationEvent: 'onLanguage:json'
2024-10-22 18:13:06.481 [info] ExtensionService#_doActivateExtension vscode.extension-editing, startup: false, activationEvent: 'onLanguage:json'
2024-10-22 18:13:06.482 [info] ExtensionService#_doActivateExtension vscode.json-language-features, startup: false, activationEvent: 'onLanguage:json'
2024-10-22 23:14:17.183 [info] Extension host terminating: renderer disconnected for too long (2)
2024-10-22 23:14:17.189 [info] Lock '/workspace/.vscode-remote/data/User/workspaceStorage/-153fa119-1/vscode.lock': Marking the lockfile as scheduled to be released in 6000 ms.
2024-10-22 23:14:17.225 [error] Canceled: Canceled
	at new tA (file:///ide/out/vs/workbench/api/node/extensionHostProcess.js:31:127956)
	at Kb.U (file:///ide/out/vs/workbench/api/node/extensionHostProcess.js:31:132568)
	at s.<computed>.n.charCodeAt.s.<computed> (file:///ide/out/vs/workbench/api/node/extensionHostProcess.js:31:130062)
	at R0.g (file:///ide/out/vs/workbench/api/node/extensionHostProcess.js:114:32475)
	at R0.executeCommand (file:///ide/out/vs/workbench/api/node/extensionHostProcess.js:114:31976)
	at r.registerCommand.description (file:///ide/out/vs/workbench/api/node/extensionHostProcess.js:114:31306)
	at R0.h (file:///ide/out/vs/workbench/api/node/extensionHostProcess.js:114:32995)
	at R0.g (file:///ide/out/vs/workbench/api/node/extensionHostProcess.js:114:32069)
	at R0.executeCommand (file:///ide/out/vs/workbench/api/node/extensionHostProcess.js:114:31976)
	at Object.executeCommand (file:///ide/out/vs/workbench/api/node/extensionHostProcess.js:156:37049)
	at vh.O [as value] (/ide/extensions/git/dist/main.js:2:953034)
	at T.B (file:///ide/out/vs/workbench/api/node/extensionHostProcess.js:29:732)
	at T.C (file:///ide/out/vs/workbench/api/node/extensionHostProcess.js:29:802)
	at T.fire (file:///ide/out/vs/workbench/api/node/extensionHostProcess.js:29:1019)
	at Object.p [as dispose] (/ide/extensions/git/dist/main.js:2:973612)
	at /ide/extensions/git/dist/main.js:2:979734
	at Array.forEach (<anonymous>)
	at f.dispose (/ide/extensions/git/dist/main.js:2:979720)
	at A1.<anonymous> (file:///ide/out/vs/workbench/api/node/extensionHostProcess.js:108:19996)
	at A1.dispose (file:///ide/out/vs/workbench/api/node/extensionHostProcess.js:108:20092)
	at A1.<anonymous> (/ide/extensions/git/dist/main.js:2:955332)
	at A1.dispose (file:///ide/out/vs/workbench/api/node/extensionHostProcess.js:108:20092)
	at Si (file:///ide/out/vs/workbench/api/node/extensionHostProcess.js:24:701)
	at file:///ide/out/vs/workbench/api/node/extensionHostProcess.js:118:14995
	at file:///ide/out/vs/workbench/api/node/extensionHostProcess.js:24:1011
	at Object.dispose (file:///ide/out/vs/workbench/api/node/extensionHostProcess.js:7:2146)
	at dB.eb (file:///ide/out/vs/workbench/api/node/extensionHostProcess.js:118:11922)
	at file:///ide/out/vs/workbench/api/node/extensionHostProcess.js:118:9877
	at Array.map (<anonymous>)
	at dB.$ (file:///ide/out/vs/workbench/api/node/extensionHostProcess.js:118:9865)
	at dB.terminate (file:///ide/out/vs/workbench/api/node/extensionHostProcess.js:118:10108)
	at j3.terminate (file:///ide/out/vs/workbench/api/node/extensionHostProcess.js:119:1424)
	at ps (file:///ide/out/vs/workbench/api/node/extensionHostProcess.js:174:15058)
	at B4.a (file:///ide/out/vs/workbench/api/node/extensionHostProcess.js:174:11968)
	at B4.h (file:///ide/out/vs/workbench/api/node/extensionHostProcess.js:30:75706)
	at listOnTimeout (node:internal/timers:581:17)
	at process.processTimers (node:internal/timers:519:7) setContext undefined
2024-10-22 23:14:17.226 [error] Canceled: Canceled
	at new tA (file:///ide/out/vs/workbench/api/node/extensionHostProcess.js:31:127956)
	at Kb.U (file:///ide/out/vs/workbench/api/node/extensionHostProcess.js:31:132568)
	at s.<computed>.n.charCodeAt.s.<computed> (file:///ide/out/vs/workbench/api/node/extensionHostProcess.js:31:130062)
	at R0.g (file:///ide/out/vs/workbench/api/node/extensionHostProcess.js:114:32475)
	at R0.executeCommand (file:///ide/out/vs/workbench/api/node/extensionHostProcess.js:114:31976)
	at r.registerCommand.description (file:///ide/out/vs/workbench/api/node/extensionHostProcess.js:114:31306)
	at R0.h (file:///ide/out/vs/workbench/api/node/extensionHostProcess.js:114:32995)
	at R0.g (file:///ide/out/vs/workbench/api/node/extensionHostProcess.js:114:32069)
	at R0.executeCommand (file:///ide/out/vs/workbench/api/node/extensionHostProcess.js:114:31976)
	at Object.executeCommand (file:///ide/out/vs/workbench/api/node/extensionHostProcess.js:156:37049)
	at set hasGitHubRepositories [as hasGitHubRepositories] (/ide/extensions/github/dist/extension.js:2:321578)
	at /ide/extensions/github/dist/extension.js:2:322537
	at vh.value (/ide/extensions/git/dist/main.js:2:1061875)
	at T.B (file:///ide/out/vs/workbench/api/node/extensionHostProcess.js:29:732)
	at T.C (file:///ide/out/vs/workbench/api/node/extensionHostProcess.js:29:802)
	at T.fire (file:///ide/out/vs/workbench/api/node/extensionHostProcess.js:29:1019)
	at Object.p [as dispose] (/ide/extensions/git/dist/main.js:2:973612)
	at /ide/extensions/git/dist/main.js:2:979734
	at Array.forEach (<anonymous>)
	at f.dispose (/ide/extensions/git/dist/main.js:2:979720)
	at A1.<anonymous> (file:///ide/out/vs/workbench/api/node/extensionHostProcess.js:108:19996)
	at A1.dispose (file:///ide/out/vs/workbench/api/node/extensionHostProcess.js:108:20092)
	at A1.<anonymous> (/ide/extensions/git/dist/main.js:2:955332)
	at A1.dispose (file:///ide/out/vs/workbench/api/node/extensionHostProcess.js:108:20092)
	at Si (file:///ide/out/vs/workbench/api/node/extensionHostProcess.js:24:701)
	at file:///ide/out/vs/workbench/api/node/extensionHostProcess.js:118:14995
	at file:///ide/out/vs/workbench/api/node/extensionHostProcess.js:24:1011
	at Object.dispose (file:///ide/out/vs/workbench/api/node/extensionHostProcess.js:7:2146)
	at dB.eb (file:///ide/out/vs/workbench/api/node/extensionHostProcess.js:118:11922)
	at file:///ide/out/vs/workbench/api/node/extensionHostProcess.js:118:9877
	at Array.map (<anonymous>)
	at dB.$ (file:///ide/out/vs/workbench/api/node/extensionHostProcess.js:118:9865)
	at dB.terminate (file:///ide/out/vs/workbench/api/node/extensionHostProcess.js:118:10108)
	at j3.terminate (file:///ide/out/vs/workbench/api/node/extensionHostProcess.js:119:1424)
	at ps (file:///ide/out/vs/workbench/api/node/extensionHostProcess.js:174:15058)
	at B4.a (file:///ide/out/vs/workbench/api/node/extensionHostProcess.js:174:11968)
	at B4.h (file:///ide/out/vs/workbench/api/node/extensionHostProcess.js:30:75706)
	at listOnTimeout (node:internal/timers:581:17)
	at process.processTimers (node:internal/timers:519:7) setContext undefined
2024-10-22 23:14:17.229 [error] Canceled: Canceled
	at new tA (file:///ide/out/vs/workbench/api/node/extensionHostProcess.js:31:127956)
	at Kb.U (file:///ide/out/vs/workbench/api/node/extensionHostProcess.js:31:132568)
	at s.<computed>.n.charCodeAt.s.<computed> (file:///ide/out/vs/workbench/api/node/extensionHostProcess.js:31:130062)
	at R0.g (file:///ide/out/vs/workbench/api/node/extensionHostProcess.js:114:32475)
	at R0.executeCommand (file:///ide/out/vs/workbench/api/node/extensionHostProcess.js:114:31976)
	at r.registerCommand.description (file:///ide/out/vs/workbench/api/node/extensionHostProcess.js:114:31306)
	at R0.h (file:///ide/out/vs/workbench/api/node/extensionHostProcess.js:114:32995)
	at R0.g (file:///ide/out/vs/workbench/api/node/extensionHostProcess.js:114:32069)
	at R0.executeCommand (file:///ide/out/vs/workbench/api/node/extensionHostProcess.js:114:31976)
	at Object.executeCommand (file:///ide/out/vs/workbench/api/node/extensionHostProcess.js:156:37049)
	at e (/workspace/.vscode-remote/extensions/github.vscode-pull-request-github-0.98.0-universal/dist/extension.js:2052:1867)
	at Object.n [as setContext] (/workspace/.vscode-remote/extensions/github.vscode-pull-request-github-0.98.0-universal/dist/extension.js:2052:1982)
	at mm.updateActiveReviewCount (/workspace/.vscode-remote/extensions/github.vscode-pull-request-github-0.98.0-universal/dist/extension.js:2129:23381)
	at mm.removeRepo (/workspace/.vscode-remote/extensions/github.vscode-pull-request-github-0.98.0-universal/dist/extension.js:2129:24564)
	at vh.value (/workspace/.vscode-remote/extensions/github.vscode-pull-request-github-0.98.0-universal/dist/extension.js:2244:4191)
	at T.B (file:///ide/out/vs/workbench/api/node/extensionHostProcess.js:29:732)
	at T.C (file:///ide/out/vs/workbench/api/node/extensionHostProcess.js:29:802)
	at T.fire (file:///ide/out/vs/workbench/api/node/extensionHostProcess.js:29:1019)
	at vh.value (/workspace/.vscode-remote/extensions/github.vscode-pull-request-github-0.98.0-universal/dist/extension.js:2021:444083)
	at T.B (file:///ide/out/vs/workbench/api/node/extensionHostProcess.js:29:732)
	at T.fire (file:///ide/out/vs/workbench/api/node/extensionHostProcess.js:29:950)
	at /workspace/.vscode-remote/extensions/github.vscode-pull-request-github-0.98.0-universal/dist/extension.js:2129:28280
	at vh.value (/ide/extensions/git/dist/main.js:2:1061875)
	at T.B (file:///ide/out/vs/workbench/api/node/extensionHostProcess.js:29:732)
	at T.C (file:///ide/out/vs/workbench/api/node/extensionHostProcess.js:29:802)
	at T.fire (file:///ide/out/vs/workbench/api/node/extensionHostProcess.js:29:1019)
	at Object.p [as dispose] (/ide/extensions/git/dist/main.js:2:973612)
	at /ide/extensions/git/dist/main.js:2:979734
	at Array.forEach (<anonymous>)
	at f.dispose (/ide/extensions/git/dist/main.js:2:979720)
	at A1.<anonymous> (file:///ide/out/vs/workbench/api/node/extensionHostProcess.js:108:19996)
	at A1.dispose (file:///ide/out/vs/workbench/api/node/extensionHostProcess.js:108:20092)
	at A1.<anonymous> (/ide/extensions/git/dist/main.js:2:955332)
	at A1.dispose (file:///ide/out/vs/workbench/api/node/extensionHostProcess.js:108:20092)
	at Si (file:///ide/out/vs/workbench/api/node/extensionHostProcess.js:24:701)
	at file:///ide/out/vs/workbench/api/node/extensionHostProcess.js:118:14995
	at file:///ide/out/vs/workbench/api/node/extensionHostProcess.js:24:1011
	at Object.dispose (file:///ide/out/vs/workbench/api/node/extensionHostProcess.js:7:2146)
	at dB.eb (file:///ide/out/vs/workbench/api/node/extensionHostProcess.js:118:11922)
	at file:///ide/out/vs/workbench/api/node/extensionHostProcess.js:118:9877
	at Array.map (<anonymous>)
	at dB.$ (file:///ide/out/vs/workbench/api/node/extensionHostProcess.js:118:9865)
	at dB.terminate (file:///ide/out/vs/workbench/api/node/extensionHostProcess.js:118:10108)
	at j3.terminate (file:///ide/out/vs/workbench/api/node/extensionHostProcess.js:119:1424)
	at ps (file:///ide/out/vs/workbench/api/node/extensionHostProcess.js:174:15058)
	at B4.a (file:///ide/out/vs/workbench/api/node/extensionHostProcess.js:174:11968)
	at B4.h (file:///ide/out/vs/workbench/api/node/extensionHostProcess.js:30:75706)
	at listOnTimeout (node:internal/timers:581:17)
	at process.processTimers (node:internal/timers:519:7) setContext undefined
2024-10-22 23:14:17.229 [error] Canceled: Canceled
	at new tA (file:///ide/out/vs/workbench/api/node/extensionHostProcess.js:31:127956)
	at Kb.U (file:///ide/out/vs/workbench/api/node/extensionHostProcess.js:31:132568)
	at s.<computed>.n.charCodeAt.s.<computed> (file:///ide/out/vs/workbench/api/node/extensionHostProcess.js:31:130062)
	at R0.g (file:///ide/out/vs/workbench/api/node/extensionHostProcess.js:114:32475)
	at R0.executeCommand (file:///ide/out/vs/workbench/api/node/extensionHostProcess.js:114:31976)
	at r.registerCommand.description (file:///ide/out/vs/workbench/api/node/extensionHostProcess.js:114:31306)
	at R0.h (file:///ide/out/vs/workbench/api/node/extensionHostProcess.js:114:32995)
	at R0.g (file:///ide/out/vs/workbench/api/node/extensionHostProcess.js:114:32069)
	at R0.executeCommand (file:///ide/out/vs/workbench/api/node/extensionHostProcess.js:114:31976)
	at Object.executeCommand (file:///ide/out/vs/workbench/api/node/extensionHostProcess.js:156:37049)
	at e (/workspace/.vscode-remote/extensions/github.vscode-pull-request-github-0.98.0-universal/dist/extension.js:2052:1867)
	at Object.n [as setContext] (/workspace/.vscode-remote/extensions/github.vscode-pull-request-github-0.98.0-universal/dist/extension.js:2052:1982)
	at uh.setReviewModeContexts (/workspace/.vscode-remote/extensions/github.vscode-pull-request-github-0.98.0-universal/dist/extension.js:2231:20992)
	at uh.removePrFromView (/workspace/.vscode-remote/extensions/github.vscode-pull-request-github-0.98.0-universal/dist/extension.js:2231:21619)
	at wp.clear (/workspace/.vscode-remote/extensions/github.vscode-pull-request-github-0.98.0-universal/dist/extension.js:2110:10466)
	at wp.dispose (/workspace/.vscode-remote/extensions/github.vscode-pull-request-github-0.98.0-universal/dist/extension.js:2112:172)
	at fh.removeReviewManager (/workspace/.vscode-remote/extensions/github.vscode-pull-request-github-0.98.0-universal/dist/extension.js:2231:53236)
	at vh.value (/workspace/.vscode-remote/extensions/github.vscode-pull-request-github-0.98.0-universal/dist/extension.js:2244:4209)
	at T.B (file:///ide/out/vs/workbench/api/node/extensionHostProcess.js:29:732)
	at T.C (file:///ide/out/vs/workbench/api/node/extensionHostProcess.js:29:802)
	at T.fire (file:///ide/out/vs/workbench/api/node/extensionHostProcess.js:29:1019)
	at vh.value (/workspace/.vscode-remote/extensions/github.vscode-pull-request-github-0.98.0-universal/dist/extension.js:2021:444083)
	at T.B (file:///ide/out/vs/workbench/api/node/extensionHostProcess.js:29:732)
	at T.fire (file:///ide/out/vs/workbench/api/node/extensionHostProcess.js:29:950)
	at /workspace/.vscode-remote/extensions/github.vscode-pull-request-github-0.98.0-universal/dist/extension.js:2129:28280
	at vh.value (/ide/extensions/git/dist/main.js:2:1061875)
	at T.B (file:///ide/out/vs/workbench/api/node/extensionHostProcess.js:29:732)
	at T.C (file:///ide/out/vs/workbench/api/node/extensionHostProcess.js:29:802)
	at T.fire (file:///ide/out/vs/workbench/api/node/extensionHostProcess.js:29:1019)
	at Object.p [as dispose] (/ide/extensions/git/dist/main.js:2:973612)
	at /ide/extensions/git/dist/main.js:2:979734
	at Array.forEach (<anonymous>)
	at f.dispose (/ide/extensions/git/dist/main.js:2:979720)
	at A1.<anonymous> (file:///ide/out/vs/workbench/api/node/extensionHostProcess.js:108:19996)
	at A1.dispose (file:///ide/out/vs/workbench/api/node/extensionHostProcess.js:108:20092)
	at A1.<anonymous> (/ide/extensions/git/dist/main.js:2:955332)
	at A1.dispose (file:///ide/out/vs/workbench/api/node/extensionHostProcess.js:108:20092)
	at Si (file:///ide/out/vs/workbench/api/node/extensionHostProcess.js:24:701)
	at file:///ide/out/vs/workbench/api/node/extensionHostProcess.js:118:14995
	at file:///ide/out/vs/workbench/api/node/extensionHostProcess.js:24:1011
	at Object.dispose (file:///ide/out/vs/workbench/api/node/extensionHostProcess.js:7:2146)
	at dB.eb (file:///ide/out/vs/workbench/api/node/extensionHostProcess.js:118:11922)
	at file:///ide/out/vs/workbench/api/node/extensionHostProcess.js:118:9877
	at Array.map (<anonymous>)
	at dB.$ (file:///ide/out/vs/workbench/api/node/extensionHostProcess.js:118:9865)
	at dB.terminate (file:///ide/out/vs/workbench/api/node/extensionHostProcess.js:118:10108)
	at j3.terminate (file:///ide/out/vs/workbench/api/node/extensionHostProcess.js:119:1424)
	at ps (file:///ide/out/vs/workbench/api/node/extensionHostProcess.js:174:15058)
	at B4.a (file:///ide/out/vs/workbench/api/node/extensionHostProcess.js:174:11968)
	at B4.h (file:///ide/out/vs/workbench/api/node/extensionHostProcess.js:30:75706)
	at listOnTimeout (node:internal/timers:581:17)
	at process.processTimers (node:internal/timers:519:7) setContext undefined
2024-10-22 23:14:17.231 [info] Extension host with pid 5665 exiting with code 0
