2024-10-30 18:13:50.220 [info] Extension host with pid 2849 started
2024-10-30 18:13:50.220 [error] Error: EEXIST: file already exists, open '/workspace/.vscode-remote/data/User/workspaceStorage/-153fa119/vscode.lock'
2024-10-30 18:13:50.224 [info] Lock '/workspace/.vscode-remote/data/User/workspaceStorage/-153fa119/vscode.lock': Could not acquire lock, checking if the file is stale.
2024-10-30 18:13:50.225 [info] Lock '/workspace/.vscode-remote/data/User/workspaceStorage/-153fa119/vscode.lock': The lock does not look stale, elapsed: 140 ms, giving up.
2024-10-30 18:13:50.227 [error] Error: EEXIST: file already exists, open '/workspace/.vscode-remote/data/User/workspaceStorage/-153fa119-1/vscode.lock'
2024-10-30 18:13:50.228 [info] Lock '/workspace/.vscode-remote/data/User/workspaceStorage/-153fa119-1/vscode.lock': Could not acquire lock, checking if the file is stale.
2024-10-30 18:13:50.228 [info] Lock '/workspace/.vscode-remote/data/User/workspaceStorage/-153fa119-1/vscode.lock': The pid 11009 appears to be gone.
2024-10-30 18:13:50.229 [info] Lock '/workspace/.vscode-remote/data/User/workspaceStorage/-153fa119-1/vscode.lock': Deleting a stale lock.
2024-10-30 18:13:50.234 [info] Lock '/workspace/.vscode-remote/data/User/workspaceStorage/-153fa119-1/vscode.lock': Lock acquired.
2024-10-30 18:13:50.335 [info] ExtensionService#_doActivateExtension vscode.simple-browser, startup: false, activationEvent: 'onWebviewPanel:simpleBrowser.view'
2024-10-30 18:13:50.336 [info] ExtensionService#_doActivateExtension vscode.typescript-language-features, startup: false, activationEvent: 'onLanguage:javascript'
2024-10-30 18:13:50.336 [info] ExtensionService#_doActivateExtension vscode.emmet, startup: false, activationEvent: 'onLanguage'
2024-10-30 18:13:50.551 [info] ExtensionService#_doActivateExtension vscode.git-base, startup: true, activationEvent: '*', root cause: vscode.git
2024-10-30 18:13:50.551 [info] ExtensionService#_doActivateExtension gitpod.gitpod-web, startup: true, activationEvent: '*'
2024-10-30 18:13:50.775 [info] ExtensionService#_doActivateExtension vscode.npm, startup: true, activationEvent: 'workspaceContains:package.json'
2024-10-30 18:13:50.907 [info] ExtensionService#_doActivateExtension vscode.git, startup: true, activationEvent: '*'
2024-10-30 18:13:50.907 [info] ExtensionService#_doActivateExtension vscode.github, startup: true, activationEvent: '*'
2024-10-30 18:13:52.672 [info] Eager extensions activated
2024-10-30 18:13:52.672 [info] ExtensionService#_doActivateExtension vscode.debug-auto-launch, startup: false, activationEvent: 'onStartupFinished'
2024-10-30 18:13:52.672 [info] ExtensionService#_doActivateExtension vscode.merge-conflict, startup: false, activationEvent: 'onStartupFinished'
2024-10-30 18:13:52.673 [info] ExtensionService#_doActivateExtension vscode.github-authentication, startup: false, activationEvent: 'onStartupFinished', root cause: GitHub.vscode-pull-request-github
2024-10-30 18:13:53.793 [info] ExtensionService#_doActivateExtension GitHub.vscode-pull-request-github, startup: false, activationEvent: 'onStartupFinished'
2024-10-30 18:13:54.268 [info] ExtensionService#_doActivateExtension redhat.vscode-yaml, startup: false, activationEvent: 'onLanguage:yaml'
2024-10-30 18:13:55.683 [warning] [redhat.vscode-yaml] Accessing a resource scoped configuration without providing a resource is not expected. To get the effective value for '[yaml]', provide the URI of a resource or 'null' for any resource.
2024-10-30 18:13:55.684 [warning] [redhat.vscode-yaml] Accessing a resource scoped configuration without providing a resource is not expected. To get the effective value for '[yaml]', provide the URI of a resource or 'null' for any resource.
2024-10-30 18:13:57.558 [info] ExtensionService#_doActivateExtension vscode.configuration-editing, startup: false, activationEvent: 'onLanguage:json'
2024-10-30 18:13:57.559 [info] ExtensionService#_doActivateExtension vscode.extension-editing, startup: false, activationEvent: 'onLanguage:json'
2024-10-30 18:13:57.559 [info] ExtensionService#_doActivateExtension vscode.json-language-features, startup: false, activationEvent: 'onLanguage:json'
