2024-10-08 20:42:25.502 [info] Log level: Info
2024-10-08 20:42:25.697 [info] VSCODE_MACHINE_ID: 49659ee1-e03c-4c1d-ba74-f9b98d9b720d
2024-10-08 20:42:25.697 [info] VSCODE_SESSION_ID: 2224366c-69bd-4135-9526-86e1a459d04b1728420143210
2024-10-08 20:42:25.697 [info] VSCODE_VERSION: 1.93.1
2024-10-08 20:42:25.697 [info] VSCODE_APP_NAME: Gitpod Code
2024-10-08 20:42:25.697 [info] VSCODE_APP_HOST: Gitpod
2024-10-08 20:42:25.697 [info] VSCODE_UI_KIND: web
2024-10-08 20:42:25.697 [info] GITPOD_WORKSPACE_CONTEXT_URL: https://github.com/freeCodeCamp/boilerplate-advancednode/
2024-10-08 20:42:25.697 [info] GITPOD_INSTANCE_ID: fd8d4962-91b3-45d0-a303-1cf1e79c36e2
2024-10-08 20:42:25.697 [info] GITPOD_WORKSPACE_URL: https://freecodecam-boilerplate-dqdnvzl46td.ws-us116.gitpod.io
2024-10-08 20:42:25.704 [info] Gitpod Web 7ff72a2
2024-10-08 20:42:25.704 [info] Reading sessions from keychain...
2024-10-08 20:42:26.049 [info] Getting sessions for all scopes...
2024-10-08 20:42:26.049 [info] Getting GitHub sessions for all scopes...
2024-10-08 20:42:26.049 [info] Getting sessions for function:accessCodeSyncStorage...
2024-10-08 20:42:26.050 [info] Got stored sessions!
2024-10-08 20:42:26.050 [info] Verified session with the following scopes: function:accessCodeSyncStorage function:closePort function:controlAdmission function:deleteEnvVar function:generateNewGitpodToken function:getDefaultWorkspaceImage function:getGitpodTokenScopes function:getIDToken function:getLoggedInUser function:getOpenPorts function:getSupportedWorkspaceClasses function:getTeams function:getToken function:getWorkspace function:getWorkspaceEnvVars function:getWorkspaceOwner function:getWorkspaceTimeout function:getWorkspaceUsers function:guessGitTokenScopes function:isWorkspaceOwner function:openPort function:sendHeartBeat function:setEnvVar function:setWorkspaceTimeout function:stopWorkspace function:takeSnapshot function:trackEvent function:updateGitStatus function:waitForSnapshot resource:contentBlob::*::create/get resource:envVar::*/*::update resource:envVar::freeCodeCamp/boilerplate-advancednode::create/get/update/delete resource:gitpodToken::*::create resource:snapshot::ws-freecodecam-boilerplate-dqdnvzl46td::create resource:token::*::get resource:userStorage::*::create/get/update resource:workspace::freecodecam-boilerplate-dqdnvzl46td::get/update resource:workspaceInstance::fd8d4962-91b3-45d0-a303-1cf1e79c36e2::get/update/delete
2024-10-08 20:42:26.053 [info] Got 1 verified sessions.
2024-10-08 20:42:26.053 [info] Got 1 sessions for all scopes...
2024-10-08 20:42:26.053 [info] Got 1 sessions for function:accessCodeSyncStorage...
2024-10-08 20:42:26.227 [info] Got 1 GitHub sessions for all scopes...
2024-10-08 20:42:26.420 [info] Getting sessions for all scopes...
2024-10-08 20:42:26.421 [info] Got 1 sessions for all scopes...
2024-10-08 20:42:26.422 [info] Getting GitHub sessions for all scopes...
2024-10-08 20:42:26.422 [info] Got 1 GitHub sessions for all scopes...
2024-10-08 20:42:26.423 [info] Getting GitHub sessions for read:user,repo,user:email,workflow...
2024-10-08 20:42:26.423 [info] Got 0 GitHub sessions for read:user,repo,user:email,workflow...
2024-10-08 20:42:26.579 [info] Getting GitHub sessions for project,read:org,read:user,repo,user:email,workflow...
2024-10-08 20:42:26.579 [info] Got 0 GitHub sessions for project,read:org,read:user,repo,user:email,workflow...
2024-10-08 20:42:26.701 [info] Getting GitHub sessions for read:user,repo,user:email,workflow...
2024-10-08 20:42:26.702 [info] Got 0 GitHub sessions for read:user,repo,user:email,workflow...
2024-10-08 20:42:26.801 [info] Getting GitHub sessions for read:user,repo,user:email...
2024-10-08 20:42:26.801 [info] Got 0 GitHub sessions for read:user,repo,user:email...
2024-10-08 20:42:26.921 [info] Getting GitHub sessions for read:user,repo,user:email,workflow...
2024-10-08 20:42:26.921 [info] Got 0 GitHub sessions for read:user,repo,user:email,workflow...
2024-10-09 00:14:50.979 [error] cannot maintain connection to supervisor 13 INTERNAL: closed
2024-10-09 00:14:51.981 [error] cannot maintain connection to supervisor 13 INTERNAL: closed
2024-10-09 00:14:52.983 [error] cannot maintain connection to supervisor 13 INTERNAL: closed
2024-10-09 00:14:53.984 [error] cannot maintain connection to supervisor 13 INTERNAL: closed
2024-10-09 00:14:54.986 [error] cannot maintain connection to supervisor 13 INTERNAL: closed
2024-10-09 00:14:55.988 [error] cannot maintain connection to supervisor 13 INTERNAL: closed
2024-10-09 00:14:56.990 [error] cannot maintain connection to supervisor 13 INTERNAL: closed
2024-10-09 00:14:57.993 [error] cannot maintain connection to supervisor 13 INTERNAL: closed
2024-10-09 00:14:58.995 [error] cannot maintain connection to supervisor 13 INTERNAL: closed
2024-10-09 00:14:59.996 [error] cannot maintain connection to supervisor 13 INTERNAL: closed
2024-10-09 00:15:00.998 [error] cannot maintain connection to supervisor 13 INTERNAL: closed
2024-10-09 00:15:02.000 [error] cannot maintain connection to supervisor 13 INTERNAL: closed
2024-10-09 00:15:03.002 [error] cannot maintain connection to supervisor 13 INTERNAL: closed
2024-10-09 00:15:04.004 [error] cannot maintain connection to supervisor 13 INTERNAL: closed
