2024-10-25 21:14:25.392 [info] [main] Log level: Info
2024-10-25 21:14:25.392 [info] [main] Validating found git in: "git"
2024-10-25 21:14:25.392 [info] [main] Using git "2.46.0" from "git"
2024-10-25 21:14:25.392 [info] [Model][doInitialScan] Initial repository scan started
2024-10-25 21:14:25.392 [info] > git rev-parse --show-toplevel [6ms]
2024-10-25 21:14:25.392 [info] > git rev-parse --git-dir --git-common-dir [7ms]
2024-10-25 21:14:25.392 [info] [Model][openRepository] Opened repository: /workspace/boilerplate-project-sudoku-solver
2024-10-25 21:14:25.392 [info] > git rev-parse --show-toplevel [3ms]
2024-10-25 21:14:25.392 [info] > git config --get commit.template [6ms]
2024-10-25 21:14:25.392 [info] > git for-each-ref --format=%(refname)%00%(upstream:short)%00%(objectname)%00%(upstream:track)%00%(upstream:remotename)%00%(upstream:remoteref) refs/heads/main refs/remotes/main [3ms]
2024-10-25 21:14:25.392 [info] > git rev-parse --show-toplevel [9ms]
2024-10-25 21:14:25.392 [warning] [Git][revParse] Unable to read file: ENOENT: no such file or directory, open '/workspace/boilerplate-project-sudoku-solver/.git/refs/remotes/origin/main'
2024-10-25 21:14:25.392 [info] > git rev-parse refs/remotes/origin/main [5ms]
2024-10-25 21:14:25.392 [info] > git status -z -uall [5ms]
2024-10-25 21:14:25.392 [info] > git rev-parse --show-toplevel [10ms]
2024-10-25 21:14:25.392 [info] > git for-each-ref --sort -committerdate --format %(refname) %(objectname) %(*objectname) [117ms]
2024-10-25 21:14:25.392 [info] > git for-each-ref --format=%(refname)%00%(upstream:short)%00%(objectname)%00%(upstream:track)%00%(upstream:remotename)%00%(upstream:remoteref) refs/heads/main refs/remotes/main [10ms]
2024-10-25 21:14:25.392 [info] > git rev-parse --show-toplevel [133ms]
2024-10-25 21:14:25.392 [info] > git config --get commit.template [14ms]
2024-10-25 21:14:25.392 [info] > git config --local branch.main.vscode-merge-base [44ms]
2024-10-25 21:14:25.392 [info] > git rev-parse --show-toplevel [97ms]
2024-10-25 21:14:25.392 [info] > git for-each-ref --format=%(refname)%00%(upstream:short)%00%(objectname)%00%(upstream:track)%00%(upstream:remotename)%00%(upstream:remoteref) refs/heads/main refs/remotes/main [97ms]
2024-10-25 21:14:25.392 [info] > git for-each-ref --format=%(refname)%00%(upstream:short)%00%(objectname)%00%(upstream:track)%00%(upstream:remotename)%00%(upstream:remoteref) refs/heads/origin/main refs/remotes/origin/main [100ms]
2024-10-25 21:14:25.392 [warning] [Git][revParse] Unable to read file: ENOENT: no such file or directory, open '/workspace/boilerplate-project-sudoku-solver/.git/refs/remotes/origin/main'
2024-10-25 21:14:25.392 [info] > git merge-base refs/heads/main refs/remotes/origin/main [15ms]
2024-10-25 21:14:25.392 [info] > git rev-parse --show-toplevel [57ms]
2024-10-25 21:14:25.392 [info] [Model][doInitialScan] Initial repository scan completed - repositories (1), closed repositories (0), parent repositories (0), unsafe repositories (0)
2024-10-25 21:14:25.392 [info] > git rev-parse refs/remotes/origin/main [10ms]
2024-10-25 21:14:25.392 [info] > git status -z -uall [8ms]
2024-10-25 21:14:25.392 [info] > git diff --name-status -z --diff-filter=ADMR f738a5ad883aaa13cf12d38dc40f8cfc18f7c3d8...refs/remotes/origin/main [16ms]
2024-10-25 21:14:25.392 [info] > git for-each-ref --sort -committerdate --format %(refname) %(objectname) %(*objectname) [7ms]
2024-10-25 21:14:25.718 [info] > git show --textconv :controllers/sudoku-solver.js [4ms]
2024-10-25 21:14:25.719 [info] > git ls-files --stage -- /workspace/boilerplate-project-sudoku-solver/controllers/sudoku-solver.js [3ms]
2024-10-25 21:14:25.724 [info] > git cat-file -s 0b8fdc19f451015f3110a9c4391541e4a720f07a [2ms]
2024-10-25 21:14:25.901 [info] > git check-ignore -v -z --stdin [2ms]
2024-10-25 21:14:26.634 [info] > git config --local branch.main.github-pr-owner-number [7ms]
2024-10-25 21:14:26.634 [warning] [Git][config] git config failed: Failed to execute git
2024-10-25 21:15:12.024 [info] > git config --get commit.template [4ms]
2024-10-25 21:15:12.025 [info] > git for-each-ref --format=%(refname)%00%(upstream:short)%00%(objectname)%00%(upstream:track)%00%(upstream:remotename)%00%(upstream:remoteref) refs/heads/main refs/remotes/main [2ms]
2024-10-25 21:15:12.028 [warning] [Git][revParse] Unable to read file: ENOENT: no such file or directory, open '/workspace/boilerplate-project-sudoku-solver/.git/refs/remotes/origin/main'
2024-10-25 21:15:12.030 [info] > git rev-parse refs/remotes/origin/main [1ms]
2024-10-25 21:15:12.036 [info] > git status -z -uall [4ms]
2024-10-25 21:15:12.037 [info] > git for-each-ref --sort -committerdate --format %(refname) %(objectname) %(*objectname) [2ms]
2024-10-25 21:15:17.048 [info] > git config --get commit.template [4ms]
2024-10-25 21:15:17.050 [info] > git for-each-ref --format=%(refname)%00%(upstream:short)%00%(objectname)%00%(upstream:track)%00%(upstream:remotename)%00%(upstream:remoteref) refs/heads/main refs/remotes/main [1ms]
2024-10-25 21:15:17.052 [warning] [Git][revParse] Unable to read file: ENOENT: no such file or directory, open '/workspace/boilerplate-project-sudoku-solver/.git/refs/remotes/origin/main'
2024-10-25 21:15:17.054 [info] > git rev-parse refs/remotes/origin/main [2ms]
2024-10-25 21:15:17.060 [info] > git status -z -uall [4ms]
2024-10-25 21:15:17.061 [info] > git for-each-ref --sort -committerdate --format %(refname) %(objectname) %(*objectname) [2ms]
2024-10-25 21:15:29.202 [info] > git config --get commit.template [3ms]
2024-10-25 21:15:29.204 [info] > git for-each-ref --format=%(refname)%00%(upstream:short)%00%(objectname)%00%(upstream:track)%00%(upstream:remotename)%00%(upstream:remoteref) refs/heads/main refs/remotes/main [2ms]
2024-10-25 21:15:29.207 [warning] [Git][revParse] Unable to read file: ENOENT: no such file or directory, open '/workspace/boilerplate-project-sudoku-solver/.git/refs/remotes/origin/main'
2024-10-25 21:15:29.208 [info] > git rev-parse refs/remotes/origin/main [1ms]
2024-10-25 21:15:29.215 [info] > git status -z -uall [4ms]
2024-10-25 21:15:29.216 [info] > git for-each-ref --sort -committerdate --format %(refname) %(objectname) %(*objectname) [1ms]
2024-10-25 21:15:34.229 [info] > git config --get commit.template [4ms]
2024-10-25 21:15:34.230 [info] > git for-each-ref --format=%(refname)%00%(upstream:short)%00%(objectname)%00%(upstream:track)%00%(upstream:remotename)%00%(upstream:remoteref) refs/heads/main refs/remotes/main [2ms]
2024-10-25 21:15:34.234 [warning] [Git][revParse] Unable to read file: ENOENT: no such file or directory, open '/workspace/boilerplate-project-sudoku-solver/.git/refs/remotes/origin/main'
2024-10-25 21:15:34.235 [info] > git rev-parse refs/remotes/origin/main [1ms]
2024-10-25 21:15:34.242 [info] > git status -z -uall [4ms]
2024-10-25 21:15:34.243 [info] > git for-each-ref --sort -committerdate --format %(refname) %(objectname) %(*objectname) [2ms]
2024-10-25 21:15:41.096 [info] > git config --get commit.template [3ms]
2024-10-25 21:15:41.098 [info] > git for-each-ref --format=%(refname)%00%(upstream:short)%00%(objectname)%00%(upstream:track)%00%(upstream:remotename)%00%(upstream:remoteref) refs/heads/main refs/remotes/main [2ms]
2024-10-25 21:15:41.101 [warning] [Git][revParse] Unable to read file: ENOENT: no such file or directory, open '/workspace/boilerplate-project-sudoku-solver/.git/refs/remotes/origin/main'
2024-10-25 21:15:41.103 [info] > git rev-parse refs/remotes/origin/main [2ms]
2024-10-25 21:15:41.110 [info] > git status -z -uall [4ms]
2024-10-25 21:15:41.112 [info] > git for-each-ref --sort -committerdate --format %(refname) %(objectname) %(*objectname) [2ms]
2024-10-25 21:16:01.549 [info] > git config --get commit.template [5ms]
2024-10-25 21:16:01.551 [info] > git for-each-ref --format=%(refname)%00%(upstream:short)%00%(objectname)%00%(upstream:track)%00%(upstream:remotename)%00%(upstream:remoteref) refs/heads/main refs/remotes/main [2ms]
2024-10-25 21:16:01.554 [warning] [Git][revParse] Unable to read file: ENOENT: no such file or directory, open '/workspace/boilerplate-project-sudoku-solver/.git/refs/remotes/origin/main'
2024-10-25 21:16:01.556 [info] > git rev-parse refs/remotes/origin/main [2ms]
2024-10-25 21:16:01.565 [info] > git status -z -uall [6ms]
2024-10-25 21:16:01.566 [info] > git for-each-ref --sort -committerdate --format %(refname) %(objectname) %(*objectname) [3ms]
2024-10-25 21:16:06.577 [info] > git config --get commit.template [4ms]
2024-10-25 21:16:06.579 [info] > git for-each-ref --format=%(refname)%00%(upstream:short)%00%(objectname)%00%(upstream:track)%00%(upstream:remotename)%00%(upstream:remoteref) refs/heads/main refs/remotes/main [2ms]
2024-10-25 21:16:06.583 [warning] [Git][revParse] Unable to read file: ENOENT: no such file or directory, open '/workspace/boilerplate-project-sudoku-solver/.git/refs/remotes/origin/main'
2024-10-25 21:16:06.585 [info] > git rev-parse refs/remotes/origin/main [2ms]
2024-10-25 21:16:06.592 [info] > git status -z -uall [4ms]
2024-10-25 21:16:06.594 [info] > git for-each-ref --sort -committerdate --format %(refname) %(objectname) %(*objectname) [2ms]
2024-10-25 21:16:20.978 [info] > git config --get commit.template [5ms]
2024-10-25 21:16:20.980 [info] > git for-each-ref --format=%(refname)%00%(upstream:short)%00%(objectname)%00%(upstream:track)%00%(upstream:remotename)%00%(upstream:remoteref) refs/heads/main refs/remotes/main [2ms]
2024-10-25 21:16:20.984 [warning] [Git][revParse] Unable to read file: ENOENT: no such file or directory, open '/workspace/boilerplate-project-sudoku-solver/.git/refs/remotes/origin/main'
2024-10-25 21:16:20.985 [info] > git rev-parse refs/remotes/origin/main [1ms]
2024-10-25 21:16:20.994 [info] > git status -z -uall [5ms]
2024-10-25 21:16:20.995 [info] > git for-each-ref --sort -committerdate --format %(refname) %(objectname) %(*objectname) [2ms]
2024-10-25 21:16:26.008 [info] > git config --get commit.template [6ms]
2024-10-25 21:16:26.009 [info] > git for-each-ref --format=%(refname)%00%(upstream:short)%00%(objectname)%00%(upstream:track)%00%(upstream:remotename)%00%(upstream:remoteref) refs/heads/main refs/remotes/main [2ms]
2024-10-25 21:16:26.013 [warning] [Git][revParse] Unable to read file: ENOENT: no such file or directory, open '/workspace/boilerplate-project-sudoku-solver/.git/refs/remotes/origin/main'
2024-10-25 21:16:26.014 [info] > git rev-parse refs/remotes/origin/main [1ms]
2024-10-25 21:16:26.023 [info] > git status -z -uall [4ms]
2024-10-25 21:16:26.025 [info] > git for-each-ref --sort -committerdate --format %(refname) %(objectname) %(*objectname) [2ms]
2024-10-25 21:16:31.037 [info] > git config --get commit.template [4ms]
2024-10-25 21:16:31.039 [info] > git for-each-ref --format=%(refname)%00%(upstream:short)%00%(objectname)%00%(upstream:track)%00%(upstream:remotename)%00%(upstream:remoteref) refs/heads/main refs/remotes/main [2ms]
2024-10-25 21:16:31.042 [warning] [Git][revParse] Unable to read file: ENOENT: no such file or directory, open '/workspace/boilerplate-project-sudoku-solver/.git/refs/remotes/origin/main'
2024-10-25 21:16:31.044 [info] > git rev-parse refs/remotes/origin/main [2ms]
2024-10-25 21:16:31.051 [info] > git status -z -uall [4ms]
2024-10-25 21:16:31.053 [info] > git for-each-ref --sort -committerdate --format %(refname) %(objectname) %(*objectname) [2ms]
2024-10-25 21:16:38.459 [info] > git config --get commit.template [3ms]
2024-10-25 21:16:38.461 [info] > git for-each-ref --format=%(refname)%00%(upstream:short)%00%(objectname)%00%(upstream:track)%00%(upstream:remotename)%00%(upstream:remoteref) refs/heads/main refs/remotes/main [2ms]
2024-10-25 21:16:38.464 [warning] [Git][revParse] Unable to read file: ENOENT: no such file or directory, open '/workspace/boilerplate-project-sudoku-solver/.git/refs/remotes/origin/main'
2024-10-25 21:16:38.465 [info] > git rev-parse refs/remotes/origin/main [1ms]
2024-10-25 21:16:38.472 [info] > git status -z -uall [4ms]
2024-10-25 21:16:38.473 [info] > git for-each-ref --sort -committerdate --format %(refname) %(objectname) %(*objectname) [2ms]
2024-10-25 21:16:43.485 [info] > git config --get commit.template [4ms]
2024-10-25 21:16:43.486 [info] > git for-each-ref --format=%(refname)%00%(upstream:short)%00%(objectname)%00%(upstream:track)%00%(upstream:remotename)%00%(upstream:remoteref) refs/heads/main refs/remotes/main [2ms]
2024-10-25 21:16:43.491 [warning] [Git][revParse] Unable to read file: ENOENT: no such file or directory, open '/workspace/boilerplate-project-sudoku-solver/.git/refs/remotes/origin/main'
2024-10-25 21:16:43.493 [info] > git rev-parse refs/remotes/origin/main [2ms]
2024-10-25 21:16:43.502 [info] > git status -z -uall [5ms]
2024-10-25 21:16:43.504 [info] > git for-each-ref --sort -committerdate --format %(refname) %(objectname) %(*objectname) [3ms]
2024-10-25 21:17:34.174 [info] > git config --get commit.template [4ms]
2024-10-25 21:17:34.176 [info] > git for-each-ref --format=%(refname)%00%(upstream:short)%00%(objectname)%00%(upstream:track)%00%(upstream:remotename)%00%(upstream:remoteref) refs/heads/main refs/remotes/main [2ms]
2024-10-25 21:17:34.180 [warning] [Git][revParse] Unable to read file: ENOENT: no such file or directory, open '/workspace/boilerplate-project-sudoku-solver/.git/refs/remotes/origin/main'
2024-10-25 21:17:34.181 [info] > git rev-parse refs/remotes/origin/main [1ms]
2024-10-25 21:17:34.188 [info] > git status -z -uall [4ms]
2024-10-25 21:17:34.190 [info] > git for-each-ref --sort -committerdate --format %(refname) %(objectname) %(*objectname) [2ms]
2024-10-25 21:17:39.201 [info] > git config --get commit.template [4ms]
2024-10-25 21:17:39.203 [info] > git for-each-ref --format=%(refname)%00%(upstream:short)%00%(objectname)%00%(upstream:track)%00%(upstream:remotename)%00%(upstream:remoteref) refs/heads/main refs/remotes/main [3ms]
2024-10-25 21:17:39.207 [warning] [Git][revParse] Unable to read file: ENOENT: no such file or directory, open '/workspace/boilerplate-project-sudoku-solver/.git/refs/remotes/origin/main'
2024-10-25 21:17:39.208 [info] > git rev-parse refs/remotes/origin/main [1ms]
2024-10-25 21:17:39.217 [info] > git status -z -uall [5ms]
2024-10-25 21:17:39.219 [info] > git for-each-ref --sort -committerdate --format %(refname) %(objectname) %(*objectname) [3ms]
2024-10-25 21:17:44.229 [info] > git config --get commit.template [4ms]
2024-10-25 21:17:44.230 [info] > git for-each-ref --format=%(refname)%00%(upstream:short)%00%(objectname)%00%(upstream:track)%00%(upstream:remotename)%00%(upstream:remoteref) refs/heads/main refs/remotes/main [2ms]
2024-10-25 21:17:44.233 [warning] [Git][revParse] Unable to read file: ENOENT: no such file or directory, open '/workspace/boilerplate-project-sudoku-solver/.git/refs/remotes/origin/main'
2024-10-25 21:17:44.235 [info] > git rev-parse refs/remotes/origin/main [2ms]
2024-10-25 21:17:44.242 [info] > git status -z -uall [4ms]
2024-10-25 21:17:44.244 [info] > git for-each-ref --sort -committerdate --format %(refname) %(objectname) %(*objectname) [2ms]
2024-10-25 21:18:05.775 [info] > git config --get commit.template [5ms]
2024-10-25 21:18:05.777 [info] > git for-each-ref --format=%(refname)%00%(upstream:short)%00%(objectname)%00%(upstream:track)%00%(upstream:remotename)%00%(upstream:remoteref) refs/heads/main refs/remotes/main [2ms]
2024-10-25 21:18:05.780 [warning] [Git][revParse] Unable to read file: ENOENT: no such file or directory, open '/workspace/boilerplate-project-sudoku-solver/.git/refs/remotes/origin/main'
2024-10-25 21:18:05.782 [info] > git rev-parse refs/remotes/origin/main [2ms]
2024-10-25 21:18:05.789 [info] > git status -z -uall [4ms]
2024-10-25 21:18:05.791 [info] > git for-each-ref --sort -committerdate --format %(refname) %(objectname) %(*objectname) [2ms]
2024-10-25 21:18:10.801 [info] > git config --get commit.template [4ms]
2024-10-25 21:18:10.803 [info] > git for-each-ref --format=%(refname)%00%(upstream:short)%00%(objectname)%00%(upstream:track)%00%(upstream:remotename)%00%(upstream:remoteref) refs/heads/main refs/remotes/main [2ms]
2024-10-25 21:18:10.806 [warning] [Git][revParse] Unable to read file: ENOENT: no such file or directory, open '/workspace/boilerplate-project-sudoku-solver/.git/refs/remotes/origin/main'
2024-10-25 21:18:10.808 [info] > git rev-parse refs/remotes/origin/main [1ms]
2024-10-25 21:18:10.815 [info] > git status -z -uall [4ms]
2024-10-25 21:18:10.816 [info] > git for-each-ref --sort -committerdate --format %(refname) %(objectname) %(*objectname) [2ms]
2024-10-25 21:18:15.826 [info] > git config --get commit.template [4ms]
2024-10-25 21:18:15.828 [info] > git for-each-ref --format=%(refname)%00%(upstream:short)%00%(objectname)%00%(upstream:track)%00%(upstream:remotename)%00%(upstream:remoteref) refs/heads/main refs/remotes/main [2ms]
2024-10-25 21:18:15.831 [warning] [Git][revParse] Unable to read file: ENOENT: no such file or directory, open '/workspace/boilerplate-project-sudoku-solver/.git/refs/remotes/origin/main'
2024-10-25 21:18:15.833 [info] > git rev-parse refs/remotes/origin/main [2ms]
2024-10-25 21:18:15.841 [info] > git status -z -uall [5ms]
2024-10-25 21:18:15.842 [info] > git for-each-ref --sort -committerdate --format %(refname) %(objectname) %(*objectname) [2ms]
2024-10-25 21:18:20.853 [info] > git config --get commit.template [5ms]
2024-10-25 21:18:20.855 [info] > git for-each-ref --format=%(refname)%00%(upstream:short)%00%(objectname)%00%(upstream:track)%00%(upstream:remotename)%00%(upstream:remoteref) refs/heads/main refs/remotes/main [2ms]
2024-10-25 21:18:20.858 [warning] [Git][revParse] Unable to read file: ENOENT: no such file or directory, open '/workspace/boilerplate-project-sudoku-solver/.git/refs/remotes/origin/main'
2024-10-25 21:18:20.860 [info] > git rev-parse refs/remotes/origin/main [2ms]
2024-10-25 21:18:20.868 [info] > git status -z -uall [4ms]
2024-10-25 21:18:20.870 [info] > git for-each-ref --sort -committerdate --format %(refname) %(objectname) %(*objectname) [2ms]
2024-10-25 21:18:29.401 [info] > git config --get commit.template [4ms]
2024-10-25 21:18:29.402 [info] > git for-each-ref --format=%(refname)%00%(upstream:short)%00%(objectname)%00%(upstream:track)%00%(upstream:remotename)%00%(upstream:remoteref) refs/heads/main refs/remotes/main [2ms]
2024-10-25 21:18:29.405 [warning] [Git][revParse] Unable to read file: ENOENT: no such file or directory, open '/workspace/boilerplate-project-sudoku-solver/.git/refs/remotes/origin/main'
2024-10-25 21:18:29.407 [info] > git rev-parse refs/remotes/origin/main [2ms]
2024-10-25 21:18:29.414 [info] > git status -z -uall [4ms]
2024-10-25 21:18:29.416 [info] > git for-each-ref --sort -committerdate --format %(refname) %(objectname) %(*objectname) [2ms]
2024-10-25 21:18:34.428 [info] > git config --get commit.template [5ms]
2024-10-25 21:18:34.431 [info] > git for-each-ref --format=%(refname)%00%(upstream:short)%00%(objectname)%00%(upstream:track)%00%(upstream:remotename)%00%(upstream:remoteref) refs/heads/main refs/remotes/main [4ms]
2024-10-25 21:18:34.435 [warning] [Git][revParse] Unable to read file: ENOENT: no such file or directory, open '/workspace/boilerplate-project-sudoku-solver/.git/refs/remotes/origin/main'
2024-10-25 21:18:34.437 [info] > git rev-parse refs/remotes/origin/main [2ms]
2024-10-25 21:18:34.474 [info] > git status -z -uall [33ms]
2024-10-25 21:18:34.476 [info] > git for-each-ref --sort -committerdate --format %(refname) %(objectname) %(*objectname) [3ms]
2024-10-25 21:18:39.487 [info] > git config --get commit.template [4ms]
2024-10-25 21:18:39.488 [info] > git for-each-ref --format=%(refname)%00%(upstream:short)%00%(objectname)%00%(upstream:track)%00%(upstream:remotename)%00%(upstream:remoteref) refs/heads/main refs/remotes/main [2ms]
2024-10-25 21:18:39.491 [warning] [Git][revParse] Unable to read file: ENOENT: no such file or directory, open '/workspace/boilerplate-project-sudoku-solver/.git/refs/remotes/origin/main'
2024-10-25 21:18:39.493 [info] > git rev-parse refs/remotes/origin/main [2ms]
2024-10-25 21:18:39.499 [info] > git status -z -uall [3ms]
2024-10-25 21:18:39.501 [info] > git for-each-ref --sort -committerdate --format %(refname) %(objectname) %(*objectname) [2ms]
2024-10-25 21:18:44.834 [info] > git config --get commit.template [7ms]
2024-10-25 21:18:44.836 [info] > git for-each-ref --format=%(refname)%00%(upstream:short)%00%(objectname)%00%(upstream:track)%00%(upstream:remotename)%00%(upstream:remoteref) refs/heads/main refs/remotes/main [3ms]
2024-10-25 21:18:44.841 [warning] [Git][revParse] Unable to read file: ENOENT: no such file or directory, open '/workspace/boilerplate-project-sudoku-solver/.git/refs/remotes/origin/main'
2024-10-25 21:18:44.844 [info] > git rev-parse refs/remotes/origin/main [3ms]
2024-10-25 21:18:44.854 [info] > git status -z -uall [5ms]
2024-10-25 21:18:44.856 [info] > git for-each-ref --sort -committerdate --format %(refname) %(objectname) %(*objectname) [2ms]
2024-10-25 21:18:49.874 [info] > git config --get commit.template [8ms]
2024-10-25 21:18:49.876 [info] > git for-each-ref --format=%(refname)%00%(upstream:short)%00%(objectname)%00%(upstream:track)%00%(upstream:remotename)%00%(upstream:remoteref) refs/heads/main refs/remotes/main [3ms]
2024-10-25 21:18:49.882 [warning] [Git][revParse] Unable to read file: ENOENT: no such file or directory, open '/workspace/boilerplate-project-sudoku-solver/.git/refs/remotes/origin/main'
2024-10-25 21:18:49.884 [info] > git rev-parse refs/remotes/origin/main [3ms]
2024-10-25 21:18:49.896 [info] > git status -z -uall [7ms]
2024-10-25 21:18:49.899 [info] > git for-each-ref --sort -committerdate --format %(refname) %(objectname) %(*objectname) [4ms]
2024-10-25 21:19:19.216 [info] > git config --get commit.template [6ms]
2024-10-25 21:19:19.218 [info] > git for-each-ref --format=%(refname)%00%(upstream:short)%00%(objectname)%00%(upstream:track)%00%(upstream:remotename)%00%(upstream:remoteref) refs/heads/main refs/remotes/main [3ms]
2024-10-25 21:19:19.224 [warning] [Git][revParse] Unable to read file: ENOENT: no such file or directory, open '/workspace/boilerplate-project-sudoku-solver/.git/refs/remotes/origin/main'
2024-10-25 21:19:19.229 [info] > git rev-parse refs/remotes/origin/main [5ms]
2024-10-25 21:19:19.239 [info] > git status -z -uall [5ms]
2024-10-25 21:19:19.242 [info] > git for-each-ref --sort -committerdate --format %(refname) %(objectname) %(*objectname) [3ms]
2024-10-25 21:19:25.366 [info] > git config --get commit.template [5ms]
2024-10-25 21:19:25.368 [info] > git for-each-ref --format=%(refname)%00%(upstream:short)%00%(objectname)%00%(upstream:track)%00%(upstream:remotename)%00%(upstream:remoteref) refs/heads/main refs/remotes/main [3ms]
2024-10-25 21:19:25.373 [warning] [Git][revParse] Unable to read file: ENOENT: no such file or directory, open '/workspace/boilerplate-project-sudoku-solver/.git/refs/remotes/origin/main'
2024-10-25 21:19:25.375 [info] > git rev-parse refs/remotes/origin/main [2ms]
2024-10-25 21:19:25.384 [info] > git status -z -uall [5ms]
2024-10-25 21:19:25.387 [info] > git for-each-ref --sort -committerdate --format %(refname) %(objectname) %(*objectname) [3ms]
2024-10-25 21:19:41.520 [info] > git config --get commit.template [7ms]
2024-10-25 21:19:41.522 [info] > git for-each-ref --format=%(refname)%00%(upstream:short)%00%(objectname)%00%(upstream:track)%00%(upstream:remotename)%00%(upstream:remoteref) refs/heads/main refs/remotes/main [2ms]
2024-10-25 21:19:41.526 [warning] [Git][revParse] Unable to read file: ENOENT: no such file or directory, open '/workspace/boilerplate-project-sudoku-solver/.git/refs/remotes/origin/main'
2024-10-25 21:19:41.529 [info] > git rev-parse refs/remotes/origin/main [3ms]
2024-10-25 21:19:41.538 [info] > git status -z -uall [5ms]
2024-10-25 21:19:41.541 [info] > git for-each-ref --sort -committerdate --format %(refname) %(objectname) %(*objectname) [3ms]
2024-10-25 21:19:46.559 [info] > git config --get commit.template [7ms]
2024-10-25 21:19:46.574 [info] > git for-each-ref --format=%(refname)%00%(upstream:short)%00%(objectname)%00%(upstream:track)%00%(upstream:remotename)%00%(upstream:remoteref) refs/heads/main refs/remotes/main [15ms]
2024-10-25 21:19:46.579 [warning] [Git][revParse] Unable to read file: ENOENT: no such file or directory, open '/workspace/boilerplate-project-sudoku-solver/.git/refs/remotes/origin/main'
2024-10-25 21:19:46.581 [info] > git rev-parse refs/remotes/origin/main [3ms]
2024-10-25 21:19:46.593 [info] > git status -z -uall [6ms]
2024-10-25 21:19:46.595 [info] > git for-each-ref --sort -committerdate --format %(refname) %(objectname) %(*objectname) [3ms]
2024-10-25 21:19:51.613 [info] > git config --get commit.template [7ms]
2024-10-25 21:19:51.616 [info] > git for-each-ref --format=%(refname)%00%(upstream:short)%00%(objectname)%00%(upstream:track)%00%(upstream:remotename)%00%(upstream:remoteref) refs/heads/main refs/remotes/main [4ms]
2024-10-25 21:19:51.621 [warning] [Git][revParse] Unable to read file: ENOENT: no such file or directory, open '/workspace/boilerplate-project-sudoku-solver/.git/refs/remotes/origin/main'
2024-10-25 21:19:51.624 [info] > git rev-parse refs/remotes/origin/main [3ms]
2024-10-25 21:19:51.634 [info] > git status -z -uall [5ms]
2024-10-25 21:19:51.637 [info] > git for-each-ref --sort -committerdate --format %(refname) %(objectname) %(*objectname) [3ms]
2024-10-25 21:19:56.651 [info] > git config --get commit.template [6ms]
2024-10-25 21:19:56.653 [info] > git for-each-ref --format=%(refname)%00%(upstream:short)%00%(objectname)%00%(upstream:track)%00%(upstream:remotename)%00%(upstream:remoteref) refs/heads/main refs/remotes/main [3ms]
2024-10-25 21:19:56.658 [warning] [Git][revParse] Unable to read file: ENOENT: no such file or directory, open '/workspace/boilerplate-project-sudoku-solver/.git/refs/remotes/origin/main'
2024-10-25 21:19:56.660 [info] > git rev-parse refs/remotes/origin/main [3ms]
2024-10-25 21:19:56.669 [info] > git status -z -uall [5ms]
2024-10-25 21:19:56.671 [info] > git for-each-ref --sort -committerdate --format %(refname) %(objectname) %(*objectname) [3ms]
2024-10-25 21:20:42.760 [info] > git config --get commit.template [3ms]
2024-10-25 21:20:42.770 [info] > git for-each-ref --format=%(refname)%00%(upstream:short)%00%(objectname)%00%(upstream:track)%00%(upstream:remotename)%00%(upstream:remoteref) refs/heads/main refs/remotes/main [2ms]
2024-10-25 21:20:42.776 [warning] [Git][revParse] Unable to read file: ENOENT: no such file or directory, open '/workspace/boilerplate-project-sudoku-solver/.git/refs/remotes/origin/main'
2024-10-25 21:20:42.778 [info] > git rev-parse refs/remotes/origin/main [1ms]
2024-10-25 21:20:42.792 [info] > git status -z -uall [9ms]
2024-10-25 21:20:42.794 [info] > git for-each-ref --sort -committerdate --format %(refname) %(objectname) %(*objectname) [4ms]
2024-10-25 21:20:47.807 [info] > git config --get commit.template [5ms]
2024-10-25 21:20:47.808 [info] > git for-each-ref --format=%(refname)%00%(upstream:short)%00%(objectname)%00%(upstream:track)%00%(upstream:remotename)%00%(upstream:remoteref) refs/heads/main refs/remotes/main [2ms]
2024-10-25 21:20:47.812 [warning] [Git][revParse] Unable to read file: ENOENT: no such file or directory, open '/workspace/boilerplate-project-sudoku-solver/.git/refs/remotes/origin/main'
2024-10-25 21:20:47.813 [info] > git rev-parse refs/remotes/origin/main [1ms]
2024-10-25 21:20:47.820 [info] > git status -z -uall [4ms]
2024-10-25 21:20:47.822 [info] > git for-each-ref --sort -committerdate --format %(refname) %(objectname) %(*objectname) [2ms]
2024-10-25 21:21:34.306 [info] > git config --get commit.template [5ms]
2024-10-25 21:21:34.316 [info] > git for-each-ref --format=%(refname)%00%(upstream:short)%00%(objectname)%00%(upstream:track)%00%(upstream:remotename)%00%(upstream:remoteref) refs/heads/main refs/remotes/main [4ms]
2024-10-25 21:21:34.325 [warning] [Git][revParse] Unable to read file: ENOENT: no such file or directory, open '/workspace/boilerplate-project-sudoku-solver/.git/refs/remotes/origin/main'
2024-10-25 21:21:34.332 [info] > git rev-parse refs/remotes/origin/main [7ms]
2024-10-25 21:21:34.352 [info] > git status -z -uall [14ms]
2024-10-25 21:21:34.358 [info] > git for-each-ref --sort -committerdate --format %(refname) %(objectname) %(*objectname) [7ms]
2024-10-25 21:21:39.374 [info] > git config --get commit.template [6ms]
2024-10-25 21:21:39.375 [info] > git for-each-ref --format=%(refname)%00%(upstream:short)%00%(objectname)%00%(upstream:track)%00%(upstream:remotename)%00%(upstream:remoteref) refs/heads/main refs/remotes/main [2ms]
2024-10-25 21:21:39.380 [warning] [Git][revParse] Unable to read file: ENOENT: no such file or directory, open '/workspace/boilerplate-project-sudoku-solver/.git/refs/remotes/origin/main'
2024-10-25 21:21:39.382 [info] > git rev-parse refs/remotes/origin/main [2ms]
2024-10-25 21:21:39.392 [info] > git status -z -uall [6ms]
2024-10-25 21:21:39.394 [info] > git for-each-ref --sort -committerdate --format %(refname) %(objectname) %(*objectname) [2ms]
2024-10-25 21:21:45.765 [info] > git config --get commit.template [6ms]
2024-10-25 21:21:45.767 [info] > git for-each-ref --format=%(refname)%00%(upstream:short)%00%(objectname)%00%(upstream:track)%00%(upstream:remotename)%00%(upstream:remoteref) refs/heads/main refs/remotes/main [3ms]
2024-10-25 21:21:45.772 [warning] [Git][revParse] Unable to read file: ENOENT: no such file or directory, open '/workspace/boilerplate-project-sudoku-solver/.git/refs/remotes/origin/main'
2024-10-25 21:21:45.775 [info] > git rev-parse refs/remotes/origin/main [3ms]
2024-10-25 21:21:45.788 [info] > git status -z -uall [7ms]
2024-10-25 21:21:45.790 [info] > git for-each-ref --sort -committerdate --format %(refname) %(objectname) %(*objectname) [3ms]
2024-10-25 21:22:15.389 [info] > git config --get commit.template [7ms]
2024-10-25 21:22:15.391 [info] > git for-each-ref --format=%(refname)%00%(upstream:short)%00%(objectname)%00%(upstream:track)%00%(upstream:remotename)%00%(upstream:remoteref) refs/heads/main refs/remotes/main [3ms]
2024-10-25 21:22:15.396 [warning] [Git][revParse] Unable to read file: ENOENT: no such file or directory, open '/workspace/boilerplate-project-sudoku-solver/.git/refs/remotes/origin/main'
2024-10-25 21:22:15.399 [info] > git rev-parse refs/remotes/origin/main [3ms]
2024-10-25 21:22:15.409 [info] > git status -z -uall [5ms]
2024-10-25 21:22:15.412 [info] > git for-each-ref --sort -committerdate --format %(refname) %(objectname) %(*objectname) [3ms]
2024-10-25 21:22:20.425 [info] > git config --get commit.template [5ms]
2024-10-25 21:22:20.426 [info] > git for-each-ref --format=%(refname)%00%(upstream:short)%00%(objectname)%00%(upstream:track)%00%(upstream:remotename)%00%(upstream:remoteref) refs/heads/main refs/remotes/main [2ms]
2024-10-25 21:22:20.430 [warning] [Git][revParse] Unable to read file: ENOENT: no such file or directory, open '/workspace/boilerplate-project-sudoku-solver/.git/refs/remotes/origin/main'
2024-10-25 21:22:20.431 [info] > git rev-parse refs/remotes/origin/main [1ms]
2024-10-25 21:22:20.441 [info] > git status -z -uall [5ms]
2024-10-25 21:22:20.443 [info] > git for-each-ref --sort -committerdate --format %(refname) %(objectname) %(*objectname) [3ms]
2024-10-25 21:22:25.459 [info] > git config --get commit.template [6ms]
2024-10-25 21:22:25.461 [info] > git for-each-ref --format=%(refname)%00%(upstream:short)%00%(objectname)%00%(upstream:track)%00%(upstream:remotename)%00%(upstream:remoteref) refs/heads/main refs/remotes/main [3ms]
2024-10-25 21:22:25.467 [warning] [Git][revParse] Unable to read file: ENOENT: no such file or directory, open '/workspace/boilerplate-project-sudoku-solver/.git/refs/remotes/origin/main'
2024-10-25 21:22:25.469 [info] > git rev-parse refs/remotes/origin/main [3ms]
2024-10-25 21:22:25.480 [info] > git status -z -uall [6ms]
2024-10-25 21:22:25.482 [info] > git for-each-ref --sort -committerdate --format %(refname) %(objectname) %(*objectname) [3ms]
2024-10-25 21:22:33.616 [info] > git config --get commit.template [5ms]
2024-10-25 21:22:33.617 [info] > git for-each-ref --format=%(refname)%00%(upstream:short)%00%(objectname)%00%(upstream:track)%00%(upstream:remotename)%00%(upstream:remoteref) refs/heads/main refs/remotes/main [2ms]
2024-10-25 21:22:33.621 [warning] [Git][revParse] Unable to read file: ENOENT: no such file or directory, open '/workspace/boilerplate-project-sudoku-solver/.git/refs/remotes/origin/main'
2024-10-25 21:22:33.622 [info] > git rev-parse refs/remotes/origin/main [1ms]
2024-10-25 21:22:33.629 [info] > git status -z -uall [4ms]
2024-10-25 21:22:33.631 [info] > git for-each-ref --sort -committerdate --format %(refname) %(objectname) %(*objectname) [2ms]
2024-10-25 21:22:38.645 [info] > git config --get commit.template [5ms]
2024-10-25 21:22:38.647 [info] > git for-each-ref --format=%(refname)%00%(upstream:short)%00%(objectname)%00%(upstream:track)%00%(upstream:remotename)%00%(upstream:remoteref) refs/heads/main refs/remotes/main [3ms]
2024-10-25 21:22:38.652 [warning] [Git][revParse] Unable to read file: ENOENT: no such file or directory, open '/workspace/boilerplate-project-sudoku-solver/.git/refs/remotes/origin/main'
2024-10-25 21:22:38.654 [info] > git rev-parse refs/remotes/origin/main [2ms]
2024-10-25 21:22:38.664 [info] > git status -z -uall [6ms]
2024-10-25 21:22:38.666 [info] > git for-each-ref --sort -committerdate --format %(refname) %(objectname) %(*objectname) [3ms]
2024-10-25 21:22:43.679 [info] > git config --get commit.template [5ms]
2024-10-25 21:22:43.680 [info] > git for-each-ref --format=%(refname)%00%(upstream:short)%00%(objectname)%00%(upstream:track)%00%(upstream:remotename)%00%(upstream:remoteref) refs/heads/main refs/remotes/main [2ms]
2024-10-25 21:22:43.685 [warning] [Git][revParse] Unable to read file: ENOENT: no such file or directory, open '/workspace/boilerplate-project-sudoku-solver/.git/refs/remotes/origin/main'
2024-10-25 21:22:43.687 [info] > git rev-parse refs/remotes/origin/main [2ms]
2024-10-25 21:22:43.696 [info] > git status -z -uall [5ms]
2024-10-25 21:22:43.698 [info] > git for-each-ref --sort -committerdate --format %(refname) %(objectname) %(*objectname) [2ms]
2024-10-25 21:22:57.009 [info] > git config --get commit.template [7ms]
2024-10-25 21:22:57.010 [info] > git for-each-ref --format=%(refname)%00%(upstream:short)%00%(objectname)%00%(upstream:track)%00%(upstream:remotename)%00%(upstream:remoteref) refs/heads/main refs/remotes/main [2ms]
2024-10-25 21:22:57.014 [warning] [Git][revParse] Unable to read file: ENOENT: no such file or directory, open '/workspace/boilerplate-project-sudoku-solver/.git/refs/remotes/origin/main'
2024-10-25 21:22:57.016 [info] > git rev-parse refs/remotes/origin/main [2ms]
2024-10-25 21:22:57.028 [info] > git status -z -uall [7ms]
2024-10-25 21:22:57.029 [info] > git for-each-ref --sort -committerdate --format %(refname) %(objectname) %(*objectname) [2ms]
2024-10-25 21:23:02.047 [info] > git config --get commit.template [7ms]
2024-10-25 21:23:02.049 [info] > git for-each-ref --format=%(refname)%00%(upstream:short)%00%(objectname)%00%(upstream:track)%00%(upstream:remotename)%00%(upstream:remoteref) refs/heads/main refs/remotes/main [3ms]
2024-10-25 21:23:02.054 [warning] [Git][revParse] Unable to read file: ENOENT: no such file or directory, open '/workspace/boilerplate-project-sudoku-solver/.git/refs/remotes/origin/main'
2024-10-25 21:23:02.056 [info] > git rev-parse refs/remotes/origin/main [2ms]
2024-10-25 21:23:02.065 [info] > git status -z -uall [5ms]
2024-10-25 21:23:02.067 [info] > git for-each-ref --sort -committerdate --format %(refname) %(objectname) %(*objectname) [2ms]
2024-10-25 21:23:42.209 [info] > git config --get commit.template [4ms]
2024-10-25 21:23:42.211 [info] > git for-each-ref --format=%(refname)%00%(upstream:short)%00%(objectname)%00%(upstream:track)%00%(upstream:remotename)%00%(upstream:remoteref) refs/heads/main refs/remotes/main [2ms]
2024-10-25 21:23:42.215 [warning] [Git][revParse] Unable to read file: ENOENT: no such file or directory, open '/workspace/boilerplate-project-sudoku-solver/.git/refs/remotes/origin/main'
2024-10-25 21:23:42.216 [info] > git rev-parse refs/remotes/origin/main [1ms]
2024-10-25 21:23:42.224 [info] > git status -z -uall [4ms]
2024-10-25 21:23:42.226 [info] > git for-each-ref --sort -committerdate --format %(refname) %(objectname) %(*objectname) [2ms]
2024-10-25 21:43:11.950 [info] > git config --get commit.template [5ms]
2024-10-25 21:43:11.951 [info] > git for-each-ref --format=%(refname)%00%(upstream:short)%00%(objectname)%00%(upstream:track)%00%(upstream:remotename)%00%(upstream:remoteref) refs/heads/main refs/remotes/main [2ms]
2024-10-25 21:43:11.954 [warning] [Git][revParse] Unable to read file: ENOENT: no such file or directory, open '/workspace/boilerplate-project-sudoku-solver/.git/refs/remotes/origin/main'
2024-10-25 21:43:11.956 [info] > git rev-parse refs/remotes/origin/main [2ms]
2024-10-25 21:43:11.963 [info] > git status -z -uall [4ms]
2024-10-25 21:43:11.965 [info] > git for-each-ref --sort -committerdate --format %(refname) %(objectname) %(*objectname) [2ms]
2024-10-25 21:43:19.605 [info] > git config --get commit.template [23ms]
2024-10-25 21:43:19.606 [info] > git for-each-ref --format=%(refname)%00%(upstream:short)%00%(objectname)%00%(upstream:track)%00%(upstream:remotename)%00%(upstream:remoteref) refs/heads/main refs/remotes/main [7ms]
2024-10-25 21:43:19.617 [warning] [Git][revParse] Unable to read file: ENOENT: no such file or directory, open '/workspace/boilerplate-project-sudoku-solver/.git/refs/remotes/origin/main'
2024-10-25 21:43:19.621 [info] > git rev-parse refs/remotes/origin/main [4ms]
2024-10-25 21:43:19.653 [info] > git status -z -uall [18ms]
2024-10-25 21:43:19.659 [info] > git for-each-ref --sort -committerdate --format %(refname) %(objectname) %(*objectname) [7ms]
2024-10-25 21:43:40.254 [info] > git config --get commit.template [5ms]
2024-10-25 21:43:40.255 [info] > git for-each-ref --format=%(refname)%00%(upstream:short)%00%(objectname)%00%(upstream:track)%00%(upstream:remotename)%00%(upstream:remoteref) refs/heads/main refs/remotes/main [2ms]
2024-10-25 21:43:40.259 [warning] [Git][revParse] Unable to read file: ENOENT: no such file or directory, open '/workspace/boilerplate-project-sudoku-solver/.git/refs/remotes/origin/main'
2024-10-25 21:43:40.261 [info] > git rev-parse refs/remotes/origin/main [2ms]
2024-10-25 21:43:40.270 [info] > git status -z -uall [4ms]
2024-10-25 21:43:40.272 [info] > git for-each-ref --sort -committerdate --format %(refname) %(objectname) %(*objectname) [2ms]
2024-10-25 21:43:45.281 [info] > git config --get commit.template [4ms]
2024-10-25 21:43:45.283 [info] > git for-each-ref --format=%(refname)%00%(upstream:short)%00%(objectname)%00%(upstream:track)%00%(upstream:remotename)%00%(upstream:remoteref) refs/heads/main refs/remotes/main [2ms]
2024-10-25 21:43:45.286 [warning] [Git][revParse] Unable to read file: ENOENT: no such file or directory, open '/workspace/boilerplate-project-sudoku-solver/.git/refs/remotes/origin/main'
2024-10-25 21:43:45.287 [info] > git rev-parse refs/remotes/origin/main [1ms]
2024-10-25 21:43:45.294 [info] > git status -z -uall [4ms]
2024-10-25 21:43:45.296 [info] > git for-each-ref --sort -committerdate --format %(refname) %(objectname) %(*objectname) [2ms]
2024-10-25 21:43:50.306 [info] > git config --get commit.template [5ms]
2024-10-25 21:43:50.308 [info] > git for-each-ref --format=%(refname)%00%(upstream:short)%00%(objectname)%00%(upstream:track)%00%(upstream:remotename)%00%(upstream:remoteref) refs/heads/main refs/remotes/main [3ms]
2024-10-25 21:43:50.312 [warning] [Git][revParse] Unable to read file: ENOENT: no such file or directory, open '/workspace/boilerplate-project-sudoku-solver/.git/refs/remotes/origin/main'
2024-10-25 21:43:50.313 [info] > git rev-parse refs/remotes/origin/main [1ms]
2024-10-25 21:43:50.322 [info] > git status -z -uall [5ms]
2024-10-25 21:43:50.323 [info] > git for-each-ref --sort -committerdate --format %(refname) %(objectname) %(*objectname) [2ms]
2024-10-25 21:43:55.334 [info] > git config --get commit.template [4ms]
2024-10-25 21:43:55.335 [info] > git for-each-ref --format=%(refname)%00%(upstream:short)%00%(objectname)%00%(upstream:track)%00%(upstream:remotename)%00%(upstream:remoteref) refs/heads/main refs/remotes/main [2ms]
2024-10-25 21:43:55.339 [warning] [Git][revParse] Unable to read file: ENOENT: no such file or directory, open '/workspace/boilerplate-project-sudoku-solver/.git/refs/remotes/origin/main'
2024-10-25 21:43:55.340 [info] > git rev-parse refs/remotes/origin/main [1ms]
2024-10-25 21:43:55.347 [info] > git status -z -uall [4ms]
2024-10-25 21:43:55.349 [info] > git for-each-ref --sort -committerdate --format %(refname) %(objectname) %(*objectname) [2ms]
2024-10-25 21:44:01.105 [info] > git config --get commit.template [4ms]
2024-10-25 21:44:01.107 [info] > git for-each-ref --format=%(refname)%00%(upstream:short)%00%(objectname)%00%(upstream:track)%00%(upstream:remotename)%00%(upstream:remoteref) refs/heads/main refs/remotes/main [1ms]
2024-10-25 21:44:01.110 [warning] [Git][revParse] Unable to read file: ENOENT: no such file or directory, open '/workspace/boilerplate-project-sudoku-solver/.git/refs/remotes/origin/main'
2024-10-25 21:44:01.111 [info] > git rev-parse refs/remotes/origin/main [1ms]
2024-10-25 21:44:01.118 [info] > git status -z -uall [3ms]
2024-10-25 21:44:01.120 [info] > git for-each-ref --sort -committerdate --format %(refname) %(objectname) %(*objectname) [2ms]
2024-10-25 21:44:33.508 [info] > git config --get commit.template [4ms]
2024-10-25 21:44:33.509 [info] > git for-each-ref --format=%(refname)%00%(upstream:short)%00%(objectname)%00%(upstream:track)%00%(upstream:remotename)%00%(upstream:remoteref) refs/heads/main refs/remotes/main [1ms]
2024-10-25 21:44:33.513 [warning] [Git][revParse] Unable to read file: ENOENT: no such file or directory, open '/workspace/boilerplate-project-sudoku-solver/.git/refs/remotes/origin/main'
2024-10-25 21:44:33.514 [info] > git rev-parse refs/remotes/origin/main [1ms]
2024-10-25 21:44:33.521 [info] > git status -z -uall [4ms]
2024-10-25 21:44:33.523 [info] > git for-each-ref --sort -committerdate --format %(refname) %(objectname) %(*objectname) [2ms]
2024-10-25 21:44:38.533 [info] > git config --get commit.template [4ms]
2024-10-25 21:44:38.534 [info] > git for-each-ref --format=%(refname)%00%(upstream:short)%00%(objectname)%00%(upstream:track)%00%(upstream:remotename)%00%(upstream:remoteref) refs/heads/main refs/remotes/main [2ms]
2024-10-25 21:44:38.537 [warning] [Git][revParse] Unable to read file: ENOENT: no such file or directory, open '/workspace/boilerplate-project-sudoku-solver/.git/refs/remotes/origin/main'
2024-10-25 21:44:38.539 [info] > git rev-parse refs/remotes/origin/main [2ms]
2024-10-25 21:44:38.549 [info] > git status -z -uall [6ms]
2024-10-25 21:44:38.550 [info] > git for-each-ref --sort -committerdate --format %(refname) %(objectname) %(*objectname) [1ms]
2024-10-25 21:45:19.205 [info] > git config --get commit.template [5ms]
2024-10-25 21:45:19.206 [info] > git for-each-ref --format=%(refname)%00%(upstream:short)%00%(objectname)%00%(upstream:track)%00%(upstream:remotename)%00%(upstream:remoteref) refs/heads/main refs/remotes/main [2ms]
2024-10-25 21:45:19.209 [warning] [Git][revParse] Unable to read file: ENOENT: no such file or directory, open '/workspace/boilerplate-project-sudoku-solver/.git/refs/remotes/origin/main'
2024-10-25 21:45:19.211 [info] > git rev-parse refs/remotes/origin/main [2ms]
2024-10-25 21:45:19.217 [info] > git status -z -uall [3ms]
2024-10-25 21:45:19.219 [info] > git for-each-ref --sort -committerdate --format %(refname) %(objectname) %(*objectname) [2ms]
2024-10-25 21:50:12.253 [info] > git config --get commit.template [5ms]
2024-10-25 21:50:12.255 [info] > git for-each-ref --format=%(refname)%00%(upstream:short)%00%(objectname)%00%(upstream:track)%00%(upstream:remotename)%00%(upstream:remoteref) refs/heads/main refs/remotes/main [3ms]
2024-10-25 21:50:12.259 [warning] [Git][revParse] Unable to read file: ENOENT: no such file or directory, open '/workspace/boilerplate-project-sudoku-solver/.git/refs/remotes/origin/main'
2024-10-25 21:50:12.260 [info] > git rev-parse refs/remotes/origin/main [1ms]
2024-10-25 21:50:12.269 [info] > git status -z -uall [5ms]
2024-10-25 21:50:12.270 [info] > git for-each-ref --sort -committerdate --format %(refname) %(objectname) %(*objectname) [2ms]
2024-10-25 21:50:17.282 [info] > git config --get commit.template [5ms]
2024-10-25 21:50:17.283 [info] > git for-each-ref --format=%(refname)%00%(upstream:short)%00%(objectname)%00%(upstream:track)%00%(upstream:remotename)%00%(upstream:remoteref) refs/heads/main refs/remotes/main [2ms]
2024-10-25 21:50:17.288 [warning] [Git][revParse] Unable to read file: ENOENT: no such file or directory, open '/workspace/boilerplate-project-sudoku-solver/.git/refs/remotes/origin/main'
2024-10-25 21:50:17.290 [info] > git rev-parse refs/remotes/origin/main [3ms]
2024-10-25 21:50:17.299 [info] > git status -z -uall [5ms]
2024-10-25 21:50:17.301 [info] > git for-each-ref --sort -committerdate --format %(refname) %(objectname) %(*objectname) [3ms]
2024-10-25 21:50:22.312 [info] > git config --get commit.template [4ms]
2024-10-25 21:50:22.313 [info] > git for-each-ref --format=%(refname)%00%(upstream:short)%00%(objectname)%00%(upstream:track)%00%(upstream:remotename)%00%(upstream:remoteref) refs/heads/main refs/remotes/main [2ms]
2024-10-25 21:50:22.317 [warning] [Git][revParse] Unable to read file: ENOENT: no such file or directory, open '/workspace/boilerplate-project-sudoku-solver/.git/refs/remotes/origin/main'
2024-10-25 21:50:22.318 [info] > git rev-parse refs/remotes/origin/main [1ms]
2024-10-25 21:50:22.327 [info] > git status -z -uall [5ms]
2024-10-25 21:50:22.330 [info] > git for-each-ref --sort -committerdate --format %(refname) %(objectname) %(*objectname) [3ms]
2024-10-25 21:50:27.342 [info] > git config --get commit.template [6ms]
2024-10-25 21:50:27.343 [info] > git for-each-ref --format=%(refname)%00%(upstream:short)%00%(objectname)%00%(upstream:track)%00%(upstream:remotename)%00%(upstream:remoteref) refs/heads/main refs/remotes/main [2ms]
2024-10-25 21:50:27.348 [warning] [Git][revParse] Unable to read file: ENOENT: no such file or directory, open '/workspace/boilerplate-project-sudoku-solver/.git/refs/remotes/origin/main'
2024-10-25 21:50:27.350 [info] > git rev-parse refs/remotes/origin/main [2ms]
2024-10-25 21:50:27.359 [info] > git status -z -uall [5ms]
2024-10-25 21:50:27.361 [info] > git for-each-ref --sort -committerdate --format %(refname) %(objectname) %(*objectname) [3ms]
2024-10-25 21:50:32.374 [info] > git config --get commit.template [5ms]
2024-10-25 21:50:32.376 [info] > git for-each-ref --format=%(refname)%00%(upstream:short)%00%(objectname)%00%(upstream:track)%00%(upstream:remotename)%00%(upstream:remoteref) refs/heads/main refs/remotes/main [2ms]
2024-10-25 21:50:32.381 [warning] [Git][revParse] Unable to read file: ENOENT: no such file or directory, open '/workspace/boilerplate-project-sudoku-solver/.git/refs/remotes/origin/main'
2024-10-25 21:50:32.383 [info] > git rev-parse refs/remotes/origin/main [2ms]
2024-10-25 21:50:32.392 [info] > git status -z -uall [5ms]
2024-10-25 21:50:32.394 [info] > git for-each-ref --sort -committerdate --format %(refname) %(objectname) %(*objectname) [3ms]
2024-10-25 21:50:37.408 [info] > git config --get commit.template [7ms]
2024-10-25 21:50:37.410 [info] > git for-each-ref --format=%(refname)%00%(upstream:short)%00%(objectname)%00%(upstream:track)%00%(upstream:remotename)%00%(upstream:remoteref) refs/heads/main refs/remotes/main [3ms]
2024-10-25 21:50:37.415 [warning] [Git][revParse] Unable to read file: ENOENT: no such file or directory, open '/workspace/boilerplate-project-sudoku-solver/.git/refs/remotes/origin/main'
2024-10-25 21:50:37.417 [info] > git rev-parse refs/remotes/origin/main [2ms]
2024-10-25 21:50:37.425 [info] > git status -z -uall [4ms]
2024-10-25 21:50:37.427 [info] > git for-each-ref --sort -committerdate --format %(refname) %(objectname) %(*objectname) [2ms]
2024-10-25 21:50:42.440 [info] > git config --get commit.template [6ms]
2024-10-25 21:50:42.442 [info] > git for-each-ref --format=%(refname)%00%(upstream:short)%00%(objectname)%00%(upstream:track)%00%(upstream:remotename)%00%(upstream:remoteref) refs/heads/main refs/remotes/main [3ms]
2024-10-25 21:50:42.447 [warning] [Git][revParse] Unable to read file: ENOENT: no such file or directory, open '/workspace/boilerplate-project-sudoku-solver/.git/refs/remotes/origin/main'
2024-10-25 21:50:42.449 [info] > git rev-parse refs/remotes/origin/main [2ms]
2024-10-25 21:50:42.460 [info] > git status -z -uall [6ms]
2024-10-25 21:50:42.462 [info] > git for-each-ref --sort -committerdate --format %(refname) %(objectname) %(*objectname) [2ms]
2024-10-25 21:50:47.485 [info] > git for-each-ref --format=%(refname)%00%(upstream:short)%00%(objectname)%00%(upstream:track)%00%(upstream:remotename)%00%(upstream:remoteref) refs/heads/main refs/remotes/main [7ms]
2024-10-25 21:50:47.485 [info] > git config --get commit.template [13ms]
2024-10-25 21:50:47.491 [warning] [Git][revParse] Unable to read file: ENOENT: no such file or directory, open '/workspace/boilerplate-project-sudoku-solver/.git/refs/remotes/origin/main'
2024-10-25 21:50:47.493 [info] > git rev-parse refs/remotes/origin/main [3ms]
2024-10-25 21:50:47.503 [info] > git status -z -uall [5ms]
2024-10-25 21:50:47.505 [info] > git for-each-ref --sort -committerdate --format %(refname) %(objectname) %(*objectname) [3ms]
2024-10-25 21:50:52.522 [info] > git config --get commit.template [7ms]
2024-10-25 21:50:52.523 [info] > git for-each-ref --format=%(refname)%00%(upstream:short)%00%(objectname)%00%(upstream:track)%00%(upstream:remotename)%00%(upstream:remoteref) refs/heads/main refs/remotes/main [2ms]
2024-10-25 21:50:52.529 [warning] [Git][revParse] Unable to read file: ENOENT: no such file or directory, open '/workspace/boilerplate-project-sudoku-solver/.git/refs/remotes/origin/main'
2024-10-25 21:50:52.531 [info] > git rev-parse refs/remotes/origin/main [2ms]
2024-10-25 21:50:52.544 [info] > git status -z -uall [7ms]
2024-10-25 21:50:52.546 [info] > git for-each-ref --sort -committerdate --format %(refname) %(objectname) %(*objectname) [3ms]
2024-10-25 21:50:57.588 [info] > git for-each-ref --format=%(refname)%00%(upstream:short)%00%(objectname)%00%(upstream:track)%00%(upstream:remotename)%00%(upstream:remoteref) refs/heads/main refs/remotes/main [1ms]
2024-10-25 21:50:57.589 [info] > git config --get commit.template [17ms]
2024-10-25 21:50:57.597 [warning] [Git][revParse] Unable to read file: ENOENT: no such file or directory, open '/workspace/boilerplate-project-sudoku-solver/.git/refs/remotes/origin/main'
2024-10-25 21:50:57.600 [info] > git rev-parse refs/remotes/origin/main [2ms]
2024-10-25 21:50:57.616 [info] > git status -z -uall [10ms]
2024-10-25 21:50:57.617 [info] > git for-each-ref --sort -committerdate --format %(refname) %(objectname) %(*objectname) [1ms]
2024-10-25 21:51:02.634 [info] > git config --get commit.template [7ms]
2024-10-25 21:51:02.636 [info] > git for-each-ref --format=%(refname)%00%(upstream:short)%00%(objectname)%00%(upstream:track)%00%(upstream:remotename)%00%(upstream:remoteref) refs/heads/main refs/remotes/main [3ms]
2024-10-25 21:51:02.642 [warning] [Git][revParse] Unable to read file: ENOENT: no such file or directory, open '/workspace/boilerplate-project-sudoku-solver/.git/refs/remotes/origin/main'
2024-10-25 21:51:02.644 [info] > git rev-parse refs/remotes/origin/main [2ms]
2024-10-25 21:51:02.658 [info] > git status -z -uall [7ms]
2024-10-25 21:51:02.661 [info] > git for-each-ref --sort -committerdate --format %(refname) %(objectname) %(*objectname) [3ms]
2024-10-25 21:51:13.486 [info] > git config --get commit.template [9ms]
2024-10-25 21:51:13.488 [info] > git for-each-ref --format=%(refname)%00%(upstream:short)%00%(objectname)%00%(upstream:track)%00%(upstream:remotename)%00%(upstream:remoteref) refs/heads/main refs/remotes/main [3ms]
2024-10-25 21:51:13.495 [warning] [Git][revParse] Unable to read file: ENOENT: no such file or directory, open '/workspace/boilerplate-project-sudoku-solver/.git/refs/remotes/origin/main'
2024-10-25 21:51:13.500 [info] > git rev-parse refs/remotes/origin/main [5ms]
2024-10-25 21:51:13.573 [info] > git status -z -uall [67ms]
2024-10-25 21:51:13.576 [info] > git for-each-ref --sort -committerdate --format %(refname) %(objectname) %(*objectname) [4ms]
2024-10-25 21:51:32.278 [info] > git config --get commit.template [7ms]
2024-10-25 21:51:32.280 [info] > git for-each-ref --format=%(refname)%00%(upstream:short)%00%(objectname)%00%(upstream:track)%00%(upstream:remotename)%00%(upstream:remoteref) refs/heads/main refs/remotes/main [3ms]
2024-10-25 21:51:32.285 [warning] [Git][revParse] Unable to read file: ENOENT: no such file or directory, open '/workspace/boilerplate-project-sudoku-solver/.git/refs/remotes/origin/main'
2024-10-25 21:51:32.287 [info] > git rev-parse refs/remotes/origin/main [2ms]
2024-10-25 21:51:32.298 [info] > git status -z -uall [6ms]
2024-10-25 21:51:32.299 [info] > git for-each-ref --sort -committerdate --format %(refname) %(objectname) %(*objectname) [2ms]
2024-10-25 21:52:11.701 [info] > git config --get commit.template [9ms]
2024-10-25 21:52:11.703 [info] > git for-each-ref --format=%(refname)%00%(upstream:short)%00%(objectname)%00%(upstream:track)%00%(upstream:remotename)%00%(upstream:remoteref) refs/heads/main refs/remotes/main [3ms]
2024-10-25 21:52:11.709 [warning] [Git][revParse] Unable to read file: ENOENT: no such file or directory, open '/workspace/boilerplate-project-sudoku-solver/.git/refs/remotes/origin/main'
2024-10-25 21:52:11.711 [info] > git rev-parse refs/remotes/origin/main [2ms]
2024-10-25 21:52:11.723 [info] > git status -z -uall [7ms]
2024-10-25 21:52:11.724 [info] > git for-each-ref --sort -committerdate --format %(refname) %(objectname) %(*objectname) [3ms]
2024-10-25 21:52:16.739 [info] > git config --get commit.template [5ms]
2024-10-25 21:52:16.740 [info] > git for-each-ref --format=%(refname)%00%(upstream:short)%00%(objectname)%00%(upstream:track)%00%(upstream:remotename)%00%(upstream:remoteref) refs/heads/main refs/remotes/main [2ms]
2024-10-25 21:52:16.743 [warning] [Git][revParse] Unable to read file: ENOENT: no such file or directory, open '/workspace/boilerplate-project-sudoku-solver/.git/refs/remotes/origin/main'
2024-10-25 21:52:16.745 [info] > git rev-parse refs/remotes/origin/main [2ms]
2024-10-25 21:52:16.755 [info] > git status -z -uall [5ms]
2024-10-25 21:52:16.757 [info] > git for-each-ref --sort -committerdate --format %(refname) %(objectname) %(*objectname) [3ms]
2024-10-25 21:52:34.896 [info] > git config --get commit.template [6ms]
2024-10-25 21:52:34.897 [info] > git for-each-ref --format=%(refname)%00%(upstream:short)%00%(objectname)%00%(upstream:track)%00%(upstream:remotename)%00%(upstream:remoteref) refs/heads/main refs/remotes/main [2ms]
2024-10-25 21:52:34.902 [warning] [Git][revParse] Unable to read file: ENOENT: no such file or directory, open '/workspace/boilerplate-project-sudoku-solver/.git/refs/remotes/origin/main'
2024-10-25 21:52:34.903 [info] > git rev-parse refs/remotes/origin/main [1ms]
2024-10-25 21:52:34.912 [info] > git status -z -uall [5ms]
2024-10-25 21:52:34.913 [info] > git for-each-ref --sort -committerdate --format %(refname) %(objectname) %(*objectname) [2ms]
2024-10-25 21:52:43.834 [info] > git config --get commit.template [5ms]
2024-10-25 21:52:43.836 [info] > git for-each-ref --format=%(refname)%00%(upstream:short)%00%(objectname)%00%(upstream:track)%00%(upstream:remotename)%00%(upstream:remoteref) refs/heads/main refs/remotes/main [2ms]
2024-10-25 21:52:43.840 [warning] [Git][revParse] Unable to read file: ENOENT: no such file or directory, open '/workspace/boilerplate-project-sudoku-solver/.git/refs/remotes/origin/main'
2024-10-25 21:52:43.841 [info] > git rev-parse refs/remotes/origin/main [1ms]
2024-10-25 21:52:43.850 [info] > git status -z -uall [5ms]
2024-10-25 21:52:43.852 [info] > git for-each-ref --sort -committerdate --format %(refname) %(objectname) %(*objectname) [3ms]
2024-10-25 21:53:32.348 [info] > git config --get commit.template [6ms]
2024-10-25 21:53:32.350 [info] > git for-each-ref --format=%(refname)%00%(upstream:short)%00%(objectname)%00%(upstream:track)%00%(upstream:remotename)%00%(upstream:remoteref) refs/heads/main refs/remotes/main [2ms]
2024-10-25 21:53:32.355 [warning] [Git][revParse] Unable to read file: ENOENT: no such file or directory, open '/workspace/boilerplate-project-sudoku-solver/.git/refs/remotes/origin/main'
2024-10-25 21:53:32.357 [info] > git rev-parse refs/remotes/origin/main [2ms]
2024-10-25 21:53:32.367 [info] > git status -z -uall [6ms]
2024-10-25 21:53:32.368 [info] > git for-each-ref --sort -committerdate --format %(refname) %(objectname) %(*objectname) [2ms]
2024-10-25 21:53:50.735 [info] > git config --get commit.template [4ms]
2024-10-25 21:53:50.736 [info] > git for-each-ref --format=%(refname)%00%(upstream:short)%00%(objectname)%00%(upstream:track)%00%(upstream:remotename)%00%(upstream:remoteref) refs/heads/main refs/remotes/main [2ms]
2024-10-25 21:53:50.739 [warning] [Git][revParse] Unable to read file: ENOENT: no such file or directory, open '/workspace/boilerplate-project-sudoku-solver/.git/refs/remotes/origin/main'
2024-10-25 21:53:50.741 [info] > git rev-parse refs/remotes/origin/main [2ms]
2024-10-25 21:53:50.748 [info] > git status -z -uall [4ms]
2024-10-25 21:53:50.750 [info] > git for-each-ref --sort -committerdate --format %(refname) %(objectname) %(*objectname) [2ms]
2024-10-25 21:54:22.584 [info] > git config --get commit.template [8ms]
2024-10-25 21:54:22.586 [info] > git for-each-ref --format=%(refname)%00%(upstream:short)%00%(objectname)%00%(upstream:track)%00%(upstream:remotename)%00%(upstream:remoteref) refs/heads/main refs/remotes/main [2ms]
2024-10-25 21:54:22.591 [warning] [Git][revParse] Unable to read file: ENOENT: no such file or directory, open '/workspace/boilerplate-project-sudoku-solver/.git/refs/remotes/origin/main'
2024-10-25 21:54:22.593 [info] > git rev-parse refs/remotes/origin/main [2ms]
2024-10-25 21:54:22.605 [info] > git status -z -uall [7ms]
2024-10-25 21:54:22.607 [info] > git for-each-ref --sort -committerdate --format %(refname) %(objectname) %(*objectname) [3ms]
2024-10-25 22:01:32.294 [info] > git config --get commit.template [8ms]
2024-10-25 22:01:32.295 [info] > git for-each-ref --format=%(refname)%00%(upstream:short)%00%(objectname)%00%(upstream:track)%00%(upstream:remotename)%00%(upstream:remoteref) refs/heads/main refs/remotes/main [2ms]
2024-10-25 22:01:32.301 [warning] [Git][revParse] Unable to read file: ENOENT: no such file or directory, open '/workspace/boilerplate-project-sudoku-solver/.git/refs/remotes/origin/main'
2024-10-25 22:01:32.303 [info] > git rev-parse refs/remotes/origin/main [2ms]
2024-10-25 22:01:32.314 [info] > git status -z -uall [6ms]
2024-10-25 22:01:32.316 [info] > git for-each-ref --sort -committerdate --format %(refname) %(objectname) %(*objectname) [2ms]
2024-10-25 22:02:30.152 [info] > git config --get commit.template [7ms]
2024-10-25 22:02:30.154 [info] > git for-each-ref --format=%(refname)%00%(upstream:short)%00%(objectname)%00%(upstream:track)%00%(upstream:remotename)%00%(upstream:remoteref) refs/heads/main refs/remotes/main [3ms]
2024-10-25 22:02:30.159 [warning] [Git][revParse] Unable to read file: ENOENT: no such file or directory, open '/workspace/boilerplate-project-sudoku-solver/.git/refs/remotes/origin/main'
2024-10-25 22:02:30.162 [info] > git rev-parse refs/remotes/origin/main [2ms]
2024-10-25 22:02:30.174 [info] > git status -z -uall [7ms]
2024-10-25 22:02:30.176 [info] > git for-each-ref --sort -committerdate --format %(refname) %(objectname) %(*objectname) [3ms]
2024-10-25 22:02:37.478 [info] > git config --get commit.template [7ms]
2024-10-25 22:02:37.479 [info] > git for-each-ref --format=%(refname)%00%(upstream:short)%00%(objectname)%00%(upstream:track)%00%(upstream:remotename)%00%(upstream:remoteref) refs/heads/main refs/remotes/main [3ms]
2024-10-25 22:02:37.484 [warning] [Git][revParse] Unable to read file: ENOENT: no such file or directory, open '/workspace/boilerplate-project-sudoku-solver/.git/refs/remotes/origin/main'
2024-10-25 22:02:37.486 [info] > git rev-parse refs/remotes/origin/main [2ms]
2024-10-25 22:02:37.497 [info] > git status -z -uall [6ms]
2024-10-25 22:02:37.499 [info] > git for-each-ref --sort -committerdate --format %(refname) %(objectname) %(*objectname) [3ms]
2024-10-25 22:02:43.570 [info] > git config --get commit.template [7ms]
2024-10-25 22:02:43.572 [info] > git for-each-ref --format=%(refname)%00%(upstream:short)%00%(objectname)%00%(upstream:track)%00%(upstream:remotename)%00%(upstream:remoteref) refs/heads/main refs/remotes/main [3ms]
2024-10-25 22:02:43.576 [warning] [Git][revParse] Unable to read file: ENOENT: no such file or directory, open '/workspace/boilerplate-project-sudoku-solver/.git/refs/remotes/origin/main'
2024-10-25 22:02:43.578 [info] > git rev-parse refs/remotes/origin/main [2ms]
2024-10-25 22:02:43.589 [info] > git status -z -uall [6ms]
2024-10-25 22:02:43.591 [info] > git for-each-ref --sort -committerdate --format %(refname) %(objectname) %(*objectname) [3ms]
2024-10-25 22:02:48.609 [info] > git config --get commit.template [8ms]
2024-10-25 22:02:48.611 [info] > git for-each-ref --format=%(refname)%00%(upstream:short)%00%(objectname)%00%(upstream:track)%00%(upstream:remotename)%00%(upstream:remoteref) refs/heads/main refs/remotes/main [3ms]
2024-10-25 22:02:48.618 [warning] [Git][revParse] Unable to read file: ENOENT: no such file or directory, open '/workspace/boilerplate-project-sudoku-solver/.git/refs/remotes/origin/main'
2024-10-25 22:02:48.620 [info] > git rev-parse refs/remotes/origin/main [2ms]
2024-10-25 22:02:48.635 [info] > git status -z -uall [8ms]
2024-10-25 22:02:48.636 [info] > git for-each-ref --sort -committerdate --format %(refname) %(objectname) %(*objectname) [2ms]
2024-10-25 22:02:53.650 [info] > git config --get commit.template [6ms]
2024-10-25 22:02:53.652 [info] > git for-each-ref --format=%(refname)%00%(upstream:short)%00%(objectname)%00%(upstream:track)%00%(upstream:remotename)%00%(upstream:remoteref) refs/heads/main refs/remotes/main [3ms]
2024-10-25 22:02:53.658 [warning] [Git][revParse] Unable to read file: ENOENT: no such file or directory, open '/workspace/boilerplate-project-sudoku-solver/.git/refs/remotes/origin/main'
2024-10-25 22:02:53.660 [info] > git rev-parse refs/remotes/origin/main [2ms]
2024-10-25 22:02:53.673 [info] > git status -z -uall [7ms]
2024-10-25 22:02:53.675 [info] > git for-each-ref --sort -committerdate --format %(refname) %(objectname) %(*objectname) [3ms]
2024-10-25 22:03:17.764 [info] > git config --get commit.template [6ms]
2024-10-25 22:03:17.766 [info] > git for-each-ref --format=%(refname)%00%(upstream:short)%00%(objectname)%00%(upstream:track)%00%(upstream:remotename)%00%(upstream:remoteref) refs/heads/main refs/remotes/main [3ms]
2024-10-25 22:03:17.770 [warning] [Git][revParse] Unable to read file: ENOENT: no such file or directory, open '/workspace/boilerplate-project-sudoku-solver/.git/refs/remotes/origin/main'
2024-10-25 22:03:17.772 [info] > git rev-parse refs/remotes/origin/main [2ms]
2024-10-25 22:03:17.781 [info] > git status -z -uall [5ms]
2024-10-25 22:03:17.783 [info] > git for-each-ref --sort -committerdate --format %(refname) %(objectname) %(*objectname) [3ms]
2024-10-25 22:03:48.867 [info] > git config --get commit.template [6ms]
2024-10-25 22:03:48.869 [info] > git for-each-ref --format=%(refname)%00%(upstream:short)%00%(objectname)%00%(upstream:track)%00%(upstream:remotename)%00%(upstream:remoteref) refs/heads/main refs/remotes/main [3ms]
2024-10-25 22:03:48.873 [warning] [Git][revParse] Unable to read file: ENOENT: no such file or directory, open '/workspace/boilerplate-project-sudoku-solver/.git/refs/remotes/origin/main'
2024-10-25 22:03:48.875 [info] > git rev-parse refs/remotes/origin/main [1ms]
2024-10-25 22:03:48.884 [info] > git status -z -uall [5ms]
2024-10-25 22:03:48.887 [info] > git for-each-ref --sort -committerdate --format %(refname) %(objectname) %(*objectname) [4ms]
2024-10-25 22:04:18.269 [info] > git config --get commit.template [5ms]
2024-10-25 22:04:18.270 [info] > git for-each-ref --format=%(refname)%00%(upstream:short)%00%(objectname)%00%(upstream:track)%00%(upstream:remotename)%00%(upstream:remoteref) refs/heads/main refs/remotes/main [2ms]
2024-10-25 22:04:18.275 [warning] [Git][revParse] Unable to read file: ENOENT: no such file or directory, open '/workspace/boilerplate-project-sudoku-solver/.git/refs/remotes/origin/main'
2024-10-25 22:04:18.277 [info] > git rev-parse refs/remotes/origin/main [2ms]
2024-10-25 22:04:18.287 [info] > git status -z -uall [6ms]
2024-10-25 22:04:18.289 [info] > git for-each-ref --sort -committerdate --format %(refname) %(objectname) %(*objectname) [3ms]
2024-10-25 22:04:27.821 [info] > git config --get commit.template [6ms]
2024-10-25 22:04:27.822 [info] > git for-each-ref --format=%(refname)%00%(upstream:short)%00%(objectname)%00%(upstream:track)%00%(upstream:remotename)%00%(upstream:remoteref) refs/heads/main refs/remotes/main [2ms]
2024-10-25 22:04:27.827 [warning] [Git][revParse] Unable to read file: ENOENT: no such file or directory, open '/workspace/boilerplate-project-sudoku-solver/.git/refs/remotes/origin/main'
2024-10-25 22:04:27.829 [info] > git rev-parse refs/remotes/origin/main [2ms]
2024-10-25 22:04:27.840 [info] > git status -z -uall [6ms]
2024-10-25 22:04:27.842 [info] > git for-each-ref --sort -committerdate --format %(refname) %(objectname) %(*objectname) [3ms]
2024-10-25 22:04:32.858 [info] > git config --get commit.template [6ms]
2024-10-25 22:04:32.860 [info] > git for-each-ref --format=%(refname)%00%(upstream:short)%00%(objectname)%00%(upstream:track)%00%(upstream:remotename)%00%(upstream:remoteref) refs/heads/main refs/remotes/main [3ms]
2024-10-25 22:04:32.864 [warning] [Git][revParse] Unable to read file: ENOENT: no such file or directory, open '/workspace/boilerplate-project-sudoku-solver/.git/refs/remotes/origin/main'
2024-10-25 22:04:32.866 [info] > git rev-parse refs/remotes/origin/main [2ms]
2024-10-25 22:04:32.877 [info] > git status -z -uall [7ms]
2024-10-25 22:04:32.879 [info] > git for-each-ref --sort -committerdate --format %(refname) %(objectname) %(*objectname) [3ms]
