2024-10-14 18:18:14.648 [info] Log level: Info
2024-10-14 18:18:14.648 [info] VSCODE_MACHINE_ID: 49659ee1-e03c-4c1d-ba74-f9b98d9b720d
2024-10-14 18:18:14.649 [info] VSCODE_SESSION_ID: b9209bf2-810f-4769-b09c-feb225fbfb211728929890993
2024-10-14 18:18:14.649 [info] VSCODE_VERSION: 1.93.1
2024-10-14 18:18:14.649 [info] VSCODE_APP_NAME: Gitpod Code
2024-10-14 18:18:14.649 [info] VSCODE_APP_HOST: Gitpod
2024-10-14 18:18:14.649 [info] VSCODE_UI_KIND: web
2024-10-14 18:18:14.649 [info] GITPOD_WORKSPACE_CONTEXT_URL: https://github.com/freeCodeCamp/boilerplate-advancednode/
2024-10-14 18:18:14.649 [info] GITPOD_INSTANCE_ID: f32918d7-337d-48f7-a4dc-119f7fbf180f
2024-10-14 18:18:14.649 [info] GITPOD_WORKSPACE_URL: https://freecodecam-boilerplate-dqdnvzl46td.ws-us116.gitpod.io
2024-10-14 18:18:14.649 [info] Gitpod Web 7ff72a2
2024-10-14 18:18:14.649 [info] Reading sessions from keychain...
2024-10-14 18:18:14.732 [info] Getting sessions for all scopes...
2024-10-14 18:18:14.732 [info] Getting GitHub sessions for all scopes...
2024-10-14 18:18:14.732 [info] Getting sessions for function:accessCodeSyncStorage...
2024-10-14 18:18:14.733 [info] Got stored sessions!
2024-10-14 18:18:14.733 [info] Verified session with the following scopes: function:accessCodeSyncStorage function:closePort function:controlAdmission function:deleteEnvVar function:generateNewGitpodToken function:getDefaultWorkspaceImage function:getGitpodTokenScopes function:getIDToken function:getLoggedInUser function:getOpenPorts function:getSupportedWorkspaceClasses function:getTeams function:getToken function:getWorkspace function:getWorkspaceEnvVars function:getWorkspaceOwner function:getWorkspaceTimeout function:getWorkspaceUsers function:guessGitTokenScopes function:isWorkspaceOwner function:openPort function:sendHeartBeat function:setEnvVar function:setWorkspaceTimeout function:stopWorkspace function:takeSnapshot function:trackEvent function:updateGitStatus function:waitForSnapshot resource:contentBlob::*::create/get resource:envVar::*/*::update resource:envVar::freeCodeCamp/boilerplate-advancednode::create/get/update/delete resource:gitpodToken::*::create resource:snapshot::ws-freecodecam-boilerplate-dqdnvzl46td::create resource:token::*::get resource:userStorage::*::create/get/update resource:workspace::freecodecam-boilerplate-dqdnvzl46td::get/update resource:workspaceInstance::f32918d7-337d-48f7-a4dc-119f7fbf180f::get/update/delete
2024-10-14 18:18:14.736 [info] Got 1 verified sessions.
2024-10-14 18:18:14.736 [info] Got 1 sessions for all scopes...
2024-10-14 18:18:14.736 [info] Got 1 sessions for function:accessCodeSyncStorage...
2024-10-14 18:18:15.000 [info] Got 1 GitHub sessions for all scopes...
2024-10-14 18:18:15.012 [info] Getting sessions for all scopes...
2024-10-14 18:18:15.012 [info] Got 1 sessions for all scopes...
2024-10-14 18:18:15.154 [info] Getting GitHub sessions for all scopes...
2024-10-14 18:18:15.154 [info] Got 1 GitHub sessions for all scopes...
2024-10-14 18:18:15.158 [info] Getting GitHub sessions for read:user,repo,user:email,workflow...
2024-10-14 18:18:15.158 [info] Got 0 GitHub sessions for read:user,repo,user:email,workflow...
2024-10-14 18:18:15.236 [info] Getting GitHub sessions for project,read:org,read:user,repo,user:email,workflow...
2024-10-14 18:18:15.236 [info] Got 0 GitHub sessions for project,read:org,read:user,repo,user:email,workflow...
2024-10-14 18:18:15.320 [info] Getting GitHub sessions for read:user,repo,user:email,workflow...
2024-10-14 18:18:15.320 [info] Got 0 GitHub sessions for read:user,repo,user:email,workflow...
2024-10-14 18:18:15.512 [info] Getting GitHub sessions for read:user,repo,user:email...
2024-10-14 18:18:15.512 [info] Got 0 GitHub sessions for read:user,repo,user:email...
2024-10-14 18:18:15.591 [info] Getting GitHub sessions for read:user,repo,user:email,workflow...
2024-10-14 18:18:15.591 [info] Got 0 GitHub sessions for read:user,repo,user:email,workflow...
2024-10-14 19:54:08.771 [error] cannot maintain connection to supervisor 13 INTERNAL: closed
2024-10-14 19:54:09.773 [error] cannot maintain connection to supervisor 13 INTERNAL: closed
2024-10-14 19:54:10.774 [error] cannot maintain connection to supervisor 13 INTERNAL: closed
2024-10-14 19:54:11.776 [error] cannot maintain connection to supervisor 13 INTERNAL: closed
2024-10-14 19:54:12.778 [error] cannot maintain connection to supervisor 13 INTERNAL: closed
2024-10-14 19:54:13.781 [error] cannot maintain connection to supervisor 13 INTERNAL: closed
2024-10-14 19:54:14.782 [error] cannot maintain connection to supervisor 13 INTERNAL: closed
2024-10-14 19:54:15.785 [error] cannot maintain connection to supervisor 13 INTERNAL: closed
2024-10-14 19:54:16.787 [error] cannot maintain connection to supervisor 13 INTERNAL: closed
2024-10-14 19:54:17.789 [error] cannot maintain connection to supervisor 13 INTERNAL: closed
2024-10-14 19:54:18.790 [error] cannot maintain connection to supervisor 13 INTERNAL: closed
2024-10-14 19:54:19.792 [error] cannot maintain connection to supervisor 13 INTERNAL: closed
2024-10-14 19:54:20.795 [error] cannot maintain connection to supervisor 13 INTERNAL: closed
2024-10-14 19:54:21.796 [error] cannot maintain connection to supervisor 13 INTERNAL: closed
