2024-10-10 18:26:42.656 [info] Log level: Info
2024-10-10 18:26:42.709 [info] VSCODE_MACHINE_ID: 0d3624ff-5237-4db4-9e23-c3d214102521
2024-10-10 18:26:42.709 [info] VSCODE_SESSION_ID: 96868567-65d6-4dd2-a984-3980f05b00c71728584799685
2024-10-10 18:26:42.709 [info] VSCODE_VERSION: 1.93.1
2024-10-10 18:26:42.709 [info] VSCODE_APP_NAME: Gitpod Code
2024-10-10 18:26:42.709 [info] VSCODE_APP_HOST: Gitpod
2024-10-10 18:26:42.709 [info] VSCODE_UI_KIND: web
2024-10-10 18:26:42.709 [info] GITPOD_WORKSPACE_CONTEXT_URL: https://github.com/freeCodeCamp/boilerplate-project-metricimpconverter/
2024-10-10 18:26:42.709 [info] GITPOD_INSTANCE_ID: a45fcff9-7a82-4b36-b549-e8fee29a624f
2024-10-10 18:26:42.709 [info] GITPOD_WORKSPACE_URL: https://freecodecam-boilerplate-40eafcptrho.ws-us116.gitpod.io
2024-10-10 18:26:42.716 [info] Gitpod Web 7ff72a2
2024-10-10 18:26:42.716 [info] Reading sessions from keychain...
2024-10-10 18:26:43.063 [info] Getting sessions for all scopes...
2024-10-10 18:26:43.063 [info] Getting GitHub sessions for all scopes...
2024-10-10 18:26:43.063 [info] Getting sessions for function:accessCodeSyncStorage...
2024-10-10 18:26:43.063 [info] Got 1 GitHub sessions for all scopes...
2024-10-10 18:26:43.064 [info] Got stored sessions!
2024-10-10 18:26:43.064 [info] Verified session with the following scopes: function:accessCodeSyncStorage function:closePort function:controlAdmission function:deleteEnvVar function:generateNewGitpodToken function:getDefaultWorkspaceImage function:getGitpodTokenScopes function:getIDToken function:getLoggedInUser function:getOpenPorts function:getSupportedWorkspaceClasses function:getTeams function:getToken function:getWorkspace function:getWorkspaceEnvVars function:getWorkspaceOwner function:getWorkspaceTimeout function:getWorkspaceUsers function:guessGitTokenScopes function:isWorkspaceOwner function:openPort function:sendHeartBeat function:setEnvVar function:setWorkspaceTimeout function:stopWorkspace function:takeSnapshot function:trackEvent function:updateGitStatus function:waitForSnapshot resource:contentBlob::*::create/get resource:envVar::*/*::update resource:envVar::freeCodeCamp/boilerplate-project-metricimpconverter::create/get/update/delete resource:gitpodToken::*::create resource:snapshot::ws-freecodecam-boilerplate-40eafcptrho::create resource:token::*::get resource:userStorage::*::create/get/update resource:workspace::freecodecam-boilerplate-40eafcptrho::get/update resource:workspaceInstance::a45fcff9-7a82-4b36-b549-e8fee29a624f::get/update/delete
2024-10-10 18:26:43.067 [info] Got 1 verified sessions.
2024-10-10 18:26:43.067 [info] Got 1 sessions for all scopes...
2024-10-10 18:26:43.067 [info] Got 1 sessions for function:accessCodeSyncStorage...
2024-10-10 18:26:43.369 [info] Getting GitHub sessions for all scopes...
2024-10-10 18:26:43.369 [info] Getting sessions for all scopes...
2024-10-10 18:26:43.369 [info] Got 1 GitHub sessions for all scopes...
2024-10-10 18:26:43.369 [info] Got 1 sessions for all scopes...
2024-10-10 18:26:43.420 [info] Getting GitHub sessions for read:user,repo,user:email,workflow...
2024-10-10 18:26:43.420 [info] Got 0 GitHub sessions for read:user,repo,user:email,workflow...
2024-10-10 18:26:43.484 [info] Getting GitHub sessions for project,read:org,read:user,repo,user:email,workflow...
2024-10-10 18:26:43.484 [info] Got 0 GitHub sessions for project,read:org,read:user,repo,user:email,workflow...
2024-10-10 18:26:43.596 [info] Getting GitHub sessions for read:user,repo,user:email,workflow...
2024-10-10 18:26:43.597 [info] Got 0 GitHub sessions for read:user,repo,user:email,workflow...
2024-10-10 18:26:43.687 [info] Getting GitHub sessions for read:user,repo,user:email...
2024-10-10 18:26:43.689 [info] Got 0 GitHub sessions for read:user,repo,user:email...
2024-10-10 18:26:43.790 [info] Getting GitHub sessions for read:user,repo,user:email,workflow...
2024-10-10 18:26:43.790 [info] Got 0 GitHub sessions for read:user,repo,user:email,workflow...
