2024-10-10 18:28:57.141 [info] Extension host with pid 818 started
2024-10-10 18:28:57.141 [error] Error: EEXIST: file already exists, open '/workspace/.vscode-remote/data/User/workspaceStorage/-6a54a578/vscode.lock'
2024-10-10 18:28:57.144 [info] Lock '/workspace/.vscode-remote/data/User/workspaceStorage/-6a54a578/vscode.lock': Could not acquire lock, checking if the file is stale.
2024-10-10 18:28:57.144 [info] Lock '/workspace/.vscode-remote/data/User/workspaceStorage/-6a54a578/vscode.lock': The lock does not look stale, elapsed: 799 ms, giving up.
2024-10-10 18:28:57.145 [error] Error: EEXIST: file already exists, open '/workspace/.vscode-remote/data/User/workspaceStorage/-6a54a578-1/vscode.lock'
2024-10-10 18:28:57.145 [info] Lock '/workspace/.vscode-remote/data/User/workspaceStorage/-6a54a578-1/vscode.lock': Could not acquire lock, checking if the file is stale.
2024-10-10 18:28:57.146 [info] Lock '/workspace/.vscode-remote/data/User/workspaceStorage/-6a54a578-1/vscode.lock': The lock does not look stale, elapsed: 887 ms, giving up.
2024-10-10 18:28:57.149 [info] Lock '/workspace/.vscode-remote/data/User/workspaceStorage/-6a54a578-2/vscode.lock': Lock acquired.
2024-10-10 18:28:57.205 [info] ExtensionService#_doActivateExtension vscode.simple-browser, startup: false, activationEvent: 'onWebviewPanel:simpleBrowser.view'
2024-10-10 18:28:57.206 [info] ExtensionService#_doActivateExtension vscode.emmet, startup: false, activationEvent: 'onLanguage'
2024-10-10 18:28:57.206 [info] ExtensionService#_doActivateExtension vscode.typescript-language-features, startup: false, activationEvent: 'onLanguage:javascript'
2024-10-10 18:28:57.438 [info] ExtensionService#_doActivateExtension vscode.git-base, startup: true, activationEvent: '*', root cause: vscode.git
2024-10-10 18:28:57.439 [info] ExtensionService#_doActivateExtension gitpod.gitpod-web, startup: true, activationEvent: '*'
2024-10-10 18:28:57.589 [info] ExtensionService#_doActivateExtension vscode.npm, startup: true, activationEvent: 'workspaceContains:package.json'
2024-10-10 18:28:57.706 [info] ExtensionService#_doActivateExtension vscode.git, startup: true, activationEvent: '*'
2024-10-10 18:28:57.707 [info] ExtensionService#_doActivateExtension vscode.github, startup: true, activationEvent: '*'
2024-10-10 18:28:58.524 [info] Eager extensions activated
2024-10-10 18:28:58.524 [info] ExtensionService#_doActivateExtension vscode.debug-auto-launch, startup: false, activationEvent: 'onStartupFinished'
2024-10-10 18:28:58.525 [info] ExtensionService#_doActivateExtension vscode.merge-conflict, startup: false, activationEvent: 'onStartupFinished'
2024-10-10 18:28:58.525 [info] ExtensionService#_doActivateExtension vscode.github-authentication, startup: false, activationEvent: 'onStartupFinished', root cause: GitHub.vscode-pull-request-github
2024-10-10 18:28:58.959 [info] ExtensionService#_doActivateExtension GitHub.vscode-pull-request-github, startup: false, activationEvent: 'onStartupFinished'
2024-10-10 18:28:59.147 [info] ExtensionService#_doActivateExtension redhat.vscode-yaml, startup: false, activationEvent: 'onLanguage:yaml'
2024-10-10 18:28:59.729 [warning] [redhat.vscode-yaml] Accessing a resource scoped configuration without providing a resource is not expected. To get the effective value for '[yaml]', provide the URI of a resource or 'null' for any resource.
2024-10-10 18:28:59.731 [warning] [redhat.vscode-yaml] Accessing a resource scoped configuration without providing a resource is not expected. To get the effective value for '[yaml]', provide the URI of a resource or 'null' for any resource.
2024-10-10 18:29:00.523 [warning] [redhat.vscode-yaml] Accessing a resource scoped configuration without providing a resource is not expected. To get the effective value for '[yaml]', provide the URI of a resource or 'null' for any resource.
2024-10-10 18:29:03.503 [info] ExtensionService#_doActivateExtension vscode.configuration-editing, startup: false, activationEvent: 'onLanguage:json'
2024-10-10 18:29:03.503 [info] ExtensionService#_doActivateExtension vscode.extension-editing, startup: false, activationEvent: 'onLanguage:json'
2024-10-10 18:29:03.503 [info] ExtensionService#_doActivateExtension vscode.json-language-features, startup: false, activationEvent: 'onLanguage:json'
2024-10-10 23:23:23.343 [info] ExtensionService#_doActivateExtension vscode.html-language-features, startup: false, activationEvent: 'onLanguage:html'
