2024-10-18 22:47:32.343 [info] Log level: Info
2024-10-18 22:47:32.343 [info] VSCODE_MACHINE_ID: 70d4cb10-7d92-4658-a78c-df228c712849
2024-10-18 22:47:32.343 [info] VSCODE_SESSION_ID: 7e3c3d74-fd90-457a-9135-b5fb0401ceed1729291647118
2024-10-18 22:47:32.343 [info] VSCODE_VERSION: 1.94.2
2024-10-18 22:47:32.343 [info] VSCODE_APP_NAME: Gitpod Code
2024-10-18 22:47:32.343 [info] VSCODE_APP_HOST: Gitpod
2024-10-18 22:47:32.343 [info] VSCODE_UI_KIND: web
2024-10-18 22:47:32.343 [info] GITPOD_WORKSPACE_CONTEXT_URL: https://github.com/freeCodeCamp/boilerplate-project-library
2024-10-18 22:47:32.343 [info] GITPOD_INSTANCE_ID: 853fc08f-6fdf-435f-abd5-f2fb1028e622
2024-10-18 22:47:32.343 [info] GITPOD_WORKSPACE_URL: https://freecodecam-boilerplate-k8v1q1pw18h.ws-us116.gitpod.io
2024-10-18 22:47:32.343 [info] Gitpod Web 7ff72a2
2024-10-18 22:47:32.343 [info] Reading sessions from keychain...
2024-10-18 22:47:32.595 [info] Getting sessions for all scopes...
2024-10-18 22:47:32.595 [info] Getting sessions for all scopes...
2024-10-18 22:47:32.595 [info] Getting GitHub sessions for all scopes...
2024-10-18 22:47:32.595 [info] Getting sessions for function:accessCodeSyncStorage...
2024-10-18 22:47:32.596 [info] Got stored sessions!
2024-10-18 22:47:32.897 [info] Verified session with the following scopes: function:accessCodeSyncStorage function:closePort function:controlAdmission function:deleteEnvVar function:generateNewGitpodToken function:getDefaultWorkspaceImage function:getGitpodTokenScopes function:getIDToken function:getLoggedInUser function:getOpenPorts function:getSupportedWorkspaceClasses function:getTeams function:getToken function:getWorkspace function:getWorkspaceEnvVars function:getWorkspaceOwner function:getWorkspaceTimeout function:getWorkspaceUsers function:guessGitTokenScopes function:isWorkspaceOwner function:openPort function:sendHeartBeat function:setEnvVar function:setWorkspaceTimeout function:stopWorkspace function:takeSnapshot function:trackEvent function:updateGitStatus function:waitForSnapshot resource:contentBlob::*::create/get resource:envVar::*/*::update resource:envVar::freeCodeCamp/boilerplate-project-library::create/get/update/delete resource:gitpodToken::*::create resource:snapshot::ws-freecodecam-boilerplate-k8v1q1pw18h::create resource:token::*::get resource:userStorage::*::create/get/update resource:workspace::freecodecam-boilerplate-k8v1q1pw18h::get/update resource:workspaceInstance::853fc08f-6fdf-435f-abd5-f2fb1028e622::get/update/delete
2024-10-18 22:47:32.897 [info] Got 1 verified sessions.
2024-10-18 22:47:32.897 [info] Got 1 sessions for all scopes...
2024-10-18 22:47:32.897 [info] Got 1 sessions for all scopes...
2024-10-18 22:47:32.897 [info] Got 1 sessions for function:accessCodeSyncStorage...
2024-10-18 22:47:32.907 [info] Got 1 GitHub sessions for all scopes...
2024-10-18 22:47:34.021 [info] Getting GitHub sessions for all scopes...
2024-10-18 22:47:34.021 [info] Getting sessions for all scopes...
2024-10-18 22:47:34.021 [info] Got 1 GitHub sessions for all scopes...
2024-10-18 22:47:34.021 [info] Got 1 sessions for all scopes...
2024-10-18 22:47:34.108 [info] Getting GitHub sessions for all scopes...
2024-10-18 22:47:34.108 [info] Got 1 GitHub sessions for all scopes...
2024-10-18 22:47:35.410 [info] Getting GitHub sessions for read:user,repo,user:email,workflow...
2024-10-18 22:47:35.410 [info] Got 0 GitHub sessions for read:user,repo,user:email,workflow...
2024-10-18 22:47:35.536 [info] Getting GitHub sessions for project,read:org,read:user,repo,user:email,workflow...
2024-10-18 22:47:35.536 [info] Got 0 GitHub sessions for project,read:org,read:user,repo,user:email,workflow...
2024-10-18 22:47:35.661 [info] Getting GitHub sessions for read:user,repo,user:email,workflow...
2024-10-18 22:47:35.661 [info] Got 0 GitHub sessions for read:user,repo,user:email,workflow...
2024-10-18 22:47:35.763 [info] Getting GitHub sessions for read:user,repo,user:email...
2024-10-18 22:47:35.763 [info] Got 0 GitHub sessions for read:user,repo,user:email...
2024-10-18 22:47:35.892 [info] Getting GitHub sessions for read:user,repo,user:email,workflow...
2024-10-18 22:47:35.892 [info] Got 0 GitHub sessions for read:user,repo,user:email,workflow...
2024-10-19 00:34:10.482 [error] cannot maintain connection to supervisor 13 INTERNAL: closed
2024-10-19 00:34:11.484 [error] cannot maintain connection to supervisor 13 INTERNAL: closed
2024-10-19 00:34:12.485 [error] cannot maintain connection to supervisor 13 INTERNAL: closed
2024-10-19 00:34:13.486 [error] cannot maintain connection to supervisor 13 INTERNAL: closed
2024-10-19 00:34:14.488 [error] cannot maintain connection to supervisor 13 INTERNAL: closed
2024-10-19 00:34:15.489 [error] cannot maintain connection to supervisor 13 INTERNAL: closed
2024-10-19 00:34:16.490 [error] cannot maintain connection to supervisor 13 INTERNAL: closed
2024-10-19 00:34:17.491 [error] cannot maintain connection to supervisor 13 INTERNAL: closed
2024-10-19 00:34:18.492 [error] cannot maintain connection to supervisor 13 INTERNAL: closed
2024-10-19 00:34:19.493 [error] cannot maintain connection to supervisor 13 INTERNAL: closed
2024-10-19 00:34:20.494 [error] cannot maintain connection to supervisor 13 INTERNAL: closed
2024-10-19 00:34:21.495 [error] cannot maintain connection to supervisor 13 INTERNAL: closed
2024-10-19 00:34:22.497 [error] cannot maintain connection to supervisor 13 INTERNAL: closed
2024-10-19 00:34:23.498 [error] cannot maintain connection to supervisor 13 INTERNAL: closed
