2024-10-10 00:02:49.010 [info] Log level: Info
2024-10-10 00:02:49.010 [info] VSCODE_MACHINE_ID: 0d3624ff-5237-4db4-9e23-c3d214102521
2024-10-10 00:02:49.010 [info] VSCODE_SESSION_ID: 1a41acec-004f-4ef9-8597-472baa79e5ec1728518565186
2024-10-10 00:02:49.010 [info] VSCODE_VERSION: 1.93.1
2024-10-10 00:02:49.010 [info] VSCODE_APP_NAME: Gitpod Code
2024-10-10 00:02:49.010 [info] VSCODE_APP_HOST: Gitpod
2024-10-10 00:02:49.010 [info] VSCODE_UI_KIND: web
2024-10-10 00:02:49.010 [info] GITPOD_WORKSPACE_CONTEXT_URL: https://github.com/freeCodeCamp/boilerplate-project-metricimpconverter/
2024-10-10 00:02:49.010 [info] GITPOD_INSTANCE_ID: 8e4d71b1-801d-4084-9843-428f4952f63c
2024-10-10 00:02:49.010 [info] GITPOD_WORKSPACE_URL: https://freecodecam-boilerplate-40eafcptrho.ws-us116.gitpod.io
2024-10-10 00:02:49.010 [info] Gitpod Web 7ff72a2
2024-10-10 00:02:49.010 [info] Reading sessions from keychain...
2024-10-10 00:02:49.035 [info] Getting sessions for all scopes...
2024-10-10 00:02:49.035 [info] Getting GitHub sessions for all scopes...
2024-10-10 00:02:49.035 [info] Getting sessions for function:accessCodeSyncStorage...
2024-10-10 00:02:49.036 [info] Got stored sessions!
2024-10-10 00:02:49.134 [info] Verified session with the following scopes: function:accessCodeSyncStorage function:closePort function:controlAdmission function:deleteEnvVar function:generateNewGitpodToken function:getDefaultWorkspaceImage function:getGitpodTokenScopes function:getIDToken function:getLoggedInUser function:getOpenPorts function:getSupportedWorkspaceClasses function:getTeams function:getToken function:getWorkspace function:getWorkspaceEnvVars function:getWorkspaceOwner function:getWorkspaceTimeout function:getWorkspaceUsers function:guessGitTokenScopes function:isWorkspaceOwner function:openPort function:sendHeartBeat function:setEnvVar function:setWorkspaceTimeout function:stopWorkspace function:takeSnapshot function:trackEvent function:updateGitStatus function:waitForSnapshot resource:contentBlob::*::create/get resource:envVar::*/*::update resource:envVar::freeCodeCamp/boilerplate-project-metricimpconverter::create/get/update/delete resource:gitpodToken::*::create resource:snapshot::ws-freecodecam-boilerplate-40eafcptrho::create resource:token::*::get resource:userStorage::*::create/get/update resource:workspace::freecodecam-boilerplate-40eafcptrho::get/update resource:workspaceInstance::8e4d71b1-801d-4084-9843-428f4952f63c::get/update/delete
2024-10-10 00:02:49.134 [info] Got 1 verified sessions.
2024-10-10 00:02:49.134 [info] Got 1 sessions for all scopes...
2024-10-10 00:02:49.134 [info] Got 1 sessions for function:accessCodeSyncStorage...
2024-10-10 00:02:49.170 [info] Got 1 GitHub sessions for all scopes...
2024-10-10 00:02:49.259 [info] Getting sessions for all scopes...
2024-10-10 00:02:49.259 [info] Got 1 sessions for all scopes...
2024-10-10 00:02:49.333 [info] Getting GitHub sessions for all scopes...
2024-10-10 00:02:49.334 [info] Got 1 GitHub sessions for all scopes...
2024-10-10 00:02:49.778 [info] Getting GitHub sessions for read:user,repo,user:email,workflow...
2024-10-10 00:02:49.778 [info] Got 0 GitHub sessions for read:user,repo,user:email,workflow...
2024-10-10 00:02:49.870 [info] Getting GitHub sessions for project,read:org,read:user,repo,user:email,workflow...
2024-10-10 00:02:49.870 [info] Got 0 GitHub sessions for project,read:org,read:user,repo,user:email,workflow...
2024-10-10 00:02:49.969 [info] Getting GitHub sessions for read:user,repo,user:email,workflow...
2024-10-10 00:02:49.969 [info] Got 0 GitHub sessions for read:user,repo,user:email,workflow...
2024-10-10 00:02:50.071 [info] Getting GitHub sessions for read:user,repo,user:email...
2024-10-10 00:02:50.071 [info] Got 0 GitHub sessions for read:user,repo,user:email...
2024-10-10 00:02:50.186 [info] Getting GitHub sessions for read:user,repo,user:email,workflow...
2024-10-10 00:02:50.186 [info] Got 0 GitHub sessions for read:user,repo,user:email,workflow...
2024-10-10 01:15:27.028 [error] cannot maintain connection to supervisor 13 INTERNAL: closed
2024-10-10 01:15:28.021 [error] cannot maintain connection to supervisor 13 INTERNAL: closed
2024-10-10 01:15:29.023 [error] cannot maintain connection to supervisor 13 INTERNAL: closed
2024-10-10 01:15:30.026 [error] cannot maintain connection to supervisor 13 INTERNAL: closed
2024-10-10 01:15:31.029 [error] cannot maintain connection to supervisor 13 INTERNAL: closed
2024-10-10 01:15:32.030 [error] cannot maintain connection to supervisor 13 INTERNAL: closed
2024-10-10 01:15:33.032 [error] cannot maintain connection to supervisor 13 INTERNAL: closed
2024-10-10 01:15:34.035 [error] cannot maintain connection to supervisor 13 INTERNAL: closed
2024-10-10 01:15:35.037 [error] cannot maintain connection to supervisor 13 INTERNAL: closed
2024-10-10 01:15:36.039 [error] cannot maintain connection to supervisor 13 INTERNAL: closed
2024-10-10 01:15:37.041 [error] cannot maintain connection to supervisor 13 INTERNAL: closed
2024-10-10 01:15:38.045 [error] cannot maintain connection to supervisor 13 INTERNAL: closed
2024-10-10 01:15:39.047 [error] cannot maintain connection to supervisor 13 INTERNAL: closed
2024-10-10 01:15:40.049 [error] cannot maintain connection to supervisor 13 INTERNAL: closed
