2024-10-10 18:29:14.900 [info] Extension host with pid 437 started
2024-10-10 18:29:14.900 [error] Error: EEXIST: file already exists, open '/workspace/.vscode-remote/data/User/workspaceStorage/3d3c1557/vscode.lock'
2024-10-10 18:29:14.903 [info] Lock '/workspace/.vscode-remote/data/User/workspaceStorage/3d3c1557/vscode.lock': Could not acquire lock, checking if the file is stale.
2024-10-10 18:29:14.904 [info] Lock '/workspace/.vscode-remote/data/User/workspaceStorage/3d3c1557/vscode.lock': The lock does not look stale, elapsed: 423 ms, giving up.
2024-10-10 18:29:14.911 [info] Lock '/workspace/.vscode-remote/data/User/workspaceStorage/3d3c1557-1/vscode.lock': Lock acquired.
2024-10-10 18:29:14.989 [info] ExtensionService#_doActivateExtension vscode.simple-browser, startup: false, activationEvent: 'onWebviewPanel:simpleBrowser.view'
2024-10-10 18:29:14.991 [info] ExtensionService#_doActivateExtension vscode.emmet, startup: false, activationEvent: 'onLanguage'
2024-10-10 18:29:14.991 [info] ExtensionService#_doActivateExtension vscode.typescript-language-features, startup: false, activationEvent: 'onLanguage:javascript'
2024-10-10 18:29:15.201 [info] ExtensionService#_doActivateExtension vscode.git-base, startup: true, activationEvent: '*', root cause: vscode.git
2024-10-10 18:29:15.201 [info] ExtensionService#_doActivateExtension gitpod.gitpod-web, startup: true, activationEvent: '*'
2024-10-10 18:29:15.385 [info] ExtensionService#_doActivateExtension vscode.npm, startup: true, activationEvent: 'workspaceContains:package.json'
2024-10-10 18:29:15.553 [info] ExtensionService#_doActivateExtension vscode.git, startup: true, activationEvent: '*'
2024-10-10 18:29:15.553 [info] ExtensionService#_doActivateExtension vscode.github, startup: true, activationEvent: '*'
2024-10-10 18:29:17.257 [info] Eager extensions activated
2024-10-10 18:29:17.258 [info] ExtensionService#_doActivateExtension vscode.debug-auto-launch, startup: false, activationEvent: 'onStartupFinished'
2024-10-10 18:29:17.258 [info] ExtensionService#_doActivateExtension vscode.merge-conflict, startup: false, activationEvent: 'onStartupFinished'
2024-10-10 18:29:17.259 [info] ExtensionService#_doActivateExtension vscode.github-authentication, startup: false, activationEvent: 'onStartupFinished', root cause: GitHub.vscode-pull-request-github
2024-10-10 18:29:17.973 [info] ExtensionService#_doActivateExtension GitHub.vscode-pull-request-github, startup: false, activationEvent: 'onStartupFinished'
2024-10-10 18:29:18.249 [info] ExtensionService#_doActivateExtension redhat.vscode-yaml, startup: false, activationEvent: 'onLanguage:yaml'
2024-10-10 18:29:19.283 [warning] [redhat.vscode-yaml] Accessing a resource scoped configuration without providing a resource is not expected. To get the effective value for '[yaml]', provide the URI of a resource or 'null' for any resource.
2024-10-10 18:29:19.351 [warning] [redhat.vscode-yaml] Accessing a resource scoped configuration without providing a resource is not expected. To get the effective value for '[yaml]', provide the URI of a resource or 'null' for any resource.
2024-10-10 18:29:21.920 [info] ExtensionService#_doActivateExtension vscode.configuration-editing, startup: false, activationEvent: 'onLanguage:json'
2024-10-10 18:29:21.921 [info] ExtensionService#_doActivateExtension vscode.extension-editing, startup: false, activationEvent: 'onLanguage:json'
2024-10-10 18:29:21.921 [info] ExtensionService#_doActivateExtension vscode.json-language-features, startup: false, activationEvent: 'onLanguage:json'
