[310ns] Shutting down all processes 
[217.19µs] Terminating process supervisor with PID 35 (state: S, cmdlind: [supervisor run] <nil>). 
[15.006238007s] Terminating process didn't finish, but had to be force killed 
[15.006632577s] Terminating process node with PID 119 (state: S, cmdlind: [/ide/node --dns-result-order=ipv4first /ide/out/bootstrap-fork --type=extensionHost --transformURIs --useHostProxy=false] <nil>). 
[15.006688717s] Terminating process node with PID 1303 (state: S, cmdlind: [node server.js] <nil>). 
[15.006724617s] Terminating process node with PID 70 (state: S, cmdlind: [/ide/node /ide/out/server-main.js --log=info --install-builtin-extension gitpod.gitpod-theme --install-builtin-extension github.vscode-pull-request-github --port 23000 --host 0.0.0.0 --without-connection-token --server-data-dir /workspace/.vscode-remote --do-not-sync --start-server] <nil>). 
[15.006765367s] Terminating process bash with PID 242 (state: S, cmdlind: [/bin/bash --init-file /ide/out/vs/workbench/contrib/terminal/common/scripts/shellIntegration-bash.sh] <nil>). 
[15.006779777s] Terminating process didn't finish, but had to be force killed 
[15.006812947s] Terminating process didn't finish, but had to be force killed 
[15.006812957s] Terminating process didn't finish, but had to be force killed 
[15.006727957s] Terminating process didn't finish, but had to be force killed 
[15.006856917s] Terminating process bash with PID 82 (state: S, cmdlind: [/bin/bash] <nil>). 
[15.006889677s] Terminating process didn't finish, but had to be force killed 
[15.006925357s] Terminating process node with PID 333 (state: S, cmdlind: [/ide/node /ide/extensions/json-language-features/server/dist/node/jsonServerMain --node-ipc --clientProcessId=119] <nil>). 
[15.006989817s] Terminating process didn't finish, but had to be force killed 
[15.007019377s] Terminating process node with PID 142 (state: S, cmdlind: [/ide/node --max-old-space-size=3072 /ide/extensions/node_modules/typescript/lib/tsserver.js --serverMode partialSemantic --useInferredProjectPerProjectRoot --disableAutomaticTypingAcquisition --cancellationPipeName /tmp/vscode-typescript33333/949806369bc5eaf64ba7/tscancellation-c9d867005f704ad5838e.tmp* --locale en --noGetErrOnBackgroundUpdate --canUseWatchEvents --validateDefaultNpmLocation --useNodeIpc] <nil>). 
[15.007040467s] Terminating process sh with PID 1302 (state: S, cmdlind: [sh -c node server.js] <nil>). 
[15.007063857s] Terminating process didn't finish, but had to be force killed 
[15.007095887s] Terminating process didn't finish, but had to be force killed 
[15.007207337s] Terminating process node with PID 253 (state: S, cmdlind: [/ide/node /ide/extensions/redhat.vscode-yaml/dist/languageserver.js --node-ipc --clientProcessId=119] <nil>). 
[15.007217047s] Terminating process node with PID 167 (state: S, cmdlind: [/ide/node /ide/extensions/node_modules/typescript/lib/typingsInstaller.js --globalTypingsCacheLocation /home/gitpod/.cache/typescript/5.6 --enableTelemetry --typesMapLocation /ide/extensions/node_modules/typescript/lib/typesMap.json --validateDefaultNpmLocation] <nil>). 
[15.007282487s] Terminating process node with PID 178 (state: S, cmdlind: [/ide/node /ide/out/bootstrap-fork --type=ptyHost --logsPath /workspace/.vscode-remote/data/logs/20241022T162334] <nil>). 
[15.006935807s] Terminating process npm run start with PID 1291 (state: S, cmdlind: [npm run start] <nil>). 
[15.007306237s] Terminating process didn't finish, but had to be force killed 
[15.007287517s] Terminating process didn't finish, but had to be force killed 
[15.007367647s] Terminating process didn't finish, but had to be force killed 
[15.007358887s] Terminating process didn't finish, but had to be force killed 
[15.007429557s] Terminating process node with PID 143 (state: S, cmdlind: [/ide/node --max-old-space-size=3072 /ide/extensions/node_modules/typescript/lib/tsserver.js --useInferredProjectPerProjectRoot --enableTelemetry --cancellationPipeName /tmp/vscode-typescript33333/949806369bc5eaf64ba7/tscancellation-70df3e5102a38b174492.tmp* --locale en --noGetErrOnBackgroundUpdate --canUseWatchEvents --validateDefaultNpmLocation --useNodeIpc] <nil>). 
[15.007491617s] Terminating process didn't finish, but had to be force killed 
[15.007846537s] Couldn't obtain process information for PID 82. 
[15.007966367s] Terminating process node with PID 142 (state: R, cmdlind: [] <nil>). 
[15.007976097s] Terminating process didn't finish, but had to be force killed 
[15.008068407s] Terminating process node with PID 143 (state: R, cmdlind: [/ide/node --max-old-space-size=3072 /ide/extensions/node_modules/typescript/lib/tsserver.js --useInferredProjectPerProjectRoot --enableTelemetry --cancellationPipeName /tmp/vscode-typescript33333/949806369bc5eaf64ba7/tscancellation-70df3e5102a38b174492.tmp* --locale en --noGetErrOnBackgroundUpdate --canUseWatchEvents --validateDefaultNpmLocation --useNodeIpc] <nil>). 
[15.008076957s] Terminating process didn't finish, but had to be force killed 
[15.008237887s] Terminating process sh with PID 1302 (state: R, cmdlind: [] <nil>). 
[15.008246977s] Terminating process didn't finish, but had to be force killed 
[15.008747617s] Terminating process node with PID 143 (state: R, cmdlind: [] <nil>). 
[15.009827437s] Terminating process didn't finish, but had to be force killed 
[15.008751097s] Terminating process node with PID 142 (state: R, cmdlind: [] <nil>). 
[15.009869797s] Terminating process didn't finish, but had to be force killed 
[15.010269407s] Terminating process node with PID 142 (state: R, cmdlind: [] <nil>). 
[15.010284007s] Terminating process didn't finish, but had to be force killed 
[15.010373897s] Terminating process node with PID 143 (state: R, cmdlind: [] <nil>). 
[15.010392617s] Terminating process didn't finish, but had to be force killed 
[15.010578467s] Terminating process node with PID 142 (state: R, cmdlind: [] <nil>). 
[15.010619047s] Terminating process didn't finish, but had to be force killed 
[15.010664797s] Terminating process node with PID 143 (state: R, cmdlind: [] <nil>). 
[15.010677057s] Terminating process didn't finish, but had to be force killed 
[15.010975136s] Terminating process node with PID 143 (state: R, cmdlind: [] <nil>). 
[15.010995767s] Terminating process didn't finish, but had to be force killed 
[15.011146696s] Terminating process node with PID 142 (state: R, cmdlind: [] <nil>). 
[15.011173127s] Terminating process didn't finish, but had to be force killed 
[15.011420996s] Terminating process node with PID 143 (state: R, cmdlind: [] <nil>). 
[15.011434027s] Terminating process didn't finish, but had to be force killed 
[15.011572616s] Terminating process node with PID 142 (state: R, cmdlind: [] <nil>). 
[15.011588947s] Terminating process didn't finish, but had to be force killed 
[15.011889607s] Couldn't obtain process information for PID 35. 
[15.011991746s] Terminating process node with PID 142 (state: R, cmdlind: [] <nil>). 
[15.012002946s] Terminating process didn't finish, but had to be force killed 
[15.012012006s] Terminating process node with PID 143 (state: R, cmdlind: [] <nil>). 
[15.012024406s] Terminating process didn't finish, but had to be force killed 
[15.012432226s] Terminating process node with PID 142 (state: R, cmdlind: [] <nil>). 
[15.012440756s] Terminating process node with PID 143 (state: R, cmdlind: [] <nil>). 
[15.012454096s] Terminating process didn't finish, but had to be force killed 
[15.012468866s] Terminating process didn't finish, but had to be force killed 
[15.012752096s] Terminating process node with PID 142 (state: R, cmdlind: [] <nil>). 
[15.013597266s] Terminating process didn't finish, but had to be force killed 
[15.012787896s] Terminating process node with PID 143 (state: R, cmdlind: [] <nil>). 
[15.013624996s] Terminating process didn't finish, but had to be force killed 
[15.013894126s] Terminating process node with PID 142 (state: R, cmdlind: [] <nil>). 
[15.013908986s] Terminating process didn't finish, but had to be force killed 
[15.013933536s] Terminating process node with PID 143 (state: R, cmdlind: [] <nil>). 
[15.013946236s] Terminating process didn't finish, but had to be force killed 
[15.014322856s] Terminating process node with PID 142 (state: R, cmdlind: [] <nil>). 
[15.014336356s] Terminating process didn't finish, but had to be force killed 
[15.014363166s] Terminating process node with PID 143 (state: R, cmdlind: [] <nil>). 
[15.014377236s] Terminating process didn't finish, but had to be force killed 
[15.014633006s] Terminating process node with PID 142 (state: R, cmdlind: [] <nil>). 
[15.014646406s] Terminating process didn't finish, but had to be force killed 
[15.014650856s] Terminating process node with PID 143 (state: R, cmdlind: [] <nil>). 
[15.014665666s] Terminating process didn't finish, but had to be force killed 
[15.015137306s] Couldn't obtain process information for PID 242. 
[15.015211126s] Terminating process node with PID 142 (state: R, cmdlind: [] <nil>). 
[15.015224606s] Terminating process didn't finish, but had to be force killed 
[15.015213006s] Terminating process node with PID 143 (state: R, cmdlind: [] <nil>). 
[15.015235936s] Terminating process didn't finish, but had to be force killed 
[15.015446106s] Terminating process node with PID 142 (state: R, cmdlind: [] <nil>). 
[15.015460636s] Terminating process didn't finish, but had to be force killed 
[15.015586046s] Terminating process node with PID 143 (state: R, cmdlind: [] <nil>). 
[15.015601316s] Terminating process didn't finish, but had to be force killed 
[15.015799246s] Terminating process node with PID 142 (state: R, cmdlind: [] <nil>). 
[15.015810356s] Terminating process didn't finish, but had to be force killed 
[15.015844396s] Terminating process node with PID 143 (state: R, cmdlind: [] <nil>). 
[15.015858236s] Terminating process didn't finish, but had to be force killed 
[15.016304956s] Terminating process node with PID 143 (state: R, cmdlind: [] <nil>). 
[15.016321876s] Terminating process didn't finish, but had to be force killed 
[15.016400046s] Terminating process node with PID 142 (state: R, cmdlind: [] <nil>). 
[15.016413716s] Terminating process didn't finish, but had to be force killed 
[15.016755186s] Terminating process node with PID 143 (state: R, cmdlind: [] <nil>). 
[15.016771526s] Terminating process didn't finish, but had to be force killed 
[15.016829986s] Terminating process node with PID 142 (state: R, cmdlind: [] <nil>). 
[15.016853606s] Terminating process didn't finish, but had to be force killed 
[15.017046046s] Terminating process node with PID 143 (state: R, cmdlind: [] <nil>). 
[15.017061926s] Terminating process didn't finish, but had to be force killed 
[15.017186806s] Terminating process node with PID 142 (state: R, cmdlind: [] <nil>). 
[15.017208626s] Terminating process didn't finish, but had to be force killed 
[15.017451346s] Terminating process node with PID 142 (state: R, cmdlind: [] <nil>). 
[15.017465446s] Terminating process didn't finish, but had to be force killed 
[15.017534056s] Terminating process node with PID 143 (state: R, cmdlind: [] <nil>). 
[15.017549386s] Terminating process didn't finish, but had to be force killed 
[15.017735966s] Terminating process node with PID 143 (state: R, cmdlind: [] <nil>). 
[15.017754786s] Terminating process didn't finish, but had to be force killed 
[15.018253896s] Terminating process node with PID 142 (state: R, cmdlind: [] <nil>). 
[15.018281996s] Terminating process didn't finish, but had to be force killed 
[15.018621566s] Terminating process node with PID 142 (state: R, cmdlind: [] <nil>). 
[15.018636896s] Terminating process didn't finish, but had to be force killed 
[15.018658836s] Terminating process node with PID 143 (state: R, cmdlind: [] <nil>). 
[15.018673346s] Terminating process didn't finish, but had to be force killed 
[15.019154066s] Terminating process node with PID 143 (state: R, cmdlind: [] <nil>). 
[15.019172006s] Terminating process didn't finish, but had to be force killed 
[15.019238406s] Terminating process node with PID 142 (state: R, cmdlind: [] <nil>). 
[15.019261826s] Terminating process didn't finish, but had to be force killed 
[15.019461826s] Terminating process node with PID 143 (state: R, cmdlind: [] <nil>). 
[15.019500086s] Terminating process didn't finish, but had to be force killed 
[15.019585606s] Terminating process node with PID 142 (state: R, cmdlind: [] <nil>). 
[15.019608276s] Terminating process didn't finish, but had to be force killed 
[15.019803896s] Terminating process node with PID 143 (state: R, cmdlind: [] <nil>). 
[15.019819906s] Terminating process didn't finish, but had to be force killed 
[15.019937606s] Terminating process node with PID 142 (state: R, cmdlind: [] <nil>). 
[15.019959236s] Terminating process didn't finish, but had to be force killed 
[15.020210606s] Terminating process node with PID 142 (state: R, cmdlind: [] <nil>). 
[15.020234916s] Terminating process didn't finish, but had to be force killed 
[15.020215126s] Terminating process node with PID 143 (state: R, cmdlind: [] <nil>). 
[15.020250916s] Terminating process didn't finish, but had to be force killed 
[15.020502456s] Terminating process node with PID 143 (state: R, cmdlind: [] <nil>). 
[15.020516626s] Terminating process didn't finish, but had to be force killed 
[15.020579936s] Terminating process node with PID 142 (state: R, cmdlind: [] <nil>). 
[15.020597706s] Terminating process didn't finish, but had to be force killed 
[15.020776536s] Terminating process node with PID 142 (state: R, cmdlind: [] <nil>). 
[15.020790946s] Terminating process didn't finish, but had to be force killed 
[15.020814876s] Terminating process node with PID 143 (state: R, cmdlind: [] <nil>). 
[15.020824926s] Terminating process didn't finish, but had to be force killed 
[15.021053606s] Terminating process node with PID 143 (state: R, cmdlind: [] <nil>). 
[15.021064656s] Terminating process didn't finish, but had to be force killed 
[15.021172196s] Terminating process node with PID 142 (state: R, cmdlind: [] <nil>). 
[15.021197056s] Terminating process didn't finish, but had to be force killed 
[15.021460416s] Terminating process node with PID 143 (state: R, cmdlind: [] <nil>). 
[15.021481646s] Terminating process didn't finish, but had to be force killed 
[15.021530956s] Terminating process node with PID 142 (state: R, cmdlind: [] <nil>). 
[15.021544946s] Terminating process didn't finish, but had to be force killed 
[15.021677446s] Terminating process node with PID 143 (state: R, cmdlind: [] <nil>). 
[15.021694726s] Terminating process didn't finish, but had to be force killed 
[15.021790726s] Terminating process node with PID 142 (state: R, cmdlind: [] <nil>). 
[15.021802116s] Terminating process didn't finish, but had to be force killed 
[15.022168226s] Terminating process node with PID 143 (state: R, cmdlind: [] <nil>). 
[15.022190126s] Terminating process didn't finish, but had to be force killed 
[15.022212386s] Terminating process node with PID 142 (state: R, cmdlind: [] <nil>). 
[15.022234156s] Terminating process didn't finish, but had to be force killed 
[15.022399666s] Terminating process node with PID 143 (state: R, cmdlind: [] <nil>). 
[15.022412746s] Terminating process didn't finish, but had to be force killed 
[15.022482796s] Terminating process node with PID 142 (state: R, cmdlind: [] <nil>). 
[15.022503916s] Terminating process didn't finish, but had to be force killed 
[15.022682486s] Terminating process node with PID 143 (state: R, cmdlind: [] <nil>). 
[15.022695606s] Terminating process didn't finish, but had to be force killed 
[15.022767275s] Terminating process node with PID 142 (state: R, cmdlind: [] <nil>). 
[15.022785306s] Terminating process didn't finish, but had to be force killed 
[15.022982186s] Terminating process node with PID 143 (state: R, cmdlind: [] <nil>). 
[15.022996155s] Terminating process didn't finish, but had to be force killed 
[15.023028526s] Terminating process node with PID 142 (state: R, cmdlind: [] <nil>). 
[15.023040495s] Terminating process didn't finish, but had to be force killed 
[15.023200526s] Terminating process node with PID 142 (state: R, cmdlind: [] <nil>). 
[15.023211806s] Terminating process didn't finish, but had to be force killed 
[15.023271466s] Terminating process node with PID 143 (state: R, cmdlind: [] <nil>). 
[15.023286215s] Terminating process didn't finish, but had to be force killed 
[15.023439306s] Terminating process node with PID 143 (state: R, cmdlind: [] <nil>). 
[15.023455406s] Terminating process didn't finish, but had to be force killed 
[15.023553995s] Terminating process node with PID 142 (state: R, cmdlind: [] <nil>). 
[15.023574495s] Terminating process didn't finish, but had to be force killed 
[15.023768605s] Terminating process node with PID 143 (state: R, cmdlind: [] <nil>). 
[15.023786175s] Terminating process didn't finish, but had to be force killed 
[15.023811105s] Terminating process node with PID 142 (state: R, cmdlind: [] <nil>). 
[15.023823505s] Terminating process didn't finish, but had to be force killed 
[15.024137495s] Terminating process node with PID 142 (state: R, cmdlind: [] <nil>). 
[15.024160915s] Terminating process didn't finish, but had to be force killed 
[15.024215705s] Terminating process node with PID 143 (state: R, cmdlind: [] <nil>). 
[15.024222665s] Terminating process didn't finish, but had to be force killed 
[15.024574735s] Terminating process node with PID 142 (state: R, cmdlind: [] <nil>). 
[15.024584245s] Terminating process didn't finish, but had to be force killed 
[15.024676615s] Terminating process node with PID 143 (state: R, cmdlind: [] <nil>). 
[15.024686835s] Terminating process didn't finish, but had to be force killed 
[15.025004555s] Terminating process node with PID 142 (state: R, cmdlind: [] <nil>). 
[15.025012855s] Terminating process didn't finish, but had to be force killed 
[15.025063915s] Terminating process node with PID 143 (state: R, cmdlind: [] <nil>). 
[15.025070735s] Terminating process didn't finish, but had to be force killed 
[15.073229471s] Couldn't obtain process information for PID 178. 
[15.073451331s] Terminating process node with PID 143 (state: R, cmdlind: [] <nil>). 
[15.073491341s] Terminating process didn't finish, but had to be force killed 
[15.073498561s] Terminating process node with PID 142 (state: R, cmdlind: [] <nil>). 
[15.073513191s] Terminating process didn't finish, but had to be force killed 
[15.073663641s] Terminating process node with PID 143 (state: R, cmdlind: [] <nil>). 
[15.073682511s] Terminating process didn't finish, but had to be force killed 
[15.073698031s] Terminating process node with PID 142 (state: R, cmdlind: [] <nil>). 
[15.073707561s] Terminating process didn't finish, but had to be force killed 
[15.073956411s] Terminating process node with PID 143 (state: R, cmdlind: [] <nil>). 
[15.073979141s] Terminating process didn't finish, but had to be force killed 
[15.074031811s] Terminating process node with PID 142 (state: R, cmdlind: [] <nil>). 
[15.074052001s] Terminating process didn't finish, but had to be force killed 
[15.074195291s] Terminating process node with PID 143 (state: R, cmdlind: [] <nil>). 
[15.074205911s] Terminating process didn't finish, but had to be force killed 
[15.074249771s] Terminating process node with PID 142 (state: R, cmdlind: [] <nil>). 
[15.074263891s] Terminating process didn't finish, but had to be force killed 
[15.074406871s] Terminating process node with PID 143 (state: R, cmdlind: [] <nil>). 
[15.074425971s] Terminating process didn't finish, but had to be force killed 
[15.074440841s] Terminating process node with PID 142 (state: R, cmdlind: [] <nil>). 
[15.074454681s] Terminating process didn't finish, but had to be force killed 
[15.074576471s] Terminating process node with PID 143 (state: R, cmdlind: [] <nil>). 
[15.074587531s] Terminating process didn't finish, but had to be force killed 
[15.074659471s] Terminating process node with PID 142 (state: R, cmdlind: [] <nil>). 
[15.074675521s] Terminating process didn't finish, but had to be force killed 
[15.074837851s] Terminating process node with PID 143 (state: R, cmdlind: [] <nil>). 
[15.074854881s] Terminating process didn't finish, but had to be force killed 
[15.074864581s] Terminating process node with PID 142 (state: R, cmdlind: [] <nil>). 
[15.074888401s] Terminating process didn't finish, but had to be force killed 
[15.075045641s] Terminating process node with PID 142 (state: R, cmdlind: [] <nil>). 
[15.075055321s] Terminating process node with PID 143 (state: R, cmdlind: [] <nil>). 
[15.075069061s] Terminating process didn't finish, but had to be force killed 
[15.07507163s] Terminating process didn't finish, but had to be force killed 
[15.075247661s] Terminating process node with PID 143 (state: R, cmdlind: [] <nil>). 
[15.075257581s] Terminating process didn't finish, but had to be force killed 
[15.07528771s] Terminating process node with PID 142 (state: R, cmdlind: [] <nil>). 
[15.07530413s] Terminating process didn't finish, but had to be force killed 
[15.075415561s] Terminating process node with PID 142 (state: R, cmdlind: [] <nil>). 
[15.07542523s] Terminating process didn't finish, but had to be force killed 
[15.075464001s] Terminating process node with PID 143 (state: R, cmdlind: [] <nil>). 
[15.07547871s] Terminating process didn't finish, but had to be force killed 
[15.07561457s] Terminating process node with PID 143 (state: R, cmdlind: [] <nil>). 
[15.075634921s] Terminating process didn't finish, but had to be force killed 
[15.075641821s] Terminating process node with PID 142 (state: R, cmdlind: [] <nil>). 
[15.07565551s] Terminating process didn't finish, but had to be force killed 
[15.075799081s] Terminating process node with PID 143 (state: R, cmdlind: [] <nil>). 
[15.075808161s] Terminating process didn't finish, but had to be force killed 
[15.07587947s] Terminating process node with PID 142 (state: R, cmdlind: [] <nil>). 
[15.075897321s] Terminating process didn't finish, but had to be force killed 
[15.07604862s] Terminating process node with PID 143 (state: R, cmdlind: [] <nil>). 
[15.07606845s] Terminating process didn't finish, but had to be force killed 
[15.07611688s] Terminating process node with PID 142 (state: R, cmdlind: [] <nil>). 
[15.07612898s] Terminating process didn't finish, but had to be force killed 
[15.07631674s] Terminating process node with PID 143 (state: R, cmdlind: [] <nil>). 
[15.07633077s] Terminating process didn't finish, but had to be force killed 
[15.07638724s] Terminating process node with PID 142 (state: R, cmdlind: [] <nil>). 
[15.07640394s] Terminating process didn't finish, but had to be force killed 
[15.07654338s] Terminating process node with PID 143 (state: R, cmdlind: [] <nil>). 
[15.07656184s] Terminating process didn't finish, but had to be force killed 
[15.07657826s] Terminating process node with PID 142 (state: R, cmdlind: [] <nil>). 
[15.07658713s] Terminating process didn't finish, but had to be force killed 
[15.07675492s] Terminating process node with PID 143 (state: R, cmdlind: [] <nil>). 
[15.07677352s] Terminating process didn't finish, but had to be force killed 
[15.0767813s] Terminating process node with PID 142 (state: R, cmdlind: [] <nil>). 
[15.07679604s] Terminating process didn't finish, but had to be force killed 
[15.07693193s] Terminating process node with PID 143 (state: R, cmdlind: [] <nil>). 
[15.0769495s] Terminating process didn't finish, but had to be force killed 
[15.07696306s] Terminating process node with PID 142 (state: R, cmdlind: [] <nil>). 
[15.07697578s] Terminating process didn't finish, but had to be force killed 
[15.07711548s] Terminating process node with PID 143 (state: R, cmdlind: [] <nil>). 
[15.07716046s] Terminating process didn't finish, but had to be force killed 
[15.07719653s] Terminating process node with PID 142 (state: R, cmdlind: [] <nil>). 
[15.07721042s] Terminating process didn't finish, but had to be force killed 
[15.07738042s] Terminating process node with PID 143 (state: R, cmdlind: [] <nil>). 
[15.07740097s] Terminating process didn't finish, but had to be force killed 
[15.07741928s] Terminating process node with PID 142 (state: R, cmdlind: [] <nil>). 
[15.07743721s] Terminating process didn't finish, but had to be force killed 
[15.0776199s] Terminating process node with PID 143 (state: R, cmdlind: [] <nil>). 
[15.0776485s] Terminating process didn't finish, but had to be force killed 
[15.07769051s] Terminating process node with PID 142 (state: R, cmdlind: [] <nil>). 
[15.07770803s] Terminating process didn't finish, but had to be force killed 
[15.07787016s] Terminating process node with PID 143 (state: R, cmdlind: [] <nil>). 
[15.07788062s] Terminating process didn't finish, but had to be force killed 
[15.07793665s] Terminating process node with PID 142 (state: R, cmdlind: [] <nil>). 
[15.07794828s] Terminating process didn't finish, but had to be force killed 
[15.07808799s] Terminating process node with PID 143 (state: R, cmdlind: [] <nil>). 
[15.07811632s] Terminating process didn't finish, but had to be force killed 
[15.07813328s] Terminating process node with PID 142 (state: R, cmdlind: [] <nil>). 
[15.07814352s] Terminating process didn't finish, but had to be force killed 
[15.07830276s] Terminating process node with PID 142 (state: R, cmdlind: [] <nil>). 
[15.0783145s] Terminating process didn't finish, but had to be force killed 
[15.07836744s] Terminating process node with PID 143 (state: R, cmdlind: [] <nil>). 
[15.07838371s] Terminating process didn't finish, but had to be force killed 
[15.07854325s] Terminating process node with PID 143 (state: R, cmdlind: [] <nil>). 
[15.07855508s] Terminating process didn't finish, but had to be force killed 
[15.0786093s] Terminating process node with PID 142 (state: R, cmdlind: [] <nil>). 
[15.07862619s] Terminating process didn't finish, but had to be force killed 
[15.07878319s] Terminating process node with PID 143 (state: R, cmdlind: [] <nil>). 
[15.07879685s] Terminating process didn't finish, but had to be force killed 
[15.07885736s] Terminating process node with PID 142 (state: R, cmdlind: [] <nil>). 
[15.07887655s] Terminating process didn't finish, but had to be force killed 
[15.07904301s] Terminating process node with PID 143 (state: R, cmdlind: [] <nil>). 
[15.07906085s] Terminating process didn't finish, but had to be force killed 
[15.07909685s] Terminating process node with PID 142 (state: R, cmdlind: [] <nil>). 
[15.07911635s] Terminating process didn't finish, but had to be force killed 
[15.07926805s] Terminating process node with PID 143 (state: R, cmdlind: [] <nil>). 
[15.07928635s] Terminating process didn't finish, but had to be force killed 
[15.07932975s] Terminating process node with PID 142 (state: R, cmdlind: [] <nil>). 
[15.07936591s] Terminating process didn't finish, but had to be force killed 
[15.07955859s] Terminating process node with PID 143 (state: R, cmdlind: [] <nil>). 
[15.0795765s] Terminating process didn't finish, but had to be force killed 
[15.07965311s] Terminating process node with PID 142 (state: R, cmdlind: [] <nil>). 
[15.07969472s] Terminating process didn't finish, but had to be force killed 
[15.07987913s] Terminating process node with PID 142 (state: R, cmdlind: [] <nil>). 
[15.07989212s] Terminating process didn't finish, but had to be force killed 
[15.0799044s] Couldn't obtain process information for PID 119. 
[15.07999771s] Terminating process node with PID 143 (state: R, cmdlind: [] <nil>). 
[15.08001622s] Terminating process didn't finish, but had to be force killed 
[15.08013635s] Couldn't obtain process information for PID 253. 
[15.08015129s] Terminating process node with PID 143 (state: R, cmdlind: [] <nil>). 
[15.08016604s] Terminating process didn't finish, but had to be force killed 
[15.08019272s] Terminating process node with PID 142 (state: R, cmdlind: [] <nil>). 
[15.0802084s] Terminating process didn't finish, but had to be force killed 
[15.08035761s] Terminating process node with PID 143 (state: R, cmdlind: [] <nil>). 
[15.08037219s] Terminating process didn't finish, but had to be force killed 
[15.08039615s] Terminating process node with PID 142 (state: R, cmdlind: [] <nil>). 
[15.0804179s] Terminating process didn't finish, but had to be force killed 
[15.08062871s] Terminating process node with PID 142 (state: R, cmdlind: [] <nil>). 
[15.08064876s] Terminating process didn't finish, but had to be force killed 
[15.08087262s] Terminating process node with PID 143 (state: R, cmdlind: [] <nil>). 
[15.08089029s] Terminating process didn't finish, but had to be force killed 
[15.08110613s] Terminating process node with PID 143 (state: R, cmdlind: [] <nil>). 
[15.08111982s] Terminating process didn't finish, but had to be force killed 
[15.0813458s] Terminating process node with PID 143 (state: R, cmdlind: [] <nil>). 
[15.08136664s] Terminating process didn't finish, but had to be force killed 
[15.08149797s] Terminating process node with PID 143 (state: R, cmdlind: [] <nil>). 
[15.08152594s] Terminating process didn't finish, but had to be force killed 
[15.08172205s] Terminating process node with PID 143 (state: R, cmdlind: [] <nil>). 
[15.08173933s] Terminating process didn't finish, but had to be force killed 
[15.08229028s] Terminating process node with PID 143 (state: R, cmdlind: [] <nil>). 
[15.08230597s] Terminating process didn't finish, but had to be force killed 
[15.08271357s] Terminating process node with PID 143 (state: R, cmdlind: [] <nil>). 
[15.0827325s] Terminating process didn't finish, but had to be force killed 
[15.08286419s] Terminating process node with PID 143 (state: R, cmdlind: [] <nil>). 
[15.08288285s] Terminating process didn't finish, but had to be force killed 
[15.08305585s] Terminating process node with PID 143 (state: R, cmdlind: [] <nil>). 
[15.08307898s] Terminating process didn't finish, but had to be force killed 
[15.0832485s] Terminating process node with PID 143 (state: R, cmdlind: [] <nil>). 
[15.08326396s] Terminating process didn't finish, but had to be force killed 
[15.08342664s] Terminating process node with PID 143 (state: R, cmdlind: [] <nil>). 
[15.08344406s] Terminating process didn't finish, but had to be force killed 
[15.083647389s] Terminating process node with PID 143 (state: R, cmdlind: [] <nil>). 
[15.083667529s] Terminating process didn't finish, but had to be force killed 
[15.083893909s] Terminating process node with PID 143 (state: R, cmdlind: [] <nil>). 
[15.083911869s] Terminating process didn't finish, but had to be force killed 
[15.08410374s] Terminating process node with PID 143 (state: R, cmdlind: [] <nil>). 
[15.084121189s] Terminating process didn't finish, but had to be force killed 
[15.08429022s] Terminating process node with PID 143 (state: R, cmdlind: [] <nil>). 
[15.084310609s] Terminating process didn't finish, but had to be force killed 
[15.08450442s] Terminating process node with PID 143 (state: R, cmdlind: [] <nil>). 
[15.084518809s] Terminating process didn't finish, but had to be force killed 
[15.084689179s] Terminating process node with PID 143 (state: R, cmdlind: [] <nil>). 
[15.084706409s] Terminating process didn't finish, but had to be force killed 
[15.084879439s] Terminating process node with PID 143 (state: R, cmdlind: [] <nil>). 
[15.084895169s] Terminating process didn't finish, but had to be force killed 
[15.085021539s] Terminating process node with PID 143 (state: R, cmdlind: [] <nil>). 
[15.085038329s] Terminating process didn't finish, but had to be force killed 
[15.085259539s] Terminating process node with PID 143 (state: R, cmdlind: [] <nil>). 
[15.085279049s] Terminating process didn't finish, but had to be force killed 
[15.085438539s] Terminating process node with PID 143 (state: R, cmdlind: [] <nil>). 
[15.085456429s] Terminating process didn't finish, but had to be force killed 
[15.085594209s] Terminating process node with PID 143 (state: R, cmdlind: [] <nil>). 
[15.085602159s] Terminating process didn't finish, but had to be force killed 
[15.090176929s] Terminating process node with PID 143 (state: R, cmdlind: [] <nil>). 
[15.090200759s] Terminating process didn't finish, but had to be force killed 
[15.090475709s] Terminating process node with PID 143 (state: R, cmdlind: [] <nil>). 
[15.090494519s] Terminating process didn't finish, but had to be force killed 
[15.090685619s] Terminating process node with PID 143 (state: R, cmdlind: [] <nil>). 
[15.090697259s] Terminating process didn't finish, but had to be force killed 
[15.090908139s] Terminating process node with PID 143 (state: R, cmdlind: [] <nil>). 
[15.090926959s] Terminating process didn't finish, but had to be force killed 
[15.091164579s] Terminating process node with PID 143 (state: R, cmdlind: [] <nil>). 
[15.091185279s] Terminating process didn't finish, but had to be force killed 
[15.091371439s] Terminating process node with PID 143 (state: R, cmdlind: [] <nil>). 
[15.091385059s] Terminating process didn't finish, but had to be force killed 
[15.091550819s] Terminating process node with PID 143 (state: R, cmdlind: [] <nil>). 
[15.091565559s] Terminating process didn't finish, but had to be force killed 
[15.091710439s] Terminating process node with PID 143 (state: R, cmdlind: [] <nil>). 
[15.091724719s] Terminating process didn't finish, but had to be force killed 
[15.091949119s] Terminating process node with PID 143 (state: R, cmdlind: [] <nil>). 
[15.091966559s] Terminating process didn't finish, but had to be force killed 
[15.092164929s] Terminating process node with PID 143 (state: R, cmdlind: [] <nil>). 
[15.092179989s] Terminating process didn't finish, but had to be force killed 
[15.092338649s] Terminating process node with PID 143 (state: R, cmdlind: [] <nil>). 
[15.092352659s] Terminating process didn't finish, but had to be force killed 
[15.092480989s] Terminating process node with PID 143 (state: R, cmdlind: [] <nil>). 
[15.092494319s] Terminating process didn't finish, but had to be force killed 
[15.092663629s] Terminating process node with PID 143 (state: R, cmdlind: [] <nil>). 
[15.092678439s] Terminating process didn't finish, but had to be force killed 
[15.092825169s] Terminating process node with PID 143 (state: R, cmdlind: [] <nil>). 
[15.092844329s] Terminating process didn't finish, but had to be force killed 
[15.093018849s] Terminating process node with PID 143 (state: R, cmdlind: [] <nil>). 
[15.093031089s] Terminating process didn't finish, but had to be force killed 
[15.093214039s] Terminating process node with PID 143 (state: R, cmdlind: [] <nil>). 
[15.093232189s] Terminating process didn't finish, but had to be force killed 
[15.093357549s] Terminating process node with PID 143 (state: R, cmdlind: [] <nil>). 
[15.093369129s] Terminating process didn't finish, but had to be force killed 
[15.093495379s] Terminating process node with PID 143 (state: R, cmdlind: [] <nil>). 
[15.093508619s] Terminating process didn't finish, but had to be force killed 
[15.093625719s] Terminating process node with PID 143 (state: R, cmdlind: [] <nil>). 
[15.093635349s] Terminating process didn't finish, but had to be force killed 
[15.093781329s] Terminating process node with PID 143 (state: R, cmdlind: [] <nil>). 
[15.093795659s] Terminating process didn't finish, but had to be force killed 
[15.093924009s] Terminating process node with PID 143 (state: R, cmdlind: [] <nil>). 
[15.093938389s] Terminating process didn't finish, but had to be force killed 
[15.094097259s] Terminating process node with PID 143 (state: R, cmdlind: [] <nil>). 
[15.094113069s] Terminating process didn't finish, but had to be force killed 
[15.094254479s] Terminating process node with PID 143 (state: R, cmdlind: [] <nil>). 
[15.094267409s] Terminating process didn't finish, but had to be force killed 
[15.094389679s] Terminating process node with PID 143 (state: R, cmdlind: [] <nil>). 
[15.094403969s] Terminating process didn't finish, but had to be force killed 
[15.094519149s] Terminating process node with PID 143 (state: R, cmdlind: [] <nil>). 
[15.094526129s] Terminating process didn't finish, but had to be force killed 
[15.094650469s] Terminating process node with PID 143 (state: R, cmdlind: [] <nil>). 
[15.094657679s] Terminating process didn't finish, but had to be force killed 
[15.094794389s] Terminating process node with PID 143 (state: R, cmdlind: [] <nil>). 
[15.094812199s] Terminating process didn't finish, but had to be force killed 
[15.094967769s] Terminating process node with PID 143 (state: R, cmdlind: [] <nil>). 
[15.094976369s] Terminating process didn't finish, but had to be force killed 
[15.095135359s] Terminating process node with PID 143 (state: R, cmdlind: [] <nil>). 
[15.095156019s] Terminating process didn't finish, but had to be force killed 
[15.095307949s] Terminating process node with PID 143 (state: R, cmdlind: [] <nil>). 
[15.095327799s] Terminating process didn't finish, but had to be force killed 
[15.095480429s] Terminating process node with PID 143 (state: R, cmdlind: [] <nil>). 
[15.095494829s] Terminating process didn't finish, but had to be force killed 
[15.095617619s] Terminating process node with PID 143 (state: R, cmdlind: [] <nil>). 
[15.095624909s] Terminating process didn't finish, but had to be force killed 
[15.095744959s] Terminating process node with PID 143 (state: R, cmdlind: [] <nil>). 
[15.095752129s] Terminating process didn't finish, but had to be force killed 
[15.095876309s] Terminating process node with PID 143 (state: R, cmdlind: [] <nil>). 
[15.095883559s] Terminating process didn't finish, but had to be force killed 
[15.096009199s] Terminating process node with PID 143 (state: R, cmdlind: [] <nil>). 
[15.096016279s] Terminating process didn't finish, but had to be force killed 
[15.096139499s] Terminating process node with PID 143 (state: R, cmdlind: [] <nil>). 
[15.096151809s] Terminating process didn't finish, but had to be force killed 
[15.096301039s] Terminating process node with PID 143 (state: R, cmdlind: [] <nil>). 
[15.096316239s] Terminating process didn't finish, but had to be force killed 
[15.096454868s] Terminating process node with PID 143 (state: R, cmdlind: [] <nil>). 
[15.096467408s] Terminating process didn't finish, but had to be force killed 
[15.096587099s] Terminating process node with PID 143 (state: R, cmdlind: [] <nil>). 
[15.096602059s] Terminating process didn't finish, but had to be force killed 
[15.096734188s] Terminating process node with PID 143 (state: R, cmdlind: [] <nil>). 
[15.096746379s] Terminating process didn't finish, but had to be force killed 
[15.096862479s] Terminating process node with PID 143 (state: R, cmdlind: [] <nil>). 
[15.096875528s] Terminating process didn't finish, but had to be force killed 
[15.096999199s] Terminating process node with PID 143 (state: R, cmdlind: [] <nil>). 
[15.097023099s] Terminating process didn't finish, but had to be force killed 
[15.097229799s] Terminating process node with PID 143 (state: R, cmdlind: [] <nil>). 
[15.097252959s] Terminating process didn't finish, but had to be force killed 
[15.097414148s] Terminating process node with PID 143 (state: R, cmdlind: [] <nil>). 
[15.097430259s] Terminating process didn't finish, but had to be force killed 
[15.097591099s] Terminating process node with PID 143 (state: R, cmdlind: [] <nil>). 
[15.097603539s] Terminating process didn't finish, but had to be force killed 
[15.097713128s] Terminating process node with PID 143 (state: R, cmdlind: [] <nil>). 
[15.097732728s] Terminating process didn't finish, but had to be force killed 
[15.097879768s] Terminating process node with PID 143 (state: R, cmdlind: [] <nil>). 
[15.097892568s] Terminating process didn't finish, but had to be force killed 
[15.098017019s] Terminating process node with PID 143 (state: R, cmdlind: [] <nil>). 
[15.098029099s] Terminating process didn't finish, but had to be force killed 
[15.098511519s] Terminating process node with PID 143 (state: R, cmdlind: [] <nil>). 
[15.098524228s] Terminating process didn't finish, but had to be force killed 
[15.098773328s] Terminating process node with PID 143 (state: R, cmdlind: [] <nil>). 
[15.099014018s] Terminating process didn't finish, but had to be force killed 
[15.099214838s] Terminating process node with PID 143 (state: R, cmdlind: [] <nil>). 
[15.099236228s] Terminating process didn't finish, but had to be force killed 
[15.099407228s] Terminating process node with PID 143 (state: R, cmdlind: [] <nil>). 
[15.099426168s] Terminating process didn't finish, but had to be force killed 
[15.099619988s] Terminating process node with PID 143 (state: R, cmdlind: [] <nil>). 
[15.099648788s] Terminating process didn't finish, but had to be force killed 
[15.099805488s] Terminating process node with PID 143 (state: R, cmdlind: [] <nil>). 
[15.099822628s] Terminating process didn't finish, but had to be force killed 
[15.100005338s] Terminating process node with PID 143 (state: R, cmdlind: [] <nil>). 
[15.100021748s] Terminating process didn't finish, but had to be force killed 
[15.100158308s] Terminating process node with PID 143 (state: R, cmdlind: [] <nil>). 
[15.100172518s] Terminating process didn't finish, but had to be force killed 
[15.100339968s] Terminating process node with PID 143 (state: R, cmdlind: [] <nil>). 
[15.100356398s] Terminating process didn't finish, but had to be force killed 
[15.100510788s] Terminating process node with PID 143 (state: R, cmdlind: [] <nil>). 
[15.100526678s] Terminating process didn't finish, but had to be force killed 
[15.100736868s] Terminating process node with PID 143 (state: R, cmdlind: [] <nil>). 
[15.100753498s] Terminating process didn't finish, but had to be force killed 
[15.100988158s] Terminating process node with PID 143 (state: R, cmdlind: [] <nil>). 
[15.101009658s] Terminating process didn't finish, but had to be force killed 
[15.101245388s] Terminating process node with PID 143 (state: R, cmdlind: [] <nil>). 
[15.101270958s] Terminating process didn't finish, but had to be force killed 
[15.101465178s] Terminating process node with PID 143 (state: R, cmdlind: [] <nil>). 
[15.101479268s] Terminating process didn't finish, but had to be force killed 
[15.101640298s] Terminating process node with PID 143 (state: R, cmdlind: [] <nil>). 
[15.101656848s] Terminating process didn't finish, but had to be force killed 
[15.101779738s] Terminating process node with PID 143 (state: R, cmdlind: [] <nil>). 
[15.101789358s] Terminating process didn't finish, but had to be force killed 
[15.101913008s] Terminating process node with PID 143 (state: R, cmdlind: [] <nil>). 
[15.101929438s] Terminating process didn't finish, but had to be force killed 
[15.102093358s] Terminating process node with PID 143 (state: R, cmdlind: [] <nil>). 
[15.102107498s] Terminating process didn't finish, but had to be force killed 
[15.102233398s] Terminating process node with PID 143 (state: R, cmdlind: [] <nil>). 
[15.102247578s] Terminating process didn't finish, but had to be force killed 
[15.102405338s] Terminating process node with PID 143 (state: R, cmdlind: [] <nil>). 
[15.102421188s] Terminating process didn't finish, but had to be force killed 
[15.102535988s] Terminating process node with PID 143 (state: R, cmdlind: [] <nil>). 
[15.102551188s] Terminating process didn't finish, but had to be force killed 
[15.102663218s] Terminating process node with PID 143 (state: R, cmdlind: [] <nil>). 
[15.102677048s] Terminating process didn't finish, but had to be force killed 
[15.102832818s] Terminating process node with PID 143 (state: R, cmdlind: [] <nil>). 
[15.102849958s] Terminating process didn't finish, but had to be force killed 
[15.102984848s] Terminating process node with PID 143 (state: R, cmdlind: [] <nil>). 
[15.102999828s] Terminating process didn't finish, but had to be force killed 
[15.103153828s] Terminating process node with PID 143 (state: R, cmdlind: [] <nil>). 
[15.103170648s] Terminating process didn't finish, but had to be force killed 
[15.103340268s] Terminating process node with PID 143 (state: R, cmdlind: [] <nil>). 
[15.103357408s] Terminating process didn't finish, but had to be force killed 
[15.103527728s] Terminating process node with PID 143 (state: R, cmdlind: [] <nil>). 
[15.103541498s] Terminating process didn't finish, but had to be force killed 
[15.103664898s] Terminating process node with PID 143 (state: R, cmdlind: [] <nil>). 
[15.103680578s] Terminating process didn't finish, but had to be force killed 
[15.103874258s] Terminating process node with PID 143 (state: R, cmdlind: [] <nil>). 
[15.103888968s] Terminating process didn't finish, but had to be force killed 
[15.104015638s] Terminating process node with PID 143 (state: R, cmdlind: [] <nil>). 
[15.104036028s] Terminating process didn't finish, but had to be force killed 
[15.104163488s] Terminating process node with PID 143 (state: R, cmdlind: [] <nil>). 
[15.104175658s] Terminating process didn't finish, but had to be force killed 
[15.104321348s] Terminating process node with PID 143 (state: R, cmdlind: [] <nil>). 
[15.104343268s] Terminating process didn't finish, but had to be force killed 
[15.104502938s] Terminating process node with PID 143 (state: R, cmdlind: [] <nil>). 
[15.104514848s] Terminating process didn't finish, but had to be force killed 
[15.104627878s] Terminating process node with PID 143 (state: R, cmdlind: [] <nil>). 
[15.104645898s] Terminating process didn't finish, but had to be force killed 
[15.104779538s] Terminating process node with PID 143 (state: R, cmdlind: [] <nil>). 
[15.104792738s] Terminating process didn't finish, but had to be force killed 
[15.104952178s] Terminating process node with PID 143 (state: R, cmdlind: [] <nil>). 
[15.104966658s] Terminating process didn't finish, but had to be force killed 
[15.105100707s] Terminating process node with PID 143 (state: R, cmdlind: [] <nil>). 
[15.105117198s] Terminating process didn't finish, but had to be force killed 
[15.105305278s] Terminating process node with PID 143 (state: R, cmdlind: [] <nil>). 
[15.105323867s] Terminating process didn't finish, but had to be force killed 
[15.105472647s] Terminating process node with PID 143 (state: R, cmdlind: [] <nil>). 
[15.105490618s] Terminating process didn't finish, but had to be force killed 
[15.105670507s] Terminating process node with PID 143 (state: R, cmdlind: [] <nil>). 
[15.105685727s] Terminating process didn't finish, but had to be force killed 
[15.105870987s] Terminating process node with PID 143 (state: R, cmdlind: [] <nil>). 
[15.105886887s] Terminating process didn't finish, but had to be force killed 
[15.106007967s] Terminating process node with PID 143 (state: R, cmdlind: [] <nil>). 
[15.106015758s] Terminating process didn't finish, but had to be force killed 
[15.106155298s] Terminating process node with PID 143 (state: R, cmdlind: [] <nil>). 
[15.106167978s] Terminating process didn't finish, but had to be force killed 
[15.106300607s] Terminating process node with PID 143 (state: R, cmdlind: [] <nil>). 
[15.106327938s] Terminating process didn't finish, but had to be force killed 
[15.106481327s] Terminating process node with PID 143 (state: R, cmdlind: [] <nil>). 
[15.106495187s] Terminating process didn't finish, but had to be force killed 
[15.106662898s] Terminating process node with PID 143 (state: R, cmdlind: [] <nil>). 
[15.106682418s] Terminating process didn't finish, but had to be force killed 
[15.106818298s] Terminating process node with PID 143 (state: R, cmdlind: [] <nil>). 
[15.106826387s] Terminating process didn't finish, but had to be force killed 
[15.106995147s] Terminating process node with PID 143 (state: R, cmdlind: [] <nil>). 
[15.107015447s] Terminating process didn't finish, but had to be force killed 
[15.107196967s] Terminating process node with PID 143 (state: R, cmdlind: [] <nil>). 
[15.107212007s] Terminating process didn't finish, but had to be force killed 
[15.107320467s] Terminating process node with PID 143 (state: R, cmdlind: [] <nil>). 
[15.107335987s] Terminating process didn't finish, but had to be force killed 
[15.107462207s] Terminating process node with PID 143 (state: R, cmdlind: [] <nil>). 
[15.107470607s] Terminating process didn't finish, but had to be force killed 
[15.107605538s] Terminating process node with PID 143 (state: R, cmdlind: [] <nil>). 
[15.107618627s] Terminating process didn't finish, but had to be force killed 
[15.107753187s] Terminating process node with PID 143 (state: R, cmdlind: [] <nil>). 
[15.107768467s] Terminating process didn't finish, but had to be force killed 
[15.107909947s] Terminating process node with PID 143 (state: R, cmdlind: [] <nil>). 
[15.107925867s] Terminating process didn't finish, but had to be force killed 
[15.108124187s] Terminating process node with PID 143 (state: R, cmdlind: [] <nil>). 
[15.108149518s] Terminating process didn't finish, but had to be force killed 
[15.108286167s] Terminating process node with PID 143 (state: R, cmdlind: [] <nil>). 
[15.108299147s] Terminating process didn't finish, but had to be force killed 
[15.108446898s] Terminating process node with PID 143 (state: R, cmdlind: [] <nil>). 
[15.108464018s] Terminating process didn't finish, but had to be force killed 
[15.108668307s] Terminating process node with PID 143 (state: R, cmdlind: [] <nil>). 
[15.108692898s] Terminating process didn't finish, but had to be force killed 
[15.108896807s] Terminating process node with PID 143 (state: R, cmdlind: [] <nil>). 
[15.108919867s] Terminating process didn't finish, but had to be force killed 
[15.109089638s] Terminating process node with PID 143 (state: R, cmdlind: [] <nil>). 
[15.109110987s] Terminating process didn't finish, but had to be force killed 
[15.109334287s] Terminating process node with PID 143 (state: R, cmdlind: [] <nil>). 
[15.109354078s] Terminating process didn't finish, but had to be force killed 
[15.109494767s] Terminating process node with PID 143 (state: R, cmdlind: [] <nil>). 
[15.109516067s] Terminating process didn't finish, but had to be force killed 
[15.109728127s] Terminating process node with PID 143 (state: R, cmdlind: [] <nil>). 
[15.109751297s] Terminating process didn't finish, but had to be force killed 
[15.110018047s] Terminating process node with PID 143 (state: R, cmdlind: [] <nil>). 
[15.110035097s] Terminating process didn't finish, but had to be force killed 
[15.110323787s] Terminating process node with PID 143 (state: R, cmdlind: [] <nil>). 
[15.110347017s] Terminating process didn't finish, but had to be force killed 
[15.110853197s] Terminating process node with PID 143 (state: R, cmdlind: [] <nil>). 
[15.110871257s] Terminating process didn't finish, but had to be force killed 
[15.506338699s] Finished shutting down all processes. 
