2024-09-21 20:34:14.985 [info] Log level: Info
2024-09-21 20:34:14.985 [info] VSCODE_MACHINE_ID: 7cce749a-e454-42fe-beca-fbdad1619dc4
2024-09-21 20:34:14.985 [info] VSCODE_SESSION_ID: 13cc79d8-6d5c-422e-b6d2-2fda7a4962951726950852893
2024-09-21 20:34:14.985 [info] VSCODE_VERSION: 1.93.1
2024-09-21 20:34:14.985 [info] VSCODE_APP_NAME: Gitpod Code
2024-09-21 20:34:14.985 [info] VSCODE_APP_HOST: Gitpod
2024-09-21 20:34:14.985 [info] VSCODE_UI_KIND: web
2024-09-21 20:34:14.985 [info] GITPOD_WORKSPACE_CONTEXT_URL: https://github.com/freeCodeCamp/boilerplate-project-timestamp/
2024-09-21 20:34:14.985 [info] GITPOD_INSTANCE_ID: 38d092c8-68d9-4951-92fb-b15a4a0f563d
2024-09-21 20:34:14.985 [info] GITPOD_WORKSPACE_URL: https://freecodecam-boilerplate-s0t7yrl6d42.ws-us116.gitpod.io
2024-09-21 20:34:14.985 [info] Gitpod Web 7ff72a2
2024-09-21 20:34:14.985 [info] Reading sessions from keychain...
2024-09-21 20:34:15.092 [info] Getting sessions for all scopes...
2024-09-21 20:34:15.092 [info] Getting GitHub sessions for all scopes...
2024-09-21 20:34:15.092 [info] Getting sessions for function:accessCodeSyncStorage...
2024-09-21 20:34:15.092 [info] Got stored sessions!
2024-09-21 20:34:15.092 [info] Verified session with the following scopes: function:accessCodeSyncStorage function:closePort function:controlAdmission function:deleteEnvVar function:generateNewGitpodToken function:getDefaultWorkspaceImage function:getGitpodTokenScopes function:getIDToken function:getLoggedInUser function:getOpenPorts function:getSupportedWorkspaceClasses function:getTeams function:getToken function:getWorkspace function:getWorkspaceEnvVars function:getWorkspaceOwner function:getWorkspaceTimeout function:getWorkspaceUsers function:guessGitTokenScopes function:isWorkspaceOwner function:openPort function:sendHeartBeat function:setEnvVar function:setWorkspaceTimeout function:stopWorkspace function:takeSnapshot function:trackEvent function:updateGitStatus function:waitForSnapshot resource:contentBlob::*::create/get resource:envVar::*/*::update resource:envVar::freeCodeCamp/boilerplate-project-timestamp::create/get/update/delete resource:gitpodToken::*::create resource:snapshot::ws-freecodecam-boilerplate-s0t7yrl6d42::create resource:token::*::get resource:userStorage::*::create/get/update resource:workspace::freecodecam-boilerplate-s0t7yrl6d42::get/update resource:workspaceInstance::38d092c8-68d9-4951-92fb-b15a4a0f563d::get/update/delete
2024-09-21 20:34:15.092 [info] Got 1 verified sessions.
2024-09-21 20:34:15.093 [info] Got 1 sessions for all scopes...
2024-09-21 20:34:15.093 [info] Got 1 sessions for function:accessCodeSyncStorage...
2024-09-21 20:34:15.380 [info] Got 1 GitHub sessions for all scopes...
2024-09-21 20:34:15.381 [info] Getting sessions for all scopes...
2024-09-21 20:34:15.381 [info] Got 1 sessions for all scopes...
2024-09-21 20:34:15.478 [info] Getting GitHub sessions for all scopes...
2024-09-21 20:34:15.478 [info] Got 1 GitHub sessions for all scopes...
2024-09-21 20:34:15.480 [info] Getting GitHub sessions for read:user,repo,user:email,workflow...
2024-09-21 20:34:15.480 [info] Got 0 GitHub sessions for read:user,repo,user:email,workflow...
2024-09-21 20:34:15.592 [info] Getting GitHub sessions for project,read:org,read:user,repo,user:email,workflow...
2024-09-21 20:34:15.592 [info] Got 0 GitHub sessions for project,read:org,read:user,repo,user:email,workflow...
2024-09-21 20:34:15.683 [info] Getting GitHub sessions for read:user,repo,user:email,workflow...
2024-09-21 20:34:15.683 [info] Got 0 GitHub sessions for read:user,repo,user:email,workflow...
2024-09-21 20:34:15.771 [info] Getting GitHub sessions for read:user,repo,user:email...
2024-09-21 20:34:15.771 [info] Got 0 GitHub sessions for read:user,repo,user:email...
2024-09-21 20:34:15.872 [info] Getting GitHub sessions for read:user,repo,user:email,workflow...
2024-09-21 20:34:15.872 [info] Got 0 GitHub sessions for read:user,repo,user:email,workflow...
2024-09-21 21:37:26.153 [error] cannot maintain connection to supervisor 13 INTERNAL: closed
2024-09-21 21:37:27.155 [error] cannot maintain connection to supervisor 13 INTERNAL: closed
2024-09-21 21:37:28.156 [error] cannot maintain connection to supervisor 13 INTERNAL: closed
2024-09-21 21:37:29.157 [error] cannot maintain connection to supervisor 13 INTERNAL: closed
2024-09-21 21:37:30.159 [error] cannot maintain connection to supervisor 13 INTERNAL: closed
2024-09-21 21:37:31.162 [error] cannot maintain connection to supervisor 13 INTERNAL: closed
2024-09-21 21:37:32.164 [error] cannot maintain connection to supervisor 13 INTERNAL: closed
2024-09-21 21:37:33.167 [error] cannot maintain connection to supervisor 13 INTERNAL: closed
2024-09-21 21:37:34.169 [error] cannot maintain connection to supervisor 13 INTERNAL: closed
2024-09-21 21:37:35.171 [error] cannot maintain connection to supervisor 13 INTERNAL: closed
2024-09-21 21:37:36.173 [error] cannot maintain connection to supervisor 13 INTERNAL: closed
2024-09-21 21:37:37.175 [error] cannot maintain connection to supervisor 13 INTERNAL: closed
2024-09-21 21:37:38.179 [error] cannot maintain connection to supervisor 13 INTERNAL: closed
2024-09-21 21:37:39.180 [error] cannot maintain connection to supervisor 13 INTERNAL: closed
