2024-09-20 22:20:01.232 [info] Log level: Info
2024-09-20 22:20:01.232 [info] VSCODE_MACHINE_ID: 7cce749a-e454-42fe-beca-fbdad1619dc4
2024-09-20 22:20:01.232 [info] VSCODE_SESSION_ID: 3d2c648e-db28-4736-9bbd-e81d0ebe1d3b1726870797466
2024-09-20 22:20:01.232 [info] VSCODE_VERSION: 1.93.1
2024-09-20 22:20:01.232 [info] VSCODE_APP_NAME: Gitpod Code
2024-09-20 22:20:01.232 [info] VSCODE_APP_HOST: Gitpod
2024-09-20 22:20:01.232 [info] VSCODE_UI_KIND: web
2024-09-20 22:20:01.232 [info] GITPOD_WORKSPACE_CONTEXT_URL: https://github.com/freeCodeCamp/boilerplate-project-timestamp/
2024-09-20 22:20:01.232 [info] GITPOD_INSTANCE_ID: bff314cc-894e-424b-acb2-57f030dd9ad2
2024-09-20 22:20:01.232 [info] GITPOD_WORKSPACE_URL: https://freecodecam-boilerplate-s0t7yrl6d42.ws-us116.gitpod.io
2024-09-20 22:20:01.232 [info] Gitpod Web 7ff72a2
2024-09-20 22:20:01.232 [info] Reading sessions from keychain...
2024-09-20 22:20:01.251 [info] Getting sessions for all scopes...
2024-09-20 22:20:01.251 [info] Getting GitHub sessions for all scopes...
2024-09-20 22:20:01.251 [info] Getting sessions for function:accessCodeSyncStorage...
2024-09-20 22:20:01.251 [info] Got stored sessions!
2024-09-20 22:20:01.355 [info] Verified session with the following scopes: function:accessCodeSyncStorage function:closePort function:controlAdmission function:deleteEnvVar function:generateNewGitpodToken function:getDefaultWorkspaceImage function:getGitpodTokenScopes function:getIDToken function:getLoggedInUser function:getOpenPorts function:getSupportedWorkspaceClasses function:getTeams function:getToken function:getWorkspace function:getWorkspaceEnvVars function:getWorkspaceOwner function:getWorkspaceTimeout function:getWorkspaceUsers function:guessGitTokenScopes function:isWorkspaceOwner function:openPort function:sendHeartBeat function:setEnvVar function:setWorkspaceTimeout function:stopWorkspace function:takeSnapshot function:trackEvent function:updateGitStatus function:waitForSnapshot resource:contentBlob::*::create/get resource:envVar::*/*::update resource:envVar::freeCodeCamp/boilerplate-project-timestamp::create/get/update/delete resource:gitpodToken::*::create resource:snapshot::ws-freecodecam-boilerplate-s0t7yrl6d42::create resource:token::*::get resource:userStorage::*::create/get/update resource:workspace::freecodecam-boilerplate-s0t7yrl6d42::get/update resource:workspaceInstance::bff314cc-894e-424b-acb2-57f030dd9ad2::get/update/delete
2024-09-20 22:20:01.356 [info] Got 1 verified sessions.
2024-09-20 22:20:01.356 [info] Got 1 sessions for all scopes...
2024-09-20 22:20:01.356 [info] Got 1 sessions for function:accessCodeSyncStorage...
2024-09-20 22:20:01.372 [info] Got 1 GitHub sessions for all scopes...
2024-09-20 22:20:01.543 [info] Getting sessions for all scopes...
2024-09-20 22:20:01.645 [info] Got 1 sessions for all scopes...
2024-09-20 22:20:01.686 [info] Getting GitHub sessions for all scopes...
2024-09-20 22:20:01.686 [info] Got 1 GitHub sessions for all scopes...
2024-09-20 22:20:02.035 [info] Getting GitHub sessions for read:user,repo,user:email,workflow...
2024-09-20 22:20:02.035 [info] Got 0 GitHub sessions for read:user,repo,user:email,workflow...
2024-09-20 22:20:02.126 [info] Getting GitHub sessions for project,read:org,read:user,repo,user:email,workflow...
2024-09-20 22:20:02.126 [info] Got 0 GitHub sessions for project,read:org,read:user,repo,user:email,workflow...
2024-09-20 22:20:02.211 [info] Getting GitHub sessions for read:user,repo,user:email,workflow...
2024-09-20 22:20:02.211 [info] Got 0 GitHub sessions for read:user,repo,user:email,workflow...
2024-09-20 22:20:02.299 [info] Getting GitHub sessions for read:user,repo,user:email...
2024-09-20 22:20:02.299 [info] Got 0 GitHub sessions for read:user,repo,user:email...
2024-09-20 22:20:02.398 [info] Getting GitHub sessions for read:user,repo,user:email,workflow...
2024-09-20 22:20:02.398 [info] Got 0 GitHub sessions for read:user,repo,user:email,workflow...
2024-09-20 23:28:10.156 [error] cannot maintain connection to supervisor 13 INTERNAL: closed
2024-09-20 23:28:11.158 [error] cannot maintain connection to supervisor 13 INTERNAL: closed
2024-09-20 23:28:12.161 [error] cannot maintain connection to supervisor 13 INTERNAL: closed
2024-09-20 23:28:13.164 [error] cannot maintain connection to supervisor 13 INTERNAL: closed
2024-09-20 23:28:14.165 [error] cannot maintain connection to supervisor 13 INTERNAL: closed
2024-09-20 23:28:15.168 [error] cannot maintain connection to supervisor 13 INTERNAL: closed
2024-09-20 23:28:16.170 [error] cannot maintain connection to supervisor 13 INTERNAL: closed
2024-09-20 23:28:17.172 [error] cannot maintain connection to supervisor 13 INTERNAL: closed
2024-09-20 23:28:18.174 [error] cannot maintain connection to supervisor 13 INTERNAL: closed
2024-09-20 23:28:19.176 [error] cannot maintain connection to supervisor 13 INTERNAL: closed
2024-09-20 23:28:20.178 [error] cannot maintain connection to supervisor 13 INTERNAL: closed
2024-09-20 23:28:21.180 [error] cannot maintain connection to supervisor 13 INTERNAL: closed
2024-09-20 23:28:22.182 [error] cannot maintain connection to supervisor 13 INTERNAL: closed
2024-09-20 23:28:23.183 [error] cannot maintain connection to supervisor 13 INTERNAL: closed
