2024-09-24 21:53:22.834 [info] Log level: Info
2024-09-24 21:53:22.834 [info] VSCODE_MACHINE_ID: d28311fb-fa7a-49b4-b2c0-2cfcd56e5e22
2024-09-24 21:53:22.834 [info] VSCODE_SESSION_ID: 8b584330-6596-4178-a133-f725603ef43d1727214799069
2024-09-24 21:53:22.834 [info] VSCODE_VERSION: 1.93.1
2024-09-24 21:53:22.834 [info] VSCODE_APP_NAME: Gitpod Code
2024-09-24 21:53:22.834 [info] VSCODE_APP_HOST: Gitpod
2024-09-24 21:53:22.834 [info] VSCODE_UI_KIND: web
2024-09-24 21:53:22.834 [info] GITPOD_WORKSPACE_CONTEXT_URL: https://github.com/freeCodeCamp/boilerplate-project-urlshortener/
2024-09-24 21:53:22.834 [info] GITPOD_INSTANCE_ID: b4c15b0f-c12d-446d-bd82-22be5b56fce9
2024-09-24 21:53:22.834 [info] GITPOD_WORKSPACE_URL: https://freecodecam-boilerplate-9zpq6oi6qv1.ws-us116.gitpod.io
2024-09-24 21:53:22.834 [info] Gitpod Web 7ff72a2
2024-09-24 21:53:22.834 [info] Reading sessions from keychain...
2024-09-24 21:53:23.432 [info] Getting sessions for all scopes...
2024-09-24 21:53:23.432 [info] Getting GitHub sessions for all scopes...
2024-09-24 21:53:23.432 [info] Getting sessions for function:accessCodeSyncStorage...
2024-09-24 21:53:23.432 [info] Got 1 GitHub sessions for all scopes...
2024-09-24 21:53:23.433 [info] Got stored sessions!
2024-09-24 21:53:23.433 [info] Verified session with the following scopes: function:accessCodeSyncStorage function:closePort function:controlAdmission function:deleteEnvVar function:generateNewGitpodToken function:getDefaultWorkspaceImage function:getGitpodTokenScopes function:getIDToken function:getLoggedInUser function:getOpenPorts function:getSupportedWorkspaceClasses function:getTeams function:getToken function:getWorkspace function:getWorkspaceEnvVars function:getWorkspaceOwner function:getWorkspaceTimeout function:getWorkspaceUsers function:guessGitTokenScopes function:isWorkspaceOwner function:openPort function:sendHeartBeat function:setEnvVar function:setWorkspaceTimeout function:stopWorkspace function:takeSnapshot function:trackEvent function:updateGitStatus function:waitForSnapshot resource:contentBlob::*::create/get resource:envVar::*/*::update resource:envVar::freeCodeCamp/boilerplate-project-urlshortener::create/get/update/delete resource:gitpodToken::*::create resource:snapshot::ws-freecodecam-boilerplate-9zpq6oi6qv1::create resource:token::*::get resource:userStorage::*::create/get/update resource:workspace::freecodecam-boilerplate-9zpq6oi6qv1::get/update resource:workspaceInstance::b4c15b0f-c12d-446d-bd82-22be5b56fce9::get/update/delete
2024-09-24 21:53:23.436 [info] Got 1 verified sessions.
2024-09-24 21:53:23.436 [info] Got 1 sessions for all scopes...
2024-09-24 21:53:23.436 [info] Got 1 sessions for function:accessCodeSyncStorage...
2024-09-24 21:53:24.033 [info] Getting GitHub sessions for all scopes...
2024-09-24 21:53:24.033 [info] Getting sessions for all scopes...
2024-09-24 21:53:24.033 [info] Got 1 GitHub sessions for all scopes...
2024-09-24 21:53:24.033 [info] Got 1 sessions for all scopes...
2024-09-24 21:53:24.230 [info] Getting GitHub sessions for read:user,repo,user:email,workflow...
2024-09-24 21:53:24.231 [info] Got 0 GitHub sessions for read:user,repo,user:email,workflow...
2024-09-24 21:53:24.440 [info] Getting GitHub sessions for project,read:org,read:user,repo,user:email,workflow...
2024-09-24 21:53:24.440 [info] Got 0 GitHub sessions for project,read:org,read:user,repo,user:email,workflow...
2024-09-24 21:53:24.608 [info] Getting GitHub sessions for read:user,repo,user:email,workflow...
2024-09-24 21:53:24.608 [info] Got 0 GitHub sessions for read:user,repo,user:email,workflow...
2024-09-24 21:53:24.808 [info] Getting GitHub sessions for read:user,repo,user:email...
2024-09-24 21:53:24.808 [info] Got 0 GitHub sessions for read:user,repo,user:email...
2024-09-24 21:53:25.102 [info] Getting GitHub sessions for read:user,repo,user:email,workflow...
2024-09-24 21:53:25.102 [info] Got 0 GitHub sessions for read:user,repo,user:email,workflow...
2024-09-25 01:18:30.954 [error] cannot maintain connection to supervisor 13 INTERNAL: closed
2024-09-25 01:18:31.956 [error] cannot maintain connection to supervisor 13 INTERNAL: closed
2024-09-25 01:18:32.958 [error] cannot maintain connection to supervisor 13 INTERNAL: closed
2024-09-25 01:18:33.959 [error] cannot maintain connection to supervisor 13 INTERNAL: closed
2024-09-25 01:18:34.960 [error] cannot maintain connection to supervisor 13 INTERNAL: closed
2024-09-25 01:18:35.962 [error] cannot maintain connection to supervisor 13 INTERNAL: closed
2024-09-25 01:18:36.964 [error] cannot maintain connection to supervisor 13 INTERNAL: closed
2024-09-25 01:18:37.967 [error] cannot maintain connection to supervisor 13 INTERNAL: closed
2024-09-25 01:18:38.969 [error] cannot maintain connection to supervisor 13 INTERNAL: closed
2024-09-25 01:18:39.971 [error] cannot maintain connection to supervisor 13 INTERNAL: closed
2024-09-25 01:18:40.972 [error] cannot maintain connection to supervisor 13 INTERNAL: closed
2024-09-25 01:18:41.974 [error] cannot maintain connection to supervisor 13 INTERNAL: closed
2024-09-25 01:18:42.975 [error] cannot maintain connection to supervisor 13 INTERNAL: closed
2024-09-25 01:18:43.976 [error] cannot maintain connection to supervisor 13 INTERNAL: closed
