2024-10-22 16:23:40.868 [info] [main] Log level: Info
2024-10-22 16:23:40.868 [info] [main] Validating found git in: "git"
2024-10-22 16:23:40.868 [info] [main] Using git "2.46.0" from "git"
2024-10-22 16:23:40.868 [info] [Model][doInitialScan] Initial repository scan started
2024-10-22 16:23:40.868 [info] > git rev-parse --show-toplevel [76ms]
2024-10-22 16:23:40.868 [info] > git rev-parse --git-dir --git-common-dir [208ms]
2024-10-22 16:23:40.868 [info] [Model][openRepository] Opened repository: /workspace/boilerplate-project-library
2024-10-22 16:23:40.868 [info] > git rev-parse --show-toplevel [212ms]
2024-10-22 16:23:40.868 [info] > git config --get commit.template [219ms]
2024-10-22 16:23:40.868 [info] > git for-each-ref --format=%(refname)%00%(upstream:short)%00%(objectname)%00%(upstream:track)%00%(upstream:remotename)%00%(upstream:remoteref) refs/heads/main refs/remotes/main [8ms]
2024-10-22 16:23:40.868 [info] > git rev-parse --show-toplevel [15ms]
2024-10-22 16:23:40.868 [warning] [Git][revParse] Unable to read file: ENOENT: no such file or directory, open '/workspace/boilerplate-project-library/.git/refs/remotes/origin/main'
2024-10-22 16:23:40.868 [info] > git rev-parse --show-toplevel [8ms]
2024-10-22 16:23:40.868 [info] > git rev-parse refs/remotes/origin/main [87ms]
2024-10-22 16:23:40.868 [info] > git status -z -uall [11ms]
2024-10-22 16:23:40.868 [info] > git for-each-ref --sort -committerdate --format %(refname) %(objectname) %(*objectname) [78ms]
2024-10-22 16:23:40.868 [info] > git for-each-ref --format=%(refname)%00%(upstream:short)%00%(objectname)%00%(upstream:track)%00%(upstream:remotename)%00%(upstream:remoteref) refs/heads/main refs/remotes/main [94ms]
2024-10-22 16:23:40.868 [info] > git rev-parse --show-toplevel [186ms]
2024-10-22 16:23:40.868 [info] > git config --local branch.main.vscode-merge-base [26ms]
2024-10-22 16:23:40.868 [info] > git config --get commit.template [177ms]
2024-10-22 16:23:40.868 [info] > git rev-parse --show-toplevel [67ms]
2024-10-22 16:23:40.868 [info] [Model][doInitialScan] Initial repository scan completed - repositories (1), closed repositories (0), parent repositories (0), unsafe repositories (0)
2024-10-22 16:23:40.868 [info] > git for-each-ref --format=%(refname)%00%(upstream:short)%00%(objectname)%00%(upstream:track)%00%(upstream:remotename)%00%(upstream:remoteref) refs/heads/origin/main refs/remotes/origin/main [66ms]
2024-10-22 16:23:40.868 [info] > git for-each-ref --format=%(refname)%00%(upstream:short)%00%(objectname)%00%(upstream:track)%00%(upstream:remotename)%00%(upstream:remoteref) refs/heads/main refs/remotes/main [9ms]
2024-10-22 16:23:40.868 [warning] [Git][revParse] Unable to read file: ENOENT: no such file or directory, open '/workspace/boilerplate-project-library/.git/refs/remotes/origin/main'
2024-10-22 16:23:40.868 [info] > git merge-base refs/heads/main refs/remotes/origin/main [8ms]
2024-10-22 16:23:40.868 [info] > git rev-parse refs/remotes/origin/main [79ms]
2024-10-22 16:23:40.868 [info] > git status -z -uall [8ms]
2024-10-22 16:23:40.868 [info] > git diff --name-status -z --diff-filter=ADMR 8c42e9fa8452b65f5091042de9aec6a7f43f54d4...refs/remotes/origin/main [83ms]
2024-10-22 16:23:40.868 [info] > git for-each-ref --sort -committerdate --format %(refname) %(objectname) %(*objectname) [9ms]
2024-10-22 16:23:41.597 [info] > git check-ignore -v -z --stdin [8ms]
2024-10-22 16:23:41.872 [info] > git show --textconv :tests/2_functional-tests.js [13ms]
2024-10-22 16:23:41.878 [info] > git ls-files --stage -- /workspace/boilerplate-project-library/tests/2_functional-tests.js [10ms]
2024-10-22 16:23:41.956 [info] > git cat-file -s 638ec9b0419a3fbed050dc2d5f93fd0090ba1eea [5ms]
2024-10-22 16:23:42.759 [info] > git config --local branch.main.github-pr-owner-number [4ms]
2024-10-22 16:23:42.759 [warning] [Git][config] git config failed: Failed to execute git
2024-10-22 16:26:00.064 [info] > git config --get commit.template [7ms]
2024-10-22 16:26:00.064 [info] > git for-each-ref --format=%(refname)%00%(upstream:short)%00%(objectname)%00%(upstream:track)%00%(upstream:remotename)%00%(upstream:remoteref) refs/heads/main refs/remotes/main [3ms]
2024-10-22 16:26:00.069 [warning] [Git][revParse] Unable to read file: ENOENT: no such file or directory, open '/workspace/boilerplate-project-library/.git/refs/remotes/origin/main'
2024-10-22 16:26:00.070 [info] > git rev-parse refs/remotes/origin/main [2ms]
2024-10-22 16:26:00.079 [info] > git status -z -uall [5ms]
2024-10-22 16:26:00.081 [info] > git for-each-ref --sort -committerdate --format %(refname) %(objectname) %(*objectname) [2ms]
2024-10-22 16:26:05.095 [info] > git config --get commit.template [5ms]
2024-10-22 16:26:05.096 [info] > git for-each-ref --format=%(refname)%00%(upstream:short)%00%(objectname)%00%(upstream:track)%00%(upstream:remotename)%00%(upstream:remoteref) refs/heads/main refs/remotes/main [2ms]
2024-10-22 16:26:05.100 [warning] [Git][revParse] Unable to read file: ENOENT: no such file or directory, open '/workspace/boilerplate-project-library/.git/refs/remotes/origin/main'
2024-10-22 16:26:05.102 [info] > git rev-parse refs/remotes/origin/main [2ms]
2024-10-22 16:26:05.111 [info] > git status -z -uall [6ms]
2024-10-22 16:26:05.113 [info] > git for-each-ref --sort -committerdate --format %(refname) %(objectname) %(*objectname) [2ms]
2024-10-22 16:26:10.128 [info] > git config --get commit.template [6ms]
2024-10-22 16:26:10.131 [info] > git for-each-ref --format=%(refname)%00%(upstream:short)%00%(objectname)%00%(upstream:track)%00%(upstream:remotename)%00%(upstream:remoteref) refs/heads/main refs/remotes/main [4ms]
2024-10-22 16:26:10.137 [warning] [Git][revParse] Unable to read file: ENOENT: no such file or directory, open '/workspace/boilerplate-project-library/.git/refs/remotes/origin/main'
2024-10-22 16:26:10.138 [info] > git rev-parse refs/remotes/origin/main [2ms]
2024-10-22 16:26:10.148 [info] > git status -z -uall [5ms]
2024-10-22 16:26:10.150 [info] > git for-each-ref --sort -committerdate --format %(refname) %(objectname) %(*objectname) [2ms]
2024-10-22 16:26:15.162 [info] > git config --get commit.template [5ms]
2024-10-22 16:26:15.164 [info] > git for-each-ref --format=%(refname)%00%(upstream:short)%00%(objectname)%00%(upstream:track)%00%(upstream:remotename)%00%(upstream:remoteref) refs/heads/main refs/remotes/main [2ms]
2024-10-22 16:26:15.168 [warning] [Git][revParse] Unable to read file: ENOENT: no such file or directory, open '/workspace/boilerplate-project-library/.git/refs/remotes/origin/main'
2024-10-22 16:26:15.169 [info] > git rev-parse refs/remotes/origin/main [1ms]
2024-10-22 16:26:15.177 [info] > git status -z -uall [4ms]
2024-10-22 16:26:15.179 [info] > git for-each-ref --sort -committerdate --format %(refname) %(objectname) %(*objectname) [2ms]
2024-10-22 16:26:21.177 [info] > git config --get commit.template [4ms]
2024-10-22 16:26:21.179 [info] > git for-each-ref --format=%(refname)%00%(upstream:short)%00%(objectname)%00%(upstream:track)%00%(upstream:remotename)%00%(upstream:remoteref) refs/heads/main refs/remotes/main [2ms]
2024-10-22 16:26:21.182 [warning] [Git][revParse] Unable to read file: ENOENT: no such file or directory, open '/workspace/boilerplate-project-library/.git/refs/remotes/origin/main'
2024-10-22 16:26:21.184 [info] > git rev-parse refs/remotes/origin/main [2ms]
2024-10-22 16:26:21.192 [info] > git status -z -uall [4ms]
2024-10-22 16:26:21.194 [info] > git for-each-ref --sort -committerdate --format %(refname) %(objectname) %(*objectname) [2ms]
2024-10-22 16:28:16.002 [info] > git config --get commit.template [5ms]
2024-10-22 16:28:16.003 [info] > git for-each-ref --format=%(refname)%00%(upstream:short)%00%(objectname)%00%(upstream:track)%00%(upstream:remotename)%00%(upstream:remoteref) refs/heads/main refs/remotes/main [2ms]
2024-10-22 16:28:16.007 [warning] [Git][revParse] Unable to read file: ENOENT: no such file or directory, open '/workspace/boilerplate-project-library/.git/refs/remotes/origin/main'
2024-10-22 16:28:16.009 [info] > git rev-parse refs/remotes/origin/main [2ms]
2024-10-22 16:28:16.018 [info] > git status -z -uall [4ms]
2024-10-22 16:28:16.019 [info] > git for-each-ref --sort -committerdate --format %(refname) %(objectname) %(*objectname) [2ms]
2024-10-22 16:29:07.170 [info] > git config --get commit.template [5ms]
2024-10-22 16:29:07.171 [info] > git for-each-ref --format=%(refname)%00%(upstream:short)%00%(objectname)%00%(upstream:track)%00%(upstream:remotename)%00%(upstream:remoteref) refs/heads/main refs/remotes/main [2ms]
2024-10-22 16:29:07.175 [warning] [Git][revParse] Unable to read file: ENOENT: no such file or directory, open '/workspace/boilerplate-project-library/.git/refs/remotes/origin/main'
2024-10-22 16:29:07.177 [info] > git rev-parse refs/remotes/origin/main [2ms]
2024-10-22 16:29:07.186 [info] > git status -z -uall [5ms]
2024-10-22 16:29:07.187 [info] > git for-each-ref --sort -committerdate --format %(refname) %(objectname) %(*objectname) [2ms]
2024-10-22 16:29:12.200 [info] > git config --get commit.template [4ms]
2024-10-22 16:29:12.201 [info] > git for-each-ref --format=%(refname)%00%(upstream:short)%00%(objectname)%00%(upstream:track)%00%(upstream:remotename)%00%(upstream:remoteref) refs/heads/main refs/remotes/main [2ms]
2024-10-22 16:29:12.205 [warning] [Git][revParse] Unable to read file: ENOENT: no such file or directory, open '/workspace/boilerplate-project-library/.git/refs/remotes/origin/main'
2024-10-22 16:29:12.206 [info] > git rev-parse refs/remotes/origin/main [1ms]
2024-10-22 16:29:12.216 [info] > git status -z -uall [6ms]
2024-10-22 16:29:12.217 [info] > git for-each-ref --sort -committerdate --format %(refname) %(objectname) %(*objectname) [2ms]
2024-10-22 16:30:38.446 [info] > git config --get commit.template [6ms]
2024-10-22 16:30:38.447 [info] > git for-each-ref --format=%(refname)%00%(upstream:short)%00%(objectname)%00%(upstream:track)%00%(upstream:remotename)%00%(upstream:remoteref) refs/heads/main refs/remotes/main [2ms]
2024-10-22 16:30:38.452 [warning] [Git][revParse] Unable to read file: ENOENT: no such file or directory, open '/workspace/boilerplate-project-library/.git/refs/remotes/origin/main'
2024-10-22 16:30:38.453 [info] > git rev-parse refs/remotes/origin/main [1ms]
2024-10-22 16:30:38.462 [info] > git status -z -uall [5ms]
2024-10-22 16:30:38.464 [info] > git for-each-ref --sort -committerdate --format %(refname) %(objectname) %(*objectname) [2ms]
2024-10-22 16:30:46.689 [info] > git config --get commit.template [6ms]
2024-10-22 16:30:46.690 [info] > git for-each-ref --format=%(refname)%00%(upstream:short)%00%(objectname)%00%(upstream:track)%00%(upstream:remotename)%00%(upstream:remoteref) refs/heads/main refs/remotes/main [2ms]
2024-10-22 16:30:46.695 [warning] [Git][revParse] Unable to read file: ENOENT: no such file or directory, open '/workspace/boilerplate-project-library/.git/refs/remotes/origin/main'
2024-10-22 16:30:46.697 [info] > git rev-parse refs/remotes/origin/main [2ms]
2024-10-22 16:30:46.707 [info] > git status -z -uall [5ms]
2024-10-22 16:30:46.709 [info] > git for-each-ref --sort -committerdate --format %(refname) %(objectname) %(*objectname) [3ms]
2024-10-22 16:30:51.723 [info] > git config --get commit.template [6ms]
2024-10-22 16:30:51.724 [info] > git for-each-ref --format=%(refname)%00%(upstream:short)%00%(objectname)%00%(upstream:track)%00%(upstream:remotename)%00%(upstream:remoteref) refs/heads/main refs/remotes/main [2ms]
2024-10-22 16:30:51.729 [warning] [Git][revParse] Unable to read file: ENOENT: no such file or directory, open '/workspace/boilerplate-project-library/.git/refs/remotes/origin/main'
2024-10-22 16:30:51.731 [info] > git rev-parse refs/remotes/origin/main [1ms]
2024-10-22 16:30:51.739 [info] > git status -z -uall [4ms]
2024-10-22 16:30:51.741 [info] > git for-each-ref --sort -committerdate --format %(refname) %(objectname) %(*objectname) [2ms]
2024-10-22 16:30:56.753 [info] > git config --get commit.template [5ms]
2024-10-22 16:30:56.754 [info] > git for-each-ref --format=%(refname)%00%(upstream:short)%00%(objectname)%00%(upstream:track)%00%(upstream:remotename)%00%(upstream:remoteref) refs/heads/main refs/remotes/main [2ms]
2024-10-22 16:30:56.759 [warning] [Git][revParse] Unable to read file: ENOENT: no such file or directory, open '/workspace/boilerplate-project-library/.git/refs/remotes/origin/main'
2024-10-22 16:30:56.760 [info] > git rev-parse refs/remotes/origin/main [1ms]
2024-10-22 16:30:56.770 [info] > git status -z -uall [6ms]
2024-10-22 16:30:56.771 [info] > git for-each-ref --sort -committerdate --format %(refname) %(objectname) %(*objectname) [2ms]
2024-10-22 16:31:01.788 [info] > git config --get commit.template [5ms]
2024-10-22 16:31:01.789 [info] > git for-each-ref --format=%(refname)%00%(upstream:short)%00%(objectname)%00%(upstream:track)%00%(upstream:remotename)%00%(upstream:remoteref) refs/heads/main refs/remotes/main [2ms]
2024-10-22 16:31:01.794 [warning] [Git][revParse] Unable to read file: ENOENT: no such file or directory, open '/workspace/boilerplate-project-library/.git/refs/remotes/origin/main'
2024-10-22 16:31:01.796 [info] > git rev-parse refs/remotes/origin/main [2ms]
2024-10-22 16:31:01.806 [info] > git status -z -uall [4ms]
2024-10-22 16:31:01.808 [info] > git for-each-ref --sort -committerdate --format %(refname) %(objectname) %(*objectname) [3ms]
2024-10-22 16:31:34.942 [info] > git config --get commit.template [6ms]
2024-10-22 16:31:34.943 [info] > git for-each-ref --format=%(refname)%00%(upstream:short)%00%(objectname)%00%(upstream:track)%00%(upstream:remotename)%00%(upstream:remoteref) refs/heads/main refs/remotes/main [2ms]
2024-10-22 16:31:34.948 [warning] [Git][revParse] Unable to read file: ENOENT: no such file or directory, open '/workspace/boilerplate-project-library/.git/refs/remotes/origin/main'
2024-10-22 16:31:34.950 [info] > git rev-parse refs/remotes/origin/main [2ms]
2024-10-22 16:31:34.960 [info] > git status -z -uall [5ms]
2024-10-22 16:31:34.962 [info] > git for-each-ref --sort -committerdate --format %(refname) %(objectname) %(*objectname) [2ms]
2024-10-22 16:31:41.802 [info] > git config --get commit.template [5ms]
2024-10-22 16:31:41.803 [info] > git for-each-ref --format=%(refname)%00%(upstream:short)%00%(objectname)%00%(upstream:track)%00%(upstream:remotename)%00%(upstream:remoteref) refs/heads/main refs/remotes/main [2ms]
2024-10-22 16:31:41.808 [warning] [Git][revParse] Unable to read file: ENOENT: no such file or directory, open '/workspace/boilerplate-project-library/.git/refs/remotes/origin/main'
2024-10-22 16:31:41.809 [info] > git rev-parse refs/remotes/origin/main [1ms]
2024-10-22 16:31:41.819 [info] > git status -z -uall [6ms]
2024-10-22 16:31:41.820 [info] > git for-each-ref --sort -committerdate --format %(refname) %(objectname) %(*objectname) [2ms]
2024-10-22 16:31:46.833 [info] > git config --get commit.template [5ms]
2024-10-22 16:31:46.835 [info] > git for-each-ref --format=%(refname)%00%(upstream:short)%00%(objectname)%00%(upstream:track)%00%(upstream:remotename)%00%(upstream:remoteref) refs/heads/main refs/remotes/main [3ms]
2024-10-22 16:31:46.840 [warning] [Git][revParse] Unable to read file: ENOENT: no such file or directory, open '/workspace/boilerplate-project-library/.git/refs/remotes/origin/main'
2024-10-22 16:31:46.842 [info] > git rev-parse refs/remotes/origin/main [1ms]
2024-10-22 16:31:46.852 [info] > git status -z -uall [6ms]
2024-10-22 16:31:46.853 [info] > git for-each-ref --sort -committerdate --format %(refname) %(objectname) %(*objectname) [2ms]
2024-10-22 16:31:51.868 [info] > git config --get commit.template [5ms]
2024-10-22 16:31:51.870 [info] > git for-each-ref --format=%(refname)%00%(upstream:short)%00%(objectname)%00%(upstream:track)%00%(upstream:remotename)%00%(upstream:remoteref) refs/heads/main refs/remotes/main [3ms]
2024-10-22 16:31:51.874 [warning] [Git][revParse] Unable to read file: ENOENT: no such file or directory, open '/workspace/boilerplate-project-library/.git/refs/remotes/origin/main'
2024-10-22 16:31:51.876 [info] > git rev-parse refs/remotes/origin/main [2ms]
2024-10-22 16:31:51.886 [info] > git status -z -uall [6ms]
2024-10-22 16:31:51.887 [info] > git for-each-ref --sort -committerdate --format %(refname) %(objectname) %(*objectname) [2ms]
2024-10-22 16:32:09.941 [info] > git config --get commit.template [5ms]
2024-10-22 16:32:09.942 [info] > git for-each-ref --format=%(refname)%00%(upstream:short)%00%(objectname)%00%(upstream:track)%00%(upstream:remotename)%00%(upstream:remoteref) refs/heads/main refs/remotes/main [2ms]
2024-10-22 16:32:09.946 [warning] [Git][revParse] Unable to read file: ENOENT: no such file or directory, open '/workspace/boilerplate-project-library/.git/refs/remotes/origin/main'
2024-10-22 16:32:09.948 [info] > git rev-parse refs/remotes/origin/main [2ms]
2024-10-22 16:32:09.958 [info] > git status -z -uall [6ms]
2024-10-22 16:32:09.958 [info] > git for-each-ref --sort -committerdate --format %(refname) %(objectname) %(*objectname) [2ms]
2024-10-22 16:32:14.971 [info] > git config --get commit.template [5ms]
2024-10-22 16:32:14.972 [info] > git for-each-ref --format=%(refname)%00%(upstream:short)%00%(objectname)%00%(upstream:track)%00%(upstream:remotename)%00%(upstream:remoteref) refs/heads/main refs/remotes/main [2ms]
2024-10-22 16:32:14.976 [warning] [Git][revParse] Unable to read file: ENOENT: no such file or directory, open '/workspace/boilerplate-project-library/.git/refs/remotes/origin/main'
2024-10-22 16:32:14.978 [info] > git rev-parse refs/remotes/origin/main [2ms]
2024-10-22 16:32:14.987 [info] > git status -z -uall [5ms]
2024-10-22 16:32:14.989 [info] > git for-each-ref --sort -committerdate --format %(refname) %(objectname) %(*objectname) [3ms]
2024-10-22 16:32:48.049 [info] > git config --get commit.template [4ms]
2024-10-22 16:32:48.051 [info] > git for-each-ref --format=%(refname)%00%(upstream:short)%00%(objectname)%00%(upstream:track)%00%(upstream:remotename)%00%(upstream:remoteref) refs/heads/main refs/remotes/main [2ms]
2024-10-22 16:32:48.055 [warning] [Git][revParse] Unable to read file: ENOENT: no such file or directory, open '/workspace/boilerplate-project-library/.git/refs/remotes/origin/main'
2024-10-22 16:32:48.057 [info] > git rev-parse refs/remotes/origin/main [2ms]
2024-10-22 16:32:48.066 [info] > git status -z -uall [5ms]
2024-10-22 16:32:48.068 [info] > git for-each-ref --sort -committerdate --format %(refname) %(objectname) %(*objectname) [3ms]
2024-10-22 16:32:53.081 [info] > git config --get commit.template [6ms]
2024-10-22 16:32:53.083 [info] > git for-each-ref --format=%(refname)%00%(upstream:short)%00%(objectname)%00%(upstream:track)%00%(upstream:remotename)%00%(upstream:remoteref) refs/heads/main refs/remotes/main [3ms]
2024-10-22 16:32:53.088 [warning] [Git][revParse] Unable to read file: ENOENT: no such file or directory, open '/workspace/boilerplate-project-library/.git/refs/remotes/origin/main'
2024-10-22 16:32:53.089 [info] > git rev-parse refs/remotes/origin/main [1ms]
2024-10-22 16:32:53.099 [info] > git status -z -uall [6ms]
2024-10-22 16:32:53.100 [info] > git for-each-ref --sort -committerdate --format %(refname) %(objectname) %(*objectname) [2ms]
2024-10-22 16:32:58.114 [info] > git config --get commit.template [6ms]
2024-10-22 16:32:58.116 [info] > git for-each-ref --format=%(refname)%00%(upstream:short)%00%(objectname)%00%(upstream:track)%00%(upstream:remotename)%00%(upstream:remoteref) refs/heads/main refs/remotes/main [3ms]
2024-10-22 16:32:58.122 [warning] [Git][revParse] Unable to read file: ENOENT: no such file or directory, open '/workspace/boilerplate-project-library/.git/refs/remotes/origin/main'
2024-10-22 16:32:58.124 [info] > git rev-parse refs/remotes/origin/main [2ms]
2024-10-22 16:32:58.135 [info] > git status -z -uall [6ms]
2024-10-22 16:32:58.137 [info] > git for-each-ref --sort -committerdate --format %(refname) %(objectname) %(*objectname) [3ms]
2024-10-22 16:33:29.610 [info] > git config --get commit.template [6ms]
2024-10-22 16:33:29.612 [info] > git for-each-ref --format=%(refname)%00%(upstream:short)%00%(objectname)%00%(upstream:track)%00%(upstream:remotename)%00%(upstream:remoteref) refs/heads/main refs/remotes/main [3ms]
2024-10-22 16:33:29.617 [warning] [Git][revParse] Unable to read file: ENOENT: no such file or directory, open '/workspace/boilerplate-project-library/.git/refs/remotes/origin/main'
2024-10-22 16:33:29.618 [info] > git rev-parse refs/remotes/origin/main [1ms]
2024-10-22 16:33:29.628 [info] > git status -z -uall [6ms]
2024-10-22 16:33:29.629 [info] > git for-each-ref --sort -committerdate --format %(refname) %(objectname) %(*objectname) [2ms]
2024-10-22 16:33:34.643 [info] > git config --get commit.template [7ms]
2024-10-22 16:33:34.644 [info] > git for-each-ref --format=%(refname)%00%(upstream:short)%00%(objectname)%00%(upstream:track)%00%(upstream:remotename)%00%(upstream:remoteref) refs/heads/main refs/remotes/main [3ms]
2024-10-22 16:33:34.648 [warning] [Git][revParse] Unable to read file: ENOENT: no such file or directory, open '/workspace/boilerplate-project-library/.git/refs/remotes/origin/main'
2024-10-22 16:33:34.649 [info] > git rev-parse refs/remotes/origin/main [1ms]
2024-10-22 16:33:34.658 [info] > git status -z -uall [4ms]
2024-10-22 16:33:34.659 [info] > git for-each-ref --sort -committerdate --format %(refname) %(objectname) %(*objectname) [2ms]
2024-10-22 16:34:41.900 [info] > git config --get commit.template [5ms]
2024-10-22 16:34:41.901 [info] > git for-each-ref --format=%(refname)%00%(upstream:short)%00%(objectname)%00%(upstream:track)%00%(upstream:remotename)%00%(upstream:remoteref) refs/heads/main refs/remotes/main [2ms]
2024-10-22 16:34:41.905 [warning] [Git][revParse] Unable to read file: ENOENT: no such file or directory, open '/workspace/boilerplate-project-library/.git/refs/remotes/origin/main'
2024-10-22 16:34:41.907 [info] > git rev-parse refs/remotes/origin/main [2ms]
2024-10-22 16:34:41.915 [info] > git status -z -uall [4ms]
2024-10-22 16:34:41.917 [info] > git for-each-ref --sort -committerdate --format %(refname) %(objectname) %(*objectname) [2ms]
2024-10-22 16:35:08.516 [info] > git config --get commit.template [5ms]
2024-10-22 16:35:08.517 [info] > git for-each-ref --format=%(refname)%00%(upstream:short)%00%(objectname)%00%(upstream:track)%00%(upstream:remotename)%00%(upstream:remoteref) refs/heads/main refs/remotes/main [2ms]
2024-10-22 16:35:08.521 [warning] [Git][revParse] Unable to read file: ENOENT: no such file or directory, open '/workspace/boilerplate-project-library/.git/refs/remotes/origin/main'
2024-10-22 16:35:08.523 [info] > git rev-parse refs/remotes/origin/main [2ms]
2024-10-22 16:35:08.533 [info] > git status -z -uall [5ms]
2024-10-22 16:35:08.534 [info] > git for-each-ref --sort -committerdate --format %(refname) %(objectname) %(*objectname) [2ms]
2024-10-22 16:35:20.840 [info] > git config --get commit.template [6ms]
2024-10-22 16:35:20.842 [info] > git for-each-ref --format=%(refname)%00%(upstream:short)%00%(objectname)%00%(upstream:track)%00%(upstream:remotename)%00%(upstream:remoteref) refs/heads/main refs/remotes/main [3ms]
2024-10-22 16:35:20.846 [warning] [Git][revParse] Unable to read file: ENOENT: no such file or directory, open '/workspace/boilerplate-project-library/.git/refs/remotes/origin/main'
2024-10-22 16:35:20.848 [info] > git rev-parse refs/remotes/origin/main [2ms]
2024-10-22 16:35:20.858 [info] > git status -z -uall [5ms]
2024-10-22 16:35:20.860 [info] > git for-each-ref --sort -committerdate --format %(refname) %(objectname) %(*objectname) [3ms]
2024-10-22 16:35:37.338 [info] > git config --get commit.template [7ms]
2024-10-22 16:35:37.340 [info] > git for-each-ref --format=%(refname)%00%(upstream:short)%00%(objectname)%00%(upstream:track)%00%(upstream:remotename)%00%(upstream:remoteref) refs/heads/main refs/remotes/main [3ms]
2024-10-22 16:35:37.345 [warning] [Git][revParse] Unable to read file: ENOENT: no such file or directory, open '/workspace/boilerplate-project-library/.git/refs/remotes/origin/main'
2024-10-22 16:35:37.347 [info] > git rev-parse refs/remotes/origin/main [2ms]
2024-10-22 16:35:37.357 [info] > git status -z -uall [5ms]
2024-10-22 16:35:37.359 [info] > git for-each-ref --sort -committerdate --format %(refname) %(objectname) %(*objectname) [2ms]
2024-10-22 16:35:42.376 [info] > git config --get commit.template [7ms]
2024-10-22 16:35:42.378 [info] > git for-each-ref --format=%(refname)%00%(upstream:short)%00%(objectname)%00%(upstream:track)%00%(upstream:remotename)%00%(upstream:remoteref) refs/heads/main refs/remotes/main [3ms]
2024-10-22 16:35:42.383 [warning] [Git][revParse] Unable to read file: ENOENT: no such file or directory, open '/workspace/boilerplate-project-library/.git/refs/remotes/origin/main'
2024-10-22 16:35:42.385 [info] > git rev-parse refs/remotes/origin/main [2ms]
2024-10-22 16:35:42.401 [info] > git status -z -uall [9ms]
2024-10-22 16:35:42.404 [info] > git for-each-ref --sort -committerdate --format %(refname) %(objectname) %(*objectname) [3ms]
2024-10-22 16:35:47.419 [info] > git config --get commit.template [7ms]
2024-10-22 16:35:47.419 [info] > git for-each-ref --format=%(refname)%00%(upstream:short)%00%(objectname)%00%(upstream:track)%00%(upstream:remotename)%00%(upstream:remoteref) refs/heads/main refs/remotes/main [2ms]
2024-10-22 16:35:47.424 [warning] [Git][revParse] Unable to read file: ENOENT: no such file or directory, open '/workspace/boilerplate-project-library/.git/refs/remotes/origin/main'
2024-10-22 16:35:47.425 [info] > git rev-parse refs/remotes/origin/main [1ms]
2024-10-22 16:35:47.435 [info] > git status -z -uall [5ms]
2024-10-22 16:35:47.437 [info] > git for-each-ref --sort -committerdate --format %(refname) %(objectname) %(*objectname) [2ms]
2024-10-22 16:35:52.452 [info] > git config --get commit.template [5ms]
2024-10-22 16:35:52.453 [info] > git for-each-ref --format=%(refname)%00%(upstream:short)%00%(objectname)%00%(upstream:track)%00%(upstream:remotename)%00%(upstream:remoteref) refs/heads/main refs/remotes/main [2ms]
2024-10-22 16:35:52.458 [warning] [Git][revParse] Unable to read file: ENOENT: no such file or directory, open '/workspace/boilerplate-project-library/.git/refs/remotes/origin/main'
2024-10-22 16:35:52.461 [info] > git rev-parse refs/remotes/origin/main [3ms]
2024-10-22 16:35:52.472 [info] > git status -z -uall [6ms]
2024-10-22 16:35:52.474 [info] > git for-each-ref --sort -committerdate --format %(refname) %(objectname) %(*objectname) [3ms]
2024-10-22 16:35:57.517 [info] > git config --get commit.template [20ms]
2024-10-22 16:35:57.520 [info] > git for-each-ref --format=%(refname)%00%(upstream:short)%00%(objectname)%00%(upstream:track)%00%(upstream:remotename)%00%(upstream:remoteref) refs/heads/main refs/remotes/main [6ms]
2024-10-22 16:35:57.533 [warning] [Git][revParse] Unable to read file: ENOENT: no such file or directory, open '/workspace/boilerplate-project-library/.git/refs/remotes/origin/main'
2024-10-22 16:35:57.535 [info] > git rev-parse refs/remotes/origin/main [1ms]
2024-10-22 16:35:57.547 [info] > git status -z -uall [6ms]
2024-10-22 16:35:57.549 [info] > git for-each-ref --sort -committerdate --format %(refname) %(objectname) %(*objectname) [2ms]
2024-10-22 16:36:02.564 [info] > git config --get commit.template [7ms]
2024-10-22 16:36:02.566 [info] > git for-each-ref --format=%(refname)%00%(upstream:short)%00%(objectname)%00%(upstream:track)%00%(upstream:remotename)%00%(upstream:remoteref) refs/heads/main refs/remotes/main [3ms]
2024-10-22 16:36:02.572 [warning] [Git][revParse] Unable to read file: ENOENT: no such file or directory, open '/workspace/boilerplate-project-library/.git/refs/remotes/origin/main'
2024-10-22 16:36:02.574 [info] > git rev-parse refs/remotes/origin/main [2ms]
2024-10-22 16:36:02.587 [info] > git status -z -uall [6ms]
2024-10-22 16:36:02.589 [info] > git for-each-ref --sort -committerdate --format %(refname) %(objectname) %(*objectname) [2ms]
2024-10-22 16:36:07.608 [info] > git config --get commit.template [9ms]
2024-10-22 16:36:07.610 [info] > git for-each-ref --format=%(refname)%00%(upstream:short)%00%(objectname)%00%(upstream:track)%00%(upstream:remotename)%00%(upstream:remoteref) refs/heads/main refs/remotes/main [3ms]
2024-10-22 16:36:07.617 [warning] [Git][revParse] Unable to read file: ENOENT: no such file or directory, open '/workspace/boilerplate-project-library/.git/refs/remotes/origin/main'
2024-10-22 16:36:07.619 [info] > git rev-parse refs/remotes/origin/main [2ms]
2024-10-22 16:36:07.634 [info] > git status -z -uall [7ms]
2024-10-22 16:36:07.636 [info] > git for-each-ref --sort -committerdate --format %(refname) %(objectname) %(*objectname) [3ms]
2024-10-22 16:36:15.767 [info] > git config --get commit.template [6ms]
2024-10-22 16:36:15.769 [info] > git for-each-ref --format=%(refname)%00%(upstream:short)%00%(objectname)%00%(upstream:track)%00%(upstream:remotename)%00%(upstream:remoteref) refs/heads/main refs/remotes/main [3ms]
2024-10-22 16:36:15.776 [warning] [Git][revParse] Unable to read file: ENOENT: no such file or directory, open '/workspace/boilerplate-project-library/.git/refs/remotes/origin/main'
2024-10-22 16:36:15.779 [info] > git rev-parse refs/remotes/origin/main [3ms]
2024-10-22 16:36:15.794 [info] > git status -z -uall [9ms]
2024-10-22 16:36:15.795 [info] > git for-each-ref --sort -committerdate --format %(refname) %(objectname) %(*objectname) [3ms]
2024-10-22 16:36:29.698 [info] > git config --get commit.template [7ms]
2024-10-22 16:36:29.699 [info] > git for-each-ref --format=%(refname)%00%(upstream:short)%00%(objectname)%00%(upstream:track)%00%(upstream:remotename)%00%(upstream:remoteref) refs/heads/main refs/remotes/main [2ms]
2024-10-22 16:36:29.705 [warning] [Git][revParse] Unable to read file: ENOENT: no such file or directory, open '/workspace/boilerplate-project-library/.git/refs/remotes/origin/main'
2024-10-22 16:36:29.707 [info] > git rev-parse refs/remotes/origin/main [2ms]
2024-10-22 16:36:29.718 [info] > git status -z -uall [5ms]
2024-10-22 16:36:29.720 [info] > git for-each-ref --sort -committerdate --format %(refname) %(objectname) %(*objectname) [3ms]
2024-10-22 16:38:49.988 [info] > git show --textconv :routes/api.js [6ms]
2024-10-22 16:38:49.989 [info] > git ls-files --stage -- /workspace/boilerplate-project-library/routes/api.js [2ms]
2024-10-22 16:38:49.997 [info] > git cat-file -s d444d70d63d6634c0f39b0b062dc89592255ed71 [3ms]
2024-10-22 16:38:57.827 [info] > git config --get commit.template [6ms]
2024-10-22 16:38:57.828 [info] > git for-each-ref --format=%(refname)%00%(upstream:short)%00%(objectname)%00%(upstream:track)%00%(upstream:remotename)%00%(upstream:remoteref) refs/heads/main refs/remotes/main [2ms]
2024-10-22 16:38:57.833 [warning] [Git][revParse] Unable to read file: ENOENT: no such file or directory, open '/workspace/boilerplate-project-library/.git/refs/remotes/origin/main'
2024-10-22 16:38:57.835 [info] > git rev-parse refs/remotes/origin/main [2ms]
2024-10-22 16:38:57.845 [info] > git status -z -uall [6ms]
2024-10-22 16:38:57.847 [info] > git for-each-ref --sort -committerdate --format %(refname) %(objectname) %(*objectname) [3ms]
2024-10-22 16:42:16.572 [info] > git config --get commit.template [5ms]
2024-10-22 16:42:16.573 [info] > git for-each-ref --format=%(refname)%00%(upstream:short)%00%(objectname)%00%(upstream:track)%00%(upstream:remotename)%00%(upstream:remoteref) refs/heads/main refs/remotes/main [2ms]
2024-10-22 16:42:16.577 [warning] [Git][revParse] Unable to read file: ENOENT: no such file or directory, open '/workspace/boilerplate-project-library/.git/refs/remotes/origin/main'
2024-10-22 16:42:16.578 [info] > git rev-parse refs/remotes/origin/main [1ms]
2024-10-22 16:42:16.586 [info] > git status -z -uall [4ms]
2024-10-22 16:42:16.588 [info] > git for-each-ref --sort -committerdate --format %(refname) %(objectname) %(*objectname) [2ms]
2024-10-22 16:44:38.957 [info] > git log --format=%H%n%aN%n%aE%n%at%n%ct%n%P%n%D%n%B -z --shortstat --diff-merges=first-parent -n50 --skip=0 --topo-order --decorate=full --stdin [39ms]
