2024-09-24 23:23:29.924 [info] [main] Log level: Info
2024-09-24 23:23:29.924 [info] [main] Validating found git in: "git"
2024-09-24 23:23:29.924 [info] [main] Using git "2.46.0" from "git"
2024-09-24 23:23:29.924 [info] [Model][doInitialScan] Initial repository scan started
2024-09-24 23:23:29.924 [info] > git rev-parse --show-toplevel [6ms]
2024-09-24 23:23:29.924 [info] > git rev-parse --git-dir --git-common-dir [273ms]
2024-09-24 23:23:29.924 [info] [Model][openRepository] Opened repository: /workspace/boilerplate-project-timestamp
2024-09-24 23:23:29.924 [info] > git rev-parse --show-toplevel [203ms]
2024-09-24 23:23:29.924 [info] > git config --get commit.template [285ms]
2024-09-24 23:23:29.924 [info] > git rev-parse --show-toplevel [8ms]
2024-09-24 23:23:29.924 [info] [Model][doInitialScan] Initial repository scan completed - repositories (1), closed repositories (0), parent repositories (0), unsafe repositories (0)
2024-09-24 23:23:29.924 [info] > git for-each-ref --format=%(refname)%00%(upstream:short)%00%(objectname)%00%(upstream:track)%00%(upstream:remotename)%00%(upstream:remoteref) refs/heads/main refs/remotes/main [4ms]
2024-09-24 23:23:29.924 [warning] [Git][revParse] Unable to read file: ENOENT: no such file or directory, open '/workspace/boilerplate-project-timestamp/.git/refs/remotes/origin/main'
2024-09-24 23:23:29.924 [info] > git rev-parse refs/remotes/origin/main [3ms]
2024-09-24 23:23:29.924 [info] > git status -z -uall [5ms]
2024-09-24 23:23:29.924 [info] > git for-each-ref --format=%(refname)%00%(upstream:short)%00%(objectname)%00%(upstream:track)%00%(upstream:remotename)%00%(upstream:remoteref) refs/heads/main refs/remotes/main [10ms]
2024-09-24 23:23:29.929 [info] > git config --get commit.template [77ms]
2024-09-24 23:23:29.929 [info] > git config --local branch.main.vscode-merge-base [5ms]
2024-09-24 23:23:30.027 [info] > git for-each-ref --format=%(refname)%00%(upstream:short)%00%(objectname)%00%(upstream:track)%00%(upstream:remotename)%00%(upstream:remoteref) refs/heads/main refs/remotes/main [90ms]
2024-09-24 23:23:30.027 [info] > git for-each-ref --format=%(refname)%00%(upstream:short)%00%(objectname)%00%(upstream:track)%00%(upstream:remotename)%00%(upstream:remoteref) refs/heads/origin/main refs/remotes/origin/main [94ms]
2024-09-24 23:23:30.036 [warning] [Git][revParse] Unable to read file: ENOENT: no such file or directory, open '/workspace/boilerplate-project-timestamp/.git/refs/remotes/origin/main'
2024-09-24 23:23:30.042 [info] > git merge-base refs/heads/main refs/remotes/origin/main [10ms]
2024-09-24 23:23:30.124 [info] > git rev-parse refs/remotes/origin/main [88ms]
2024-09-24 23:23:30.129 [info] > git rev-list --count --left-right refs/heads/main...refs/remotes/origin/main [6ms]
2024-09-24 23:23:30.137 [info] > git status -z -uall [9ms]
2024-09-24 23:23:30.144 [info] > git diff --name-status -z --diff-filter=ADMR ece2ea1936116eda48f9278e10ec48a972d0fdca...refs/remotes/origin/main [11ms]
2024-09-24 23:23:30.145 [info] > git for-each-ref --format=%(refname)%00%(upstream:short)%00%(objectname)%00%(upstream:track)%00%(upstream:remotename)%00%(upstream:remoteref) refs/heads/main refs/remotes/main [4ms]
2024-09-24 23:23:30.149 [info] > git config --local branch.main.vscode-merge-base [1ms]
2024-09-24 23:23:30.228 [info] > git for-each-ref --format=%(refname)%00%(upstream:short)%00%(objectname)%00%(upstream:track)%00%(upstream:remotename)%00%(upstream:remoteref) refs/heads/origin/main refs/remotes/origin/main [3ms]
2024-09-24 23:23:30.834 [info] > git check-ignore -v -z --stdin [3ms]
2024-09-24 23:23:31.255 [info] > git show --textconv :index.js [5ms]
2024-09-24 23:23:31.258 [info] > git ls-files --stage -- /workspace/boilerplate-project-timestamp/index.js [4ms]
2024-09-24 23:23:31.325 [info] > git cat-file -s bde5ff7eaebbdae35fec2010f286bd47fbd305e0 [62ms]
2024-09-24 23:23:31.431 [info] > git check-ignore -v -z --stdin [2ms]
2024-09-24 23:23:31.734 [info] > git config --local branch.main.github-pr-owner-number [2ms]
2024-09-24 23:23:31.734 [warning] [Git][config] git config failed: Failed to execute git
