2024-10-16 16:56:34.560 [info] [main] Log level: Info
2024-10-16 16:56:34.560 [info] [main] Validating found git in: "git"
2024-10-16 16:56:34.560 [info] [main] Using git "2.46.0" from "git"
2024-10-16 16:56:34.560 [info] [Model][doInitialScan] Initial repository scan started
2024-10-16 16:56:34.560 [info] > git rev-parse --show-toplevel [100ms]
2024-10-16 16:56:34.560 [info] > git rev-parse --git-dir --git-common-dir [4ms]
2024-10-16 16:56:34.560 [info] [Model][openRepository] Opened repository: /workspace/boilerplate-project-issuetracker
2024-10-16 16:56:34.560 [info] > git rev-parse --show-toplevel [89ms]
2024-10-16 16:56:34.560 [info] > git config --get commit.template [91ms]
2024-10-16 16:56:34.560 [info] > git rev-parse --show-toplevel [5ms]
2024-10-16 16:56:34.560 [info] > git for-each-ref --format=%(refname)%00%(upstream:short)%00%(objectname)%00%(upstream:track)%00%(upstream:remotename)%00%(upstream:remoteref) refs/heads/main refs/remotes/main [6ms]
2024-10-16 16:56:34.560 [warning] [Git][revParse] Unable to read file: ENOENT: no such file or directory, open '/workspace/boilerplate-project-issuetracker/.git/refs/remotes/origin/main'
2024-10-16 16:56:34.560 [info] > git rev-parse --show-toplevel [5ms]
2024-10-16 16:56:34.560 [info] > git rev-parse refs/remotes/origin/main [9ms]
2024-10-16 16:56:34.560 [info] > git status -z -uall [15ms]
2024-10-16 16:56:34.560 [info] > git rev-parse --show-toplevel [22ms]
2024-10-16 16:56:34.560 [info] [Model][doInitialScan] Initial repository scan completed - repositories (1), closed repositories (0), parent repositories (0), unsafe repositories (0)
2024-10-16 16:56:34.560 [info] > git for-each-ref --sort -committerdate --format %(refname) %(objectname) %(*objectname) [14ms]
2024-10-16 16:56:34.560 [info] > git for-each-ref --format=%(refname)%00%(upstream:short)%00%(objectname)%00%(upstream:track)%00%(upstream:remotename)%00%(upstream:remoteref) refs/heads/main refs/remotes/main [6ms]
2024-10-16 16:56:34.560 [info] > git config --get commit.template [5ms]
2024-10-16 16:56:34.560 [info] > git for-each-ref --format=%(refname)%00%(upstream:short)%00%(objectname)%00%(upstream:track)%00%(upstream:remotename)%00%(upstream:remoteref) refs/heads/main refs/remotes/main [7ms]
2024-10-16 16:56:34.560 [info] > git config --local branch.main.vscode-merge-base [10ms]
2024-10-16 16:56:34.560 [warning] [Git][revParse] Unable to read file: ENOENT: no such file or directory, open '/workspace/boilerplate-project-issuetracker/.git/refs/remotes/origin/main'
2024-10-16 16:56:34.560 [info] > git for-each-ref --format=%(refname)%00%(upstream:short)%00%(objectname)%00%(upstream:track)%00%(upstream:remotename)%00%(upstream:remoteref) refs/heads/origin/main refs/remotes/origin/main [4ms]
2024-10-16 16:56:34.560 [info] > git merge-base refs/heads/main refs/remotes/origin/main [19ms]
2024-10-16 16:56:34.560 [info] > git rev-parse refs/remotes/origin/main [28ms]
2024-10-16 16:56:34.560 [info] > git status -z -uall [38ms]
2024-10-16 16:56:34.560 [info] > git diff --name-status -z --diff-filter=ADMR 61f8902cff227aee224fa59d9497e9b9db08c5da...refs/remotes/origin/main [42ms]
2024-10-16 16:56:34.560 [info] > git for-each-ref --sort -committerdate --format %(refname) %(objectname) %(*objectname) [7ms]
2024-10-16 16:56:35.085 [info] > git check-ignore -v -z --stdin [2ms]
2024-10-16 16:56:35.182 [info] > git show --textconv :server.js [5ms]
2024-10-16 16:56:35.183 [info] > git ls-files --stage -- /workspace/boilerplate-project-issuetracker/server.js [3ms]
2024-10-16 16:56:35.188 [info] > git cat-file -s 7d63e9fc11eeba9d2002b61cd055f1408b4a9571 [2ms]
2024-10-16 16:56:35.700 [info] > git config --get commit.template [7ms]
2024-10-16 16:56:35.701 [info] > git for-each-ref --format=%(refname)%00%(upstream:short)%00%(objectname)%00%(upstream:track)%00%(upstream:remotename)%00%(upstream:remoteref) refs/heads/main refs/remotes/main [2ms]
2024-10-16 16:56:35.704 [warning] [Git][revParse] Unable to read file: ENOENT: no such file or directory, open '/workspace/boilerplate-project-issuetracker/.git/refs/remotes/origin/main'
2024-10-16 16:56:35.706 [info] > git rev-parse refs/remotes/origin/main [2ms]
2024-10-16 16:56:35.712 [info] > git status -z -uall [3ms]
2024-10-16 16:56:35.714 [info] > git for-each-ref --sort -committerdate --format %(refname) %(objectname) %(*objectname) [2ms]
2024-10-16 16:56:35.831 [info] > git ls-files --stage -- /workspace/boilerplate-project-issuetracker/server.js [2ms]
2024-10-16 16:56:35.836 [info] > git cat-file -s 7d63e9fc11eeba9d2002b61cd055f1408b4a9571 [2ms]
2024-10-16 16:56:35.890 [info] > git show --textconv :server.js [9ms]
2024-10-16 16:56:36.069 [info] > git config --local branch.main.github-pr-owner-number [1ms]
2024-10-16 16:56:36.069 [warning] [Git][config] git config failed: Failed to execute git
2024-10-16 17:00:07.156 [info] > git config --get commit.template [5ms]
2024-10-16 17:00:07.156 [info] > git for-each-ref --format=%(refname)%00%(upstream:short)%00%(objectname)%00%(upstream:track)%00%(upstream:remotename)%00%(upstream:remoteref) refs/heads/main refs/remotes/main [1ms]
2024-10-16 17:00:07.160 [warning] [Git][revParse] Unable to read file: ENOENT: no such file or directory, open '/workspace/boilerplate-project-issuetracker/.git/refs/remotes/origin/main'
2024-10-16 17:00:07.161 [info] > git rev-parse refs/remotes/origin/main [1ms]
2024-10-16 17:00:07.169 [info] > git status -z -uall [4ms]
2024-10-16 17:00:07.170 [info] > git for-each-ref --sort -committerdate --format %(refname) %(objectname) %(*objectname) [2ms]
2024-10-16 17:00:16.225 [info] > git show --textconv :package.json [4ms]
2024-10-16 17:00:16.227 [info] > git ls-files --stage -- /workspace/boilerplate-project-issuetracker/package.json [2ms]
2024-10-16 17:00:16.232 [info] > git cat-file -s 2bcbb10594e68bcefeb76d1f56ca1ec215654271 [2ms]
2024-10-16 17:01:03.477 [info] > git show --textconv :issue_model.js [4ms]
2024-10-16 17:01:03.478 [info] > git ls-files --stage -- /workspace/boilerplate-project-issuetracker/issue_model.js [1ms]
2024-10-16 17:01:03.659 [info] > git check-ignore -v -z --stdin [2ms]
2024-10-16 17:01:04.165 [info] > git config --get commit.template [4ms]
2024-10-16 17:01:04.166 [info] > git for-each-ref --format=%(refname)%00%(upstream:short)%00%(objectname)%00%(upstream:track)%00%(upstream:remotename)%00%(upstream:remoteref) refs/heads/main refs/remotes/main [2ms]
2024-10-16 17:01:04.169 [warning] [Git][revParse] Unable to read file: ENOENT: no such file or directory, open '/workspace/boilerplate-project-issuetracker/.git/refs/remotes/origin/main'
2024-10-16 17:01:04.170 [info] > git rev-parse refs/remotes/origin/main [1ms]
2024-10-16 17:01:04.178 [info] > git status -z -uall [4ms]
2024-10-16 17:01:04.179 [info] > git for-each-ref --sort -committerdate --format %(refname) %(objectname) %(*objectname) [1ms]
2024-10-16 17:01:21.241 [info] > git show --textconv :server.js [3ms]
2024-10-16 17:01:21.243 [info] > git ls-files --stage -- /workspace/boilerplate-project-issuetracker/server.js [2ms]
2024-10-16 17:01:21.249 [info] > git cat-file -s 7d63e9fc11eeba9d2002b61cd055f1408b4a9571 [1ms]
2024-10-16 17:02:03.486 [info] > git show --textconv :issue_model.js [4ms]
2024-10-16 17:02:03.488 [info] > git ls-files --stage -- /workspace/boilerplate-project-issuetracker/issue_model.js [2ms]
2024-10-16 17:02:07.046 [info] > git config --get commit.template [5ms]
2024-10-16 17:02:07.047 [info] > git for-each-ref --format=%(refname)%00%(upstream:short)%00%(objectname)%00%(upstream:track)%00%(upstream:remotename)%00%(upstream:remoteref) refs/heads/main refs/remotes/main [2ms]
2024-10-16 17:02:07.052 [warning] [Git][revParse] Unable to read file: ENOENT: no such file or directory, open '/workspace/boilerplate-project-issuetracker/.git/refs/remotes/origin/main'
2024-10-16 17:02:07.054 [info] > git rev-parse refs/remotes/origin/main [2ms]
2024-10-16 17:02:07.063 [info] > git status -z -uall [5ms]
2024-10-16 17:02:07.064 [info] > git for-each-ref --sort -committerdate --format %(refname) %(objectname) %(*objectname) [2ms]
2024-10-16 17:02:12.076 [info] > git config --get commit.template [4ms]
2024-10-16 17:02:12.077 [info] > git for-each-ref --format=%(refname)%00%(upstream:short)%00%(objectname)%00%(upstream:track)%00%(upstream:remotename)%00%(upstream:remoteref) refs/heads/main refs/remotes/main [1ms]
2024-10-16 17:02:12.081 [warning] [Git][revParse] Unable to read file: ENOENT: no such file or directory, open '/workspace/boilerplate-project-issuetracker/.git/refs/remotes/origin/main'
2024-10-16 17:02:12.082 [info] > git rev-parse refs/remotes/origin/main [1ms]
2024-10-16 17:02:12.090 [info] > git status -z -uall [4ms]
2024-10-16 17:02:12.091 [info] > git for-each-ref --sort -committerdate --format %(refname) %(objectname) %(*objectname) [2ms]
2024-10-16 17:02:17.106 [info] > git config --get commit.template [6ms]
2024-10-16 17:02:17.107 [info] > git for-each-ref --format=%(refname)%00%(upstream:short)%00%(objectname)%00%(upstream:track)%00%(upstream:remotename)%00%(upstream:remoteref) refs/heads/main refs/remotes/main [2ms]
2024-10-16 17:02:17.112 [warning] [Git][revParse] Unable to read file: ENOENT: no such file or directory, open '/workspace/boilerplate-project-issuetracker/.git/refs/remotes/origin/main'
2024-10-16 17:02:17.113 [info] > git rev-parse refs/remotes/origin/main [1ms]
2024-10-16 17:02:17.123 [info] > git status -z -uall [6ms]
2024-10-16 17:02:17.125 [info] > git for-each-ref --sort -committerdate --format %(refname) %(objectname) %(*objectname) [2ms]
2024-10-16 17:02:24.522 [info] > git config --get commit.template [5ms]
2024-10-16 17:02:24.523 [info] > git for-each-ref --format=%(refname)%00%(upstream:short)%00%(objectname)%00%(upstream:track)%00%(upstream:remotename)%00%(upstream:remoteref) refs/heads/main refs/remotes/main [2ms]
2024-10-16 17:02:24.527 [warning] [Git][revParse] Unable to read file: ENOENT: no such file or directory, open '/workspace/boilerplate-project-issuetracker/.git/refs/remotes/origin/main'
2024-10-16 17:02:24.528 [info] > git rev-parse refs/remotes/origin/main [1ms]
2024-10-16 17:02:24.536 [info] > git status -z -uall [4ms]
2024-10-16 17:02:24.538 [info] > git for-each-ref --sort -committerdate --format %(refname) %(objectname) %(*objectname) [2ms]
2024-10-16 17:02:29.550 [info] > git config --get commit.template [4ms]
2024-10-16 17:02:29.552 [info] > git for-each-ref --format=%(refname)%00%(upstream:short)%00%(objectname)%00%(upstream:track)%00%(upstream:remotename)%00%(upstream:remoteref) refs/heads/main refs/remotes/main [2ms]
2024-10-16 17:02:29.555 [warning] [Git][revParse] Unable to read file: ENOENT: no such file or directory, open '/workspace/boilerplate-project-issuetracker/.git/refs/remotes/origin/main'
2024-10-16 17:02:29.557 [info] > git rev-parse refs/remotes/origin/main [2ms]
2024-10-16 17:02:29.564 [info] > git status -z -uall [4ms]
2024-10-16 17:02:29.566 [info] > git for-each-ref --sort -committerdate --format %(refname) %(objectname) %(*objectname) [2ms]
2024-10-16 17:02:34.577 [info] > git config --get commit.template [4ms]
2024-10-16 17:02:34.579 [info] > git for-each-ref --format=%(refname)%00%(upstream:short)%00%(objectname)%00%(upstream:track)%00%(upstream:remotename)%00%(upstream:remoteref) refs/heads/main refs/remotes/main [2ms]
2024-10-16 17:02:34.583 [warning] [Git][revParse] Unable to read file: ENOENT: no such file or directory, open '/workspace/boilerplate-project-issuetracker/.git/refs/remotes/origin/main'
2024-10-16 17:02:34.584 [info] > git rev-parse refs/remotes/origin/main [1ms]
2024-10-16 17:02:34.592 [info] > git status -z -uall [4ms]
2024-10-16 17:02:34.594 [info] > git for-each-ref --sort -committerdate --format %(refname) %(objectname) %(*objectname) [2ms]
2024-10-16 17:02:44.246 [info] > git config --get commit.template [5ms]
2024-10-16 17:02:44.247 [info] > git for-each-ref --format=%(refname)%00%(upstream:short)%00%(objectname)%00%(upstream:track)%00%(upstream:remotename)%00%(upstream:remoteref) refs/heads/main refs/remotes/main [2ms]
2024-10-16 17:02:44.252 [warning] [Git][revParse] Unable to read file: ENOENT: no such file or directory, open '/workspace/boilerplate-project-issuetracker/.git/refs/remotes/origin/main'
2024-10-16 17:02:44.254 [info] > git rev-parse refs/remotes/origin/main [2ms]
2024-10-16 17:02:44.262 [info] > git status -z -uall [4ms]
2024-10-16 17:02:44.263 [info] > git for-each-ref --sort -committerdate --format %(refname) %(objectname) %(*objectname) [2ms]
2024-10-16 17:02:49.276 [info] > git config --get commit.template [5ms]
2024-10-16 17:02:49.278 [info] > git for-each-ref --format=%(refname)%00%(upstream:short)%00%(objectname)%00%(upstream:track)%00%(upstream:remotename)%00%(upstream:remoteref) refs/heads/main refs/remotes/main [1ms]
2024-10-16 17:02:49.282 [warning] [Git][revParse] Unable to read file: ENOENT: no such file or directory, open '/workspace/boilerplate-project-issuetracker/.git/refs/remotes/origin/main'
2024-10-16 17:02:49.283 [info] > git rev-parse refs/remotes/origin/main [1ms]
2024-10-16 17:02:49.292 [info] > git status -z -uall [4ms]
2024-10-16 17:02:49.294 [info] > git for-each-ref --sort -committerdate --format %(refname) %(objectname) %(*objectname) [2ms]
2024-10-16 17:03:25.628 [info] > git config --get commit.template [4ms]
2024-10-16 17:03:25.629 [info] > git for-each-ref --format=%(refname)%00%(upstream:short)%00%(objectname)%00%(upstream:track)%00%(upstream:remotename)%00%(upstream:remoteref) refs/heads/main refs/remotes/main [2ms]
2024-10-16 17:03:25.632 [warning] [Git][revParse] Unable to read file: ENOENT: no such file or directory, open '/workspace/boilerplate-project-issuetracker/.git/refs/remotes/origin/main'
2024-10-16 17:03:25.634 [info] > git rev-parse refs/remotes/origin/main [2ms]
2024-10-16 17:03:25.641 [info] > git status -z -uall [3ms]
2024-10-16 17:03:25.643 [info] > git for-each-ref --sort -committerdate --format %(refname) %(objectname) %(*objectname) [2ms]
2024-10-16 17:03:31.983 [info] > git config --get commit.template [5ms]
2024-10-16 17:03:31.983 [info] > git for-each-ref --format=%(refname)%00%(upstream:short)%00%(objectname)%00%(upstream:track)%00%(upstream:remotename)%00%(upstream:remoteref) refs/heads/main refs/remotes/main [2ms]
2024-10-16 17:03:31.988 [warning] [Git][revParse] Unable to read file: ENOENT: no such file or directory, open '/workspace/boilerplate-project-issuetracker/.git/refs/remotes/origin/main'
2024-10-16 17:03:31.989 [info] > git rev-parse refs/remotes/origin/main [1ms]
2024-10-16 17:03:31.998 [info] > git status -z -uall [5ms]
2024-10-16 17:03:31.999 [info] > git for-each-ref --sort -committerdate --format %(refname) %(objectname) %(*objectname) [2ms]
2024-10-16 17:03:47.408 [info] > git config --get commit.template [5ms]
2024-10-16 17:03:47.409 [info] > git for-each-ref --format=%(refname)%00%(upstream:short)%00%(objectname)%00%(upstream:track)%00%(upstream:remotename)%00%(upstream:remoteref) refs/heads/main refs/remotes/main [2ms]
2024-10-16 17:03:47.413 [warning] [Git][revParse] Unable to read file: ENOENT: no such file or directory, open '/workspace/boilerplate-project-issuetracker/.git/refs/remotes/origin/main'
2024-10-16 17:03:47.414 [info] > git rev-parse refs/remotes/origin/main [1ms]
2024-10-16 17:03:47.423 [info] > git status -z -uall [5ms]
2024-10-16 17:03:47.424 [info] > git for-each-ref --sort -committerdate --format %(refname) %(objectname) %(*objectname) [2ms]
2024-10-16 17:03:52.435 [info] > git config --get commit.template [4ms]
2024-10-16 17:03:52.436 [info] > git for-each-ref --format=%(refname)%00%(upstream:short)%00%(objectname)%00%(upstream:track)%00%(upstream:remotename)%00%(upstream:remoteref) refs/heads/main refs/remotes/main [2ms]
2024-10-16 17:03:52.440 [warning] [Git][revParse] Unable to read file: ENOENT: no such file or directory, open '/workspace/boilerplate-project-issuetracker/.git/refs/remotes/origin/main'
2024-10-16 17:03:52.442 [info] > git rev-parse refs/remotes/origin/main [2ms]
2024-10-16 17:03:52.450 [info] > git status -z -uall [5ms]
2024-10-16 17:03:52.452 [info] > git for-each-ref --sort -committerdate --format %(refname) %(objectname) %(*objectname) [2ms]
2024-10-16 17:03:59.861 [info] > git show --textconv :.env [4ms]
2024-10-16 17:03:59.863 [info] > git ls-files --stage -- /workspace/boilerplate-project-issuetracker/.env [2ms]
2024-10-16 17:04:10.138 [info] > git show --textconv :issue_model.js [4ms]
2024-10-16 17:04:10.139 [info] > git ls-files --stage -- /workspace/boilerplate-project-issuetracker/issue_model.js [1ms]
2024-10-16 17:04:16.871 [info] > git config --get commit.template [5ms]
2024-10-16 17:04:16.872 [info] > git for-each-ref --format=%(refname)%00%(upstream:short)%00%(objectname)%00%(upstream:track)%00%(upstream:remotename)%00%(upstream:remoteref) refs/heads/main refs/remotes/main [2ms]
2024-10-16 17:04:16.876 [warning] [Git][revParse] Unable to read file: ENOENT: no such file or directory, open '/workspace/boilerplate-project-issuetracker/.git/refs/remotes/origin/main'
2024-10-16 17:04:16.877 [info] > git rev-parse refs/remotes/origin/main [1ms]
2024-10-16 17:04:16.884 [info] > git status -z -uall [4ms]
2024-10-16 17:04:16.886 [info] > git for-each-ref --sort -committerdate --format %(refname) %(objectname) %(*objectname) [2ms]
2024-10-16 17:04:21.897 [info] > git config --get commit.template [4ms]
2024-10-16 17:04:21.899 [info] > git for-each-ref --format=%(refname)%00%(upstream:short)%00%(objectname)%00%(upstream:track)%00%(upstream:remotename)%00%(upstream:remoteref) refs/heads/main refs/remotes/main [2ms]
2024-10-16 17:04:21.902 [warning] [Git][revParse] Unable to read file: ENOENT: no such file or directory, open '/workspace/boilerplate-project-issuetracker/.git/refs/remotes/origin/main'
2024-10-16 17:04:21.904 [info] > git rev-parse refs/remotes/origin/main [2ms]
2024-10-16 17:04:21.911 [info] > git status -z -uall [4ms]
2024-10-16 17:04:21.913 [info] > git for-each-ref --sort -committerdate --format %(refname) %(objectname) %(*objectname) [2ms]
2024-10-16 17:04:27.138 [info] > git config --get commit.template [4ms]
2024-10-16 17:04:27.140 [info] > git for-each-ref --format=%(refname)%00%(upstream:short)%00%(objectname)%00%(upstream:track)%00%(upstream:remotename)%00%(upstream:remoteref) refs/heads/main refs/remotes/main [2ms]
2024-10-16 17:04:27.143 [warning] [Git][revParse] Unable to read file: ENOENT: no such file or directory, open '/workspace/boilerplate-project-issuetracker/.git/refs/remotes/origin/main'
2024-10-16 17:04:27.144 [info] > git rev-parse refs/remotes/origin/main [1ms]
2024-10-16 17:04:27.151 [info] > git status -z -uall [3ms]
2024-10-16 17:04:27.153 [info] > git for-each-ref --sort -committerdate --format %(refname) %(objectname) %(*objectname) [2ms]
2024-10-16 17:04:32.165 [info] > git config --get commit.template [5ms]
2024-10-16 17:04:32.167 [info] > git for-each-ref --format=%(refname)%00%(upstream:short)%00%(objectname)%00%(upstream:track)%00%(upstream:remotename)%00%(upstream:remoteref) refs/heads/main refs/remotes/main [3ms]
2024-10-16 17:04:32.171 [warning] [Git][revParse] Unable to read file: ENOENT: no such file or directory, open '/workspace/boilerplate-project-issuetracker/.git/refs/remotes/origin/main'
2024-10-16 17:04:32.172 [info] > git rev-parse refs/remotes/origin/main [1ms]
2024-10-16 17:04:32.179 [info] > git status -z -uall [4ms]
2024-10-16 17:04:32.181 [info] > git for-each-ref --sort -committerdate --format %(refname) %(objectname) %(*objectname) [2ms]
2024-10-16 17:04:37.193 [info] > git config --get commit.template [5ms]
2024-10-16 17:04:37.194 [info] > git for-each-ref --format=%(refname)%00%(upstream:short)%00%(objectname)%00%(upstream:track)%00%(upstream:remotename)%00%(upstream:remoteref) refs/heads/main refs/remotes/main [2ms]
2024-10-16 17:04:37.199 [warning] [Git][revParse] Unable to read file: ENOENT: no such file or directory, open '/workspace/boilerplate-project-issuetracker/.git/refs/remotes/origin/main'
2024-10-16 17:04:37.200 [info] > git rev-parse refs/remotes/origin/main [1ms]
2024-10-16 17:04:37.209 [info] > git status -z -uall [5ms]
2024-10-16 17:04:37.211 [info] > git for-each-ref --sort -committerdate --format %(refname) %(objectname) %(*objectname) [2ms]
2024-10-16 17:04:42.223 [info] > git config --get commit.template [5ms]
2024-10-16 17:04:42.224 [info] > git for-each-ref --format=%(refname)%00%(upstream:short)%00%(objectname)%00%(upstream:track)%00%(upstream:remotename)%00%(upstream:remoteref) refs/heads/main refs/remotes/main [2ms]
2024-10-16 17:04:42.228 [warning] [Git][revParse] Unable to read file: ENOENT: no such file or directory, open '/workspace/boilerplate-project-issuetracker/.git/refs/remotes/origin/main'
2024-10-16 17:04:42.229 [info] > git rev-parse refs/remotes/origin/main [1ms]
2024-10-16 17:04:42.237 [info] > git status -z -uall [4ms]
2024-10-16 17:04:42.239 [info] > git for-each-ref --sort -committerdate --format %(refname) %(objectname) %(*objectname) [2ms]
2024-10-16 17:04:47.251 [info] > git config --get commit.template [6ms]
2024-10-16 17:04:47.252 [info] > git for-each-ref --format=%(refname)%00%(upstream:short)%00%(objectname)%00%(upstream:track)%00%(upstream:remotename)%00%(upstream:remoteref) refs/heads/main refs/remotes/main [2ms]
2024-10-16 17:04:47.257 [warning] [Git][revParse] Unable to read file: ENOENT: no such file or directory, open '/workspace/boilerplate-project-issuetracker/.git/refs/remotes/origin/main'
2024-10-16 17:04:47.258 [info] > git rev-parse refs/remotes/origin/main [1ms]
2024-10-16 17:04:47.268 [info] > git status -z -uall [5ms]
2024-10-16 17:04:47.271 [info] > git for-each-ref --sort -committerdate --format %(refname) %(objectname) %(*objectname) [4ms]
2024-10-16 17:04:52.280 [info] > git config --get commit.template [4ms]
2024-10-16 17:04:52.282 [info] > git for-each-ref --format=%(refname)%00%(upstream:short)%00%(objectname)%00%(upstream:track)%00%(upstream:remotename)%00%(upstream:remoteref) refs/heads/main refs/remotes/main [2ms]
2024-10-16 17:04:52.285 [warning] [Git][revParse] Unable to read file: ENOENT: no such file or directory, open '/workspace/boilerplate-project-issuetracker/.git/refs/remotes/origin/main'
2024-10-16 17:04:52.287 [info] > git rev-parse refs/remotes/origin/main [2ms]
2024-10-16 17:04:52.294 [info] > git status -z -uall [4ms]
2024-10-16 17:04:52.296 [info] > git for-each-ref --sort -committerdate --format %(refname) %(objectname) %(*objectname) [2ms]
2024-10-16 17:04:58.658 [info] > git config --get commit.template [6ms]
2024-10-16 17:04:58.659 [info] > git for-each-ref --format=%(refname)%00%(upstream:short)%00%(objectname)%00%(upstream:track)%00%(upstream:remotename)%00%(upstream:remoteref) refs/heads/main refs/remotes/main [2ms]
2024-10-16 17:04:58.663 [warning] [Git][revParse] Unable to read file: ENOENT: no such file or directory, open '/workspace/boilerplate-project-issuetracker/.git/refs/remotes/origin/main'
2024-10-16 17:04:58.665 [info] > git rev-parse refs/remotes/origin/main [2ms]
2024-10-16 17:04:58.674 [info] > git status -z -uall [6ms]
2024-10-16 17:04:58.676 [info] > git for-each-ref --sort -committerdate --format %(refname) %(objectname) %(*objectname) [2ms]
2024-10-16 17:05:03.687 [info] > git config --get commit.template [4ms]
2024-10-16 17:05:03.689 [info] > git for-each-ref --format=%(refname)%00%(upstream:short)%00%(objectname)%00%(upstream:track)%00%(upstream:remotename)%00%(upstream:remoteref) refs/heads/main refs/remotes/main [2ms]
2024-10-16 17:05:03.693 [warning] [Git][revParse] Unable to read file: ENOENT: no such file or directory, open '/workspace/boilerplate-project-issuetracker/.git/refs/remotes/origin/main'
2024-10-16 17:05:03.695 [info] > git rev-parse refs/remotes/origin/main [2ms]
2024-10-16 17:05:03.703 [info] > git status -z -uall [4ms]
2024-10-16 17:05:03.705 [info] > git for-each-ref --sort -committerdate --format %(refname) %(objectname) %(*objectname) [2ms]
2024-10-16 17:05:08.722 [info] > git config --get commit.template [6ms]
2024-10-16 17:05:08.724 [info] > git for-each-ref --format=%(refname)%00%(upstream:short)%00%(objectname)%00%(upstream:track)%00%(upstream:remotename)%00%(upstream:remoteref) refs/heads/main refs/remotes/main [2ms]
2024-10-16 17:05:08.728 [warning] [Git][revParse] Unable to read file: ENOENT: no such file or directory, open '/workspace/boilerplate-project-issuetracker/.git/refs/remotes/origin/main'
2024-10-16 17:05:08.730 [info] > git rev-parse refs/remotes/origin/main [2ms]
2024-10-16 17:05:08.739 [info] > git status -z -uall [5ms]
2024-10-16 17:05:08.741 [info] > git for-each-ref --sort -committerdate --format %(refname) %(objectname) %(*objectname) [2ms]
2024-10-16 17:05:17.044 [info] > git config --get commit.template [5ms]
2024-10-16 17:05:17.050 [info] > git for-each-ref --format=%(refname)%00%(upstream:short)%00%(objectname)%00%(upstream:track)%00%(upstream:remotename)%00%(upstream:remoteref) refs/heads/main refs/remotes/main [1ms]
2024-10-16 17:05:17.053 [warning] [Git][revParse] Unable to read file: ENOENT: no such file or directory, open '/workspace/boilerplate-project-issuetracker/.git/refs/remotes/origin/main'
2024-10-16 17:05:17.055 [info] > git rev-parse refs/remotes/origin/main [2ms]
2024-10-16 17:05:17.062 [info] > git status -z -uall [4ms]
2024-10-16 17:05:17.064 [info] > git for-each-ref --sort -committerdate --format %(refname) %(objectname) %(*objectname) [2ms]
2024-10-16 17:05:24.065 [info] > git config --get commit.template [5ms]
2024-10-16 17:05:24.066 [info] > git for-each-ref --format=%(refname)%00%(upstream:short)%00%(objectname)%00%(upstream:track)%00%(upstream:remotename)%00%(upstream:remoteref) refs/heads/main refs/remotes/main [2ms]
2024-10-16 17:05:24.070 [warning] [Git][revParse] Unable to read file: ENOENT: no such file or directory, open '/workspace/boilerplate-project-issuetracker/.git/refs/remotes/origin/main'
2024-10-16 17:05:24.072 [info] > git rev-parse refs/remotes/origin/main [2ms]
2024-10-16 17:05:24.082 [info] > git status -z -uall [5ms]
2024-10-16 17:05:24.084 [info] > git for-each-ref --sort -committerdate --format %(refname) %(objectname) %(*objectname) [2ms]
2024-10-16 17:05:29.095 [info] > git config --get commit.template [5ms]
2024-10-16 17:05:29.096 [info] > git for-each-ref --format=%(refname)%00%(upstream:short)%00%(objectname)%00%(upstream:track)%00%(upstream:remotename)%00%(upstream:remoteref) refs/heads/main refs/remotes/main [2ms]
2024-10-16 17:05:29.100 [warning] [Git][revParse] Unable to read file: ENOENT: no such file or directory, open '/workspace/boilerplate-project-issuetracker/.git/refs/remotes/origin/main'
2024-10-16 17:05:29.101 [info] > git rev-parse refs/remotes/origin/main [1ms]
2024-10-16 17:05:29.108 [info] > git status -z -uall [4ms]
2024-10-16 17:05:29.110 [info] > git for-each-ref --sort -committerdate --format %(refname) %(objectname) %(*objectname) [2ms]
2024-10-16 17:05:43.393 [info] > git config --get commit.template [5ms]
2024-10-16 17:05:43.394 [info] > git for-each-ref --format=%(refname)%00%(upstream:short)%00%(objectname)%00%(upstream:track)%00%(upstream:remotename)%00%(upstream:remoteref) refs/heads/main refs/remotes/main [2ms]
2024-10-16 17:05:43.398 [warning] [Git][revParse] Unable to read file: ENOENT: no such file or directory, open '/workspace/boilerplate-project-issuetracker/.git/refs/remotes/origin/main'
2024-10-16 17:05:43.399 [info] > git rev-parse refs/remotes/origin/main [1ms]
2024-10-16 17:05:43.407 [info] > git status -z -uall [4ms]
2024-10-16 17:05:43.408 [info] > git for-each-ref --sort -committerdate --format %(refname) %(objectname) %(*objectname) [1ms]
2024-10-16 17:05:48.593 [info] > git config --get commit.template [5ms]
2024-10-16 17:05:48.593 [info] > git for-each-ref --format=%(refname)%00%(upstream:short)%00%(objectname)%00%(upstream:track)%00%(upstream:remotename)%00%(upstream:remoteref) refs/heads/main refs/remotes/main [1ms]
2024-10-16 17:05:48.597 [warning] [Git][revParse] Unable to read file: ENOENT: no such file or directory, open '/workspace/boilerplate-project-issuetracker/.git/refs/remotes/origin/main'
2024-10-16 17:05:48.598 [info] > git rev-parse refs/remotes/origin/main [1ms]
2024-10-16 17:05:48.605 [info] > git status -z -uall [4ms]
2024-10-16 17:05:48.607 [info] > git for-each-ref --sort -committerdate --format %(refname) %(objectname) %(*objectname) [2ms]
2024-10-16 17:06:16.858 [info] > git config --get commit.template [4ms]
2024-10-16 17:06:16.860 [info] > git for-each-ref --format=%(refname)%00%(upstream:short)%00%(objectname)%00%(upstream:track)%00%(upstream:remotename)%00%(upstream:remoteref) refs/heads/main refs/remotes/main [2ms]
2024-10-16 17:06:16.863 [warning] [Git][revParse] Unable to read file: ENOENT: no such file or directory, open '/workspace/boilerplate-project-issuetracker/.git/refs/remotes/origin/main'
2024-10-16 17:06:16.865 [info] > git rev-parse refs/remotes/origin/main [2ms]
2024-10-16 17:06:16.872 [info] > git status -z -uall [4ms]
2024-10-16 17:06:16.874 [info] > git for-each-ref --sort -committerdate --format %(refname) %(objectname) %(*objectname) [2ms]
2024-10-16 17:06:21.885 [info] > git config --get commit.template [5ms]
2024-10-16 17:06:21.886 [info] > git for-each-ref --format=%(refname)%00%(upstream:short)%00%(objectname)%00%(upstream:track)%00%(upstream:remotename)%00%(upstream:remoteref) refs/heads/main refs/remotes/main [2ms]
2024-10-16 17:06:21.889 [warning] [Git][revParse] Unable to read file: ENOENT: no such file or directory, open '/workspace/boilerplate-project-issuetracker/.git/refs/remotes/origin/main'
2024-10-16 17:06:21.891 [info] > git rev-parse refs/remotes/origin/main [2ms]
2024-10-16 17:06:21.898 [info] > git status -z -uall [4ms]
2024-10-16 17:06:21.900 [info] > git for-each-ref --sort -committerdate --format %(refname) %(objectname) %(*objectname) [2ms]
2024-10-16 17:06:26.911 [info] > git config --get commit.template [5ms]
2024-10-16 17:06:26.912 [info] > git for-each-ref --format=%(refname)%00%(upstream:short)%00%(objectname)%00%(upstream:track)%00%(upstream:remotename)%00%(upstream:remoteref) refs/heads/main refs/remotes/main [2ms]
2024-10-16 17:06:26.916 [warning] [Git][revParse] Unable to read file: ENOENT: no such file or directory, open '/workspace/boilerplate-project-issuetracker/.git/refs/remotes/origin/main'
2024-10-16 17:06:26.917 [info] > git rev-parse refs/remotes/origin/main [1ms]
2024-10-16 17:06:26.925 [info] > git status -z -uall [4ms]
2024-10-16 17:06:26.927 [info] > git for-each-ref --sort -committerdate --format %(refname) %(objectname) %(*objectname) [2ms]
2024-10-16 17:06:31.938 [info] > git config --get commit.template [4ms]
2024-10-16 17:06:31.940 [info] > git for-each-ref --format=%(refname)%00%(upstream:short)%00%(objectname)%00%(upstream:track)%00%(upstream:remotename)%00%(upstream:remoteref) refs/heads/main refs/remotes/main [2ms]
2024-10-16 17:06:31.943 [warning] [Git][revParse] Unable to read file: ENOENT: no such file or directory, open '/workspace/boilerplate-project-issuetracker/.git/refs/remotes/origin/main'
2024-10-16 17:06:31.944 [info] > git rev-parse refs/remotes/origin/main [1ms]
2024-10-16 17:06:31.953 [info] > git status -z -uall [5ms]
2024-10-16 17:06:31.955 [info] > git for-each-ref --sort -committerdate --format %(refname) %(objectname) %(*objectname) [2ms]
2024-10-16 17:06:51.849 [info] > git config --get commit.template [4ms]
2024-10-16 17:06:51.850 [info] > git for-each-ref --format=%(refname)%00%(upstream:short)%00%(objectname)%00%(upstream:track)%00%(upstream:remotename)%00%(upstream:remoteref) refs/heads/main refs/remotes/main [2ms]
2024-10-16 17:06:51.854 [warning] [Git][revParse] Unable to read file: ENOENT: no such file or directory, open '/workspace/boilerplate-project-issuetracker/.git/refs/remotes/origin/main'
2024-10-16 17:06:51.855 [info] > git rev-parse refs/remotes/origin/main [1ms]
2024-10-16 17:06:51.864 [info] > git status -z -uall [4ms]
2024-10-16 17:06:51.865 [info] > git for-each-ref --sort -committerdate --format %(refname) %(objectname) %(*objectname) [2ms]
2024-10-16 17:07:20.483 [info] > git config --get commit.template [5ms]
2024-10-16 17:07:20.484 [info] > git for-each-ref --format=%(refname)%00%(upstream:short)%00%(objectname)%00%(upstream:track)%00%(upstream:remotename)%00%(upstream:remoteref) refs/heads/main refs/remotes/main [2ms]
2024-10-16 17:07:20.488 [warning] [Git][revParse] Unable to read file: ENOENT: no such file or directory, open '/workspace/boilerplate-project-issuetracker/.git/refs/remotes/origin/main'
2024-10-16 17:07:20.489 [info] > git rev-parse refs/remotes/origin/main [1ms]
2024-10-16 17:07:20.497 [info] > git status -z -uall [4ms]
2024-10-16 17:07:20.499 [info] > git for-each-ref --sort -committerdate --format %(refname) %(objectname) %(*objectname) [2ms]
2024-10-16 17:07:28.417 [info] > git config --get commit.template [5ms]
2024-10-16 17:07:28.418 [info] > git for-each-ref --format=%(refname)%00%(upstream:short)%00%(objectname)%00%(upstream:track)%00%(upstream:remotename)%00%(upstream:remoteref) refs/heads/main refs/remotes/main [2ms]
2024-10-16 17:07:28.422 [warning] [Git][revParse] Unable to read file: ENOENT: no such file or directory, open '/workspace/boilerplate-project-issuetracker/.git/refs/remotes/origin/main'
2024-10-16 17:07:28.424 [info] > git rev-parse refs/remotes/origin/main [2ms]
2024-10-16 17:07:28.432 [info] > git status -z -uall [4ms]
2024-10-16 17:07:28.434 [info] > git for-each-ref --sort -committerdate --format %(refname) %(objectname) %(*objectname) [2ms]
2024-10-16 17:07:33.445 [info] > git config --get commit.template [4ms]
2024-10-16 17:07:33.446 [info] > git for-each-ref --format=%(refname)%00%(upstream:short)%00%(objectname)%00%(upstream:track)%00%(upstream:remotename)%00%(upstream:remoteref) refs/heads/main refs/remotes/main [2ms]
2024-10-16 17:07:33.450 [warning] [Git][revParse] Unable to read file: ENOENT: no such file or directory, open '/workspace/boilerplate-project-issuetracker/.git/refs/remotes/origin/main'
2024-10-16 17:07:33.451 [info] > git rev-parse refs/remotes/origin/main [1ms]
2024-10-16 17:07:33.459 [info] > git status -z -uall [3ms]
2024-10-16 17:07:33.460 [info] > git for-each-ref --sort -committerdate --format %(refname) %(objectname) %(*objectname) [2ms]
2024-10-16 17:07:38.472 [info] > git config --get commit.template [5ms]
2024-10-16 17:07:38.473 [info] > git for-each-ref --format=%(refname)%00%(upstream:short)%00%(objectname)%00%(upstream:track)%00%(upstream:remotename)%00%(upstream:remoteref) refs/heads/main refs/remotes/main [1ms]
2024-10-16 17:07:38.478 [warning] [Git][revParse] Unable to read file: ENOENT: no such file or directory, open '/workspace/boilerplate-project-issuetracker/.git/refs/remotes/origin/main'
2024-10-16 17:07:38.479 [info] > git rev-parse refs/remotes/origin/main [1ms]
2024-10-16 17:07:38.488 [info] > git status -z -uall [5ms]
2024-10-16 17:07:38.489 [info] > git for-each-ref --sort -committerdate --format %(refname) %(objectname) %(*objectname) [2ms]
2024-10-16 17:07:43.500 [info] > git config --get commit.template [5ms]
2024-10-16 17:07:43.501 [info] > git for-each-ref --format=%(refname)%00%(upstream:short)%00%(objectname)%00%(upstream:track)%00%(upstream:remotename)%00%(upstream:remoteref) refs/heads/main refs/remotes/main [2ms]
2024-10-16 17:07:43.534 [warning] [Git][revParse] Unable to read file: ENOENT: no such file or directory, open '/workspace/boilerplate-project-issuetracker/.git/refs/remotes/origin/main'
2024-10-16 17:07:43.536 [info] > git rev-parse refs/remotes/origin/main [1ms]
2024-10-16 17:07:43.545 [info] > git status -z -uall [5ms]
2024-10-16 17:07:43.547 [info] > git for-each-ref --sort -committerdate --format %(refname) %(objectname) %(*objectname) [2ms]
2024-10-16 17:07:48.558 [info] > git config --get commit.template [4ms]
2024-10-16 17:07:48.559 [info] > git for-each-ref --format=%(refname)%00%(upstream:short)%00%(objectname)%00%(upstream:track)%00%(upstream:remotename)%00%(upstream:remoteref) refs/heads/main refs/remotes/main [2ms]
2024-10-16 17:07:48.562 [warning] [Git][revParse] Unable to read file: ENOENT: no such file or directory, open '/workspace/boilerplate-project-issuetracker/.git/refs/remotes/origin/main'
2024-10-16 17:07:48.564 [info] > git rev-parse refs/remotes/origin/main [2ms]
2024-10-16 17:07:48.571 [info] > git status -z -uall [4ms]
2024-10-16 17:07:48.573 [info] > git for-each-ref --sort -committerdate --format %(refname) %(objectname) %(*objectname) [2ms]
2024-10-16 17:07:53.583 [info] > git config --get commit.template [4ms]
2024-10-16 17:07:53.585 [info] > git for-each-ref --format=%(refname)%00%(upstream:short)%00%(objectname)%00%(upstream:track)%00%(upstream:remotename)%00%(upstream:remoteref) refs/heads/main refs/remotes/main [2ms]
2024-10-16 17:07:53.588 [warning] [Git][revParse] Unable to read file: ENOENT: no such file or directory, open '/workspace/boilerplate-project-issuetracker/.git/refs/remotes/origin/main'
2024-10-16 17:07:53.590 [info] > git rev-parse refs/remotes/origin/main [2ms]
2024-10-16 17:07:53.597 [info] > git status -z -uall [4ms]
2024-10-16 17:07:53.599 [info] > git for-each-ref --sort -committerdate --format %(refname) %(objectname) %(*objectname) [2ms]
2024-10-16 17:07:58.613 [info] > git config --get commit.template [5ms]
2024-10-16 17:07:58.614 [info] > git for-each-ref --format=%(refname)%00%(upstream:short)%00%(objectname)%00%(upstream:track)%00%(upstream:remotename)%00%(upstream:remoteref) refs/heads/main refs/remotes/main [2ms]
2024-10-16 17:07:58.618 [warning] [Git][revParse] Unable to read file: ENOENT: no such file or directory, open '/workspace/boilerplate-project-issuetracker/.git/refs/remotes/origin/main'
2024-10-16 17:07:58.620 [info] > git rev-parse refs/remotes/origin/main [2ms]
2024-10-16 17:07:58.634 [info] > git status -z -uall [8ms]
2024-10-16 17:07:58.635 [info] > git for-each-ref --sort -committerdate --format %(refname) %(objectname) %(*objectname) [2ms]
2024-10-16 17:08:24.480 [info] > git config --get commit.template [5ms]
2024-10-16 17:08:24.481 [info] > git for-each-ref --format=%(refname)%00%(upstream:short)%00%(objectname)%00%(upstream:track)%00%(upstream:remotename)%00%(upstream:remoteref) refs/heads/main refs/remotes/main [2ms]
2024-10-16 17:08:24.485 [warning] [Git][revParse] Unable to read file: ENOENT: no such file or directory, open '/workspace/boilerplate-project-issuetracker/.git/refs/remotes/origin/main'
2024-10-16 17:08:24.486 [info] > git rev-parse refs/remotes/origin/main [1ms]
2024-10-16 17:08:24.494 [info] > git status -z -uall [4ms]
2024-10-16 17:08:24.496 [info] > git for-each-ref --sort -committerdate --format %(refname) %(objectname) %(*objectname) [1ms]
2024-10-16 17:08:29.507 [info] > git config --get commit.template [5ms]
2024-10-16 17:08:29.508 [info] > git for-each-ref --format=%(refname)%00%(upstream:short)%00%(objectname)%00%(upstream:track)%00%(upstream:remotename)%00%(upstream:remoteref) refs/heads/main refs/remotes/main [1ms]
2024-10-16 17:08:29.513 [warning] [Git][revParse] Unable to read file: ENOENT: no such file or directory, open '/workspace/boilerplate-project-issuetracker/.git/refs/remotes/origin/main'
2024-10-16 17:08:29.514 [info] > git rev-parse refs/remotes/origin/main [1ms]
2024-10-16 17:08:29.524 [info] > git status -z -uall [5ms]
2024-10-16 17:08:29.525 [info] > git for-each-ref --sort -committerdate --format %(refname) %(objectname) %(*objectname) [2ms]
2024-10-16 17:08:49.523 [info] > git config --get commit.template [6ms]
2024-10-16 17:08:49.525 [info] > git for-each-ref --format=%(refname)%00%(upstream:short)%00%(objectname)%00%(upstream:track)%00%(upstream:remotename)%00%(upstream:remoteref) refs/heads/main refs/remotes/main [2ms]
2024-10-16 17:08:49.529 [warning] [Git][revParse] Unable to read file: ENOENT: no such file or directory, open '/workspace/boilerplate-project-issuetracker/.git/refs/remotes/origin/main'
2024-10-16 17:08:49.531 [info] > git rev-parse refs/remotes/origin/main [1ms]
2024-10-16 17:08:49.539 [info] > git status -z -uall [5ms]
2024-10-16 17:08:49.540 [info] > git for-each-ref --sort -committerdate --format %(refname) %(objectname) %(*objectname) [2ms]
2024-10-16 17:08:54.922 [info] > git config --get commit.template [5ms]
2024-10-16 17:08:54.924 [info] > git for-each-ref --format=%(refname)%00%(upstream:short)%00%(objectname)%00%(upstream:track)%00%(upstream:remotename)%00%(upstream:remoteref) refs/heads/main refs/remotes/main [3ms]
2024-10-16 17:08:54.928 [warning] [Git][revParse] Unable to read file: ENOENT: no such file or directory, open '/workspace/boilerplate-project-issuetracker/.git/refs/remotes/origin/main'
2024-10-16 17:08:54.929 [info] > git rev-parse refs/remotes/origin/main [1ms]
2024-10-16 17:08:54.937 [info] > git status -z -uall [4ms]
2024-10-16 17:08:54.939 [info] > git for-each-ref --sort -committerdate --format %(refname) %(objectname) %(*objectname) [2ms]
2024-10-16 17:09:00.365 [info] > git config --get commit.template [5ms]
2024-10-16 17:09:00.366 [info] > git for-each-ref --format=%(refname)%00%(upstream:short)%00%(objectname)%00%(upstream:track)%00%(upstream:remotename)%00%(upstream:remoteref) refs/heads/main refs/remotes/main [2ms]
2024-10-16 17:09:00.370 [warning] [Git][revParse] Unable to read file: ENOENT: no such file or directory, open '/workspace/boilerplate-project-issuetracker/.git/refs/remotes/origin/main'
2024-10-16 17:09:00.371 [info] > git rev-parse refs/remotes/origin/main [1ms]
2024-10-16 17:09:00.379 [info] > git status -z -uall [4ms]
2024-10-16 17:09:00.381 [info] > git for-each-ref --sort -committerdate --format %(refname) %(objectname) %(*objectname) [2ms]
2024-10-16 17:09:05.755 [info] > git config --get commit.template [4ms]
2024-10-16 17:09:05.757 [info] > git for-each-ref --format=%(refname)%00%(upstream:short)%00%(objectname)%00%(upstream:track)%00%(upstream:remotename)%00%(upstream:remoteref) refs/heads/main refs/remotes/main [1ms]
2024-10-16 17:09:05.760 [warning] [Git][revParse] Unable to read file: ENOENT: no such file or directory, open '/workspace/boilerplate-project-issuetracker/.git/refs/remotes/origin/main'
2024-10-16 17:09:05.762 [info] > git rev-parse refs/remotes/origin/main [2ms]
2024-10-16 17:09:05.771 [info] > git status -z -uall [6ms]
2024-10-16 17:09:05.773 [info] > git for-each-ref --sort -committerdate --format %(refname) %(objectname) %(*objectname) [2ms]
2024-10-16 17:09:38.643 [info] > git config --get commit.template [5ms]
2024-10-16 17:09:38.645 [info] > git for-each-ref --format=%(refname)%00%(upstream:short)%00%(objectname)%00%(upstream:track)%00%(upstream:remotename)%00%(upstream:remoteref) refs/heads/main refs/remotes/main [3ms]
2024-10-16 17:09:38.648 [warning] [Git][revParse] Unable to read file: ENOENT: no such file or directory, open '/workspace/boilerplate-project-issuetracker/.git/refs/remotes/origin/main'
2024-10-16 17:09:38.649 [info] > git rev-parse refs/remotes/origin/main [1ms]
2024-10-16 17:09:38.661 [info] > git status -z -uall [7ms]
2024-10-16 17:09:38.662 [info] > git for-each-ref --sort -committerdate --format %(refname) %(objectname) %(*objectname) [2ms]
2024-10-16 17:09:44.304 [info] > git config --get commit.template [5ms]
2024-10-16 17:09:44.306 [info] > git for-each-ref --format=%(refname)%00%(upstream:short)%00%(objectname)%00%(upstream:track)%00%(upstream:remotename)%00%(upstream:remoteref) refs/heads/main refs/remotes/main [2ms]
2024-10-16 17:09:44.310 [warning] [Git][revParse] Unable to read file: ENOENT: no such file or directory, open '/workspace/boilerplate-project-issuetracker/.git/refs/remotes/origin/main'
2024-10-16 17:09:44.312 [info] > git rev-parse refs/remotes/origin/main [2ms]
2024-10-16 17:09:44.320 [info] > git status -z -uall [4ms]
2024-10-16 17:09:44.322 [info] > git for-each-ref --sort -committerdate --format %(refname) %(objectname) %(*objectname) [2ms]
2024-10-16 17:09:54.441 [info] > git config --get commit.template [6ms]
2024-10-16 17:09:54.442 [info] > git for-each-ref --format=%(refname)%00%(upstream:short)%00%(objectname)%00%(upstream:track)%00%(upstream:remotename)%00%(upstream:remoteref) refs/heads/main refs/remotes/main [2ms]
2024-10-16 17:09:54.448 [warning] [Git][revParse] Unable to read file: ENOENT: no such file or directory, open '/workspace/boilerplate-project-issuetracker/.git/refs/remotes/origin/main'
2024-10-16 17:09:54.450 [info] > git rev-parse refs/remotes/origin/main [2ms]
2024-10-16 17:09:54.460 [info] > git status -z -uall [5ms]
2024-10-16 17:09:54.461 [info] > git for-each-ref --sort -committerdate --format %(refname) %(objectname) %(*objectname) [2ms]
2024-10-16 17:10:00.146 [info] > git config --get commit.template [4ms]
2024-10-16 17:10:00.147 [info] > git for-each-ref --format=%(refname)%00%(upstream:short)%00%(objectname)%00%(upstream:track)%00%(upstream:remotename)%00%(upstream:remoteref) refs/heads/main refs/remotes/main [2ms]
2024-10-16 17:10:00.152 [warning] [Git][revParse] Unable to read file: ENOENT: no such file or directory, open '/workspace/boilerplate-project-issuetracker/.git/refs/remotes/origin/main'
2024-10-16 17:10:00.154 [info] > git rev-parse refs/remotes/origin/main [2ms]
2024-10-16 17:10:00.163 [info] > git status -z -uall [5ms]
2024-10-16 17:10:00.164 [info] > git for-each-ref --sort -committerdate --format %(refname) %(objectname) %(*objectname) [2ms]
2024-10-16 17:10:09.372 [info] > git config --get commit.template [4ms]
2024-10-16 17:10:09.373 [info] > git for-each-ref --format=%(refname)%00%(upstream:short)%00%(objectname)%00%(upstream:track)%00%(upstream:remotename)%00%(upstream:remoteref) refs/heads/main refs/remotes/main [1ms]
2024-10-16 17:10:09.376 [warning] [Git][revParse] Unable to read file: ENOENT: no such file or directory, open '/workspace/boilerplate-project-issuetracker/.git/refs/remotes/origin/main'
2024-10-16 17:10:09.378 [info] > git rev-parse refs/remotes/origin/main [2ms]
2024-10-16 17:10:09.385 [info] > git status -z -uall [4ms]
2024-10-16 17:10:09.387 [info] > git for-each-ref --sort -committerdate --format %(refname) %(objectname) %(*objectname) [2ms]
2024-10-16 17:10:14.398 [info] > git config --get commit.template [4ms]
2024-10-16 17:10:14.399 [info] > git for-each-ref --format=%(refname)%00%(upstream:short)%00%(objectname)%00%(upstream:track)%00%(upstream:remotename)%00%(upstream:remoteref) refs/heads/main refs/remotes/main [2ms]
2024-10-16 17:10:14.403 [warning] [Git][revParse] Unable to read file: ENOENT: no such file or directory, open '/workspace/boilerplate-project-issuetracker/.git/refs/remotes/origin/main'
2024-10-16 17:10:14.404 [info] > git rev-parse refs/remotes/origin/main [1ms]
2024-10-16 17:10:14.411 [info] > git status -z -uall [3ms]
2024-10-16 17:10:14.413 [info] > git for-each-ref --sort -committerdate --format %(refname) %(objectname) %(*objectname) [2ms]
2024-10-16 17:10:19.425 [info] > git config --get commit.template [5ms]
2024-10-16 17:10:19.426 [info] > git for-each-ref --format=%(refname)%00%(upstream:short)%00%(objectname)%00%(upstream:track)%00%(upstream:remotename)%00%(upstream:remoteref) refs/heads/main refs/remotes/main [2ms]
2024-10-16 17:10:19.430 [warning] [Git][revParse] Unable to read file: ENOENT: no such file or directory, open '/workspace/boilerplate-project-issuetracker/.git/refs/remotes/origin/main'
2024-10-16 17:10:19.432 [info] > git rev-parse refs/remotes/origin/main [2ms]
2024-10-16 17:10:19.440 [info] > git status -z -uall [5ms]
2024-10-16 17:10:19.441 [info] > git for-each-ref --sort -committerdate --format %(refname) %(objectname) %(*objectname) [2ms]
2024-10-16 17:10:24.453 [info] > git config --get commit.template [5ms]
2024-10-16 17:10:24.455 [info] > git for-each-ref --format=%(refname)%00%(upstream:short)%00%(objectname)%00%(upstream:track)%00%(upstream:remotename)%00%(upstream:remoteref) refs/heads/main refs/remotes/main [3ms]
2024-10-16 17:10:24.459 [warning] [Git][revParse] Unable to read file: ENOENT: no such file or directory, open '/workspace/boilerplate-project-issuetracker/.git/refs/remotes/origin/main'
2024-10-16 17:10:24.461 [info] > git rev-parse refs/remotes/origin/main [2ms]
2024-10-16 17:10:24.469 [info] > git status -z -uall [4ms]
2024-10-16 17:10:24.471 [info] > git for-each-ref --sort -committerdate --format %(refname) %(objectname) %(*objectname) [2ms]
2024-10-16 17:10:44.345 [info] > git config --get commit.template [4ms]
2024-10-16 17:10:44.346 [info] > git for-each-ref --format=%(refname)%00%(upstream:short)%00%(objectname)%00%(upstream:track)%00%(upstream:remotename)%00%(upstream:remoteref) refs/heads/main refs/remotes/main [1ms]
2024-10-16 17:10:44.350 [warning] [Git][revParse] Unable to read file: ENOENT: no such file or directory, open '/workspace/boilerplate-project-issuetracker/.git/refs/remotes/origin/main'
2024-10-16 17:10:44.351 [info] > git rev-parse refs/remotes/origin/main [1ms]
2024-10-16 17:10:44.359 [info] > git status -z -uall [4ms]
2024-10-16 17:10:44.361 [info] > git for-each-ref --sort -committerdate --format %(refname) %(objectname) %(*objectname) [2ms]
2024-10-16 17:10:50.906 [info] > git config --get commit.template [5ms]
2024-10-16 17:10:50.907 [info] > git for-each-ref --format=%(refname)%00%(upstream:short)%00%(objectname)%00%(upstream:track)%00%(upstream:remotename)%00%(upstream:remoteref) refs/heads/main refs/remotes/main [2ms]
2024-10-16 17:10:50.912 [warning] [Git][revParse] Unable to read file: ENOENT: no such file or directory, open '/workspace/boilerplate-project-issuetracker/.git/refs/remotes/origin/main'
2024-10-16 17:10:50.913 [info] > git rev-parse refs/remotes/origin/main [1ms]
2024-10-16 17:10:50.922 [info] > git status -z -uall [5ms]
2024-10-16 17:10:50.923 [info] > git for-each-ref --sort -committerdate --format %(refname) %(objectname) %(*objectname) [2ms]
2024-10-16 17:10:55.935 [info] > git config --get commit.template [6ms]
2024-10-16 17:10:55.936 [info] > git for-each-ref --format=%(refname)%00%(upstream:short)%00%(objectname)%00%(upstream:track)%00%(upstream:remotename)%00%(upstream:remoteref) refs/heads/main refs/remotes/main [2ms]
2024-10-16 17:10:55.941 [warning] [Git][revParse] Unable to read file: ENOENT: no such file or directory, open '/workspace/boilerplate-project-issuetracker/.git/refs/remotes/origin/main'
2024-10-16 17:10:55.942 [info] > git rev-parse refs/remotes/origin/main [1ms]
2024-10-16 17:10:55.952 [info] > git status -z -uall [5ms]
2024-10-16 17:10:55.953 [info] > git for-each-ref --sort -committerdate --format %(refname) %(objectname) %(*objectname) [1ms]
2024-10-16 17:11:00.964 [info] > git config --get commit.template [4ms]
2024-10-16 17:11:00.965 [info] > git for-each-ref --format=%(refname)%00%(upstream:short)%00%(objectname)%00%(upstream:track)%00%(upstream:remotename)%00%(upstream:remoteref) refs/heads/main refs/remotes/main [2ms]
2024-10-16 17:11:00.969 [warning] [Git][revParse] Unable to read file: ENOENT: no such file or directory, open '/workspace/boilerplate-project-issuetracker/.git/refs/remotes/origin/main'
2024-10-16 17:11:00.970 [info] > git rev-parse refs/remotes/origin/main [1ms]
2024-10-16 17:11:00.978 [info] > git status -z -uall [4ms]
2024-10-16 17:11:00.979 [info] > git for-each-ref --sort -committerdate --format %(refname) %(objectname) %(*objectname) [2ms]
2024-10-16 17:11:07.442 [info] > git config --get commit.template [5ms]
2024-10-16 17:11:07.443 [info] > git for-each-ref --format=%(refname)%00%(upstream:short)%00%(objectname)%00%(upstream:track)%00%(upstream:remotename)%00%(upstream:remoteref) refs/heads/main refs/remotes/main [2ms]
2024-10-16 17:11:07.449 [warning] [Git][revParse] Unable to read file: ENOENT: no such file or directory, open '/workspace/boilerplate-project-issuetracker/.git/refs/remotes/origin/main'
2024-10-16 17:11:07.450 [info] > git rev-parse refs/remotes/origin/main [1ms]
2024-10-16 17:11:07.461 [info] > git status -z -uall [6ms]
2024-10-16 17:11:07.461 [info] > git for-each-ref --sort -committerdate --format %(refname) %(objectname) %(*objectname) [2ms]
2024-10-16 17:11:16.447 [info] > git config --get commit.template [5ms]
2024-10-16 17:11:16.448 [info] > git for-each-ref --format=%(refname)%00%(upstream:short)%00%(objectname)%00%(upstream:track)%00%(upstream:remotename)%00%(upstream:remoteref) refs/heads/main refs/remotes/main [2ms]
2024-10-16 17:11:16.452 [warning] [Git][revParse] Unable to read file: ENOENT: no such file or directory, open '/workspace/boilerplate-project-issuetracker/.git/refs/remotes/origin/main'
2024-10-16 17:11:16.453 [info] > git rev-parse refs/remotes/origin/main [1ms]
2024-10-16 17:11:16.461 [info] > git status -z -uall [4ms]
2024-10-16 17:11:16.463 [info] > git for-each-ref --sort -committerdate --format %(refname) %(objectname) %(*objectname) [2ms]
2024-10-16 17:11:21.475 [info] > git config --get commit.template [5ms]
2024-10-16 17:11:21.476 [info] > git for-each-ref --format=%(refname)%00%(upstream:short)%00%(objectname)%00%(upstream:track)%00%(upstream:remotename)%00%(upstream:remoteref) refs/heads/main refs/remotes/main [2ms]
2024-10-16 17:11:21.480 [warning] [Git][revParse] Unable to read file: ENOENT: no such file or directory, open '/workspace/boilerplate-project-issuetracker/.git/refs/remotes/origin/main'
2024-10-16 17:11:21.482 [info] > git rev-parse refs/remotes/origin/main [2ms]
2024-10-16 17:11:21.490 [info] > git status -z -uall [4ms]
2024-10-16 17:11:21.492 [info] > git for-each-ref --sort -committerdate --format %(refname) %(objectname) %(*objectname) [2ms]
2024-10-16 17:11:26.504 [info] > git config --get commit.template [5ms]
2024-10-16 17:11:26.506 [info] > git for-each-ref --format=%(refname)%00%(upstream:short)%00%(objectname)%00%(upstream:track)%00%(upstream:remotename)%00%(upstream:remoteref) refs/heads/main refs/remotes/main [3ms]
2024-10-16 17:11:26.511 [warning] [Git][revParse] Unable to read file: ENOENT: no such file or directory, open '/workspace/boilerplate-project-issuetracker/.git/refs/remotes/origin/main'
2024-10-16 17:11:26.512 [info] > git rev-parse refs/remotes/origin/main [1ms]
2024-10-16 17:11:26.522 [info] > git status -z -uall [6ms]
2024-10-16 17:11:26.523 [info] > git for-each-ref --sort -committerdate --format %(refname) %(objectname) %(*objectname) [3ms]
2024-10-16 17:11:31.780 [info] > git config --get commit.template [6ms]
2024-10-16 17:11:31.781 [info] > git for-each-ref --format=%(refname)%00%(upstream:short)%00%(objectname)%00%(upstream:track)%00%(upstream:remotename)%00%(upstream:remoteref) refs/heads/main refs/remotes/main [2ms]
2024-10-16 17:11:31.786 [warning] [Git][revParse] Unable to read file: ENOENT: no such file or directory, open '/workspace/boilerplate-project-issuetracker/.git/refs/remotes/origin/main'
2024-10-16 17:11:31.788 [info] > git rev-parse refs/remotes/origin/main [2ms]
2024-10-16 17:11:31.800 [info] > git status -z -uall [7ms]
2024-10-16 17:11:31.801 [info] > git for-each-ref --sort -committerdate --format %(refname) %(objectname) %(*objectname) [2ms]
2024-10-16 17:11:36.813 [info] > git config --get commit.template [5ms]
2024-10-16 17:11:36.814 [info] > git for-each-ref --format=%(refname)%00%(upstream:short)%00%(objectname)%00%(upstream:track)%00%(upstream:remotename)%00%(upstream:remoteref) refs/heads/main refs/remotes/main [1ms]
2024-10-16 17:11:36.818 [warning] [Git][revParse] Unable to read file: ENOENT: no such file or directory, open '/workspace/boilerplate-project-issuetracker/.git/refs/remotes/origin/main'
2024-10-16 17:11:36.819 [info] > git rev-parse refs/remotes/origin/main [1ms]
2024-10-16 17:11:36.830 [info] > git status -z -uall [6ms]
2024-10-16 17:11:36.831 [info] > git for-each-ref --sort -committerdate --format %(refname) %(objectname) %(*objectname) [2ms]
2024-10-16 17:11:48.473 [info] > git config --get commit.template [5ms]
2024-10-16 17:11:48.475 [info] > git for-each-ref --format=%(refname)%00%(upstream:short)%00%(objectname)%00%(upstream:track)%00%(upstream:remotename)%00%(upstream:remoteref) refs/heads/main refs/remotes/main [2ms]
2024-10-16 17:11:48.478 [warning] [Git][revParse] Unable to read file: ENOENT: no such file or directory, open '/workspace/boilerplate-project-issuetracker/.git/refs/remotes/origin/main'
2024-10-16 17:11:48.480 [info] > git rev-parse refs/remotes/origin/main [1ms]
2024-10-16 17:11:48.487 [info] > git status -z -uall [4ms]
2024-10-16 17:11:48.488 [info] > git for-each-ref --sort -committerdate --format %(refname) %(objectname) %(*objectname) [1ms]
2024-10-16 17:11:53.499 [info] > git config --get commit.template [5ms]
2024-10-16 17:11:53.501 [info] > git for-each-ref --format=%(refname)%00%(upstream:short)%00%(objectname)%00%(upstream:track)%00%(upstream:remotename)%00%(upstream:remoteref) refs/heads/main refs/remotes/main [2ms]
2024-10-16 17:11:53.504 [warning] [Git][revParse] Unable to read file: ENOENT: no such file or directory, open '/workspace/boilerplate-project-issuetracker/.git/refs/remotes/origin/main'
2024-10-16 17:11:53.506 [info] > git rev-parse refs/remotes/origin/main [2ms]
2024-10-16 17:11:53.513 [info] > git status -z -uall [4ms]
2024-10-16 17:11:53.515 [info] > git for-each-ref --sort -committerdate --format %(refname) %(objectname) %(*objectname) [2ms]
