2024-10-14 22:31:24.907 [info] Log level: Info
2024-10-14 22:31:24.907 [info] VSCODE_MACHINE_ID: fa586c21-28c0-48db-87d9-68dfc8eeba50
2024-10-14 22:31:24.907 [info] VSCODE_SESSION_ID: f4a3557b-c771-45cd-a07d-cad06cbc38ec1728945083137
2024-10-14 22:31:24.907 [info] VSCODE_VERSION: 1.93.1
2024-10-14 22:31:24.907 [info] VSCODE_APP_NAME: Gitpod Code
2024-10-14 22:31:24.907 [info] VSCODE_APP_HOST: Gitpod
2024-10-14 22:31:24.907 [info] VSCODE_UI_KIND: web
2024-10-14 22:31:24.907 [info] GITPOD_WORKSPACE_CONTEXT_URL: https://github.com/freeCodeCamp/boilerplate-project-issuetracker/
2024-10-14 22:31:24.907 [info] GITPOD_INSTANCE_ID: 5a378871-6490-425a-93a4-c4633a7d777f
2024-10-14 22:31:24.907 [info] GITPOD_WORKSPACE_URL: https://freecodecam-boilerplate-4ja7gu03p4f.ws-us116.gitpod.io
2024-10-14 22:31:24.907 [info] Gitpod Web 7ff72a2
2024-10-14 22:31:24.907 [info] Reading sessions from keychain...
2024-10-14 22:31:24.947 [info] Getting sessions for all scopes...
2024-10-14 22:31:24.947 [info] Getting GitHub sessions for all scopes...
2024-10-14 22:31:24.947 [info] Getting sessions for function:accessCodeSyncStorage...
2024-10-14 22:31:24.947 [info] Got stored sessions!
2024-10-14 22:31:24.947 [info] Verified session with the following scopes: function:accessCodeSyncStorage function:closePort function:controlAdmission function:deleteEnvVar function:generateNewGitpodToken function:getDefaultWorkspaceImage function:getGitpodTokenScopes function:getIDToken function:getLoggedInUser function:getOpenPorts function:getSupportedWorkspaceClasses function:getTeams function:getToken function:getWorkspace function:getWorkspaceEnvVars function:getWorkspaceOwner function:getWorkspaceTimeout function:getWorkspaceUsers function:guessGitTokenScopes function:isWorkspaceOwner function:openPort function:sendHeartBeat function:setEnvVar function:setWorkspaceTimeout function:stopWorkspace function:takeSnapshot function:trackEvent function:updateGitStatus function:waitForSnapshot resource:contentBlob::*::create/get resource:envVar::*/*::update resource:envVar::freeCodeCamp/boilerplate-project-issuetracker::create/get/update/delete resource:gitpodToken::*::create resource:snapshot::ws-freecodecam-boilerplate-4ja7gu03p4f::create resource:token::*::get resource:userStorage::*::create/get/update resource:workspace::freecodecam-boilerplate-4ja7gu03p4f::get/update resource:workspaceInstance::5a378871-6490-425a-93a4-c4633a7d777f::get/update/delete
2024-10-14 22:31:24.947 [info] Got 1 verified sessions.
2024-10-14 22:31:24.947 [info] Got 1 sessions for all scopes...
2024-10-14 22:31:24.947 [info] Got 1 sessions for function:accessCodeSyncStorage...
2024-10-14 22:31:25.072 [info] Got 1 GitHub sessions for all scopes...
2024-10-14 22:31:25.191 [info] Getting sessions for all scopes...
2024-10-14 22:31:25.191 [info] Got 1 sessions for all scopes...
2024-10-14 22:31:25.239 [info] Getting GitHub sessions for all scopes...
2024-10-14 22:31:25.239 [info] Got 1 GitHub sessions for all scopes...
2024-10-14 22:31:27.538 [info] Getting GitHub sessions for read:user,repo,user:email,workflow...
2024-10-14 22:31:27.538 [info] Got 0 GitHub sessions for read:user,repo,user:email,workflow...
2024-10-14 22:31:28.634 [info] Getting GitHub sessions for project,read:org,read:user,repo,user:email,workflow...
2024-10-14 22:31:28.634 [info] Got 0 GitHub sessions for project,read:org,read:user,repo,user:email,workflow...
2024-10-14 22:31:28.895 [info] Getting GitHub sessions for read:user,repo,user:email,workflow...
2024-10-14 22:31:28.895 [info] Got 0 GitHub sessions for read:user,repo,user:email,workflow...
2024-10-14 22:31:29.346 [info] Getting GitHub sessions for read:user,repo,user:email...
2024-10-14 22:31:29.346 [info] Got 0 GitHub sessions for read:user,repo,user:email...
2024-10-14 22:31:29.679 [info] Getting GitHub sessions for read:user,repo,user:email,workflow...
2024-10-14 22:31:29.679 [info] Got 0 GitHub sessions for read:user,repo,user:email,workflow...
2024-10-14 23:35:02.858 [error] cannot maintain connection to supervisor 13 INTERNAL: closed
2024-10-14 23:35:03.861 [error] cannot maintain connection to supervisor 13 INTERNAL: closed
2024-10-14 23:35:04.863 [error] cannot maintain connection to supervisor 13 INTERNAL: closed
2024-10-14 23:35:05.865 [error] cannot maintain connection to supervisor 13 INTERNAL: closed
2024-10-14 23:35:06.867 [error] cannot maintain connection to supervisor 13 INTERNAL: closed
2024-10-14 23:35:07.870 [error] cannot maintain connection to supervisor 13 INTERNAL: closed
2024-10-14 23:35:08.872 [error] cannot maintain connection to supervisor 13 INTERNAL: closed
2024-10-14 23:35:09.874 [error] cannot maintain connection to supervisor 13 INTERNAL: closed
2024-10-14 23:35:10.876 [error] cannot maintain connection to supervisor 13 INTERNAL: closed
2024-10-14 23:35:11.878 [error] cannot maintain connection to supervisor 13 INTERNAL: closed
2024-10-14 23:35:12.881 [error] cannot maintain connection to supervisor 13 INTERNAL: closed
2024-10-14 23:35:13.883 [error] cannot maintain connection to supervisor 13 INTERNAL: closed
2024-10-14 23:35:14.884 [error] cannot maintain connection to supervisor 13 INTERNAL: closed
2024-10-14 23:35:15.886 [error] cannot maintain connection to supervisor 13 INTERNAL: closed
