2024-10-16 16:56:32.839 [info] Extension host with pid 122 started
2024-10-16 16:56:32.839 [error] Error: EEXIST: file already exists, open '/workspace/.vscode-remote/data/User/workspaceStorage/21cae2a8/vscode.lock'
2024-10-16 16:56:32.842 [info] Lock '/workspace/.vscode-remote/data/User/workspaceStorage/21cae2a8/vscode.lock': Could not acquire lock, checking if the file is stale.
2024-10-16 16:56:32.843 [info] Lock '/workspace/.vscode-remote/data/User/workspaceStorage/21cae2a8/vscode.lock': The pid 121 appears to be gone.
2024-10-16 16:56:32.843 [info] Lock '/workspace/.vscode-remote/data/User/workspaceStorage/21cae2a8/vscode.lock': Deleting a stale lock.
2024-10-16 16:56:32.852 [info] Lock '/workspace/.vscode-remote/data/User/workspaceStorage/21cae2a8/vscode.lock': Lock acquired.
2024-10-16 16:56:32.944 [info] ExtensionService#_doActivateExtension vscode.typescript-language-features, startup: false, activationEvent: 'onLanguage:javascript'
2024-10-16 16:56:32.945 [info] ExtensionService#_doActivateExtension vscode.emmet, startup: false, activationEvent: 'onLanguage'
2024-10-16 16:56:32.945 [info] ExtensionService#_doActivateExtension vscode.simple-browser, startup: false, activationEvent: 'onWebviewPanel:simpleBrowser.view'
2024-10-16 16:56:33.156 [info] ExtensionService#_doActivateExtension vscode.git-base, startup: true, activationEvent: '*', root cause: vscode.git
2024-10-16 16:56:33.157 [info] ExtensionService#_doActivateExtension gitpod.gitpod-web, startup: true, activationEvent: '*'
2024-10-16 16:56:33.269 [info] ExtensionService#_doActivateExtension vscode.npm, startup: true, activationEvent: 'workspaceContains:package.json'
2024-10-16 16:56:33.445 [info] ExtensionService#_doActivateExtension vscode.git, startup: true, activationEvent: '*'
2024-10-16 16:56:33.445 [info] ExtensionService#_doActivateExtension vscode.github, startup: true, activationEvent: '*'
2024-10-16 16:56:34.180 [info] Eager extensions activated
2024-10-16 16:56:34.181 [info] ExtensionService#_doActivateExtension vscode.debug-auto-launch, startup: false, activationEvent: 'onStartupFinished'
2024-10-16 16:56:34.181 [info] ExtensionService#_doActivateExtension vscode.merge-conflict, startup: false, activationEvent: 'onStartupFinished'
2024-10-16 16:56:34.181 [info] ExtensionService#_doActivateExtension vscode.github-authentication, startup: false, activationEvent: 'onStartupFinished', root cause: GitHub.vscode-pull-request-github
2024-10-16 16:56:34.572 [info] ExtensionService#_doActivateExtension GitHub.vscode-pull-request-github, startup: false, activationEvent: 'onStartupFinished'
2024-10-16 16:56:34.996 [info] ExtensionService#_doActivateExtension redhat.vscode-yaml, startup: false, activationEvent: 'onLanguage:yaml'
2024-10-16 16:56:35.421 [warning] [redhat.vscode-yaml] Accessing a resource scoped configuration without providing a resource is not expected. To get the effective value for '[yaml]', provide the URI of a resource or 'null' for any resource.
2024-10-16 16:56:35.422 [warning] [redhat.vscode-yaml] Accessing a resource scoped configuration without providing a resource is not expected. To get the effective value for '[yaml]', provide the URI of a resource or 'null' for any resource.
2024-10-16 16:56:36.570 [warning] [redhat.vscode-yaml] Accessing a resource scoped configuration without providing a resource is not expected. To get the effective value for '[yaml]', provide the URI of a resource or 'null' for any resource.
2024-10-16 16:56:39.035 [info] ExtensionService#_doActivateExtension vscode.configuration-editing, startup: false, activationEvent: 'onLanguage:json'
2024-10-16 16:56:39.036 [info] ExtensionService#_doActivateExtension vscode.extension-editing, startup: false, activationEvent: 'onLanguage:json'
2024-10-16 16:56:39.036 [info] ExtensionService#_doActivateExtension vscode.json-language-features, startup: false, activationEvent: 'onLanguage:json'
