2024-10-16 18:15:36.616 [info] Log level: Info
2024-10-16 18:15:36.668 [info] VSCODE_MACHINE_ID: fa586c21-28c0-48db-87d9-68dfc8eeba50
2024-10-16 18:15:36.668 [info] VSCODE_SESSION_ID: c095534e-37b5-44ce-a342-baac9f54363a1729102533390
2024-10-16 18:15:36.668 [info] VSCODE_VERSION: 1.94.2
2024-10-16 18:15:36.668 [info] VSCODE_APP_NAME: Gitpod Code
2024-10-16 18:15:36.668 [info] VSCODE_APP_HOST: Gitpod
2024-10-16 18:15:36.668 [info] VSCODE_UI_KIND: web
2024-10-16 18:15:36.668 [info] GITPOD_WORKSPACE_CONTEXT_URL: https://github.com/freeCodeCamp/boilerplate-project-issuetracker/
2024-10-16 18:15:36.668 [info] GITPOD_INSTANCE_ID: abb4a350-c19b-4f95-913d-a610fa2c121a
2024-10-16 18:15:36.668 [info] GITPOD_WORKSPACE_URL: https://freecodecam-boilerplate-4ja7gu03p4f.ws-us116.gitpod.io
2024-10-16 18:15:36.678 [info] Gitpod Web 7ff72a2
2024-10-16 18:15:36.678 [info] Reading sessions from keychain...
2024-10-16 18:15:37.664 [info] Getting sessions for all scopes...
2024-10-16 18:15:37.664 [info] Getting sessions for all scopes...
2024-10-16 18:15:37.664 [info] Getting GitHub sessions for all scopes...
2024-10-16 18:15:37.664 [info] Getting sessions for function:accessCodeSyncStorage...
2024-10-16 18:15:37.664 [info] Got 1 GitHub sessions for all scopes...
2024-10-16 18:15:37.666 [info] Got stored sessions!
2024-10-16 18:15:37.666 [info] Verified session with the following scopes: function:accessCodeSyncStorage function:closePort function:controlAdmission function:deleteEnvVar function:generateNewGitpodToken function:getDefaultWorkspaceImage function:getGitpodTokenScopes function:getIDToken function:getLoggedInUser function:getOpenPorts function:getSupportedWorkspaceClasses function:getTeams function:getToken function:getWorkspace function:getWorkspaceEnvVars function:getWorkspaceOwner function:getWorkspaceTimeout function:getWorkspaceUsers function:guessGitTokenScopes function:isWorkspaceOwner function:openPort function:sendHeartBeat function:setEnvVar function:setWorkspaceTimeout function:stopWorkspace function:takeSnapshot function:trackEvent function:updateGitStatus function:waitForSnapshot resource:contentBlob::*::create/get resource:envVar::*/*::update resource:envVar::freeCodeCamp/boilerplate-project-issuetracker::create/get/update/delete resource:gitpodToken::*::create resource:snapshot::ws-freecodecam-boilerplate-4ja7gu03p4f::create resource:token::*::get resource:userStorage::*::create/get/update resource:workspace::freecodecam-boilerplate-4ja7gu03p4f::get/update resource:workspaceInstance::abb4a350-c19b-4f95-913d-a610fa2c121a::get/update/delete
2024-10-16 18:15:37.671 [info] Got 1 verified sessions.
2024-10-16 18:15:37.671 [info] Got 1 sessions for all scopes...
2024-10-16 18:15:37.671 [info] Got 1 sessions for all scopes...
2024-10-16 18:15:37.671 [info] Got 1 sessions for function:accessCodeSyncStorage...
2024-10-16 18:15:38.582 [info] Getting GitHub sessions for all scopes...
2024-10-16 18:15:38.582 [info] Getting GitHub sessions for all scopes...
2024-10-16 18:15:38.582 [info] Getting sessions for all scopes...
2024-10-16 18:15:38.582 [info] Got 1 GitHub sessions for all scopes...
2024-10-16 18:15:38.582 [info] Got 1 GitHub sessions for all scopes...
2024-10-16 18:15:38.582 [info] Got 1 sessions for all scopes...
2024-10-16 18:15:38.779 [info] Getting GitHub sessions for read:user,repo,user:email,workflow...
2024-10-16 18:15:38.779 [info] Got 0 GitHub sessions for read:user,repo,user:email,workflow...
2024-10-16 18:15:38.875 [info] Getting sessions for all scopes...
2024-10-16 18:15:38.875 [info] Getting GitHub sessions for all scopes...
2024-10-16 18:15:38.875 [info] Got 1 sessions for all scopes...
2024-10-16 18:15:38.875 [info] Got 1 GitHub sessions for all scopes...
2024-10-16 18:15:39.055 [info] Getting GitHub sessions for project,read:org,read:user,repo,user:email,workflow...
2024-10-16 18:15:39.055 [info] Got 0 GitHub sessions for project,read:org,read:user,repo,user:email,workflow...
2024-10-16 18:15:39.194 [info] Getting GitHub sessions for read:user,repo,user:email,workflow...
2024-10-16 18:15:39.194 [info] Got 0 GitHub sessions for read:user,repo,user:email,workflow...
2024-10-16 18:15:39.291 [info] Getting GitHub sessions for read:user,repo,user:email...
2024-10-16 18:15:39.291 [info] Got 0 GitHub sessions for read:user,repo,user:email...
2024-10-16 18:15:39.455 [info] Getting GitHub sessions for read:user,repo,user:email,workflow...
2024-10-16 18:15:39.455 [info] Got 0 GitHub sessions for read:user,repo,user:email,workflow...
2024-10-17 00:55:46.253 [error] cannot maintain connection to supervisor 13 INTERNAL: closed
2024-10-17 00:55:47.254 [error] cannot maintain connection to supervisor 13 INTERNAL: closed
2024-10-17 00:55:48.255 [error] cannot maintain connection to supervisor 13 INTERNAL: closed
2024-10-17 00:55:49.257 [error] cannot maintain connection to supervisor 13 INTERNAL: closed
2024-10-17 00:55:50.259 [error] cannot maintain connection to supervisor 13 INTERNAL: closed
2024-10-17 00:55:51.261 [error] cannot maintain connection to supervisor 13 INTERNAL: closed
2024-10-17 00:55:52.262 [error] cannot maintain connection to supervisor 13 INTERNAL: closed
2024-10-17 00:55:53.265 [error] cannot maintain connection to supervisor 13 INTERNAL: closed
2024-10-17 00:55:54.269 [error] cannot maintain connection to supervisor 13 INTERNAL: closed
2024-10-17 00:55:55.271 [error] cannot maintain connection to supervisor 13 INTERNAL: closed
2024-10-17 00:55:56.274 [error] cannot maintain connection to supervisor 13 INTERNAL: closed
2024-10-17 00:55:57.275 [error] cannot maintain connection to supervisor 13 INTERNAL: closed
2024-10-17 00:55:58.278 [error] cannot maintain connection to supervisor 13 INTERNAL: closed
2024-10-17 00:55:59.280 [error] cannot maintain connection to supervisor 13 INTERNAL: closed
