2024-10-10 00:00:35.997 [info] Log level: Info
2024-10-10 00:00:36.011 [info] VSCODE_MACHINE_ID: 49659ee1-e03c-4c1d-ba74-f9b98d9b720d
2024-10-10 00:00:36.011 [info] VSCODE_SESSION_ID: 0a5f5337-3a68-42eb-90d9-622d91234a541728518431934
2024-10-10 00:00:36.011 [info] VSCODE_VERSION: 1.93.1
2024-10-10 00:00:36.011 [info] VSCODE_APP_NAME: Gitpod Code
2024-10-10 00:00:36.011 [info] VSCODE_APP_HOST: Gitpod
2024-10-10 00:00:36.011 [info] VSCODE_UI_KIND: web
2024-10-10 00:00:36.011 [info] GITPOD_WORKSPACE_CONTEXT_URL: https://github.com/freeCodeCamp/boilerplate-advancednode/
2024-10-10 00:00:36.011 [info] GITPOD_INSTANCE_ID: efa2e1f3-1c34-4b26-a37a-8c2b05f3d4d2
2024-10-10 00:00:36.011 [info] GITPOD_WORKSPACE_URL: https://freecodecam-boilerplate-dqdnvzl46td.ws-us116.gitpod.io
2024-10-10 00:00:36.018 [info] Gitpod Web 7ff72a2
2024-10-10 00:00:36.018 [info] Reading sessions from keychain...
2024-10-10 00:00:37.498 [info] Getting sessions for all scopes...
2024-10-10 00:00:37.498 [info] Getting GitHub sessions for all scopes...
2024-10-10 00:00:37.498 [info] Getting sessions for function:accessCodeSyncStorage...
2024-10-10 00:00:37.498 [info] Got 1 GitHub sessions for all scopes...
2024-10-10 00:00:37.498 [info] Got stored sessions!
2024-10-10 00:00:37.498 [info] Verified session with the following scopes: function:accessCodeSyncStorage function:closePort function:controlAdmission function:deleteEnvVar function:generateNewGitpodToken function:getDefaultWorkspaceImage function:getGitpodTokenScopes function:getIDToken function:getLoggedInUser function:getOpenPorts function:getSupportedWorkspaceClasses function:getTeams function:getToken function:getWorkspace function:getWorkspaceEnvVars function:getWorkspaceOwner function:getWorkspaceTimeout function:getWorkspaceUsers function:guessGitTokenScopes function:isWorkspaceOwner function:openPort function:sendHeartBeat function:setEnvVar function:setWorkspaceTimeout function:stopWorkspace function:takeSnapshot function:trackEvent function:updateGitStatus function:waitForSnapshot resource:contentBlob::*::create/get resource:envVar::*/*::update resource:envVar::freeCodeCamp/boilerplate-advancednode::create/get/update/delete resource:gitpodToken::*::create resource:snapshot::ws-freecodecam-boilerplate-dqdnvzl46td::create resource:token::*::get resource:userStorage::*::create/get/update resource:workspace::freecodecam-boilerplate-dqdnvzl46td::get/update resource:workspaceInstance::efa2e1f3-1c34-4b26-a37a-8c2b05f3d4d2::get/update/delete
2024-10-10 00:00:37.501 [info] Got 1 verified sessions.
2024-10-10 00:00:37.501 [info] Got 1 sessions for all scopes...
2024-10-10 00:00:37.501 [info] Got 1 sessions for function:accessCodeSyncStorage...
2024-10-10 00:00:38.245 [info] Getting GitHub sessions for all scopes...
2024-10-10 00:00:38.245 [info] Getting sessions for all scopes...
2024-10-10 00:00:38.245 [info] Got 1 GitHub sessions for all scopes...
2024-10-10 00:00:38.245 [info] Got 1 sessions for all scopes...
2024-10-10 00:00:38.309 [info] Getting GitHub sessions for read:user,repo,user:email,workflow...
2024-10-10 00:00:38.309 [info] Got 0 GitHub sessions for read:user,repo,user:email,workflow...
2024-10-10 00:00:38.690 [info] Getting GitHub sessions for project,read:org,read:user,repo,user:email,workflow...
2024-10-10 00:00:38.690 [info] Got 0 GitHub sessions for project,read:org,read:user,repo,user:email,workflow...
2024-10-10 00:00:38.789 [info] Getting GitHub sessions for read:user,repo,user:email,workflow...
2024-10-10 00:00:38.789 [info] Got 0 GitHub sessions for read:user,repo,user:email,workflow...
2024-10-10 00:00:38.890 [info] Getting GitHub sessions for read:user,repo,user:email...
2024-10-10 00:00:38.890 [info] Got 0 GitHub sessions for read:user,repo,user:email...
2024-10-10 00:00:38.979 [info] Getting GitHub sessions for read:user,repo,user:email,workflow...
2024-10-10 00:00:38.979 [info] Got 0 GitHub sessions for read:user,repo,user:email,workflow...
2024-10-10 01:05:30.334 [error] cannot maintain connection to supervisor 13 INTERNAL: closed
2024-10-10 01:05:31.338 [error] cannot maintain connection to supervisor 13 INTERNAL: closed
2024-10-10 01:05:32.341 [error] cannot maintain connection to supervisor 13 INTERNAL: closed
2024-10-10 01:05:33.344 [error] cannot maintain connection to supervisor 13 INTERNAL: closed
2024-10-10 01:05:34.346 [error] cannot maintain connection to supervisor 13 INTERNAL: closed
2024-10-10 01:05:35.350 [error] cannot maintain connection to supervisor 13 INTERNAL: closed
2024-10-10 01:05:36.353 [error] cannot maintain connection to supervisor 13 INTERNAL: closed
2024-10-10 01:05:37.356 [error] cannot maintain connection to supervisor 13 INTERNAL: closed
2024-10-10 01:05:38.358 [error] cannot maintain connection to supervisor 13 INTERNAL: closed
2024-10-10 01:05:39.361 [error] cannot maintain connection to supervisor 13 INTERNAL: closed
2024-10-10 01:05:40.363 [error] cannot maintain connection to supervisor 13 INTERNAL: closed
2024-10-10 01:05:41.366 [error] cannot maintain connection to supervisor 13 INTERNAL: closed
2024-10-10 01:05:42.368 [error] cannot maintain connection to supervisor 13 INTERNAL: closed
2024-10-10 01:05:43.370 [error] cannot maintain connection to supervisor 13 INTERNAL: closed
