2024-10-15 21:45:51.563 [info] Log level: Info
2024-10-15 21:45:51.900 [info] VSCODE_MACHINE_ID: fa586c21-28c0-48db-87d9-68dfc8eeba50
2024-10-15 21:45:51.900 [info] VSCODE_SESSION_ID: 2c31d499-7a55-4f29-b2f5-ba0f5db847991729028749090
2024-10-15 21:45:51.900 [info] VSCODE_VERSION: 1.94.1
2024-10-15 21:45:51.900 [info] VSCODE_APP_NAME: Gitpod Code
2024-10-15 21:45:51.900 [info] VSCODE_APP_HOST: Gitpod
2024-10-15 21:45:51.900 [info] VSCODE_UI_KIND: web
2024-10-15 21:45:51.900 [info] GITPOD_WORKSPACE_CONTEXT_URL: https://github.com/freeCodeCamp/boilerplate-project-issuetracker/
2024-10-15 21:45:51.900 [info] GITPOD_INSTANCE_ID: b5745219-3532-479a-9f5b-1591db42fb14
2024-10-15 21:45:51.900 [info] GITPOD_WORKSPACE_URL: https://freecodecam-boilerplate-4ja7gu03p4f.ws-us116.gitpod.io
2024-10-15 21:45:51.907 [info] Gitpod Web 7ff72a2
2024-10-15 21:45:51.907 [info] Reading sessions from keychain...
2024-10-15 21:45:52.320 [info] Getting sessions for all scopes...
2024-10-15 21:45:52.320 [info] Getting sessions for all scopes...
2024-10-15 21:45:52.320 [info] Getting GitHub sessions for all scopes...
2024-10-15 21:45:52.320 [info] Getting sessions for function:accessCodeSyncStorage...
2024-10-15 21:45:52.321 [info] Got stored sessions!
2024-10-15 21:45:52.322 [info] Verified session with the following scopes: function:accessCodeSyncStorage function:closePort function:controlAdmission function:deleteEnvVar function:generateNewGitpodToken function:getDefaultWorkspaceImage function:getGitpodTokenScopes function:getIDToken function:getLoggedInUser function:getOpenPorts function:getSupportedWorkspaceClasses function:getTeams function:getToken function:getWorkspace function:getWorkspaceEnvVars function:getWorkspaceOwner function:getWorkspaceTimeout function:getWorkspaceUsers function:guessGitTokenScopes function:isWorkspaceOwner function:openPort function:sendHeartBeat function:setEnvVar function:setWorkspaceTimeout function:stopWorkspace function:takeSnapshot function:trackEvent function:updateGitStatus function:waitForSnapshot resource:contentBlob::*::create/get resource:envVar::*/*::update resource:envVar::freeCodeCamp/boilerplate-project-issuetracker::create/get/update/delete resource:gitpodToken::*::create resource:snapshot::ws-freecodecam-boilerplate-4ja7gu03p4f::create resource:token::*::get resource:userStorage::*::create/get/update resource:workspace::freecodecam-boilerplate-4ja7gu03p4f::get/update resource:workspaceInstance::b5745219-3532-479a-9f5b-1591db42fb14::get/update/delete
2024-10-15 21:45:52.325 [info] Got 1 verified sessions.
2024-10-15 21:45:52.325 [info] Got 1 sessions for all scopes...
2024-10-15 21:45:52.325 [info] Got 1 sessions for all scopes...
2024-10-15 21:45:52.325 [info] Got 1 sessions for function:accessCodeSyncStorage...
2024-10-15 21:45:52.525 [info] Got 1 GitHub sessions for all scopes...
2024-10-15 21:45:52.751 [info] Getting GitHub sessions for all scopes...
2024-10-15 21:45:52.751 [info] Getting sessions for all scopes...
2024-10-15 21:45:52.751 [info] Got 1 GitHub sessions for all scopes...
2024-10-15 21:45:52.752 [info] Got 1 sessions for all scopes...
2024-10-15 21:45:52.755 [info] Getting GitHub sessions for all scopes...
2024-10-15 21:45:52.755 [info] Got 1 GitHub sessions for all scopes...
2024-10-15 21:45:52.808 [info] Getting GitHub sessions for read:user,repo,user:email,workflow...
2024-10-15 21:45:52.808 [info] Got 0 GitHub sessions for read:user,repo,user:email,workflow...
2024-10-15 21:45:52.885 [info] Getting GitHub sessions for project,read:org,read:user,repo,user:email,workflow...
2024-10-15 21:45:52.885 [info] Got 0 GitHub sessions for project,read:org,read:user,repo,user:email,workflow...
2024-10-15 21:45:52.981 [info] Getting GitHub sessions for read:user,repo,user:email,workflow...
2024-10-15 21:45:52.981 [info] Got 0 GitHub sessions for read:user,repo,user:email,workflow...
2024-10-15 21:45:53.077 [info] Getting GitHub sessions for read:user,repo,user:email...
2024-10-15 21:45:53.077 [info] Got 0 GitHub sessions for read:user,repo,user:email...
2024-10-15 21:45:53.179 [info] Getting GitHub sessions for read:user,repo,user:email,workflow...
2024-10-15 21:45:53.179 [info] Got 0 GitHub sessions for read:user,repo,user:email,workflow...
2024-10-15 21:45:53.710 [info] Getting sessions for all scopes...
2024-10-15 21:45:53.710 [info] Getting GitHub sessions for all scopes...
2024-10-15 21:45:53.726 [info] Got 1 sessions for all scopes...
2024-10-15 21:45:53.726 [info] Got 1 GitHub sessions for all scopes...
2024-10-15 23:11:28.881 [error] cannot maintain connection to supervisor 13 INTERNAL: closed
2024-10-15 23:11:29.884 [error] cannot maintain connection to supervisor 13 INTERNAL: closed
2024-10-15 23:11:30.886 [error] cannot maintain connection to supervisor 13 INTERNAL: closed
2024-10-15 23:11:31.889 [error] cannot maintain connection to supervisor 13 INTERNAL: closed
2024-10-15 23:11:32.891 [error] cannot maintain connection to supervisor 13 INTERNAL: closed
2024-10-15 23:11:33.894 [error] cannot maintain connection to supervisor 13 INTERNAL: closed
2024-10-15 23:11:34.897 [error] cannot maintain connection to supervisor 13 INTERNAL: closed
2024-10-15 23:11:35.898 [error] cannot maintain connection to supervisor 13 INTERNAL: closed
2024-10-15 23:11:36.900 [error] cannot maintain connection to supervisor 13 INTERNAL: closed
2024-10-15 23:11:37.902 [error] cannot maintain connection to supervisor 13 INTERNAL: closed
2024-10-15 23:11:38.904 [error] cannot maintain connection to supervisor 13 INTERNAL: closed
2024-10-15 23:11:39.906 [error] cannot maintain connection to supervisor 13 INTERNAL: closed
2024-10-15 23:11:40.908 [error] cannot maintain connection to supervisor 13 INTERNAL: closed
2024-10-15 23:11:41.910 [error] cannot maintain connection to supervisor 13 INTERNAL: closed
