2024-10-30 17:18:39.972 [info] Log level: Info
2024-10-30 17:18:40.267 [info] VSCODE_MACHINE_ID: 548b41ca-8ecb-41b0-8ad5-1ba477d031a3
2024-10-30 17:18:40.267 [info] VSCODE_SESSION_ID: 9bfa57da-5b38-40d7-ba9b-650ba4adc3b51730308717536
2024-10-30 17:18:40.267 [info] VSCODE_VERSION: 1.94.2
2024-10-30 17:18:40.267 [info] VSCODE_APP_NAME: Gitpod Code
2024-10-30 17:18:40.267 [info] VSCODE_APP_HOST: Gitpod
2024-10-30 17:18:40.267 [info] VSCODE_UI_KIND: web
2024-10-30 17:18:40.267 [info] GITPOD_WORKSPACE_CONTEXT_URL: https://github.com/freecodecamp/boilerplate-project-sudoku-solver
2024-10-30 17:18:40.267 [info] GITPOD_INSTANCE_ID: 795a4458-4d10-44fa-9ee4-9f911b68a909
2024-10-30 17:18:40.267 [info] GITPOD_WORKSPACE_URL: https://freecodecam-boilerplate-dzaep3wo8ql.ws-us116.gitpod.io
2024-10-30 17:18:40.274 [info] Gitpod Web 7ff72a2
2024-10-30 17:18:40.274 [info] Reading sessions from keychain...
2024-10-30 17:18:40.714 [info] Getting sessions for all scopes...
2024-10-30 17:18:40.714 [info] Getting sessions for all scopes...
2024-10-30 17:18:40.714 [info] Getting GitHub sessions for all scopes...
2024-10-30 17:18:40.714 [info] Getting sessions for function:accessCodeSyncStorage...
2024-10-30 17:18:40.714 [info] Got stored sessions!
2024-10-30 17:18:40.715 [info] Verified session with the following scopes: function:accessCodeSyncStorage function:closePort function:controlAdmission function:deleteEnvVar function:generateNewGitpodToken function:getDefaultWorkspaceImage function:getGitpodTokenScopes function:getIDToken function:getLoggedInUser function:getOpenPorts function:getSupportedWorkspaceClasses function:getTeams function:getToken function:getWorkspace function:getWorkspaceEnvVars function:getWorkspaceOwner function:getWorkspaceTimeout function:getWorkspaceUsers function:guessGitTokenScopes function:isWorkspaceOwner function:openPort function:sendHeartBeat function:setEnvVar function:setWorkspaceTimeout function:stopWorkspace function:takeSnapshot function:trackEvent function:updateGitStatus function:waitForSnapshot resource:contentBlob::*::create/get resource:envVar::*/**::update resource:envVar::*/*::update resource:envVar::freeCodeCamp/boilerplate-project-sudoku-solver::create/get/update/delete resource:gitpodToken::*::create resource:snapshot::ws-freecodecam-boilerplate-dzaep3wo8ql::create resource:token::*::get resource:userStorage::*::create/get/update resource:workspace::freecodecam-boilerplate-dzaep3wo8ql::get/update resource:workspaceInstance::795a4458-4d10-44fa-9ee4-9f911b68a909::get/update/delete
2024-10-30 17:18:40.717 [info] Got 1 verified sessions.
2024-10-30 17:18:40.717 [info] Got 1 sessions for all scopes...
2024-10-30 17:18:40.717 [info] Got 1 sessions for all scopes...
2024-10-30 17:18:40.717 [info] Got 1 sessions for function:accessCodeSyncStorage...
2024-10-30 17:18:40.908 [info] Got 1 GitHub sessions for all scopes...
2024-10-30 17:18:41.232 [info] Getting GitHub sessions for read:user,repo,user:email,workflow...
2024-10-30 17:18:41.232 [info] Getting GitHub sessions for all scopes...
2024-10-30 17:18:41.232 [info] Getting sessions for all scopes...
2024-10-30 17:18:41.232 [info] Got 0 GitHub sessions for read:user,repo,user:email,workflow...
2024-10-30 17:18:41.232 [info] Got 1 GitHub sessions for all scopes...
2024-10-30 17:18:41.233 [info] Got 1 sessions for all scopes...
2024-10-30 17:18:41.263 [info] Getting GitHub sessions for all scopes...
2024-10-30 17:18:41.264 [info] Got 1 GitHub sessions for all scopes...
2024-10-30 17:18:41.418 [info] Getting GitHub sessions for project,read:org,read:user,repo,user:email,workflow...
2024-10-30 17:18:41.418 [info] Got 0 GitHub sessions for project,read:org,read:user,repo,user:email,workflow...
2024-10-30 17:18:41.530 [info] Getting GitHub sessions for read:user,repo,user:email,workflow...
2024-10-30 17:18:41.530 [info] Got 0 GitHub sessions for read:user,repo,user:email,workflow...
2024-10-30 17:18:41.630 [info] Getting GitHub sessions for read:user,repo,user:email...
2024-10-30 17:18:41.630 [info] Got 0 GitHub sessions for read:user,repo,user:email...
2024-10-30 17:18:41.749 [info] Getting GitHub sessions for read:user,repo,user:email,workflow...
2024-10-30 17:18:41.749 [info] Got 0 GitHub sessions for read:user,repo,user:email,workflow...
2024-10-30 17:18:42.192 [info] Getting sessions for all scopes...
2024-10-30 17:18:42.192 [info] Getting GitHub sessions for all scopes...
2024-10-30 17:18:42.199 [info] Got 1 sessions for all scopes...
2024-10-30 17:18:42.199 [info] Got 1 GitHub sessions for all scopes...
