2024-10-23 17:31:08.844 [info] [main] Log level: Info
2024-10-23 17:31:08.844 [info] [main] Validating found git in: "git"
2024-10-23 17:31:08.844 [info] [main] Using git "2.46.0" from "git"
2024-10-23 17:31:08.844 [info] [Model][doInitialScan] Initial repository scan started
2024-10-23 17:31:08.844 [info] > git rev-parse --show-toplevel [7ms]
2024-10-23 17:31:08.844 [info] > git rev-parse --git-dir --git-common-dir [106ms]
2024-10-23 17:31:08.844 [info] [Model][openRepository] Opened repository: /workspace/boilerplate-project-sudoku-solver
2024-10-23 17:31:08.844 [info] > git config --get commit.template [6ms]
2024-10-23 17:31:08.844 [info] > git rev-parse --show-toplevel [87ms]
2024-10-23 17:31:08.844 [info] > git for-each-ref --format=%(refname)%00%(upstream:short)%00%(objectname)%00%(upstream:track)%00%(upstream:remotename)%00%(upstream:remoteref) refs/heads/main refs/remotes/main [6ms]
2024-10-23 17:31:08.844 [warning] [Git][revParse] Unable to read file: ENOENT: no such file or directory, open '/workspace/boilerplate-project-sudoku-solver/.git/refs/remotes/origin/main'
2024-10-23 17:31:08.844 [info] > git rev-parse --show-toplevel [6ms]
2024-10-23 17:31:08.844 [info] > git rev-parse refs/remotes/origin/main [99ms]
2024-10-23 17:31:08.844 [info] > git status -z -uall [5ms]
2024-10-23 17:31:08.844 [info] > git rev-parse --show-toplevel [104ms]
2024-10-23 17:31:08.844 [info] > git rev-parse --show-toplevel [200ms]
2024-10-23 17:31:08.844 [info] > git for-each-ref --sort -committerdate --format %(refname) %(objectname) %(*objectname) [205ms]
2024-10-23 17:31:08.844 [info] > git for-each-ref --format=%(refname)%00%(upstream:short)%00%(objectname)%00%(upstream:track)%00%(upstream:remotename)%00%(upstream:remoteref) refs/heads/main refs/remotes/main [280ms]
2024-10-23 17:31:08.844 [info] > git config --local branch.main.vscode-merge-base [13ms]
2024-10-23 17:31:08.844 [info] > git config --get commit.template [288ms]
2024-10-23 17:31:08.844 [info] > git rev-parse --show-toplevel [293ms]
2024-10-23 17:31:08.844 [info] > git rev-parse --show-toplevel [118ms]
2024-10-23 17:31:08.844 [info] [Model][doInitialScan] Initial repository scan completed - repositories (1), closed repositories (0), parent repositories (0), unsafe repositories (0)
2024-10-23 17:31:08.844 [info] > git for-each-ref --format=%(refname)%00%(upstream:short)%00%(objectname)%00%(upstream:track)%00%(upstream:remotename)%00%(upstream:remoteref) refs/heads/origin/main refs/remotes/origin/main [199ms]
2024-10-23 17:31:08.844 [info] > git merge-base refs/heads/main refs/remotes/origin/main [15ms]
2024-10-23 17:31:08.844 [info] > git for-each-ref --format=%(refname)%00%(upstream:short)%00%(objectname)%00%(upstream:track)%00%(upstream:remotename)%00%(upstream:remoteref) refs/heads/main refs/remotes/main [100ms]
2024-10-23 17:31:08.844 [warning] [Git][revParse] Unable to read file: ENOENT: no such file or directory, open '/workspace/boilerplate-project-sudoku-solver/.git/refs/remotes/origin/main'
2024-10-23 17:31:08.844 [info] > git rev-parse refs/remotes/origin/main [2ms]
2024-10-23 17:31:08.844 [info] > git diff --name-status -z --diff-filter=ADMR f738a5ad883aaa13cf12d38dc40f8cfc18f7c3d8...refs/remotes/origin/main [85ms]
2024-10-23 17:31:08.844 [info] > git status -z -uall [5ms]
2024-10-23 17:31:08.844 [info] > git for-each-ref --sort -committerdate --format %(refname) %(objectname) %(*objectname) [3ms]
2024-10-23 17:31:09.456 [info] > git check-ignore -v -z --stdin [9ms]
2024-10-23 17:31:09.966 [info] > git show --textconv :public/index.js [4ms]
2024-10-23 17:31:09.972 [info] > git ls-files --stage -- /workspace/boilerplate-project-sudoku-solver/public/index.js [6ms]
2024-10-23 17:31:10.049 [info] > git cat-file -s f2c45382c43913fc5294479e34eff913baae5757 [9ms]
2024-10-23 17:31:10.847 [info] > git config --local branch.main.github-pr-owner-number [3ms]
2024-10-23 17:31:10.847 [warning] [Git][config] git config failed: Failed to execute git
2024-10-23 17:31:44.200 [info] > git show --textconv :controllers/puzzle-strings.js [6ms]
2024-10-23 17:31:44.201 [info] > git ls-files --stage -- /workspace/boilerplate-project-sudoku-solver/controllers/puzzle-strings.js [2ms]
2024-10-23 17:31:44.207 [info] > git cat-file -s c58405cbb1c9af672358d22869f35bb77cd92d72 [2ms]
2024-10-23 17:32:25.080 [info] > git show --textconv :controllers/sudoku-solver.js [5ms]
2024-10-23 17:32:25.083 [info] > git ls-files --stage -- /workspace/boilerplate-project-sudoku-solver/controllers/sudoku-solver.js [4ms]
2024-10-23 17:32:25.090 [info] > git cat-file -s 0b8fdc19f451015f3110a9c4391541e4a720f07a [2ms]
2024-10-23 17:33:53.655 [info] > git show --textconv :routes/api.js [6ms]
2024-10-23 17:33:53.657 [info] > git ls-files --stage -- /workspace/boilerplate-project-sudoku-solver/routes/api.js [2ms]
2024-10-23 17:33:53.664 [info] > git cat-file -s 9cece279baee1fa799c4f1e3c8ab04bde7d13ca2 [3ms]
2024-10-23 17:34:10.058 [info] > git show --textconv :public/index.js [5ms]
2024-10-23 17:34:10.060 [info] > git ls-files --stage -- /workspace/boilerplate-project-sudoku-solver/public/index.js [2ms]
2024-10-23 17:34:10.066 [info] > git cat-file -s f2c45382c43913fc5294479e34eff913baae5757 [3ms]
2024-10-23 17:53:53.084 [info] > git show --textconv :controllers/sudoku-solver.js [4ms]
2024-10-23 17:53:53.085 [info] > git ls-files --stage -- /workspace/boilerplate-project-sudoku-solver/controllers/sudoku-solver.js [2ms]
2024-10-23 17:53:53.090 [info] > git cat-file -s 0b8fdc19f451015f3110a9c4391541e4a720f07a [2ms]
2024-10-23 17:55:38.973 [info] > git show --textconv :public/index.js [3ms]
2024-10-23 17:55:38.975 [info] > git ls-files --stage -- /workspace/boilerplate-project-sudoku-solver/public/index.js [1ms]
2024-10-23 17:55:38.979 [info] > git cat-file -s f2c45382c43913fc5294479e34eff913baae5757 [2ms]
2024-10-23 18:02:57.294 [info] > git config --get commit.template [4ms]
2024-10-23 18:02:57.295 [info] > git for-each-ref --format=%(refname)%00%(upstream:short)%00%(objectname)%00%(upstream:track)%00%(upstream:remotename)%00%(upstream:remoteref) refs/heads/main refs/remotes/main [2ms]
2024-10-23 18:02:57.298 [warning] [Git][revParse] Unable to read file: ENOENT: no such file or directory, open '/workspace/boilerplate-project-sudoku-solver/.git/refs/remotes/origin/main'
2024-10-23 18:02:57.299 [info] > git rev-parse refs/remotes/origin/main [1ms]
2024-10-23 18:02:57.306 [info] > git status -z -uall [4ms]
2024-10-23 18:02:57.307 [info] > git for-each-ref --sort -committerdate --format %(refname) %(objectname) %(*objectname) [2ms]
2024-10-23 18:04:50.630 [info] > git show --textconv :controllers/sudoku-solver.js [4ms]
2024-10-23 18:04:50.631 [info] > git ls-files --stage -- /workspace/boilerplate-project-sudoku-solver/controllers/sudoku-solver.js [2ms]
2024-10-23 18:04:50.636 [info] > git cat-file -s 0b8fdc19f451015f3110a9c4391541e4a720f07a [2ms]
2024-10-23 18:05:01.439 [info] > git show --textconv :public/index.js [4ms]
2024-10-23 18:05:01.441 [info] > git ls-files --stage -- /workspace/boilerplate-project-sudoku-solver/public/index.js [1ms]
2024-10-23 18:05:01.446 [info] > git cat-file -s f2c45382c43913fc5294479e34eff913baae5757 [2ms]
2024-10-23 18:05:09.362 [info] > git show --textconv :routes/api.js [4ms]
2024-10-23 18:05:09.364 [info] > git ls-files --stage -- /workspace/boilerplate-project-sudoku-solver/routes/api.js [2ms]
2024-10-23 18:05:09.370 [info] > git cat-file -s 9cece279baee1fa799c4f1e3c8ab04bde7d13ca2 [2ms]
2024-10-23 18:05:24.266 [info] > git show --textconv :controllers/sudoku-solver.js [4ms]
2024-10-23 18:05:24.267 [info] > git ls-files --stage -- /workspace/boilerplate-project-sudoku-solver/controllers/sudoku-solver.js [2ms]
2024-10-23 18:05:24.271 [info] > git cat-file -s 0b8fdc19f451015f3110a9c4391541e4a720f07a [2ms]
2024-10-23 18:13:17.689 [info] > git show --textconv :public/index.js [3ms]
2024-10-23 18:13:17.690 [info] > git ls-files --stage -- /workspace/boilerplate-project-sudoku-solver/public/index.js [2ms]
2024-10-23 18:13:17.695 [info] > git cat-file -s f2c45382c43913fc5294479e34eff913baae5757 [2ms]
2024-10-23 18:14:16.191 [info] > git show --textconv :routes/api.js [3ms]
2024-10-23 18:14:16.193 [info] > git ls-files --stage -- /workspace/boilerplate-project-sudoku-solver/routes/api.js [2ms]
2024-10-23 18:14:16.198 [info] > git cat-file -s 9cece279baee1fa799c4f1e3c8ab04bde7d13ca2 [2ms]
2024-10-23 18:14:45.137 [info] > git show --textconv :public/index.js [4ms]
2024-10-23 18:14:45.137 [info] > git ls-files --stage -- /workspace/boilerplate-project-sudoku-solver/public/index.js [1ms]
2024-10-23 18:14:45.142 [info] > git cat-file -s f2c45382c43913fc5294479e34eff913baae5757 [2ms]
2024-10-23 18:15:15.253 [info] > git show --textconv :routes/api.js [4ms]
2024-10-23 18:15:15.255 [info] > git ls-files --stage -- /workspace/boilerplate-project-sudoku-solver/routes/api.js [3ms]
2024-10-23 18:15:15.259 [info] > git cat-file -s 9cece279baee1fa799c4f1e3c8ab04bde7d13ca2 [2ms]
2024-10-23 18:32:43.822 [info] > git show --textconv :controllers/sudoku-solver.js [5ms]
2024-10-23 18:32:43.823 [info] > git ls-files --stage -- /workspace/boilerplate-project-sudoku-solver/controllers/sudoku-solver.js [2ms]
2024-10-23 18:32:43.827 [info] > git cat-file -s 0b8fdc19f451015f3110a9c4391541e4a720f07a [2ms]
