2024-10-30 18:13:52.273 [info] Log level: Info
2024-10-30 18:13:52.660 [info] VSCODE_MACHINE_ID: 548b41ca-8ecb-41b0-8ad5-1ba477d031a3
2024-10-30 18:13:52.660 [info] VSCODE_SESSION_ID: a0cbaa85-1de1-4e3f-b284-d07471f5aaf31730312029014
2024-10-30 18:13:52.660 [info] VSCODE_VERSION: 1.94.2
2024-10-30 18:13:52.660 [info] VSCODE_APP_NAME: Gitpod Code
2024-10-30 18:13:52.660 [info] VSCODE_APP_HOST: Gitpod
2024-10-30 18:13:52.660 [info] VSCODE_UI_KIND: web
2024-10-30 18:13:52.660 [info] GITPOD_WORKSPACE_CONTEXT_URL: https://github.com/freecodecamp/boilerplate-project-sudoku-solver
2024-10-30 18:13:52.660 [info] GITPOD_INSTANCE_ID: 795a4458-4d10-44fa-9ee4-9f911b68a909
2024-10-30 18:13:52.660 [info] GITPOD_WORKSPACE_URL: https://freecodecam-boilerplate-dzaep3wo8ql.ws-us116.gitpod.io
2024-10-30 18:13:52.668 [info] Gitpod Web 7ff72a2
2024-10-30 18:13:52.669 [info] Reading sessions from keychain...
2024-10-30 18:13:53.788 [info] Getting sessions for all scopes...
2024-10-30 18:13:53.788 [info] Getting sessions for all scopes...
2024-10-30 18:13:53.788 [info] Getting GitHub sessions for all scopes...
2024-10-30 18:13:53.788 [info] Getting sessions for function:accessCodeSyncStorage...
2024-10-30 18:13:53.788 [info] Got 1 GitHub sessions for all scopes...
2024-10-30 18:13:53.789 [info] Got stored sessions!
2024-10-30 18:13:53.789 [info] Verified session with the following scopes: function:accessCodeSyncStorage function:closePort function:controlAdmission function:deleteEnvVar function:generateNewGitpodToken function:getDefaultWorkspaceImage function:getGitpodTokenScopes function:getIDToken function:getLoggedInUser function:getOpenPorts function:getSupportedWorkspaceClasses function:getTeams function:getToken function:getWorkspace function:getWorkspaceEnvVars function:getWorkspaceOwner function:getWorkspaceTimeout function:getWorkspaceUsers function:guessGitTokenScopes function:isWorkspaceOwner function:openPort function:sendHeartBeat function:setEnvVar function:setWorkspaceTimeout function:stopWorkspace function:takeSnapshot function:trackEvent function:updateGitStatus function:waitForSnapshot resource:contentBlob::*::create/get resource:envVar::*/**::update resource:envVar::*/*::update resource:envVar::freeCodeCamp/boilerplate-project-sudoku-solver::create/get/update/delete resource:gitpodToken::*::create resource:snapshot::ws-freecodecam-boilerplate-dzaep3wo8ql::create resource:token::*::get resource:userStorage::*::create/get/update resource:workspace::freecodecam-boilerplate-dzaep3wo8ql::get/update resource:workspaceInstance::795a4458-4d10-44fa-9ee4-9f911b68a909::get/update/delete
2024-10-30 18:13:53.793 [info] Got 1 verified sessions.
2024-10-30 18:13:53.793 [info] Got 1 sessions for all scopes...
2024-10-30 18:13:53.793 [info] Got 1 sessions for all scopes...
2024-10-30 18:13:53.793 [info] Got 1 sessions for function:accessCodeSyncStorage...
2024-10-30 18:13:54.785 [info] Getting GitHub sessions for all scopes...
2024-10-30 18:13:54.785 [info] Getting GitHub sessions for all scopes...
2024-10-30 18:13:54.785 [info] Getting sessions for all scopes...
2024-10-30 18:13:54.785 [info] Got 1 GitHub sessions for all scopes...
2024-10-30 18:13:54.785 [info] Got 1 GitHub sessions for all scopes...
2024-10-30 18:13:54.785 [info] Got 1 sessions for all scopes...
2024-10-30 18:13:54.965 [info] Getting GitHub sessions for read:user,repo,user:email,workflow...
2024-10-30 18:13:54.966 [info] Got 0 GitHub sessions for read:user,repo,user:email,workflow...
2024-10-30 18:13:54.968 [info] Getting sessions for all scopes...
2024-10-30 18:13:54.968 [info] Getting GitHub sessions for all scopes...
2024-10-30 18:13:54.968 [info] Got 1 sessions for all scopes...
2024-10-30 18:13:54.968 [info] Got 1 GitHub sessions for all scopes...
2024-10-30 18:13:55.169 [info] Getting GitHub sessions for project,read:org,read:user,repo,user:email,workflow...
2024-10-30 18:13:55.169 [info] Got 0 GitHub sessions for project,read:org,read:user,repo,user:email,workflow...
2024-10-30 18:13:55.317 [info] Getting GitHub sessions for read:user,repo,user:email,workflow...
2024-10-30 18:13:55.317 [info] Got 0 GitHub sessions for read:user,repo,user:email,workflow...
2024-10-30 18:13:55.459 [info] Getting GitHub sessions for read:user,repo,user:email...
2024-10-30 18:13:55.461 [info] Got 0 GitHub sessions for read:user,repo,user:email...
2024-10-30 18:13:55.701 [info] Getting GitHub sessions for read:user,repo,user:email,workflow...
2024-10-30 18:13:55.701 [info] Got 0 GitHub sessions for read:user,repo,user:email,workflow...
2024-10-30 23:53:50.135 [error] cannot maintain connection to supervisor 13 INTERNAL: closed
2024-10-30 23:53:51.136 [error] cannot maintain connection to supervisor 13 INTERNAL: closed
2024-10-30 23:53:52.137 [error] cannot maintain connection to supervisor 13 INTERNAL: closed
2024-10-30 23:53:53.139 [error] cannot maintain connection to supervisor 13 INTERNAL: closed
2024-10-30 23:53:54.141 [error] cannot maintain connection to supervisor 13 INTERNAL: closed
2024-10-30 23:53:55.144 [error] cannot maintain connection to supervisor 13 INTERNAL: closed
2024-10-30 23:53:56.145 [error] cannot maintain connection to supervisor 13 INTERNAL: closed
2024-10-30 23:53:57.147 [error] cannot maintain connection to supervisor 13 INTERNAL: closed
2024-10-30 23:53:58.149 [error] cannot maintain connection to supervisor 13 INTERNAL: closed
2024-10-30 23:53:59.152 [error] cannot maintain connection to supervisor 13 INTERNAL: closed
2024-10-30 23:54:00.153 [error] cannot maintain connection to supervisor 13 INTERNAL: closed
2024-10-30 23:54:01.156 [error] cannot maintain connection to supervisor 13 INTERNAL: closed
2024-10-30 23:54:02.158 [error] cannot maintain connection to supervisor 13 INTERNAL: closed
2024-10-30 23:54:03.160 [error] cannot maintain connection to supervisor 13 INTERNAL: closed
