2024-10-28 23:47:50.783 [info] Log level: Info
2024-10-28 23:47:50.916 [info] VSCODE_MACHINE_ID: 548b41ca-8ecb-41b0-8ad5-1ba477d031a3
2024-10-28 23:47:50.916 [info] VSCODE_SESSION_ID: 7c06f2f5-ef50-43e5-b92f-4e7e9a46b1f71730159268400
2024-10-28 23:47:50.916 [info] VSCODE_VERSION: 1.94.2
2024-10-28 23:47:50.916 [info] VSCODE_APP_NAME: Gitpod Code
2024-10-28 23:47:50.916 [info] VSCODE_APP_HOST: Gitpod
2024-10-28 23:47:50.916 [info] VSCODE_UI_KIND: web
2024-10-28 23:47:50.916 [info] GITPOD_WORKSPACE_CONTEXT_URL: https://github.com/freecodecamp/boilerplate-project-sudoku-solver
2024-10-28 23:47:50.916 [info] GITPOD_INSTANCE_ID: 0cbf54b3-1263-443c-8ce6-63635c28187a
2024-10-28 23:47:50.916 [info] GITPOD_WORKSPACE_URL: https://freecodecam-boilerplate-dzaep3wo8ql.ws-us116.gitpod.io
2024-10-28 23:47:50.973 [info] Gitpod Web 7ff72a2
2024-10-28 23:47:50.973 [info] Reading sessions from keychain...
2024-10-28 23:47:51.318 [info] Getting sessions for all scopes...
2024-10-28 23:47:51.318 [info] Getting sessions for all scopes...
2024-10-28 23:47:51.318 [info] Getting GitHub sessions for all scopes...
2024-10-28 23:47:51.318 [info] Getting sessions for function:accessCodeSyncStorage...
2024-10-28 23:47:51.318 [info] Got stored sessions!
2024-10-28 23:47:51.318 [info] Verified session with the following scopes: function:accessCodeSyncStorage function:closePort function:controlAdmission function:deleteEnvVar function:generateNewGitpodToken function:getDefaultWorkspaceImage function:getGitpodTokenScopes function:getIDToken function:getLoggedInUser function:getOpenPorts function:getSupportedWorkspaceClasses function:getTeams function:getToken function:getWorkspace function:getWorkspaceEnvVars function:getWorkspaceOwner function:getWorkspaceTimeout function:getWorkspaceUsers function:guessGitTokenScopes function:isWorkspaceOwner function:openPort function:sendHeartBeat function:setEnvVar function:setWorkspaceTimeout function:stopWorkspace function:takeSnapshot function:trackEvent function:updateGitStatus function:waitForSnapshot resource:contentBlob::*::create/get resource:envVar::*/**::update resource:envVar::*/*::update resource:envVar::freeCodeCamp/boilerplate-project-sudoku-solver::create/get/update/delete resource:gitpodToken::*::create resource:snapshot::ws-freecodecam-boilerplate-dzaep3wo8ql::create resource:token::*::get resource:userStorage::*::create/get/update resource:workspace::freecodecam-boilerplate-dzaep3wo8ql::get/update resource:workspaceInstance::0cbf54b3-1263-443c-8ce6-63635c28187a::get/update/delete
2024-10-28 23:47:51.320 [info] Got 1 verified sessions.
2024-10-28 23:47:51.320 [info] Got 1 sessions for all scopes...
2024-10-28 23:47:51.320 [info] Got 1 sessions for all scopes...
2024-10-28 23:47:51.320 [info] Got 1 sessions for function:accessCodeSyncStorage...
2024-10-28 23:47:51.521 [info] Got 1 GitHub sessions for all scopes...
2024-10-28 23:47:51.647 [info] Getting GitHub sessions for all scopes...
2024-10-28 23:47:51.647 [info] Getting sessions for all scopes...
2024-10-28 23:47:51.656 [info] Got 1 GitHub sessions for all scopes...
2024-10-28 23:47:51.656 [info] Got 1 sessions for all scopes...
2024-10-28 23:47:51.678 [info] Getting GitHub sessions for all scopes...
2024-10-28 23:47:51.678 [info] Got 1 GitHub sessions for all scopes...
2024-10-28 23:47:51.828 [info] Getting GitHub sessions for read:user,repo,user:email,workflow...
2024-10-28 23:47:51.828 [info] Got 0 GitHub sessions for read:user,repo,user:email,workflow...
2024-10-28 23:47:51.918 [info] Getting GitHub sessions for project,read:org,read:user,repo,user:email,workflow...
2024-10-28 23:47:51.918 [info] Got 0 GitHub sessions for project,read:org,read:user,repo,user:email,workflow...
2024-10-28 23:47:52.104 [info] Getting GitHub sessions for read:user,repo,user:email,workflow...
2024-10-28 23:47:52.105 [info] Got 0 GitHub sessions for read:user,repo,user:email,workflow...
2024-10-28 23:47:52.596 [info] Getting GitHub sessions for read:user,repo,user:email...
2024-10-28 23:47:52.596 [info] Got 0 GitHub sessions for read:user,repo,user:email...
2024-10-28 23:47:52.960 [info] Getting sessions for all scopes...
2024-10-28 23:47:52.960 [info] Getting GitHub sessions for all scopes...
2024-10-28 23:47:52.967 [info] Got 1 sessions for all scopes...
2024-10-28 23:47:52.967 [info] Got 1 GitHub sessions for all scopes...
2024-10-28 23:47:52.977 [info] Getting GitHub sessions for read:user,repo,user:email,workflow...
2024-10-28 23:47:52.977 [info] Got 0 GitHub sessions for read:user,repo,user:email,workflow...
2024-10-29 02:05:46.467 [error] cannot maintain connection to supervisor 13 INTERNAL: closed
2024-10-29 02:05:47.469 [error] cannot maintain connection to supervisor 13 INTERNAL: closed
2024-10-29 02:05:48.471 [error] cannot maintain connection to supervisor 13 INTERNAL: closed
2024-10-29 02:05:49.473 [error] cannot maintain connection to supervisor 13 INTERNAL: closed
2024-10-29 02:05:50.474 [error] cannot maintain connection to supervisor 13 INTERNAL: closed
2024-10-29 02:05:51.475 [error] cannot maintain connection to supervisor 13 INTERNAL: closed
2024-10-29 02:05:52.477 [error] cannot maintain connection to supervisor 13 INTERNAL: closed
2024-10-29 02:05:53.479 [error] cannot maintain connection to supervisor 13 INTERNAL: closed
2024-10-29 02:05:54.481 [error] cannot maintain connection to supervisor 13 INTERNAL: closed
2024-10-29 02:05:55.483 [error] cannot maintain connection to supervisor 13 INTERNAL: closed
2024-10-29 02:05:56.484 [error] cannot maintain connection to supervisor 13 INTERNAL: closed
2024-10-29 02:05:57.485 [error] cannot maintain connection to supervisor 13 INTERNAL: closed
2024-10-29 02:05:58.487 [error] cannot maintain connection to supervisor 13 INTERNAL: closed
2024-10-29 02:05:59.489 [error] cannot maintain connection to supervisor 13 INTERNAL: closed
