2024-10-21 20:58:18.771 [info] Log level: Info
2024-10-21 20:58:19.190 [info] VSCODE_MACHINE_ID: 70d4cb10-7d92-4658-a78c-df228c712849
2024-10-21 20:58:19.191 [info] VSCODE_SESSION_ID: 4d8db2ee-2813-4d67-a347-2157f3dd0eb11729544295767
2024-10-21 20:58:19.191 [info] VSCODE_VERSION: 1.94.2
2024-10-21 20:58:19.191 [info] VSCODE_APP_NAME: Gitpod Code
2024-10-21 20:58:19.191 [info] VSCODE_APP_HOST: Gitpod
2024-10-21 20:58:19.191 [info] VSCODE_UI_KIND: web
2024-10-21 20:58:19.191 [info] GITPOD_WORKSPACE_CONTEXT_URL: https://github.com/freeCodeCamp/boilerplate-project-library
2024-10-21 20:58:19.191 [info] GITPOD_INSTANCE_ID: a4a9258b-ec71-4a77-8986-125de1fa7453
2024-10-21 20:58:19.191 [info] GITPOD_WORKSPACE_URL: https://freecodecam-boilerplate-k8v1q1pw18h.ws-us116.gitpod.io
2024-10-21 20:58:19.271 [info] Gitpod Web 7ff72a2
2024-10-21 20:58:19.271 [info] Reading sessions from keychain...
2024-10-21 20:58:19.986 [info] Getting sessions for all scopes...
2024-10-21 20:58:19.986 [info] Getting sessions for all scopes...
2024-10-21 20:58:19.986 [info] Getting GitHub sessions for all scopes...
2024-10-21 20:58:19.986 [info] Getting sessions for function:accessCodeSyncStorage...
2024-10-21 20:58:19.986 [info] Got 1 GitHub sessions for all scopes...
2024-10-21 20:58:19.987 [info] Got stored sessions!
2024-10-21 20:58:19.987 [info] Verified session with the following scopes: function:accessCodeSyncStorage function:closePort function:controlAdmission function:deleteEnvVar function:generateNewGitpodToken function:getDefaultWorkspaceImage function:getGitpodTokenScopes function:getIDToken function:getLoggedInUser function:getOpenPorts function:getSupportedWorkspaceClasses function:getTeams function:getToken function:getWorkspace function:getWorkspaceEnvVars function:getWorkspaceOwner function:getWorkspaceTimeout function:getWorkspaceUsers function:guessGitTokenScopes function:isWorkspaceOwner function:openPort function:sendHeartBeat function:setEnvVar function:setWorkspaceTimeout function:stopWorkspace function:takeSnapshot function:trackEvent function:updateGitStatus function:waitForSnapshot resource:contentBlob::*::create/get resource:envVar::*/*::update resource:envVar::freeCodeCamp/boilerplate-project-library::create/get/update/delete resource:gitpodToken::*::create resource:snapshot::ws-freecodecam-boilerplate-k8v1q1pw18h::create resource:token::*::get resource:userStorage::*::create/get/update resource:workspace::freecodecam-boilerplate-k8v1q1pw18h::get/update resource:workspaceInstance::a4a9258b-ec71-4a77-8986-125de1fa7453::get/update/delete
2024-10-21 20:58:19.989 [info] Got 1 verified sessions.
2024-10-21 20:58:19.990 [info] Got 1 sessions for all scopes...
2024-10-21 20:58:19.990 [info] Got 1 sessions for all scopes...
2024-10-21 20:58:19.990 [info] Got 1 sessions for function:accessCodeSyncStorage...
2024-10-21 20:58:20.325 [info] Getting GitHub sessions for all scopes...
2024-10-21 20:58:20.325 [info] Getting GitHub sessions for all scopes...
2024-10-21 20:58:20.325 [info] Getting sessions for all scopes...
2024-10-21 20:58:20.325 [info] Got 1 GitHub sessions for all scopes...
2024-10-21 20:58:20.326 [info] Got 1 GitHub sessions for all scopes...
2024-10-21 20:58:20.326 [info] Got 1 sessions for all scopes...
2024-10-21 20:58:20.327 [info] Getting GitHub sessions for read:user,repo,user:email,workflow...
2024-10-21 20:58:20.327 [info] Got 0 GitHub sessions for read:user,repo,user:email,workflow...
2024-10-21 20:58:20.472 [info] Getting sessions for all scopes...
2024-10-21 20:58:20.472 [info] Getting GitHub sessions for all scopes...
2024-10-21 20:58:20.480 [info] Got 1 sessions for all scopes...
2024-10-21 20:58:20.481 [info] Got 1 GitHub sessions for all scopes...
2024-10-21 20:58:20.568 [info] Getting GitHub sessions for project,read:org,read:user,repo,user:email,workflow...
2024-10-21 20:58:20.568 [info] Got 0 GitHub sessions for project,read:org,read:user,repo,user:email,workflow...
2024-10-21 20:58:20.666 [info] Getting GitHub sessions for read:user,repo,user:email,workflow...
2024-10-21 20:58:20.666 [info] Got 0 GitHub sessions for read:user,repo,user:email,workflow...
2024-10-21 20:58:20.786 [info] Getting GitHub sessions for read:user,repo,user:email...
2024-10-21 20:58:20.786 [info] Got 0 GitHub sessions for read:user,repo,user:email...
2024-10-21 20:58:20.894 [info] Getting GitHub sessions for read:user,repo,user:email,workflow...
2024-10-21 20:58:20.894 [info] Got 0 GitHub sessions for read:user,repo,user:email,workflow...
