2024-10-02 21:37:06.998 [info] Extension host with pid 121 started
2024-10-02 21:37:06.998 [error] Error: EEXIST: file already exists, open '/workspace/.vscode-remote/data/User/workspaceStorage/58f7b1c7/vscode.lock'
2024-10-02 21:37:07.003 [info] Lock '/workspace/.vscode-remote/data/User/workspaceStorage/58f7b1c7/vscode.lock': Could not acquire lock, checking if the file is stale.
2024-10-02 21:37:07.004 [info] Lock '/workspace/.vscode-remote/data/User/workspaceStorage/58f7b1c7/vscode.lock': The lock looks stale, waiting for 2s.
2024-10-02 21:37:07.094 [info] ExtensionService#_doActivateExtension vscode.emmet, startup: false, activationEvent: 'onLanguage'
2024-10-02 21:37:07.096 [info] ExtensionService#_doActivateExtension vscode.typescript-language-features, startup: false, activationEvent: 'onLanguage:javascript'
2024-10-02 21:37:07.096 [info] ExtensionService#_doActivateExtension vscode.simple-browser, startup: false, activationEvent: 'onWebviewPanel:simpleBrowser.view'
2024-10-02 21:37:07.669 [info] ExtensionService#_doActivateExtension gitpod.gitpod-web, startup: false, activationEvent: 'onAuthenticationRequest:gitpod'
2024-10-02 21:37:08.098 [info] ExtensionService#_doActivateExtension vscode.git-base, startup: true, activationEvent: '*', root cause: vscode.git
2024-10-02 21:37:08.103 [info] ExtensionService#_doActivateExtension vscode.npm, startup: true, activationEvent: 'workspaceContains:package.json'
2024-10-02 21:37:09.005 [info] Lock '/workspace/.vscode-remote/data/User/workspaceStorage/58f7b1c7/vscode.lock': The lock looks stale even after waiting for 2s.
2024-10-02 21:37:09.005 [info] Lock '/workspace/.vscode-remote/data/User/workspaceStorage/58f7b1c7/vscode.lock': Deleting a stale lock.
2024-10-02 21:37:09.015 [info] Lock '/workspace/.vscode-remote/data/User/workspaceStorage/58f7b1c7/vscode.lock': Lock acquired.
2024-10-02 21:37:09.265 [info] ExtensionService#_doActivateExtension vscode.git, startup: true, activationEvent: '*'
2024-10-02 21:37:09.266 [info] ExtensionService#_doActivateExtension vscode.github, startup: true, activationEvent: '*'
2024-10-02 21:37:09.872 [info] Eager extensions activated
2024-10-02 21:37:09.873 [info] ExtensionService#_doActivateExtension vscode.debug-auto-launch, startup: false, activationEvent: 'onStartupFinished'
2024-10-02 21:37:09.873 [info] ExtensionService#_doActivateExtension vscode.merge-conflict, startup: false, activationEvent: 'onStartupFinished'
2024-10-02 21:37:09.874 [info] ExtensionService#_doActivateExtension vscode.github-authentication, startup: false, activationEvent: 'onStartupFinished', root cause: GitHub.vscode-pull-request-github
2024-10-02 21:37:11.572 [info] ExtensionService#_doActivateExtension GitHub.vscode-pull-request-github, startup: false, activationEvent: 'onStartupFinished'
2024-10-02 21:37:12.197 [info] ExtensionService#_doActivateExtension redhat.vscode-yaml, startup: false, activationEvent: 'onLanguage:yaml'
2024-10-02 21:37:13.611 [warning] [redhat.vscode-yaml] Accessing a resource scoped configuration without providing a resource is not expected. To get the effective value for '[yaml]', provide the URI of a resource or 'null' for any resource.
2024-10-02 21:37:13.613 [warning] [redhat.vscode-yaml] Accessing a resource scoped configuration without providing a resource is not expected. To get the effective value for '[yaml]', provide the URI of a resource or 'null' for any resource.
2024-10-02 21:37:15.552 [info] ExtensionService#_doActivateExtension vscode.configuration-editing, startup: false, activationEvent: 'onLanguage:json'
2024-10-02 21:37:15.553 [info] ExtensionService#_doActivateExtension vscode.extension-editing, startup: false, activationEvent: 'onLanguage:json'
2024-10-02 21:37:15.553 [info] ExtensionService#_doActivateExtension vscode.json-language-features, startup: false, activationEvent: 'onLanguage:json'
2024-10-02 21:37:44.757 [info] ExtensionService#_doActivateExtension vscode.html-language-features, startup: false, activationEvent: 'onLanguage:html'
