2024-10-22 20:28:53.945 [info] Log level: Info
2024-10-22 20:28:53.945 [info] VSCODE_MACHINE_ID: 548b41ca-8ecb-41b0-8ad5-1ba477d031a3
2024-10-22 20:28:53.945 [info] VSCODE_SESSION_ID: 5584b748-0c94-463b-9f34-6ea7fd5122861729628930045
2024-10-22 20:28:53.945 [info] VSCODE_VERSION: 1.94.2
2024-10-22 20:28:53.945 [info] VSCODE_APP_NAME: Gitpod Code
2024-10-22 20:28:53.945 [info] VSCODE_APP_HOST: Gitpod
2024-10-22 20:28:53.945 [info] VSCODE_UI_KIND: web
2024-10-22 20:28:53.945 [info] GITPOD_WORKSPACE_CONTEXT_URL: https://github.com/freecodecamp/boilerplate-project-sudoku-solver
2024-10-22 20:28:53.945 [info] GITPOD_INSTANCE_ID: dec9d451-57a5-4f34-bd64-6d631a935b3e
2024-10-22 20:28:53.945 [info] GITPOD_WORKSPACE_URL: https://freecodecam-boilerplate-dzaep3wo8ql.ws-us116.gitpod.io
2024-10-22 20:28:53.945 [info] Gitpod Web 7ff72a2
2024-10-22 20:28:53.945 [info] Reading sessions from keychain...
2024-10-22 20:28:55.044 [info] Getting sessions for all scopes...
2024-10-22 20:28:55.044 [info] Getting sessions for all scopes...
2024-10-22 20:28:55.044 [info] Getting GitHub sessions for all scopes...
2024-10-22 20:28:55.044 [info] Getting sessions for function:accessCodeSyncStorage...
2024-10-22 20:28:55.044 [info] Got 1 GitHub sessions for all scopes...
2024-10-22 20:28:55.046 [info] Got stored sessions!
2024-10-22 20:28:55.046 [info] Verified session with the following scopes: function:accessCodeSyncStorage function:closePort function:controlAdmission function:deleteEnvVar function:generateNewGitpodToken function:getDefaultWorkspaceImage function:getGitpodTokenScopes function:getIDToken function:getLoggedInUser function:getOpenPorts function:getSupportedWorkspaceClasses function:getTeams function:getToken function:getWorkspace function:getWorkspaceEnvVars function:getWorkspaceOwner function:getWorkspaceTimeout function:getWorkspaceUsers function:guessGitTokenScopes function:isWorkspaceOwner function:openPort function:sendHeartBeat function:setEnvVar function:setWorkspaceTimeout function:stopWorkspace function:takeSnapshot function:trackEvent function:updateGitStatus function:waitForSnapshot resource:contentBlob::*::create/get resource:envVar::*/*::update resource:envVar::freeCodeCamp/boilerplate-project-sudoku-solver::create/get/update/delete resource:gitpodToken::*::create resource:snapshot::ws-freecodecam-boilerplate-dzaep3wo8ql::create resource:token::*::get resource:userStorage::*::create/get/update resource:workspace::freecodecam-boilerplate-dzaep3wo8ql::get/update resource:workspaceInstance::dec9d451-57a5-4f34-bd64-6d631a935b3e::get/update/delete
2024-10-22 20:28:55.050 [info] Got 1 verified sessions.
2024-10-22 20:28:55.050 [info] Got 1 sessions for all scopes...
2024-10-22 20:28:55.050 [info] Got 1 sessions for all scopes...
2024-10-22 20:28:55.050 [info] Got 1 sessions for function:accessCodeSyncStorage...
2024-10-22 20:28:55.865 [info] Getting GitHub sessions for all scopes...
2024-10-22 20:28:55.865 [info] Getting GitHub sessions for all scopes...
2024-10-22 20:28:55.865 [info] Getting sessions for all scopes...
2024-10-22 20:28:55.865 [info] Got 1 GitHub sessions for all scopes...
2024-10-22 20:28:55.865 [info] Got 1 GitHub sessions for all scopes...
2024-10-22 20:28:55.866 [info] Got 1 sessions for all scopes...
2024-10-22 20:28:55.954 [info] Getting GitHub sessions for read:user,repo,user:email,workflow...
2024-10-22 20:28:55.954 [info] Got 0 GitHub sessions for read:user,repo,user:email,workflow...
2024-10-22 20:28:56.024 [info] Getting sessions for all scopes...
2024-10-22 20:28:56.024 [info] Getting GitHub sessions for all scopes...
2024-10-22 20:28:56.024 [info] Got 1 sessions for all scopes...
2024-10-22 20:28:56.024 [info] Got 1 GitHub sessions for all scopes...
2024-10-22 20:28:56.156 [info] Getting GitHub sessions for project,read:org,read:user,repo,user:email,workflow...
2024-10-22 20:28:56.157 [info] Got 0 GitHub sessions for project,read:org,read:user,repo,user:email,workflow...
2024-10-22 20:28:56.324 [info] Getting GitHub sessions for read:user,repo,user:email,workflow...
2024-10-22 20:28:56.324 [info] Got 0 GitHub sessions for read:user,repo,user:email,workflow...
2024-10-22 20:28:56.455 [info] Getting GitHub sessions for read:user,repo,user:email...
2024-10-22 20:28:56.456 [info] Got 0 GitHub sessions for read:user,repo,user:email...
2024-10-22 20:28:56.627 [info] Getting GitHub sessions for read:user,repo,user:email,workflow...
2024-10-22 20:28:56.627 [info] Got 0 GitHub sessions for read:user,repo,user:email,workflow...
2024-10-22 23:32:59.491 [error] cannot maintain connection to supervisor 13 INTERNAL: closed
2024-10-22 23:33:00.493 [error] cannot maintain connection to supervisor 13 INTERNAL: closed
2024-10-22 23:33:01.495 [error] cannot maintain connection to supervisor 13 INTERNAL: closed
2024-10-22 23:33:02.497 [error] cannot maintain connection to supervisor 13 INTERNAL: closed
2024-10-22 23:33:03.499 [error] cannot maintain connection to supervisor 13 INTERNAL: closed
2024-10-22 23:33:04.501 [error] cannot maintain connection to supervisor 13 INTERNAL: closed
2024-10-22 23:33:05.502 [error] cannot maintain connection to supervisor 13 INTERNAL: closed
2024-10-22 23:33:06.505 [error] cannot maintain connection to supervisor 13 INTERNAL: closed
2024-10-22 23:33:07.507 [error] cannot maintain connection to supervisor 13 INTERNAL: closed
2024-10-22 23:33:08.509 [error] cannot maintain connection to supervisor 13 INTERNAL: closed
2024-10-22 23:33:09.511 [error] cannot maintain connection to supervisor 13 INTERNAL: closed
2024-10-22 23:33:10.512 [error] cannot maintain connection to supervisor 13 INTERNAL: closed
2024-10-22 23:33:11.515 [error] cannot maintain connection to supervisor 13 INTERNAL: closed
2024-10-22 23:33:12.517 [error] cannot maintain connection to supervisor 13 INTERNAL: closed
