2024-10-22 16:47:51.261 [info] Log level: Info
2024-10-22 16:47:51.271 [info] VSCODE_MACHINE_ID: 548b41ca-8ecb-41b0-8ad5-1ba477d031a3
2024-10-22 16:47:51.271 [info] VSCODE_SESSION_ID: 79a5223d-cfa9-46ac-bc1b-4b889da796601729615669372
2024-10-22 16:47:51.272 [info] VSCODE_VERSION: 1.94.2
2024-10-22 16:47:51.272 [info] VSCODE_APP_NAME: Gitpod Code
2024-10-22 16:47:51.272 [info] VSCODE_APP_HOST: Gitpod
2024-10-22 16:47:51.272 [info] VSCODE_UI_KIND: web
2024-10-22 16:47:51.272 [info] GITPOD_WORKSPACE_CONTEXT_URL: https://github.com/freecodecamp/boilerplate-project-sudoku-solver
2024-10-22 16:47:51.272 [info] GITPOD_INSTANCE_ID: dec9d451-57a5-4f34-bd64-6d631a935b3e
2024-10-22 16:47:51.272 [info] GITPOD_WORKSPACE_URL: https://freecodecam-boilerplate-dzaep3wo8ql.ws-us116.gitpod.io
2024-10-22 16:47:51.279 [info] Gitpod Web 7ff72a2
2024-10-22 16:47:51.279 [info] Reading sessions from keychain...
2024-10-22 16:47:51.421 [info] Getting sessions for all scopes...
2024-10-22 16:47:51.421 [info] Getting sessions for all scopes...
2024-10-22 16:47:51.421 [info] Getting GitHub sessions for all scopes...
2024-10-22 16:47:51.421 [info] Getting sessions for function:accessCodeSyncStorage...
2024-10-22 16:47:51.421 [info] Got stored sessions!
2024-10-22 16:47:51.421 [info] Verified session with the following scopes: function:accessCodeSyncStorage function:closePort function:controlAdmission function:deleteEnvVar function:generateNewGitpodToken function:getDefaultWorkspaceImage function:getGitpodTokenScopes function:getIDToken function:getLoggedInUser function:getOpenPorts function:getSupportedWorkspaceClasses function:getTeams function:getToken function:getWorkspace function:getWorkspaceEnvVars function:getWorkspaceOwner function:getWorkspaceTimeout function:getWorkspaceUsers function:guessGitTokenScopes function:isWorkspaceOwner function:openPort function:sendHeartBeat function:setEnvVar function:setWorkspaceTimeout function:stopWorkspace function:takeSnapshot function:trackEvent function:updateGitStatus function:waitForSnapshot resource:contentBlob::*::create/get resource:envVar::*/*::update resource:envVar::freeCodeCamp/boilerplate-project-sudoku-solver::create/get/update/delete resource:gitpodToken::*::create resource:snapshot::ws-freecodecam-boilerplate-dzaep3wo8ql::create resource:token::*::get resource:userStorage::*::create/get/update resource:workspace::freecodecam-boilerplate-dzaep3wo8ql::get/update resource:workspaceInstance::dec9d451-57a5-4f34-bd64-6d631a935b3e::get/update/delete
2024-10-22 16:47:51.421 [info] Got 1 verified sessions.
2024-10-22 16:47:51.422 [info] Got 1 sessions for all scopes...
2024-10-22 16:47:51.422 [info] Got 1 sessions for all scopes...
2024-10-22 16:47:51.422 [info] Got 1 sessions for function:accessCodeSyncStorage...
2024-10-22 16:47:51.547 [info] Got 1 GitHub sessions for all scopes...
2024-10-22 16:47:51.681 [info] Getting GitHub sessions for all scopes...
2024-10-22 16:47:51.681 [info] Getting sessions for all scopes...
2024-10-22 16:47:51.681 [info] Got 1 GitHub sessions for all scopes...
2024-10-22 16:47:51.681 [info] Got 1 sessions for all scopes...
2024-10-22 16:47:51.741 [info] Getting GitHub sessions for all scopes...
2024-10-22 16:47:51.741 [info] Got 1 GitHub sessions for all scopes...
2024-10-22 16:47:54.343 [info] Getting sessions for all scopes...
2024-10-22 16:47:54.343 [info] Getting GitHub sessions for all scopes...
2024-10-22 16:47:54.343 [info] Got 1 sessions for all scopes...
2024-10-22 16:47:54.343 [info] Got 1 GitHub sessions for all scopes...
2024-10-22 16:47:56.157 [info] Getting GitHub sessions for read:user,repo,user:email,workflow...
2024-10-22 16:47:56.157 [info] Got 0 GitHub sessions for read:user,repo,user:email,workflow...
2024-10-22 16:47:56.491 [info] Getting GitHub sessions for project,read:org,read:user,repo,user:email,workflow...
2024-10-22 16:47:56.491 [info] Got 0 GitHub sessions for project,read:org,read:user,repo,user:email,workflow...
2024-10-22 16:47:57.473 [info] Getting GitHub sessions for read:user,repo,user:email,workflow...
2024-10-22 16:47:57.473 [info] Got 0 GitHub sessions for read:user,repo,user:email,workflow...
2024-10-22 16:47:57.711 [info] Getting GitHub sessions for read:user,repo,user:email...
2024-10-22 16:47:57.711 [info] Got 0 GitHub sessions for read:user,repo,user:email...
2024-10-22 16:47:58.431 [info] Getting GitHub sessions for read:user,repo,user:email,workflow...
2024-10-22 16:47:58.431 [info] Got 0 GitHub sessions for read:user,repo,user:email,workflow...
