2024-09-25 22:05:48.765 [info] Log level: Info
2024-09-25 22:05:48.981 [info] VSCODE_MACHINE_ID: 86ef5178-1edc-435f-9cbf-388e34797139
2024-09-25 22:05:48.981 [info] VSCODE_SESSION_ID: fb4484e4-05e4-44d7-bf05-3f3f860f99d61727301946302
2024-09-25 22:05:48.981 [info] VSCODE_VERSION: 1.93.1
2024-09-25 22:05:48.981 [info] VSCODE_APP_NAME: Gitpod Code
2024-09-25 22:05:48.981 [info] VSCODE_APP_HOST: Gitpod
2024-09-25 22:05:48.981 [info] VSCODE_UI_KIND: web
2024-09-25 22:05:48.981 [info] GITPOD_WORKSPACE_CONTEXT_URL: https://github.com/freeCodeCamp/boilerplate-project-exercisetracker/
2024-09-25 22:05:48.981 [info] GITPOD_INSTANCE_ID: d77bfcdc-8fd4-4e02-b4c5-f4d7bf984aed
2024-09-25 22:05:48.981 [info] GITPOD_WORKSPACE_URL: https://freecodecam-boilerplate-04rxr268f3n.ws-us116.gitpod.io
2024-09-25 22:05:48.988 [info] Gitpod Web 7ff72a2
2024-09-25 22:05:48.988 [info] Reading sessions from keychain...
2024-09-25 22:05:49.408 [info] Getting sessions for all scopes...
2024-09-25 22:05:49.408 [info] Getting GitHub sessions for all scopes...
2024-09-25 22:05:49.408 [info] Getting sessions for function:accessCodeSyncStorage...
2024-09-25 22:05:49.409 [info] Got stored sessions!
2024-09-25 22:05:49.410 [info] Verified session with the following scopes: function:accessCodeSyncStorage function:closePort function:controlAdmission function:deleteEnvVar function:generateNewGitpodToken function:getDefaultWorkspaceImage function:getGitpodTokenScopes function:getIDToken function:getLoggedInUser function:getOpenPorts function:getSupportedWorkspaceClasses function:getTeams function:getToken function:getWorkspace function:getWorkspaceEnvVars function:getWorkspaceOwner function:getWorkspaceTimeout function:getWorkspaceUsers function:guessGitTokenScopes function:isWorkspaceOwner function:openPort function:sendHeartBeat function:setEnvVar function:setWorkspaceTimeout function:stopWorkspace function:takeSnapshot function:trackEvent function:updateGitStatus function:waitForSnapshot resource:contentBlob::*::create/get resource:envVar::*/*::update resource:envVar::freeCodeCamp/boilerplate-project-exercisetracker::create/get/update/delete resource:gitpodToken::*::create resource:snapshot::ws-freecodecam-boilerplate-04rxr268f3n::create resource:token::*::get resource:userStorage::*::create/get/update resource:workspace::freecodecam-boilerplate-04rxr268f3n::get/update resource:workspaceInstance::d77bfcdc-8fd4-4e02-b4c5-f4d7bf984aed::get/update/delete
2024-09-25 22:05:49.412 [info] Got 1 verified sessions.
2024-09-25 22:05:49.412 [info] Got 1 sessions for all scopes...
2024-09-25 22:05:49.412 [info] Got 1 sessions for function:accessCodeSyncStorage...
2024-09-25 22:05:49.586 [info] Got 1 GitHub sessions for all scopes...
2024-09-25 22:05:49.724 [info] Getting sessions for all scopes...
2024-09-25 22:05:49.724 [info] Got 1 sessions for all scopes...
2024-09-25 22:05:49.738 [info] Getting GitHub sessions for all scopes...
2024-09-25 22:05:49.738 [info] Got 1 GitHub sessions for all scopes...
2024-09-25 22:05:49.748 [info] Getting GitHub sessions for read:user,repo,user:email,workflow...
2024-09-25 22:05:49.748 [info] Got 0 GitHub sessions for read:user,repo,user:email,workflow...
2024-09-25 22:05:49.852 [info] Getting GitHub sessions for project,read:org,read:user,repo,user:email,workflow...
2024-09-25 22:05:49.852 [info] Got 0 GitHub sessions for project,read:org,read:user,repo,user:email,workflow...
2024-09-25 22:05:49.950 [info] Getting GitHub sessions for read:user,repo,user:email,workflow...
2024-09-25 22:05:49.950 [info] Got 0 GitHub sessions for read:user,repo,user:email,workflow...
2024-09-25 22:05:50.066 [info] Getting GitHub sessions for read:user,repo,user:email...
2024-09-25 22:05:50.066 [info] Got 0 GitHub sessions for read:user,repo,user:email...
2024-09-25 22:05:50.162 [info] Getting GitHub sessions for read:user,repo,user:email,workflow...
2024-09-25 22:05:50.162 [info] Got 0 GitHub sessions for read:user,repo,user:email,workflow...
