2024-10-07 17:16:21.289 [info] Extension host with pid 123 started
2024-10-07 17:16:21.289 [error] Error: EEXIST: file already exists, open '/workspace/.vscode-remote/data/User/workspaceStorage/58f7b1c7/vscode.lock'
2024-10-07 17:16:21.294 [info] Lock '/workspace/.vscode-remote/data/User/workspaceStorage/58f7b1c7/vscode.lock': Could not acquire lock, checking if the file is stale.
2024-10-07 17:16:21.295 [info] Lock '/workspace/.vscode-remote/data/User/workspaceStorage/58f7b1c7/vscode.lock': The lock looks stale, waiting for 2s.
2024-10-07 17:16:21.388 [info] ExtensionService#_doActivateExtension vscode.simple-browser, startup: false, activationEvent: 'onWebviewPanel:simpleBrowser.view'
2024-10-07 17:16:21.389 [info] ExtensionService#_doActivateExtension vscode.emmet, startup: false, activationEvent: 'onLanguage'
2024-10-07 17:16:21.389 [info] ExtensionService#_doActivateExtension vscode.typescript-language-features, startup: false, activationEvent: 'onLanguage:javascript'
2024-10-07 17:16:22.181 [info] ExtensionService#_doActivateExtension gitpod.gitpod-web, startup: false, activationEvent: 'onAuthenticationRequest:gitpod'
2024-10-07 17:16:22.389 [info] ExtensionService#_doActivateExtension vscode.git-base, startup: true, activationEvent: '*', root cause: vscode.git
2024-10-07 17:16:22.393 [info] ExtensionService#_doActivateExtension vscode.npm, startup: true, activationEvent: 'workspaceContains:package.json'
2024-10-07 17:16:23.296 [info] Lock '/workspace/.vscode-remote/data/User/workspaceStorage/58f7b1c7/vscode.lock': The lock looks stale even after waiting for 2s.
2024-10-07 17:16:23.296 [info] Lock '/workspace/.vscode-remote/data/User/workspaceStorage/58f7b1c7/vscode.lock': Deleting a stale lock.
2024-10-07 17:16:23.308 [info] Lock '/workspace/.vscode-remote/data/User/workspaceStorage/58f7b1c7/vscode.lock': Lock acquired.
2024-10-07 17:16:23.445 [info] ExtensionService#_doActivateExtension vscode.git, startup: true, activationEvent: '*'
2024-10-07 17:16:23.446 [info] ExtensionService#_doActivateExtension vscode.github, startup: true, activationEvent: '*'
2024-10-07 17:16:23.766 [info] Eager extensions activated
2024-10-07 17:16:23.766 [info] ExtensionService#_doActivateExtension vscode.debug-auto-launch, startup: false, activationEvent: 'onStartupFinished'
2024-10-07 17:16:23.767 [info] ExtensionService#_doActivateExtension vscode.merge-conflict, startup: false, activationEvent: 'onStartupFinished'
2024-10-07 17:16:23.767 [info] ExtensionService#_doActivateExtension vscode.github-authentication, startup: false, activationEvent: 'onStartupFinished', root cause: GitHub.vscode-pull-request-github
2024-10-07 17:16:24.283 [info] ExtensionService#_doActivateExtension GitHub.vscode-pull-request-github, startup: false, activationEvent: 'onStartupFinished'
2024-10-07 17:16:24.599 [info] ExtensionService#_doActivateExtension redhat.vscode-yaml, startup: false, activationEvent: 'onLanguage:yaml'
2024-10-07 17:16:25.151 [warning] [redhat.vscode-yaml] Accessing a resource scoped configuration without providing a resource is not expected. To get the effective value for '[yaml]', provide the URI of a resource or 'null' for any resource.
2024-10-07 17:16:25.152 [warning] [redhat.vscode-yaml] Accessing a resource scoped configuration without providing a resource is not expected. To get the effective value for '[yaml]', provide the URI of a resource or 'null' for any resource.
2024-10-07 17:16:28.843 [info] ExtensionService#_doActivateExtension vscode.configuration-editing, startup: false, activationEvent: 'onLanguage:json'
2024-10-07 17:16:28.843 [info] ExtensionService#_doActivateExtension vscode.extension-editing, startup: false, activationEvent: 'onLanguage:json'
2024-10-07 17:16:28.843 [info] ExtensionService#_doActivateExtension vscode.json-language-features, startup: false, activationEvent: 'onLanguage:json'
2024-10-07 17:16:34.164 [warning] [redhat.vscode-yaml] Accessing a resource scoped configuration without providing a resource is not expected. To get the effective value for '[yaml]', provide the URI of a resource or 'null' for any resource.
2024-10-07 17:18:06.324 [info] ExtensionService#_doActivateExtension vscode.html-language-features, startup: false, activationEvent: 'onLanguage:html'
2024-10-07 17:21:54.565 [info] ExtensionService#_doActivateExtension vscode.markdown-language-features, startup: false, activationEvent: 'onLanguage:markdown'
2024-10-07 17:21:55.004 [info] ExtensionService#_doActivateExtension vscode.markdown-math, startup: false, activationEvent: 'api', root cause: vscode.markdown-language-features
