2024-10-21 20:58:19.891 [info] [main] Log level: Info
2024-10-21 20:58:19.891 [info] [main] Validating found git in: "git"
2024-10-21 20:58:19.891 [info] [main] Using git "2.46.0" from "git"
2024-10-21 20:58:19.891 [info] [Model][doInitialScan] Initial repository scan started
2024-10-21 20:58:19.891 [info] > git rev-parse --show-toplevel [6ms]
2024-10-21 20:58:19.891 [info] > git rev-parse --git-dir --git-common-dir [104ms]
2024-10-21 20:58:19.891 [info] [Model][openRepository] Opened repository: /workspace/boilerplate-project-library
2024-10-21 20:58:19.891 [info] > git config --get commit.template [4ms]
2024-10-21 20:58:19.891 [info] > git rev-parse --show-toplevel [83ms]
2024-10-21 20:58:19.891 [info] > git for-each-ref --format=%(refname)%00%(upstream:short)%00%(objectname)%00%(upstream:track)%00%(upstream:remotename)%00%(upstream:remoteref) refs/heads/main refs/remotes/main [6ms]
2024-10-21 20:58:19.891 [warning] [Git][revParse] Unable to read file: ENOENT: no such file or directory, open '/workspace/boilerplate-project-library/.git/refs/remotes/origin/main'
2024-10-21 20:58:19.891 [info] > git rev-parse --show-toplevel [5ms]
2024-10-21 20:58:19.891 [info] > git rev-parse refs/remotes/origin/main [13ms]
2024-10-21 20:58:19.891 [info] > git status -z -uall [6ms]
2024-10-21 20:58:19.891 [info] > git rev-parse --show-toplevel [93ms]
2024-10-21 20:58:19.891 [info] > git rev-parse --show-toplevel [386ms]
2024-10-21 20:58:19.891 [info] > git for-each-ref --sort -committerdate --format %(refname) %(objectname) %(*objectname) [392ms]
2024-10-21 20:58:19.891 [info] > git for-each-ref --format=%(refname)%00%(upstream:short)%00%(objectname)%00%(upstream:track)%00%(upstream:remotename)%00%(upstream:remoteref) refs/heads/main refs/remotes/main [17ms]
2024-10-21 20:58:19.891 [info] > git config --get commit.template [115ms]
2024-10-21 20:58:19.891 [info] > git rev-parse --show-toplevel [118ms]
2024-10-21 20:58:19.891 [info] [Model][doInitialScan] Initial repository scan completed - repositories (1), closed repositories (0), parent repositories (0), unsafe repositories (0)
2024-10-21 20:58:19.891 [info] > git config --local branch.main.vscode-merge-base [173ms]
2024-10-21 20:58:19.891 [info] > git for-each-ref --format=%(refname)%00%(upstream:short)%00%(objectname)%00%(upstream:track)%00%(upstream:remotename)%00%(upstream:remoteref) refs/heads/origin/main refs/remotes/origin/main [5ms]
2024-10-21 20:58:19.891 [info] > git for-each-ref --format=%(refname)%00%(upstream:short)%00%(objectname)%00%(upstream:track)%00%(upstream:remotename)%00%(upstream:remoteref) refs/heads/main refs/remotes/main [7ms]
2024-10-21 20:58:19.891 [info] > git merge-base refs/heads/main refs/remotes/origin/main [3ms]
2024-10-21 20:58:19.891 [warning] [Git][revParse] Unable to read file: ENOENT: no such file or directory, open '/workspace/boilerplate-project-library/.git/refs/remotes/origin/main'
2024-10-21 20:58:19.891 [info] > git rev-parse refs/remotes/origin/main [14ms]
2024-10-21 20:58:19.891 [info] > git diff --name-status -z --diff-filter=ADMR 8c42e9fa8452b65f5091042de9aec6a7f43f54d4...refs/remotes/origin/main [25ms]
2024-10-21 20:58:19.891 [info] > git status -z -uall [64ms]
2024-10-21 20:58:19.891 [info] > git for-each-ref --sort -committerdate --format %(refname) %(objectname) %(*objectname) [61ms]
2024-10-21 20:58:20.320 [info] > git show --textconv :routes/api.js [3ms]
2024-10-21 20:58:20.322 [info] > git ls-files --stage -- /workspace/boilerplate-project-library/routes/api.js [1ms]
2024-10-21 20:58:20.327 [info] > git cat-file -s d444d70d63d6634c0f39b0b062dc89592255ed71 [2ms]
2024-10-21 20:58:20.397 [info] > git check-ignore -v -z --stdin [3ms]
2024-10-21 20:58:20.982 [info] > git config --local branch.main.github-pr-owner-number [2ms]
2024-10-21 20:58:20.982 [warning] [Git][config] git config failed: Failed to execute git
2024-10-21 20:59:44.919 [info] > git show --textconv :public/client.js [4ms]
2024-10-21 20:59:44.920 [info] > git ls-files --stage -- /workspace/boilerplate-project-library/public/client.js [2ms]
2024-10-21 20:59:44.925 [info] > git cat-file -s 2cda6a533df1e559d450a4ae11bad6b91c6a6e90 [2ms]
2024-10-21 21:01:04.318 [info] > git show --textconv :routes/api.js [4ms]
2024-10-21 21:01:04.320 [info] > git ls-files --stage -- /workspace/boilerplate-project-library/routes/api.js [2ms]
2024-10-21 21:01:04.325 [info] > git cat-file -s d444d70d63d6634c0f39b0b062dc89592255ed71 [2ms]
2024-10-21 21:06:04.577 [info] > git show --textconv :public/client.js [5ms]
2024-10-21 21:06:04.578 [info] > git ls-files --stage -- /workspace/boilerplate-project-library/public/client.js [2ms]
2024-10-21 21:06:04.584 [info] > git cat-file -s 2cda6a533df1e559d450a4ae11bad6b91c6a6e90 [2ms]
2024-10-21 21:08:45.308 [info] > git show --textconv :routes/api.js [4ms]
2024-10-21 21:08:45.310 [info] > git ls-files --stage -- /workspace/boilerplate-project-library/routes/api.js [2ms]
2024-10-21 21:08:45.315 [info] > git cat-file -s d444d70d63d6634c0f39b0b062dc89592255ed71 [2ms]
2024-10-21 21:09:11.365 [info] > git config --get commit.template [4ms]
2024-10-21 21:09:11.366 [info] > git for-each-ref --format=%(refname)%00%(upstream:short)%00%(objectname)%00%(upstream:track)%00%(upstream:remotename)%00%(upstream:remoteref) refs/heads/main refs/remotes/main [2ms]
2024-10-21 21:09:11.369 [warning] [Git][revParse] Unable to read file: ENOENT: no such file or directory, open '/workspace/boilerplate-project-library/.git/refs/remotes/origin/main'
2024-10-21 21:09:11.371 [info] > git rev-parse refs/remotes/origin/main [2ms]
2024-10-21 21:09:11.378 [info] > git status -z -uall [4ms]
2024-10-21 21:09:11.380 [info] > git for-each-ref --sort -committerdate --format %(refname) %(objectname) %(*objectname) [2ms]
2024-10-21 21:09:16.392 [info] > git config --get commit.template [5ms]
2024-10-21 21:09:16.392 [info] > git for-each-ref --format=%(refname)%00%(upstream:short)%00%(objectname)%00%(upstream:track)%00%(upstream:remotename)%00%(upstream:remoteref) refs/heads/main refs/remotes/main [2ms]
2024-10-21 21:09:16.396 [warning] [Git][revParse] Unable to read file: ENOENT: no such file or directory, open '/workspace/boilerplate-project-library/.git/refs/remotes/origin/main'
2024-10-21 21:09:16.397 [info] > git rev-parse refs/remotes/origin/main [1ms]
2024-10-21 21:09:16.404 [info] > git status -z -uall [4ms]
2024-10-21 21:09:16.406 [info] > git for-each-ref --sort -committerdate --format %(refname) %(objectname) %(*objectname) [2ms]
2024-10-21 21:09:59.543 [info] > git config --get commit.template [4ms]
2024-10-21 21:09:59.545 [info] > git for-each-ref --format=%(refname)%00%(upstream:short)%00%(objectname)%00%(upstream:track)%00%(upstream:remotename)%00%(upstream:remoteref) refs/heads/main refs/remotes/main [2ms]
2024-10-21 21:09:59.548 [warning] [Git][revParse] Unable to read file: ENOENT: no such file or directory, open '/workspace/boilerplate-project-library/.git/refs/remotes/origin/main'
2024-10-21 21:09:59.550 [info] > git rev-parse refs/remotes/origin/main [2ms]
2024-10-21 21:09:59.558 [info] > git status -z -uall [4ms]
2024-10-21 21:09:59.560 [info] > git for-each-ref --sort -committerdate --format %(refname) %(objectname) %(*objectname) [2ms]
2024-10-21 21:10:04.573 [info] > git config --get commit.template [5ms]
2024-10-21 21:10:04.574 [info] > git for-each-ref --format=%(refname)%00%(upstream:short)%00%(objectname)%00%(upstream:track)%00%(upstream:remotename)%00%(upstream:remoteref) refs/heads/main refs/remotes/main [2ms]
2024-10-21 21:10:04.578 [warning] [Git][revParse] Unable to read file: ENOENT: no such file or directory, open '/workspace/boilerplate-project-library/.git/refs/remotes/origin/main'
2024-10-21 21:10:04.579 [info] > git rev-parse refs/remotes/origin/main [1ms]
2024-10-21 21:10:04.587 [info] > git status -z -uall [4ms]
2024-10-21 21:10:04.588 [info] > git for-each-ref --sort -committerdate --format %(refname) %(objectname) %(*objectname) [2ms]
2024-10-21 21:10:09.600 [info] > git config --get commit.template [5ms]
2024-10-21 21:10:09.601 [info] > git for-each-ref --format=%(refname)%00%(upstream:short)%00%(objectname)%00%(upstream:track)%00%(upstream:remotename)%00%(upstream:remoteref) refs/heads/main refs/remotes/main [2ms]
2024-10-21 21:10:09.605 [warning] [Git][revParse] Unable to read file: ENOENT: no such file or directory, open '/workspace/boilerplate-project-library/.git/refs/remotes/origin/main'
2024-10-21 21:10:09.606 [info] > git rev-parse refs/remotes/origin/main [1ms]
2024-10-21 21:10:09.613 [info] > git status -z -uall [3ms]
2024-10-21 21:10:09.615 [info] > git for-each-ref --sort -committerdate --format %(refname) %(objectname) %(*objectname) [2ms]
2024-10-21 21:10:57.186 [info] > git config --get commit.template [6ms]
2024-10-21 21:10:57.187 [info] > git for-each-ref --format=%(refname)%00%(upstream:short)%00%(objectname)%00%(upstream:track)%00%(upstream:remotename)%00%(upstream:remoteref) refs/heads/main refs/remotes/main [2ms]
2024-10-21 21:10:57.191 [warning] [Git][revParse] Unable to read file: ENOENT: no such file or directory, open '/workspace/boilerplate-project-library/.git/refs/remotes/origin/main'
2024-10-21 21:10:57.192 [info] > git rev-parse refs/remotes/origin/main [1ms]
2024-10-21 21:10:57.202 [info] > git status -z -uall [6ms]
2024-10-21 21:10:57.206 [info] > git for-each-ref --sort -committerdate --format %(refname) %(objectname) %(*objectname) [4ms]
2024-10-21 21:12:21.520 [info] > git config --get commit.template [5ms]
2024-10-21 21:12:21.521 [info] > git for-each-ref --format=%(refname)%00%(upstream:short)%00%(objectname)%00%(upstream:track)%00%(upstream:remotename)%00%(upstream:remoteref) refs/heads/main refs/remotes/main [2ms]
2024-10-21 21:12:21.525 [warning] [Git][revParse] Unable to read file: ENOENT: no such file or directory, open '/workspace/boilerplate-project-library/.git/refs/remotes/origin/main'
2024-10-21 21:12:21.526 [info] > git rev-parse refs/remotes/origin/main [2ms]
2024-10-21 21:12:21.533 [info] > git status -z -uall [4ms]
2024-10-21 21:12:21.535 [info] > git for-each-ref --sort -committerdate --format %(refname) %(objectname) %(*objectname) [2ms]
2024-10-21 21:12:58.048 [info] > git config --get commit.template [4ms]
2024-10-21 21:12:58.050 [info] > git for-each-ref --format=%(refname)%00%(upstream:short)%00%(objectname)%00%(upstream:track)%00%(upstream:remotename)%00%(upstream:remoteref) refs/heads/main refs/remotes/main [2ms]
2024-10-21 21:12:58.053 [warning] [Git][revParse] Unable to read file: ENOENT: no such file or directory, open '/workspace/boilerplate-project-library/.git/refs/remotes/origin/main'
2024-10-21 21:12:58.054 [info] > git rev-parse refs/remotes/origin/main [1ms]
2024-10-21 21:12:58.063 [info] > git status -z -uall [4ms]
2024-10-21 21:12:58.064 [info] > git for-each-ref --sort -committerdate --format %(refname) %(objectname) %(*objectname) [2ms]
2024-10-21 21:15:57.148 [info] > git config --get commit.template [5ms]
2024-10-21 21:15:57.149 [info] > git for-each-ref --format=%(refname)%00%(upstream:short)%00%(objectname)%00%(upstream:track)%00%(upstream:remotename)%00%(upstream:remoteref) refs/heads/main refs/remotes/main [1ms]
2024-10-21 21:15:57.152 [warning] [Git][revParse] Unable to read file: ENOENT: no such file or directory, open '/workspace/boilerplate-project-library/.git/refs/remotes/origin/main'
2024-10-21 21:15:57.158 [info] > git rev-parse refs/remotes/origin/main [3ms]
2024-10-21 21:15:57.169 [info] > git status -z -uall [5ms]
2024-10-21 21:15:57.171 [info] > git for-each-ref --sort -committerdate --format %(refname) %(objectname) %(*objectname) [2ms]
2024-10-21 21:16:02.183 [info] > git config --get commit.template [5ms]
2024-10-21 21:16:02.184 [info] > git for-each-ref --format=%(refname)%00%(upstream:short)%00%(objectname)%00%(upstream:track)%00%(upstream:remotename)%00%(upstream:remoteref) refs/heads/main refs/remotes/main [1ms]
2024-10-21 21:16:02.188 [warning] [Git][revParse] Unable to read file: ENOENT: no such file or directory, open '/workspace/boilerplate-project-library/.git/refs/remotes/origin/main'
2024-10-21 21:16:02.190 [info] > git rev-parse refs/remotes/origin/main [2ms]
2024-10-21 21:16:02.198 [info] > git status -z -uall [4ms]
2024-10-21 21:16:02.200 [info] > git for-each-ref --sort -committerdate --format %(refname) %(objectname) %(*objectname) [2ms]
2024-10-21 21:16:15.014 [info] > git config --get commit.template [5ms]
2024-10-21 21:16:15.015 [info] > git for-each-ref --format=%(refname)%00%(upstream:short)%00%(objectname)%00%(upstream:track)%00%(upstream:remotename)%00%(upstream:remoteref) refs/heads/main refs/remotes/main [2ms]
2024-10-21 21:16:15.019 [warning] [Git][revParse] Unable to read file: ENOENT: no such file or directory, open '/workspace/boilerplate-project-library/.git/refs/remotes/origin/main'
2024-10-21 21:16:15.021 [info] > git rev-parse refs/remotes/origin/main [2ms]
2024-10-21 21:16:15.029 [info] > git status -z -uall [5ms]
2024-10-21 21:16:15.030 [info] > git for-each-ref --sort -committerdate --format %(refname) %(objectname) %(*objectname) [2ms]
2024-10-21 21:16:20.043 [info] > git config --get commit.template [5ms]
2024-10-21 21:16:20.044 [info] > git for-each-ref --format=%(refname)%00%(upstream:short)%00%(objectname)%00%(upstream:track)%00%(upstream:remotename)%00%(upstream:remoteref) refs/heads/main refs/remotes/main [2ms]
2024-10-21 21:16:20.048 [warning] [Git][revParse] Unable to read file: ENOENT: no such file or directory, open '/workspace/boilerplate-project-library/.git/refs/remotes/origin/main'
2024-10-21 21:16:20.050 [info] > git rev-parse refs/remotes/origin/main [2ms]
2024-10-21 21:16:20.060 [info] > git status -z -uall [5ms]
2024-10-21 21:16:20.061 [info] > git for-each-ref --sort -committerdate --format %(refname) %(objectname) %(*objectname) [2ms]
2024-10-21 21:16:50.268 [info] > git show --textconv :book-model.js [7ms]
2024-10-21 21:16:50.269 [info] > git ls-files --stage -- /workspace/boilerplate-project-library/book-model.js [3ms]
2024-10-21 21:17:20.562 [info] > git show --textconv :routes/api.js [4ms]
2024-10-21 21:17:20.563 [info] > git ls-files --stage -- /workspace/boilerplate-project-library/routes/api.js [2ms]
2024-10-21 21:17:20.569 [info] > git cat-file -s d444d70d63d6634c0f39b0b062dc89592255ed71 [2ms]
2024-10-21 21:17:25.641 [info] > git show --textconv :book-model.js [4ms]
2024-10-21 21:17:25.643 [info] > git ls-files --stage -- /workspace/boilerplate-project-library/book-model.js [3ms]
2024-10-21 21:17:29.876 [info] > git config --get commit.template [6ms]
2024-10-21 21:17:29.878 [info] > git for-each-ref --format=%(refname)%00%(upstream:short)%00%(objectname)%00%(upstream:track)%00%(upstream:remotename)%00%(upstream:remoteref) refs/heads/main refs/remotes/main [3ms]
2024-10-21 21:17:29.884 [warning] [Git][revParse] Unable to read file: ENOENT: no such file or directory, open '/workspace/boilerplate-project-library/.git/refs/remotes/origin/main'
2024-10-21 21:17:29.885 [info] > git rev-parse refs/remotes/origin/main [1ms]
2024-10-21 21:17:29.894 [info] > git status -z -uall [5ms]
2024-10-21 21:17:29.896 [info] > git for-each-ref --sort -committerdate --format %(refname) %(objectname) %(*objectname) [2ms]
2024-10-21 21:17:34.907 [info] > git config --get commit.template [5ms]
2024-10-21 21:17:34.908 [info] > git for-each-ref --format=%(refname)%00%(upstream:short)%00%(objectname)%00%(upstream:track)%00%(upstream:remotename)%00%(upstream:remoteref) refs/heads/main refs/remotes/main [1ms]
2024-10-21 21:17:34.913 [warning] [Git][revParse] Unable to read file: ENOENT: no such file or directory, open '/workspace/boilerplate-project-library/.git/refs/remotes/origin/main'
2024-10-21 21:17:34.914 [info] > git rev-parse refs/remotes/origin/main [1ms]
2024-10-21 21:17:34.923 [info] > git status -z -uall [5ms]
2024-10-21 21:17:34.925 [info] > git for-each-ref --sort -committerdate --format %(refname) %(objectname) %(*objectname) [2ms]
2024-10-21 21:17:39.936 [info] > git config --get commit.template [5ms]
2024-10-21 21:17:39.937 [info] > git for-each-ref --format=%(refname)%00%(upstream:short)%00%(objectname)%00%(upstream:track)%00%(upstream:remotename)%00%(upstream:remoteref) refs/heads/main refs/remotes/main [2ms]
2024-10-21 21:17:39.941 [warning] [Git][revParse] Unable to read file: ENOENT: no such file or directory, open '/workspace/boilerplate-project-library/.git/refs/remotes/origin/main'
2024-10-21 21:17:39.942 [info] > git rev-parse refs/remotes/origin/main [1ms]
2024-10-21 21:17:39.951 [info] > git status -z -uall [4ms]
2024-10-21 21:17:39.952 [info] > git for-each-ref --sort -committerdate --format %(refname) %(objectname) %(*objectname) [2ms]
2024-10-21 21:17:44.964 [info] > git config --get commit.template [4ms]
2024-10-21 21:17:44.965 [info] > git for-each-ref --format=%(refname)%00%(upstream:short)%00%(objectname)%00%(upstream:track)%00%(upstream:remotename)%00%(upstream:remoteref) refs/heads/main refs/remotes/main [2ms]
2024-10-21 21:17:44.969 [warning] [Git][revParse] Unable to read file: ENOENT: no such file or directory, open '/workspace/boilerplate-project-library/.git/refs/remotes/origin/main'
2024-10-21 21:17:44.970 [info] > git rev-parse refs/remotes/origin/main [1ms]
2024-10-21 21:17:44.979 [info] > git status -z -uall [5ms]
2024-10-21 21:17:44.980 [info] > git for-each-ref --sort -committerdate --format %(refname) %(objectname) %(*objectname) [2ms]
2024-10-21 21:17:50.131 [info] > git config --get commit.template [4ms]
2024-10-21 21:17:50.133 [info] > git for-each-ref --format=%(refname)%00%(upstream:short)%00%(objectname)%00%(upstream:track)%00%(upstream:remotename)%00%(upstream:remoteref) refs/heads/main refs/remotes/main [2ms]
2024-10-21 21:17:50.138 [warning] [Git][revParse] Unable to read file: ENOENT: no such file or directory, open '/workspace/boilerplate-project-library/.git/refs/remotes/origin/main'
2024-10-21 21:17:50.139 [info] > git rev-parse refs/remotes/origin/main [1ms]
2024-10-21 21:17:50.148 [info] > git status -z -uall [4ms]
2024-10-21 21:17:50.150 [info] > git for-each-ref --sort -committerdate --format %(refname) %(objectname) %(*objectname) [2ms]
2024-10-21 21:17:55.161 [info] > git config --get commit.template [4ms]
2024-10-21 21:17:55.163 [info] > git for-each-ref --format=%(refname)%00%(upstream:short)%00%(objectname)%00%(upstream:track)%00%(upstream:remotename)%00%(upstream:remoteref) refs/heads/main refs/remotes/main [2ms]
2024-10-21 21:17:55.166 [warning] [Git][revParse] Unable to read file: ENOENT: no such file or directory, open '/workspace/boilerplate-project-library/.git/refs/remotes/origin/main'
2024-10-21 21:17:55.168 [info] > git rev-parse refs/remotes/origin/main [2ms]
2024-10-21 21:17:55.176 [info] > git status -z -uall [4ms]
2024-10-21 21:17:55.177 [info] > git for-each-ref --sort -committerdate --format %(refname) %(objectname) %(*objectname) [2ms]
2024-10-21 21:18:18.091 [info] > git config --get commit.template [4ms]
2024-10-21 21:18:18.092 [info] > git for-each-ref --format=%(refname)%00%(upstream:short)%00%(objectname)%00%(upstream:track)%00%(upstream:remotename)%00%(upstream:remoteref) refs/heads/main refs/remotes/main [2ms]
2024-10-21 21:18:18.096 [warning] [Git][revParse] Unable to read file: ENOENT: no such file or directory, open '/workspace/boilerplate-project-library/.git/refs/remotes/origin/main'
2024-10-21 21:18:18.097 [info] > git rev-parse refs/remotes/origin/main [1ms]
2024-10-21 21:18:18.105 [info] > git status -z -uall [4ms]
2024-10-21 21:18:18.107 [info] > git for-each-ref --sort -committerdate --format %(refname) %(objectname) %(*objectname) [2ms]
2024-10-21 21:18:41.145 [info] > git config --get commit.template [5ms]
2024-10-21 21:18:41.146 [info] > git for-each-ref --format=%(refname)%00%(upstream:short)%00%(objectname)%00%(upstream:track)%00%(upstream:remotename)%00%(upstream:remoteref) refs/heads/main refs/remotes/main [1ms]
2024-10-21 21:18:41.150 [warning] [Git][revParse] Unable to read file: ENOENT: no such file or directory, open '/workspace/boilerplate-project-library/.git/refs/remotes/origin/main'
2024-10-21 21:18:41.152 [info] > git rev-parse refs/remotes/origin/main [2ms]
2024-10-21 21:18:41.160 [info] > git status -z -uall [4ms]
2024-10-21 21:18:41.162 [info] > git for-each-ref --sort -committerdate --format %(refname) %(objectname) %(*objectname) [2ms]
2024-10-21 21:18:59.571 [info] > git show --textconv :routes/api.js [5ms]
2024-10-21 21:18:59.572 [info] > git ls-files --stage -- /workspace/boilerplate-project-library/routes/api.js [2ms]
2024-10-21 21:18:59.578 [info] > git cat-file -s d444d70d63d6634c0f39b0b062dc89592255ed71 [2ms]
2024-10-21 21:19:21.306 [info] > git config --get commit.template [4ms]
2024-10-21 21:19:21.307 [info] > git for-each-ref --format=%(refname)%00%(upstream:short)%00%(objectname)%00%(upstream:track)%00%(upstream:remotename)%00%(upstream:remoteref) refs/heads/main refs/remotes/main [2ms]
2024-10-21 21:19:21.311 [warning] [Git][revParse] Unable to read file: ENOENT: no such file or directory, open '/workspace/boilerplate-project-library/.git/refs/remotes/origin/main'
2024-10-21 21:19:21.312 [info] > git rev-parse refs/remotes/origin/main [1ms]
2024-10-21 21:19:21.321 [info] > git status -z -uall [5ms]
2024-10-21 21:19:21.322 [info] > git for-each-ref --sort -committerdate --format %(refname) %(objectname) %(*objectname) [2ms]
2024-10-21 21:19:26.334 [info] > git config --get commit.template [5ms]
2024-10-21 21:19:26.336 [info] > git for-each-ref --format=%(refname)%00%(upstream:short)%00%(objectname)%00%(upstream:track)%00%(upstream:remotename)%00%(upstream:remoteref) refs/heads/main refs/remotes/main [2ms]
2024-10-21 21:19:26.340 [warning] [Git][revParse] Unable to read file: ENOENT: no such file or directory, open '/workspace/boilerplate-project-library/.git/refs/remotes/origin/main'
2024-10-21 21:19:26.342 [info] > git rev-parse refs/remotes/origin/main [2ms]
2024-10-21 21:19:26.352 [info] > git status -z -uall [6ms]
2024-10-21 21:19:26.353 [info] > git for-each-ref --sort -committerdate --format %(refname) %(objectname) %(*objectname) [2ms]
2024-10-21 21:19:31.366 [info] > git config --get commit.template [6ms]
2024-10-21 21:19:31.368 [info] > git for-each-ref --format=%(refname)%00%(upstream:short)%00%(objectname)%00%(upstream:track)%00%(upstream:remotename)%00%(upstream:remoteref) refs/heads/main refs/remotes/main [3ms]
2024-10-21 21:19:31.372 [warning] [Git][revParse] Unable to read file: ENOENT: no such file or directory, open '/workspace/boilerplate-project-library/.git/refs/remotes/origin/main'
2024-10-21 21:19:31.374 [info] > git rev-parse refs/remotes/origin/main [2ms]
2024-10-21 21:19:31.385 [info] > git status -z -uall [6ms]
2024-10-21 21:19:31.386 [info] > git for-each-ref --sort -committerdate --format %(refname) %(objectname) %(*objectname) [3ms]
2024-10-21 21:19:36.397 [info] > git config --get commit.template [5ms]
2024-10-21 21:19:36.398 [info] > git for-each-ref --format=%(refname)%00%(upstream:short)%00%(objectname)%00%(upstream:track)%00%(upstream:remotename)%00%(upstream:remoteref) refs/heads/main refs/remotes/main [2ms]
2024-10-21 21:19:36.402 [warning] [Git][revParse] Unable to read file: ENOENT: no such file or directory, open '/workspace/boilerplate-project-library/.git/refs/remotes/origin/main'
2024-10-21 21:19:36.403 [info] > git rev-parse refs/remotes/origin/main [1ms]
2024-10-21 21:19:36.412 [info] > git status -z -uall [4ms]
2024-10-21 21:19:36.412 [info] > git for-each-ref --sort -committerdate --format %(refname) %(objectname) %(*objectname) [2ms]
2024-10-21 21:26:10.473 [info] > git config --get commit.template [5ms]
2024-10-21 21:26:10.475 [info] > git for-each-ref --format=%(refname)%00%(upstream:short)%00%(objectname)%00%(upstream:track)%00%(upstream:remotename)%00%(upstream:remoteref) refs/heads/main refs/remotes/main [2ms]
2024-10-21 21:26:10.480 [warning] [Git][revParse] Unable to read file: ENOENT: no such file or directory, open '/workspace/boilerplate-project-library/.git/refs/remotes/origin/main'
2024-10-21 21:26:10.482 [info] > git rev-parse refs/remotes/origin/main [2ms]
2024-10-21 21:26:10.490 [info] > git status -z -uall [5ms]
2024-10-21 21:26:10.491 [info] > git for-each-ref --sort -committerdate --format %(refname) %(objectname) %(*objectname) [2ms]
2024-10-21 21:26:27.095 [info] > git config --get commit.template [4ms]
2024-10-21 21:26:27.097 [info] > git for-each-ref --format=%(refname)%00%(upstream:short)%00%(objectname)%00%(upstream:track)%00%(upstream:remotename)%00%(upstream:remoteref) refs/heads/main refs/remotes/main [2ms]
2024-10-21 21:26:27.100 [warning] [Git][revParse] Unable to read file: ENOENT: no such file or directory, open '/workspace/boilerplate-project-library/.git/refs/remotes/origin/main'
2024-10-21 21:26:27.102 [info] > git rev-parse refs/remotes/origin/main [2ms]
2024-10-21 21:26:27.109 [info] > git status -z -uall [4ms]
2024-10-21 21:26:27.111 [info] > git for-each-ref --sort -committerdate --format %(refname) %(objectname) %(*objectname) [2ms]
2024-10-21 21:26:35.982 [info] > git config --get commit.template [4ms]
2024-10-21 21:26:35.984 [info] > git for-each-ref --format=%(refname)%00%(upstream:short)%00%(objectname)%00%(upstream:track)%00%(upstream:remotename)%00%(upstream:remoteref) refs/heads/main refs/remotes/main [2ms]
2024-10-21 21:26:35.987 [warning] [Git][revParse] Unable to read file: ENOENT: no such file or directory, open '/workspace/boilerplate-project-library/.git/refs/remotes/origin/main'
2024-10-21 21:26:35.989 [info] > git rev-parse refs/remotes/origin/main [2ms]
2024-10-21 21:26:35.997 [info] > git status -z -uall [5ms]
2024-10-21 21:26:35.999 [info] > git for-each-ref --sort -committerdate --format %(refname) %(objectname) %(*objectname) [2ms]
2024-10-21 21:26:49.199 [info] > git config --get commit.template [5ms]
2024-10-21 21:26:49.201 [info] > git for-each-ref --format=%(refname)%00%(upstream:short)%00%(objectname)%00%(upstream:track)%00%(upstream:remotename)%00%(upstream:remoteref) refs/heads/main refs/remotes/main [2ms]
2024-10-21 21:26:49.204 [warning] [Git][revParse] Unable to read file: ENOENT: no such file or directory, open '/workspace/boilerplate-project-library/.git/refs/remotes/origin/main'
2024-10-21 21:26:49.206 [info] > git rev-parse refs/remotes/origin/main [2ms]
2024-10-21 21:26:49.214 [info] > git status -z -uall [5ms]
2024-10-21 21:26:49.215 [info] > git for-each-ref --sort -committerdate --format %(refname) %(objectname) %(*objectname) [1ms]
2024-10-21 21:26:54.226 [info] > git config --get commit.template [4ms]
2024-10-21 21:26:54.227 [info] > git for-each-ref --format=%(refname)%00%(upstream:short)%00%(objectname)%00%(upstream:track)%00%(upstream:remotename)%00%(upstream:remoteref) refs/heads/main refs/remotes/main [1ms]
2024-10-21 21:26:54.231 [warning] [Git][revParse] Unable to read file: ENOENT: no such file or directory, open '/workspace/boilerplate-project-library/.git/refs/remotes/origin/main'
2024-10-21 21:26:54.233 [info] > git rev-parse refs/remotes/origin/main [2ms]
2024-10-21 21:26:54.240 [info] > git status -z -uall [4ms]
2024-10-21 21:26:54.243 [info] > git for-each-ref --sort -committerdate --format %(refname) %(objectname) %(*objectname) [2ms]
2024-10-21 21:26:59.256 [info] > git config --get commit.template [6ms]
2024-10-21 21:26:59.258 [info] > git for-each-ref --format=%(refname)%00%(upstream:short)%00%(objectname)%00%(upstream:track)%00%(upstream:remotename)%00%(upstream:remoteref) refs/heads/main refs/remotes/main [2ms]
2024-10-21 21:26:59.262 [warning] [Git][revParse] Unable to read file: ENOENT: no such file or directory, open '/workspace/boilerplate-project-library/.git/refs/remotes/origin/main'
2024-10-21 21:26:59.263 [info] > git rev-parse refs/remotes/origin/main [1ms]
2024-10-21 21:26:59.271 [info] > git status -z -uall [4ms]
2024-10-21 21:26:59.273 [info] > git for-each-ref --sort -committerdate --format %(refname) %(objectname) %(*objectname) [2ms]
2024-10-21 21:27:00.050 [info] > git show --textconv :book-model.js [4ms]
2024-10-21 21:27:00.052 [info] > git ls-files --stage -- /workspace/boilerplate-project-library/book-model.js [2ms]
2024-10-21 21:27:16.399 [info] > git show --textconv :routes/api.js [5ms]
2024-10-21 21:27:16.400 [info] > git ls-files --stage -- /workspace/boilerplate-project-library/routes/api.js [2ms]
2024-10-21 21:27:16.405 [info] > git cat-file -s d444d70d63d6634c0f39b0b062dc89592255ed71 [2ms]
2024-10-21 21:27:33.031 [info] > git config --get commit.template [4ms]
2024-10-21 21:27:33.032 [info] > git for-each-ref --format=%(refname)%00%(upstream:short)%00%(objectname)%00%(upstream:track)%00%(upstream:remotename)%00%(upstream:remoteref) refs/heads/main refs/remotes/main [2ms]
2024-10-21 21:27:33.036 [warning] [Git][revParse] Unable to read file: ENOENT: no such file or directory, open '/workspace/boilerplate-project-library/.git/refs/remotes/origin/main'
2024-10-21 21:27:33.037 [info] > git rev-parse refs/remotes/origin/main [1ms]
2024-10-21 21:27:33.046 [info] > git status -z -uall [5ms]
2024-10-21 21:27:33.047 [info] > git for-each-ref --sort -committerdate --format %(refname) %(objectname) %(*objectname) [2ms]
2024-10-21 21:27:41.654 [info] > git config --get commit.template [5ms]
2024-10-21 21:27:41.656 [info] > git for-each-ref --format=%(refname)%00%(upstream:short)%00%(objectname)%00%(upstream:track)%00%(upstream:remotename)%00%(upstream:remoteref) refs/heads/main refs/remotes/main [2ms]
2024-10-21 21:27:41.659 [warning] [Git][revParse] Unable to read file: ENOENT: no such file or directory, open '/workspace/boilerplate-project-library/.git/refs/remotes/origin/main'
2024-10-21 21:27:41.661 [info] > git rev-parse refs/remotes/origin/main [2ms]
2024-10-21 21:27:41.669 [info] > git status -z -uall [5ms]
2024-10-21 21:27:41.671 [info] > git for-each-ref --sort -committerdate --format %(refname) %(objectname) %(*objectname) [2ms]
2024-10-21 21:27:46.682 [info] > git config --get commit.template [4ms]
2024-10-21 21:27:46.684 [info] > git for-each-ref --format=%(refname)%00%(upstream:short)%00%(objectname)%00%(upstream:track)%00%(upstream:remotename)%00%(upstream:remoteref) refs/heads/main refs/remotes/main [3ms]
2024-10-21 21:27:46.688 [warning] [Git][revParse] Unable to read file: ENOENT: no such file or directory, open '/workspace/boilerplate-project-library/.git/refs/remotes/origin/main'
2024-10-21 21:27:46.689 [info] > git rev-parse refs/remotes/origin/main [1ms]
2024-10-21 21:27:46.697 [info] > git status -z -uall [4ms]
2024-10-21 21:27:46.698 [info] > git for-each-ref --sort -committerdate --format %(refname) %(objectname) %(*objectname) [2ms]
2024-10-21 21:27:51.712 [info] > git config --get commit.template [5ms]
2024-10-21 21:27:51.713 [info] > git for-each-ref --format=%(refname)%00%(upstream:short)%00%(objectname)%00%(upstream:track)%00%(upstream:remotename)%00%(upstream:remoteref) refs/heads/main refs/remotes/main [2ms]
2024-10-21 21:27:51.717 [warning] [Git][revParse] Unable to read file: ENOENT: no such file or directory, open '/workspace/boilerplate-project-library/.git/refs/remotes/origin/main'
2024-10-21 21:27:51.718 [info] > git rev-parse refs/remotes/origin/main [1ms]
2024-10-21 21:27:51.726 [info] > git status -z -uall [4ms]
2024-10-21 21:27:51.728 [info] > git for-each-ref --sort -committerdate --format %(refname) %(objectname) %(*objectname) [1ms]
2024-10-21 21:27:56.740 [info] > git config --get commit.template [5ms]
2024-10-21 21:27:56.742 [info] > git for-each-ref --format=%(refname)%00%(upstream:short)%00%(objectname)%00%(upstream:track)%00%(upstream:remotename)%00%(upstream:remoteref) refs/heads/main refs/remotes/main [2ms]
2024-10-21 21:27:56.746 [warning] [Git][revParse] Unable to read file: ENOENT: no such file or directory, open '/workspace/boilerplate-project-library/.git/refs/remotes/origin/main'
2024-10-21 21:27:56.748 [info] > git rev-parse refs/remotes/origin/main [2ms]
2024-10-21 21:27:56.758 [info] > git status -z -uall [6ms]
2024-10-21 21:27:56.759 [info] > git for-each-ref --sort -committerdate --format %(refname) %(objectname) %(*objectname) [1ms]
2024-10-21 21:28:01.775 [info] > git config --get commit.template [7ms]
2024-10-21 21:28:01.776 [info] > git for-each-ref --format=%(refname)%00%(upstream:short)%00%(objectname)%00%(upstream:track)%00%(upstream:remotename)%00%(upstream:remoteref) refs/heads/main refs/remotes/main [2ms]
2024-10-21 21:28:01.780 [warning] [Git][revParse] Unable to read file: ENOENT: no such file or directory, open '/workspace/boilerplate-project-library/.git/refs/remotes/origin/main'
2024-10-21 21:28:01.782 [info] > git rev-parse refs/remotes/origin/main [2ms]
2024-10-21 21:28:01.791 [info] > git status -z -uall [4ms]
2024-10-21 21:28:01.793 [info] > git for-each-ref --sort -committerdate --format %(refname) %(objectname) %(*objectname) [2ms]
