2024-10-10 18:20:13.328 [info] Log level: Info
2024-10-10 18:20:13.621 [info] VSCODE_MACHINE_ID: 0d3624ff-5237-4db4-9e23-c3d214102521
2024-10-10 18:20:13.621 [info] VSCODE_SESSION_ID: 833e5d74-9eea-4cc6-904e-af9e24d17e9f1728584410918
2024-10-10 18:20:13.621 [info] VSCODE_VERSION: 1.93.1
2024-10-10 18:20:13.621 [info] VSCODE_APP_NAME: Gitpod Code
2024-10-10 18:20:13.621 [info] VSCODE_APP_HOST: Gitpod
2024-10-10 18:20:13.621 [info] VSCODE_UI_KIND: web
2024-10-10 18:20:13.621 [info] GITPOD_WORKSPACE_CONTEXT_URL: https://github.com/freeCodeCamp/boilerplate-project-metricimpconverter/
2024-10-10 18:20:13.622 [info] GITPOD_INSTANCE_ID: a45fcff9-7a82-4b36-b549-e8fee29a624f
2024-10-10 18:20:13.622 [info] GITPOD_WORKSPACE_URL: https://freecodecam-boilerplate-40eafcptrho.ws-us116.gitpod.io
2024-10-10 18:20:13.630 [info] Gitpod Web 7ff72a2
2024-10-10 18:20:13.630 [info] Reading sessions from keychain...
2024-10-10 18:20:14.016 [info] Getting sessions for all scopes...
2024-10-10 18:20:14.016 [info] Getting GitHub sessions for all scopes...
2024-10-10 18:20:14.016 [info] Getting sessions for function:accessCodeSyncStorage...
2024-10-10 18:20:14.016 [info] Got 1 GitHub sessions for all scopes...
2024-10-10 18:20:14.017 [info] Got stored sessions!
2024-10-10 18:20:14.017 [info] Verified session with the following scopes: function:accessCodeSyncStorage function:closePort function:controlAdmission function:deleteEnvVar function:generateNewGitpodToken function:getDefaultWorkspaceImage function:getGitpodTokenScopes function:getIDToken function:getLoggedInUser function:getOpenPorts function:getSupportedWorkspaceClasses function:getTeams function:getToken function:getWorkspace function:getWorkspaceEnvVars function:getWorkspaceOwner function:getWorkspaceTimeout function:getWorkspaceUsers function:guessGitTokenScopes function:isWorkspaceOwner function:openPort function:sendHeartBeat function:setEnvVar function:setWorkspaceTimeout function:stopWorkspace function:takeSnapshot function:trackEvent function:updateGitStatus function:waitForSnapshot resource:contentBlob::*::create/get resource:envVar::*/*::update resource:envVar::freeCodeCamp/boilerplate-project-metricimpconverter::create/get/update/delete resource:gitpodToken::*::create resource:snapshot::ws-freecodecam-boilerplate-40eafcptrho::create resource:token::*::get resource:userStorage::*::create/get/update resource:workspace::freecodecam-boilerplate-40eafcptrho::get/update resource:workspaceInstance::a45fcff9-7a82-4b36-b549-e8fee29a624f::get/update/delete
2024-10-10 18:20:14.021 [info] Got 1 verified sessions.
2024-10-10 18:20:14.021 [info] Got 1 sessions for all scopes...
2024-10-10 18:20:14.021 [info] Got 1 sessions for function:accessCodeSyncStorage...
2024-10-10 18:20:14.356 [info] Getting GitHub sessions for all scopes...
2024-10-10 18:20:14.356 [info] Getting sessions for all scopes...
2024-10-10 18:20:14.356 [info] Got 1 GitHub sessions for all scopes...
2024-10-10 18:20:14.356 [info] Got 1 sessions for all scopes...
2024-10-10 18:20:14.360 [info] Getting GitHub sessions for read:user,repo,user:email,workflow...
2024-10-10 18:20:14.360 [info] Got 0 GitHub sessions for read:user,repo,user:email,workflow...
2024-10-10 18:20:14.503 [info] Getting GitHub sessions for project,read:org,read:user,repo,user:email,workflow...
2024-10-10 18:20:14.503 [info] Got 0 GitHub sessions for project,read:org,read:user,repo,user:email,workflow...
2024-10-10 18:20:14.612 [info] Getting GitHub sessions for read:user,repo,user:email,workflow...
2024-10-10 18:20:14.612 [info] Got 0 GitHub sessions for read:user,repo,user:email,workflow...
2024-10-10 18:20:14.705 [info] Getting GitHub sessions for read:user,repo,user:email...
2024-10-10 18:20:14.705 [info] Got 0 GitHub sessions for read:user,repo,user:email...
2024-10-10 18:20:14.806 [info] Getting GitHub sessions for read:user,repo,user:email,workflow...
2024-10-10 18:20:14.806 [info] Got 0 GitHub sessions for read:user,repo,user:email,workflow...
