2024-10-14 22:36:08.302 [info] [main] Log level: Info
2024-10-14 22:36:08.302 [info] [main] Validating found git in: "git"
2024-10-14 22:36:08.302 [info] [main] Using git "2.46.0" from "git"
2024-10-14 22:36:08.302 [info] [Model][doInitialScan] Initial repository scan started
2024-10-14 22:36:08.302 [info] > git rev-parse --show-toplevel [92ms]
2024-10-14 22:36:08.302 [info] > git rev-parse --git-dir --git-common-dir [2ms]
2024-10-14 22:36:08.302 [info] [Model][openRepository] Opened repository: /workspace/boilerplate-project-metricimpconverter
2024-10-14 22:36:08.302 [info] > git config --get commit.template [7ms]
2024-10-14 22:36:08.302 [info] > git rev-parse --show-toplevel [3ms]
2024-10-14 22:36:08.302 [info] > git for-each-ref --format=%(refname)%00%(upstream:short)%00%(objectname)%00%(upstream:track)%00%(upstream:remotename)%00%(upstream:remoteref) refs/heads/main refs/remotes/main [219ms]
2024-10-14 22:36:08.302 [warning] [Git][revParse] Unable to read file: ENOENT: no such file or directory, open '/workspace/boilerplate-project-metricimpconverter/.git/refs/remotes/origin/main'
2024-10-14 22:36:08.302 [info] > git rev-parse --show-toplevel [222ms]
2024-10-14 22:36:08.302 [info] > git rev-parse refs/remotes/origin/main [186ms]
2024-10-14 22:36:08.302 [info] > git status -z -uall [9ms]
2024-10-14 22:36:08.302 [info] > git rev-parse --show-toplevel [120ms]
2024-10-14 22:36:08.302 [info] > git for-each-ref --format=%(refname)%00%(upstream:short)%00%(objectname)%00%(upstream:track)%00%(upstream:remotename)%00%(upstream:remoteref) refs/heads/main refs/remotes/main [92ms]
2024-10-14 22:36:08.302 [info] > git rev-parse --show-toplevel [104ms]
2024-10-14 22:36:08.302 [info] > git config --local branch.main.vscode-merge-base [20ms]
2024-10-14 22:36:08.302 [info] > git config --get commit.template [110ms]
2024-10-14 22:36:08.302 [info] > git rev-parse --show-toplevel [9ms]
2024-10-14 22:36:08.302 [info] > git for-each-ref --format=%(refname)%00%(upstream:short)%00%(objectname)%00%(upstream:track)%00%(upstream:remotename)%00%(upstream:remoteref) refs/heads/origin/main refs/remotes/origin/main [80ms]
2024-10-14 22:36:08.302 [info] > git rev-parse --show-toplevel [16ms]
2024-10-14 22:36:08.302 [info] [Model][doInitialScan] Initial repository scan completed - repositories (1), closed repositories (0), parent repositories (0), unsafe repositories (0)
2024-10-14 22:36:08.302 [info] > git for-each-ref --format=%(refname)%00%(upstream:short)%00%(objectname)%00%(upstream:track)%00%(upstream:remotename)%00%(upstream:remoteref) refs/heads/main refs/remotes/main [20ms]
2024-10-14 22:36:08.302 [info] > git merge-base refs/heads/main refs/remotes/origin/main [8ms]
2024-10-14 22:36:08.302 [warning] [Git][revParse] Unable to read file: ENOENT: no such file or directory, open '/workspace/boilerplate-project-metricimpconverter/.git/refs/remotes/origin/main'
2024-10-14 22:36:08.302 [info] > git rev-list --count --left-right refs/heads/main...refs/remotes/origin/main [5ms]
2024-10-14 22:36:08.302 [info] > git rev-parse refs/remotes/origin/main [6ms]
2024-10-14 22:36:08.302 [info] > git diff --name-status -z --diff-filter=ADMR 3de81bc68b2943aa530f3fc3999cb32fbac332b6...refs/remotes/origin/main [6ms]
2024-10-14 22:36:08.302 [info] > git status -z -uall [3ms]
2024-10-14 22:36:08.302 [info] > git for-each-ref --format=%(refname)%00%(upstream:short)%00%(objectname)%00%(upstream:track)%00%(upstream:remotename)%00%(upstream:remoteref) refs/heads/main refs/remotes/main [2ms]
2024-10-14 22:36:08.302 [info] > git config --local branch.main.vscode-merge-base [2ms]
2024-10-14 22:36:08.302 [info] > git for-each-ref --format=%(refname)%00%(upstream:short)%00%(objectname)%00%(upstream:track)%00%(upstream:remotename)%00%(upstream:remoteref) refs/heads/origin/main refs/remotes/origin/main [9ms]
2024-10-14 22:36:09.071 [info] > git check-ignore -v -z --stdin [75ms]
2024-10-14 22:36:09.108 [info] > git show --textconv :tests/2_functional-tests.js [6ms]
2024-10-14 22:36:09.172 [info] > git ls-files --stage -- /workspace/boilerplate-project-metricimpconverter/tests/2_functional-tests.js [65ms]
2024-10-14 22:36:09.180 [info] > git cat-file -s a31839779c437f70812c7e51e89bf5cc5eb41c41 [4ms]
2024-10-14 22:36:09.308 [info] > git log --format=%H%n%aN%n%aE%n%at%n%ct%n%P%n%D%n%B -z --shortstat --diff-merges=first-parent -n50 --skip=0 --topo-order --decorate=full 3de81bc68b2943aa530f3fc3999cb32fbac332b6 [27ms]
2024-10-14 22:36:09.395 [info] > git config --get commit.template [8ms]
2024-10-14 22:36:09.396 [info] > git for-each-ref --format=%(refname)%00%(upstream:short)%00%(objectname)%00%(upstream:track)%00%(upstream:remotename)%00%(upstream:remoteref) refs/heads/main refs/remotes/main [4ms]
2024-10-14 22:36:09.473 [warning] [Git][revParse] Unable to read file: ENOENT: no such file or directory, open '/workspace/boilerplate-project-metricimpconverter/.git/refs/remotes/origin/main'
2024-10-14 22:36:09.475 [info] > git rev-parse refs/remotes/origin/main [2ms]
2024-10-14 22:36:09.482 [info] > git status -z -uall [3ms]
2024-10-14 22:36:09.489 [info] > git for-each-ref --format=%(refname)%00%(upstream:short)%00%(objectname)%00%(upstream:track)%00%(upstream:remotename)%00%(upstream:remoteref) refs/heads/main refs/remotes/main [2ms]
2024-10-14 22:36:09.496 [info] > git config --local branch.main.vscode-merge-base [3ms]
2024-10-14 22:36:09.577 [info] > git for-each-ref --format=%(refname)%00%(upstream:short)%00%(objectname)%00%(upstream:track)%00%(upstream:remotename)%00%(upstream:remoteref) refs/heads/origin/main refs/remotes/origin/main [76ms]
2024-10-14 22:36:09.588 [info] > git ls-files --stage -- /workspace/boilerplate-project-metricimpconverter/tests/2_functional-tests.js [5ms]
2024-10-14 22:36:09.595 [info] > git log --format=%H%n%aN%n%aE%n%at%n%ct%n%P%n%D%n%B -z --shortstat --diff-merges=first-parent -n50 --skip=0 --topo-order --decorate=full 3de81bc68b2943aa530f3fc3999cb32fbac332b6 [18ms]
2024-10-14 22:36:09.596 [info] > git cat-file -s a31839779c437f70812c7e51e89bf5cc5eb41c41 [4ms]
2024-10-14 22:36:09.779 [info] > git show --textconv :tests/2_functional-tests.js [3ms]
2024-10-14 22:36:10.183 [info] > git config --local branch.main.github-pr-owner-number [2ms]
2024-10-14 22:36:10.184 [warning] [Git][config] git config failed: Failed to execute git
2024-10-14 22:36:33.326 [info] > git for-each-ref --sort -committerdate --format %(refname) %(objectname) %(*objectname) [3ms]
2024-10-14 22:36:34.188 [info] > git for-each-ref --sort -committerdate --format %(refname) %(objectname) %(*objectname) [3ms]
2024-10-14 22:36:34.926 [info] > git for-each-ref --sort -committerdate --format %(refname) %(objectname) %(*objectname) [4ms]
2024-10-14 22:36:54.666 [info] > git for-each-ref --format %(refname:short)%00%(upstream:short) refs/heads [3ms]
2024-10-14 22:36:54.680 [info] > git checkout -q main [5ms]
2024-10-14 22:36:54.693 [info] > git config --get commit.template [5ms]
2024-10-14 22:36:54.695 [info] > git for-each-ref --format=%(refname)%00%(upstream:short)%00%(objectname)%00%(upstream:track)%00%(upstream:remotename)%00%(upstream:remoteref) refs/heads/main refs/remotes/main [4ms]
2024-10-14 22:36:54.700 [warning] [Git][revParse] Unable to read file: ENOENT: no such file or directory, open '/workspace/boilerplate-project-metricimpconverter/.git/refs/remotes/origin/main'
2024-10-14 22:36:54.703 [info] > git rev-parse refs/remotes/origin/main [2ms]
2024-10-14 22:36:54.713 [info] > git status -z -uall [4ms]
2024-10-14 22:36:54.727 [info] > git for-each-ref --format=%(refname)%00%(upstream:short)%00%(objectname)%00%(upstream:track)%00%(upstream:remotename)%00%(upstream:remoteref) refs/heads/main refs/remotes/main [5ms]
2024-10-14 22:36:54.735 [info] > git config --local branch.main.vscode-merge-base [2ms]
2024-10-14 22:36:54.743 [info] > git for-each-ref --format=%(refname)%00%(upstream:short)%00%(objectname)%00%(upstream:track)%00%(upstream:remotename)%00%(upstream:remoteref) refs/heads/origin/main refs/remotes/origin/main [3ms]
2024-10-14 22:36:55.808 [info] > git config --get commit.template [6ms]
2024-10-14 22:36:55.810 [info] > git for-each-ref --format=%(refname)%00%(upstream:short)%00%(objectname)%00%(upstream:track)%00%(upstream:remotename)%00%(upstream:remoteref) refs/heads/main refs/remotes/main [4ms]
2024-10-14 22:36:55.816 [warning] [Git][revParse] Unable to read file: ENOENT: no such file or directory, open '/workspace/boilerplate-project-metricimpconverter/.git/refs/remotes/origin/main'
2024-10-14 22:36:55.818 [info] > git rev-parse refs/remotes/origin/main [2ms]
2024-10-14 22:36:55.828 [info] > git status -z -uall [4ms]
2024-10-14 22:36:55.839 [info] > git for-each-ref --format=%(refname)%00%(upstream:short)%00%(objectname)%00%(upstream:track)%00%(upstream:remotename)%00%(upstream:remoteref) refs/heads/main refs/remotes/main [3ms]
2024-10-14 22:36:55.846 [info] > git config --local branch.main.vscode-merge-base [2ms]
2024-10-14 22:36:55.853 [info] > git for-each-ref --format=%(refname)%00%(upstream:short)%00%(objectname)%00%(upstream:track)%00%(upstream:remotename)%00%(upstream:remoteref) refs/heads/origin/main refs/remotes/origin/main [2ms]
2024-10-14 22:36:55.935 [info] > git ls-files --stage -- /workspace/boilerplate-project-metricimpconverter/tests/2_functional-tests.js [2ms]
2024-10-14 22:36:55.943 [info] > git cat-file -s a31839779c437f70812c7e51e89bf5cc5eb41c41 [3ms]
2024-10-14 22:36:55.986 [info] > git show --textconv :tests/2_functional-tests.js [4ms]
2024-10-14 22:43:09.477 [info] > git log --format=%H%n%aN%n%aE%n%at%n%ct%n%P%n%D%n%B -z --shortstat --diff-merges=first-parent -n50 --skip=0 --topo-order --decorate=full 3de81bc68b2943aa530f3fc3999cb32fbac332b6 [15ms]
2024-10-14 22:43:09.538 [info] > git log --format=%H%n%aN%n%aE%n%at%n%ct%n%P%n%D%n%B -z --shortstat --diff-merges=first-parent -n50 --skip=0 --topo-order --decorate=full 3de81bc68b2943aa530f3fc3999cb32fbac332b6 [14ms]
2024-10-14 22:43:15.231 [info] > git add -A -- . [7ms]
2024-10-14 22:43:15.801 [info] > git show --textconv :.git/COMMIT_EDITMSG [6ms]
2024-10-14 22:43:15.803 [info] > git ls-files --stage -- /workspace/boilerplate-project-metricimpconverter/.git/COMMIT_EDITMSG [2ms]
2024-10-14 22:43:16.070 [info] > git check-ignore -v -z --stdin [3ms]
2024-10-14 22:43:16.549 [info] > git ls-files --stage -- /workspace/boilerplate-project-metricimpconverter/.git/COMMIT_EDITMSG [3ms]
2024-10-14 22:43:16.590 [info] > git show --textconv :.git/COMMIT_EDITMSG [2ms]
2024-10-14 22:43:25.435 [info] > git ls-files --stage -- /workspace/boilerplate-project-metricimpconverter/.git/COMMIT_EDITMSG [2ms]
2024-10-14 22:43:25.476 [info] > git show --textconv :.git/COMMIT_EDITMSG [1ms]
2024-10-14 22:43:27.331 [info] > git ls-files --stage -- /workspace/boilerplate-project-metricimpconverter/.git/COMMIT_EDITMSG [2ms]
2024-10-14 22:43:27.374 [info] > git show --textconv :.git/COMMIT_EDITMSG [2ms]
2024-10-14 22:43:31.248 [info] > git ls-files --stage -- /workspace/boilerplate-project-metricimpconverter/.git/COMMIT_EDITMSG [3ms]
2024-10-14 22:43:31.286 [info] > git show --textconv :.git/COMMIT_EDITMSG [2ms]
2024-10-14 22:43:38.449 [info] > git -c user.useConfigOnly=true commit --quiet [23213ms]
2024-10-14 22:43:38.460 [info] > git config --get commit.template [5ms]
2024-10-14 22:43:38.463 [info] > git for-each-ref --format=%(refname)%00%(upstream:short)%00%(objectname)%00%(upstream:track)%00%(upstream:remotename)%00%(upstream:remoteref) refs/heads/main refs/remotes/main [4ms]
2024-10-14 22:43:38.467 [warning] [Git][revParse] Unable to read file: ENOENT: no such file or directory, open '/workspace/boilerplate-project-metricimpconverter/.git/refs/remotes/origin/main'
2024-10-14 22:43:38.469 [info] > git rev-parse refs/remotes/origin/main [2ms]
2024-10-14 22:43:38.477 [info] > git status -z -uall [3ms]
2024-10-14 22:43:38.490 [info] > git for-each-ref --format=%(refname)%00%(upstream:short)%00%(objectname)%00%(upstream:track)%00%(upstream:remotename)%00%(upstream:remoteref) refs/heads/main refs/remotes/main [8ms]
2024-10-14 22:43:38.496 [info] > git config --local branch.main.vscode-merge-base [2ms]
2024-10-14 22:43:38.503 [info] > git for-each-ref --format=%(refname)%00%(upstream:short)%00%(objectname)%00%(upstream:track)%00%(upstream:remotename)%00%(upstream:remoteref) refs/heads/origin/main refs/remotes/origin/main [3ms]
2024-10-14 22:43:38.511 [info] > git merge-base refs/heads/main refs/remotes/origin/main [3ms]
2024-10-14 22:43:38.517 [info] > git rev-list --count --left-right refs/heads/main...refs/remotes/origin/main [2ms]
2024-10-14 22:43:38.524 [info] > git diff --name-status -z --diff-filter=ADMR 3de81bc68b2943aa530f3fc3999cb32fbac332b6...refs/remotes/origin/main [2ms]
2024-10-14 22:43:38.547 [info] > git config --local branch.main.github-pr-owner-number [5ms]
2024-10-14 22:43:38.547 [warning] [Git][config] git config failed: Failed to execute git
2024-10-14 22:43:38.552 [info] > git config --get commit.template [6ms]
2024-10-14 22:43:38.558 [info] > git for-each-ref --format=%(refname)%00%(upstream:short)%00%(objectname)%00%(upstream:track)%00%(upstream:remotename)%00%(upstream:remoteref) refs/heads/main refs/remotes/main [6ms]
2024-10-14 22:43:38.561 [warning] [Git][revParse] Unable to read file: ENOENT: no such file or directory, open '/workspace/boilerplate-project-metricimpconverter/.git/refs/remotes/origin/main'
2024-10-14 22:43:38.563 [info] > git rev-parse refs/remotes/origin/main [2ms]
2024-10-14 22:43:38.570 [info] > git status -z -uall [3ms]
2024-10-14 22:43:38.578 [info] > git log --format=%H%n%aN%n%aE%n%at%n%ct%n%P%n%D%n%B -z --shortstat --diff-merges=first-parent -n50 --skip=0 --topo-order --decorate=full 9ed1d8a716a392fea6150a4ba74c7be71948e61f 3de81bc68b2943aa530f3fc3999cb32fbac332b6 [20ms]
2024-10-14 22:43:38.579 [info] > git for-each-ref --format=%(refname)%00%(upstream:short)%00%(objectname)%00%(upstream:track)%00%(upstream:remotename)%00%(upstream:remoteref) refs/heads/main refs/remotes/main [3ms]
2024-10-14 22:43:38.585 [info] > git config --local branch.main.vscode-merge-base [2ms]
2024-10-14 22:43:38.591 [info] > git for-each-ref --format=%(refname)%00%(upstream:short)%00%(objectname)%00%(upstream:track)%00%(upstream:remotename)%00%(upstream:remoteref) refs/heads/origin/main refs/remotes/origin/main [2ms]
2024-10-14 22:43:38.946 [info] > git show --textconv :tests/2_functional-tests.js [5ms]
2024-10-14 22:43:38.946 [info] > git ls-files --stage -- /workspace/boilerplate-project-metricimpconverter/tests/2_functional-tests.js [2ms]
2024-10-14 22:43:38.953 [info] > git cat-file -s c8621bd179fe3344b4d6ea394718472500314441 [3ms]
2024-10-14 22:43:47.228 [info] > git log --oneline --cherry main...main@{upstream} -- [3ms]
2024-10-14 22:43:47.535 [info] > git pull --tags origin main [302ms]
2024-10-14 22:43:47.535 [info] From https://github.com/freeCodeCamp/boilerplate-project-metricimpconverter
 * branch            main       -> FETCH_HEAD
2024-10-14 22:43:47.923 [info] > git push origin main:main [383ms]
2024-10-14 22:43:47.923 [info] remote: Permission to freeCodeCamp/boilerplate-project-metricimpconverter.git denied to nwhoman.
fatal: unable to access 'https://github.com/freeCodeCamp/boilerplate-project-metricimpconverter.git/': The requested URL returned error: 403
2024-10-14 22:43:48.883 [info] > git ls-files --stage -- /workspace/boilerplate-project-metricimpconverter/tests/2_functional-tests.js [2ms]
2024-10-14 22:43:48.890 [info] > git cat-file -s c8621bd179fe3344b4d6ea394718472500314441 [3ms]
2024-10-14 22:43:48.926 [info] > git show --textconv :tests/2_functional-tests.js [4ms]
2024-10-14 22:44:29.028 [info] > git config --get commit.template [5ms]
2024-10-14 22:44:29.030 [info] > git for-each-ref --format=%(refname)%00%(upstream:short)%00%(objectname)%00%(upstream:track)%00%(upstream:remotename)%00%(upstream:remoteref) refs/heads/main refs/remotes/main [3ms]
2024-10-14 22:44:29.033 [warning] [Git][revParse] Unable to read file: ENOENT: no such file or directory, open '/workspace/boilerplate-project-metricimpconverter/.git/refs/remotes/origin/main'
2024-10-14 22:44:29.035 [info] > git rev-parse refs/remotes/origin/main [2ms]
2024-10-14 22:44:29.042 [info] > git status -z -uall [3ms]
2024-10-14 22:44:29.049 [info] > git for-each-ref --format=%(refname)%00%(upstream:short)%00%(objectname)%00%(upstream:track)%00%(upstream:remotename)%00%(upstream:remoteref) refs/heads/main refs/remotes/main [3ms]
2024-10-14 22:44:29.054 [info] > git config --local branch.main.vscode-merge-base [2ms]
2024-10-14 22:44:29.060 [info] > git for-each-ref --format=%(refname)%00%(upstream:short)%00%(objectname)%00%(upstream:track)%00%(upstream:remotename)%00%(upstream:remoteref) refs/heads/origin/main refs/remotes/origin/main [2ms]
