2024-10-22 18:13:01.924 [info] Log level: Info
2024-10-22 18:13:02.530 [info] VSCODE_MACHINE_ID: 548b41ca-8ecb-41b0-8ad5-1ba477d031a3
2024-10-22 18:13:02.530 [info] VSCODE_SESSION_ID: 9abdf955-54aa-48d7-bbee-6627627f5bcb1729620778939
2024-10-22 18:13:02.530 [info] VSCODE_VERSION: 1.94.2
2024-10-22 18:13:02.530 [info] VSCODE_APP_NAME: Gitpod Code
2024-10-22 18:13:02.530 [info] VSCODE_APP_HOST: Gitpod
2024-10-22 18:13:02.530 [info] VSCODE_UI_KIND: web
2024-10-22 18:13:02.530 [info] GITPOD_WORKSPACE_CONTEXT_URL: https://github.com/freecodecamp/boilerplate-project-sudoku-solver
2024-10-22 18:13:02.530 [info] GITPOD_INSTANCE_ID: dec9d451-57a5-4f34-bd64-6d631a935b3e
2024-10-22 18:13:02.530 [info] GITPOD_WORKSPACE_URL: https://freecodecam-boilerplate-dzaep3wo8ql.ws-us116.gitpod.io
2024-10-22 18:13:02.538 [info] Gitpod Web 7ff72a2
2024-10-22 18:13:02.538 [info] Reading sessions from keychain...
2024-10-22 18:13:03.234 [info] Getting sessions for all scopes...
2024-10-22 18:13:03.234 [info] Getting sessions for all scopes...
2024-10-22 18:13:03.234 [info] Getting GitHub sessions for all scopes...
2024-10-22 18:13:03.234 [info] Getting sessions for function:accessCodeSyncStorage...
2024-10-22 18:13:03.234 [info] Got 1 GitHub sessions for all scopes...
2024-10-22 18:13:03.235 [info] Got stored sessions!
2024-10-22 18:13:03.235 [info] Verified session with the following scopes: function:accessCodeSyncStorage function:closePort function:controlAdmission function:deleteEnvVar function:generateNewGitpodToken function:getDefaultWorkspaceImage function:getGitpodTokenScopes function:getIDToken function:getLoggedInUser function:getOpenPorts function:getSupportedWorkspaceClasses function:getTeams function:getToken function:getWorkspace function:getWorkspaceEnvVars function:getWorkspaceOwner function:getWorkspaceTimeout function:getWorkspaceUsers function:guessGitTokenScopes function:isWorkspaceOwner function:openPort function:sendHeartBeat function:setEnvVar function:setWorkspaceTimeout function:stopWorkspace function:takeSnapshot function:trackEvent function:updateGitStatus function:waitForSnapshot resource:contentBlob::*::create/get resource:envVar::*/*::update resource:envVar::freeCodeCamp/boilerplate-project-sudoku-solver::create/get/update/delete resource:gitpodToken::*::create resource:snapshot::ws-freecodecam-boilerplate-dzaep3wo8ql::create resource:token::*::get resource:userStorage::*::create/get/update resource:workspace::freecodecam-boilerplate-dzaep3wo8ql::get/update resource:workspaceInstance::dec9d451-57a5-4f34-bd64-6d631a935b3e::get/update/delete
2024-10-22 18:13:03.237 [info] Got 1 verified sessions.
2024-10-22 18:13:03.237 [info] Got 1 sessions for all scopes...
2024-10-22 18:13:03.237 [info] Got 1 sessions for all scopes...
2024-10-22 18:13:03.237 [info] Got 1 sessions for function:accessCodeSyncStorage...
2024-10-22 18:13:03.758 [info] Getting GitHub sessions for all scopes...
2024-10-22 18:13:03.758 [info] Getting GitHub sessions for all scopes...
2024-10-22 18:13:03.758 [info] Getting sessions for all scopes...
2024-10-22 18:13:03.758 [info] Got 1 GitHub sessions for all scopes...
2024-10-22 18:13:03.758 [info] Got 1 GitHub sessions for all scopes...
2024-10-22 18:13:03.758 [info] Got 1 sessions for all scopes...
2024-10-22 18:13:03.935 [info] Getting GitHub sessions for read:user,repo,user:email,workflow...
2024-10-22 18:13:03.935 [info] Getting sessions for all scopes...
2024-10-22 18:13:03.935 [info] Getting GitHub sessions for all scopes...
2024-10-22 18:13:03.935 [info] Got 0 GitHub sessions for read:user,repo,user:email,workflow...
2024-10-22 18:13:03.935 [info] Got 1 sessions for all scopes...
2024-10-22 18:13:03.935 [info] Got 1 GitHub sessions for all scopes...
2024-10-22 18:13:04.052 [info] Getting GitHub sessions for project,read:org,read:user,repo,user:email,workflow...
2024-10-22 18:13:04.052 [info] Got 0 GitHub sessions for project,read:org,read:user,repo,user:email,workflow...
2024-10-22 18:13:04.186 [info] Getting GitHub sessions for read:user,repo,user:email,workflow...
2024-10-22 18:13:04.186 [info] Got 0 GitHub sessions for read:user,repo,user:email,workflow...
2024-10-22 18:13:04.358 [info] Getting GitHub sessions for read:user,repo,user:email...
2024-10-22 18:13:04.358 [info] Got 0 GitHub sessions for read:user,repo,user:email...
2024-10-22 18:13:04.526 [info] Getting GitHub sessions for read:user,repo,user:email,workflow...
2024-10-22 18:13:04.526 [info] Got 0 GitHub sessions for read:user,repo,user:email,workflow...
