2024-10-07 17:16:24.146 [info] [main] Log level: Info
2024-10-07 17:16:24.147 [info] [main] Validating found git in: "git"
2024-10-07 17:16:24.147 [info] [main] Using git "2.46.0" from "git"
2024-10-07 17:16:24.147 [info] [Model][doInitialScan] Initial repository scan started
2024-10-07 17:16:24.147 [info] > git rev-parse --show-toplevel [14ms]
2024-10-07 17:16:24.147 [info] > git rev-parse --git-dir --git-common-dir [57ms]
2024-10-07 17:16:24.147 [info] [Model][openRepository] Opened repository: /workspace/boilerplate-project-exercisetracker
2024-10-07 17:16:24.147 [info] > git rev-parse --show-toplevel [102ms]
2024-10-07 17:16:24.147 [info] > git config --get commit.template [106ms]
2024-10-07 17:16:24.147 [info] > git rev-parse --show-toplevel [97ms]
2024-10-07 17:16:24.147 [info] [Model][doInitialScan] Initial repository scan completed - repositories (1), closed repositories (0), parent repositories (0), unsafe repositories (0)
2024-10-07 17:16:24.147 [info] > git for-each-ref --format=%(refname)%00%(upstream:short)%00%(objectname)%00%(upstream:track)%00%(upstream:remotename)%00%(upstream:remoteref) refs/heads/main refs/remotes/main [5ms]
2024-10-07 17:16:24.147 [warning] [Git][revParse] Unable to read file: ENOENT: no such file or directory, open '/workspace/boilerplate-project-exercisetracker/.git/refs/remotes/origin/main'
2024-10-07 17:16:24.147 [info] > git rev-parse refs/remotes/origin/main [8ms]
2024-10-07 17:16:24.150 [info] > git status -z -uall [69ms]
2024-10-07 17:16:24.164 [info] > git for-each-ref --format=%(refname)%00%(upstream:short)%00%(objectname)%00%(upstream:track)%00%(upstream:remotename)%00%(upstream:remoteref) refs/heads/main refs/remotes/main [9ms]
2024-10-07 17:16:24.169 [info] > git config --get commit.template [5ms]
2024-10-07 17:16:24.173 [info] > git config --local branch.main.vscode-merge-base [5ms]
2024-10-07 17:16:24.178 [info] > git for-each-ref --format=%(refname)%00%(upstream:short)%00%(objectname)%00%(upstream:track)%00%(upstream:remotename)%00%(upstream:remoteref) refs/heads/main refs/remotes/main [6ms]
2024-10-07 17:16:24.182 [warning] [Git][revParse] Unable to read file: ENOENT: no such file or directory, open '/workspace/boilerplate-project-exercisetracker/.git/refs/remotes/origin/main'
2024-10-07 17:16:24.184 [info] > git for-each-ref --format=%(refname)%00%(upstream:short)%00%(objectname)%00%(upstream:track)%00%(upstream:remotename)%00%(upstream:remoteref) refs/heads/origin/main refs/remotes/origin/main [7ms]
2024-10-07 17:16:24.190 [info] > git rev-parse refs/remotes/origin/main [8ms]
2024-10-07 17:16:24.194 [info] > git merge-base refs/heads/main refs/remotes/origin/main [5ms]
2024-10-07 17:16:24.244 [info] > git status -z -uall [51ms]
2024-10-07 17:16:24.257 [info] > git for-each-ref --format=%(refname)%00%(upstream:short)%00%(objectname)%00%(upstream:track)%00%(upstream:remotename)%00%(upstream:remoteref) refs/heads/main refs/remotes/main [8ms]
2024-10-07 17:16:24.261 [info] > git rev-list --count --left-right refs/heads/main...refs/remotes/origin/main [18ms]
2024-10-07 17:16:24.266 [info] > git config --local branch.main.vscode-merge-base [6ms]
2024-10-07 17:16:24.273 [info] > git diff --name-status -z --diff-filter=ADMR 4d33185a8ee1c5502748c699f4549013ade561fb...refs/remotes/origin/main [8ms]
2024-10-07 17:16:24.274 [info] > git for-each-ref --format=%(refname)%00%(upstream:short)%00%(objectname)%00%(upstream:track)%00%(upstream:remotename)%00%(upstream:remoteref) refs/heads/origin/main refs/remotes/origin/main [4ms]
2024-10-07 17:16:24.759 [info] > git check-ignore -v -z --stdin [4ms]
2024-10-07 17:16:24.889 [info] > git show --textconv :index.js [4ms]
2024-10-07 17:16:24.890 [info] > git ls-files --stage -- /workspace/boilerplate-project-exercisetracker/index.js [2ms]
2024-10-07 17:16:24.897 [info] > git cat-file -s e565ee03eec7b6ba7c535f236164f03d40281fd9 [4ms]
2024-10-07 17:16:25.409 [info] > git config --local branch.main.github-pr-owner-number [2ms]
2024-10-07 17:16:25.409 [warning] [Git][config] git config failed: Failed to execute git
2024-10-07 17:16:34.166 [info] > git log --format=%H%n%aN%n%aE%n%at%n%ct%n%P%n%D%n%B -z --shortstat --diff-merges=first-parent -n50 --skip=0 --topo-order --decorate=full 4d33185a8ee1c5502748c699f4549013ade561fb [11ms]
2024-10-07 17:16:34.271 [info] > git log --format=%H%n%aN%n%aE%n%at%n%ct%n%P%n%D%n%B -z --shortstat --diff-merges=first-parent -n50 --skip=0 --topo-order --decorate=full 4d33185a8ee1c5502748c699f4549013ade561fb [9ms]
2024-10-07 17:17:44.909 [info] > git show --textconv HEAD:exercise_model.js [5ms]
2024-10-07 17:17:44.911 [info] > git ls-tree -l HEAD -- /workspace/boilerplate-project-exercisetracker/exercise_model.js [2ms]
2024-10-07 17:17:52.440 [info] > git show --textconv HEAD:index.js [4ms]
2024-10-07 17:17:52.441 [info] > git ls-tree -l HEAD -- /workspace/boilerplate-project-exercisetracker/index.js [1ms]
2024-10-07 17:17:58.822 [info] > git show --textconv HEAD:package-lock.json [5ms]
2024-10-07 17:17:58.824 [info] > git ls-tree -l HEAD -- /workspace/boilerplate-project-exercisetracker/package-lock.json [3ms]
2024-10-07 17:18:01.464 [info] > git show --textconv HEAD:package.json [4ms]
2024-10-07 17:18:01.465 [info] > git ls-tree -l HEAD -- /workspace/boilerplate-project-exercisetracker/package.json [2ms]
2024-10-07 17:18:04.057 [info] > git show --textconv HEAD:sample.env [4ms]
2024-10-07 17:18:04.058 [info] > git ls-tree -l HEAD -- /workspace/boilerplate-project-exercisetracker/sample.env [2ms]
2024-10-07 17:18:06.305 [info] > git show --textconv HEAD:views/index.html [5ms]
2024-10-07 17:18:06.305 [info] > git ls-tree -l HEAD -- /workspace/boilerplate-project-exercisetracker/views/index.html [2ms]
2024-10-07 17:20:43.505 [info] > git ls-tree -l HEAD -- /workspace/boilerplate-project-exercisetracker/views/index.html [2ms]
2024-10-07 17:20:56.348 [info] > git log --format=%H%n%aN%n%aE%n%at%n%ct%n%P%n%D%n%B -z -n798 --follow -- /workspace/boilerplate-project-exercisetracker/views/index.html [5ms]
2024-10-07 17:21:54.805 [info] > git show --textconv :README.md [5ms]
2024-10-07 17:21:54.806 [info] > git ls-files --stage -- /workspace/boilerplate-project-exercisetracker/README.md [2ms]
2024-10-07 17:21:54.840 [info] > git cat-file -s 8ef1a56af53bdae0374e036a9d2b1ba6cb80d74e [29ms]
