2024-10-08 20:42:24.204 [info] Extension host with pid 127 started
2024-10-08 20:42:24.204 [error] Error: EEXIST: file already exists, open '/workspace/.vscode-remote/data/User/workspaceStorage/3d3c1557/vscode.lock'
2024-10-08 20:42:24.206 [info] Lock '/workspace/.vscode-remote/data/User/workspaceStorage/3d3c1557/vscode.lock': Could not acquire lock, checking if the file is stale.
2024-10-08 20:42:24.207 [info] Lock '/workspace/.vscode-remote/data/User/workspaceStorage/3d3c1557/vscode.lock': The pid 124 appears to be gone.
2024-10-08 20:42:24.207 [info] Lock '/workspace/.vscode-remote/data/User/workspaceStorage/3d3c1557/vscode.lock': Deleting a stale lock.
2024-10-08 20:42:24.213 [info] Lock '/workspace/.vscode-remote/data/User/workspaceStorage/3d3c1557/vscode.lock': Lock acquired.
2024-10-08 20:42:24.393 [info] ExtensionService#_doActivateExtension vscode.simple-browser, startup: false, activationEvent: 'onWebviewPanel:simpleBrowser.view'
2024-10-08 20:42:24.394 [info] ExtensionService#_doActivateExtension vscode.emmet, startup: false, activationEvent: 'onLanguage'
2024-10-08 20:42:24.394 [info] ExtensionService#_doActivateExtension vscode.typescript-language-features, startup: false, activationEvent: 'onLanguage:javascript'
2024-10-08 20:42:24.574 [info] ExtensionService#_doActivateExtension vscode.git-base, startup: true, activationEvent: '*', root cause: vscode.git
2024-10-08 20:42:24.574 [info] ExtensionService#_doActivateExtension gitpod.gitpod-web, startup: true, activationEvent: '*'
2024-10-08 20:42:24.704 [info] ExtensionService#_doActivateExtension vscode.npm, startup: true, activationEvent: 'workspaceContains:package.json'
2024-10-08 20:42:24.831 [info] ExtensionService#_doActivateExtension vscode.git, startup: true, activationEvent: '*'
2024-10-08 20:42:24.831 [info] ExtensionService#_doActivateExtension vscode.github, startup: true, activationEvent: '*'
2024-10-08 20:42:25.707 [info] Eager extensions activated
2024-10-08 20:42:25.707 [info] ExtensionService#_doActivateExtension vscode.debug-auto-launch, startup: false, activationEvent: 'onStartupFinished'
2024-10-08 20:42:25.707 [info] ExtensionService#_doActivateExtension vscode.merge-conflict, startup: false, activationEvent: 'onStartupFinished'
2024-10-08 20:42:25.708 [info] ExtensionService#_doActivateExtension vscode.github-authentication, startup: false, activationEvent: 'onStartupFinished', root cause: GitHub.vscode-pull-request-github
2024-10-08 20:42:26.053 [info] ExtensionService#_doActivateExtension GitHub.vscode-pull-request-github, startup: false, activationEvent: 'onStartupFinished'
2024-10-08 20:42:26.283 [info] ExtensionService#_doActivateExtension redhat.vscode-yaml, startup: false, activationEvent: 'onLanguage:yaml'
2024-10-08 20:42:26.821 [warning] [redhat.vscode-yaml] Accessing a resource scoped configuration without providing a resource is not expected. To get the effective value for '[yaml]', provide the URI of a resource or 'null' for any resource.
2024-10-08 20:42:26.822 [warning] [redhat.vscode-yaml] Accessing a resource scoped configuration without providing a resource is not expected. To get the effective value for '[yaml]', provide the URI of a resource or 'null' for any resource.
2024-10-08 20:42:27.617 [warning] [redhat.vscode-yaml] Accessing a resource scoped configuration without providing a resource is not expected. To get the effective value for '[yaml]', provide the URI of a resource or 'null' for any resource.
2024-10-08 20:42:30.830 [info] ExtensionService#_doActivateExtension vscode.configuration-editing, startup: false, activationEvent: 'onLanguage:json'
2024-10-08 20:42:30.830 [info] ExtensionService#_doActivateExtension vscode.extension-editing, startup: false, activationEvent: 'onLanguage:json'
2024-10-08 20:42:30.830 [info] ExtensionService#_doActivateExtension vscode.json-language-features, startup: false, activationEvent: 'onLanguage:json'
