2024-10-25 21:14:23.626 [info] Extension host with pid 137 started
2024-10-25 21:14:23.626 [error] Error: EEXIST: file already exists, open '/workspace/.vscode-remote/data/User/workspaceStorage/-153fa119/vscode.lock'
2024-10-25 21:14:23.629 [info] Lock '/workspace/.vscode-remote/data/User/workspaceStorage/-153fa119/vscode.lock': Could not acquire lock, checking if the file is stale.
2024-10-25 21:14:23.630 [info] Lock '/workspace/.vscode-remote/data/User/workspaceStorage/-153fa119/vscode.lock': The pid 132 appears to be gone.
2024-10-25 21:14:23.630 [info] Lock '/workspace/.vscode-remote/data/User/workspaceStorage/-153fa119/vscode.lock': Deleting a stale lock.
2024-10-25 21:14:23.639 [info] Lock '/workspace/.vscode-remote/data/User/workspaceStorage/-153fa119/vscode.lock': Lock acquired.
2024-10-25 21:14:23.863 [info] ExtensionService#_doActivateExtension vscode.simple-browser, startup: false, activationEvent: 'onWebviewPanel:simpleBrowser.view'
2024-10-25 21:14:23.864 [info] ExtensionService#_doActivateExtension vscode.emmet, startup: false, activationEvent: 'onLanguage'
2024-10-25 21:14:23.864 [info] ExtensionService#_doActivateExtension vscode.typescript-language-features, startup: false, activationEvent: 'onLanguage:javascript'
2024-10-25 21:14:24.044 [info] ExtensionService#_doActivateExtension vscode.git-base, startup: true, activationEvent: '*', root cause: vscode.git
2024-10-25 21:14:24.044 [info] ExtensionService#_doActivateExtension gitpod.gitpod-web, startup: true, activationEvent: '*'
2024-10-25 21:14:24.152 [info] ExtensionService#_doActivateExtension vscode.npm, startup: true, activationEvent: 'workspaceContains:package.json'
2024-10-25 21:14:24.247 [info] ExtensionService#_doActivateExtension vscode.git, startup: true, activationEvent: '*'
2024-10-25 21:14:24.248 [info] ExtensionService#_doActivateExtension vscode.github, startup: true, activationEvent: '*'
2024-10-25 21:14:25.081 [info] Eager extensions activated
2024-10-25 21:14:25.081 [info] ExtensionService#_doActivateExtension vscode.debug-auto-launch, startup: false, activationEvent: 'onStartupFinished'
2024-10-25 21:14:25.081 [info] ExtensionService#_doActivateExtension vscode.merge-conflict, startup: false, activationEvent: 'onStartupFinished'
2024-10-25 21:14:25.081 [info] ExtensionService#_doActivateExtension vscode.github-authentication, startup: false, activationEvent: 'onStartupFinished', root cause: GitHub.vscode-pull-request-github
2024-10-25 21:14:25.409 [info] ExtensionService#_doActivateExtension GitHub.vscode-pull-request-github, startup: false, activationEvent: 'onStartupFinished'
2024-10-25 21:14:25.732 [info] ExtensionService#_doActivateExtension redhat.vscode-yaml, startup: false, activationEvent: 'onLanguage:yaml'
2024-10-25 21:14:26.479 [warning] [redhat.vscode-yaml] Accessing a resource scoped configuration without providing a resource is not expected. To get the effective value for '[yaml]', provide the URI of a resource or 'null' for any resource.
2024-10-25 21:14:26.480 [warning] [redhat.vscode-yaml] Accessing a resource scoped configuration without providing a resource is not expected. To get the effective value for '[yaml]', provide the URI of a resource or 'null' for any resource.
2024-10-25 21:14:27.096 [warning] [redhat.vscode-yaml] Accessing a resource scoped configuration without providing a resource is not expected. To get the effective value for '[yaml]', provide the URI of a resource or 'null' for any resource.
2024-10-25 21:14:29.750 [info] ExtensionService#_doActivateExtension vscode.configuration-editing, startup: false, activationEvent: 'onLanguage:json'
2024-10-25 21:14:29.750 [info] ExtensionService#_doActivateExtension vscode.extension-editing, startup: false, activationEvent: 'onLanguage:json'
2024-10-25 21:14:29.750 [info] ExtensionService#_doActivateExtension vscode.json-language-features, startup: false, activationEvent: 'onLanguage:json'
